[2024-10-08T23:34:43.530+0000] {local_task_job_runner.py:123} INFO - ::group::Pre task execution logs
[2024-10-08T23:34:43.538+0000] {taskinstance.py:2612} INFO - Dependencies all met for dep_context=non-requeueable deps ti=<TaskInstance: breweries_data_pipeline.data_ingestion manual__2024-10-08T23:34:40.856537+00:00 [queued]>
[2024-10-08T23:34:43.542+0000] {taskinstance.py:2612} INFO - Dependencies all met for dep_context=requeueable deps ti=<TaskInstance: breweries_data_pipeline.data_ingestion manual__2024-10-08T23:34:40.856537+00:00 [queued]>
[2024-10-08T23:34:43.542+0000] {taskinstance.py:2865} INFO - Starting attempt 1 of 1
[2024-10-08T23:34:43.549+0000] {taskinstance.py:2888} INFO - Executing <Task(BashOperator): data_ingestion> on 2024-10-08 23:34:40.856537+00:00
[2024-10-08T23:34:43.554+0000] {warnings.py:112} WARNING - /home/***/.local/lib/python3.12/site-packages/***/task/task_runner/standard_task_runner.py:70: DeprecationWarning: This process (pid=218) is multi-threaded, use of fork() may lead to deadlocks in the child.
  pid = os.fork()

[2024-10-08T23:34:43.555+0000] {standard_task_runner.py:72} INFO - Started process 220 to run task
[2024-10-08T23:34:43.555+0000] {standard_task_runner.py:104} INFO - Running: ['***', 'tasks', 'run', 'breweries_data_pipeline', 'data_ingestion', 'manual__2024-10-08T23:34:40.856537+00:00', '--job-id', '102', '--raw', '--subdir', 'DAGS_FOLDER/breweries_pipeline_dag.py', '--cfg-path', '/tmp/tmp5iu3coev']
[2024-10-08T23:34:43.556+0000] {standard_task_runner.py:105} INFO - Job 102: Subtask data_ingestion
[2024-10-08T23:34:43.584+0000] {task_command.py:467} INFO - Running <TaskInstance: breweries_data_pipeline.data_ingestion manual__2024-10-08T23:34:40.856537+00:00 [running]> on host 3fbc15be3147
[2024-10-08T23:34:43.638+0000] {taskinstance.py:3131} INFO - Exporting env vars: AIRFLOW_CTX_DAG_OWNER='***' AIRFLOW_CTX_DAG_ID='breweries_data_pipeline' AIRFLOW_CTX_TASK_ID='data_ingestion' AIRFLOW_CTX_EXECUTION_DATE='2024-10-08T23:34:40.856537+00:00' AIRFLOW_CTX_TRY_NUMBER='1' AIRFLOW_CTX_DAG_RUN_ID='manual__2024-10-08T23:34:40.856537+00:00'
[2024-10-08T23:34:43.639+0000] {logging_mixin.py:190} INFO - Task instance is in running state
[2024-10-08T23:34:43.639+0000] {logging_mixin.py:190} INFO -  Previous state of the Task instance: queued
[2024-10-08T23:34:43.639+0000] {logging_mixin.py:190} INFO - Current task name:data_ingestion state:running start_date:2024-10-08 23:34:43.538644+00:00
[2024-10-08T23:34:43.639+0000] {logging_mixin.py:190} INFO - Dag name:breweries_data_pipeline and current dag run status:running
[2024-10-08T23:34:43.639+0000] {taskinstance.py:731} INFO - ::endgroup::
[2024-10-08T23:34:43.640+0000] {subprocess.py:63} INFO - Tmp dir root location: /tmp
[2024-10-08T23:34:43.640+0000] {subprocess.py:75} INFO - Running command: ['/usr/bin/bash', '-c', '/usr/local/bin/python3 /opt/***/scripts/data_ingestion.py']
[2024-10-08T23:34:43.682+0000] {subprocess.py:86} INFO - Output:
[2024-10-08T23:34:43.972+0000] {subprocess.py:93} INFO - 2024-10-08 23:34:43 INFO: Starting data ingestion process.
[2024-10-08T23:34:44.106+0000] {subprocess.py:93} INFO - 2024-10-08 23:34:44 INFO: Page 1 retrieved with 50 records.
[2024-10-08T23:34:44.513+0000] {subprocess.py:93} INFO - 2024-10-08 23:34:44 INFO: Page 2 retrieved with 50 records.
[2024-10-08T23:34:44.917+0000] {subprocess.py:93} INFO - 2024-10-08 23:34:44 INFO: Page 3 retrieved with 50 records.
[2024-10-08T23:34:45.330+0000] {subprocess.py:93} INFO - 2024-10-08 23:34:45 INFO: Page 4 retrieved with 50 records.
[2024-10-08T23:34:45.752+0000] {subprocess.py:93} INFO - 2024-10-08 23:34:45 INFO: Page 5 retrieved with 50 records.
[2024-10-08T23:34:46.173+0000] {subprocess.py:93} INFO - 2024-10-08 23:34:46 INFO: Page 6 retrieved with 50 records.
[2024-10-08T23:34:46.577+0000] {subprocess.py:93} INFO - 2024-10-08 23:34:46 INFO: Page 7 retrieved with 50 records.
[2024-10-08T23:34:46.701+0000] {subprocess.py:93} INFO - 2024-10-08 23:34:46 INFO: Page 8 retrieved with 50 records.
[2024-10-08T23:34:47.104+0000] {subprocess.py:93} INFO - 2024-10-08 23:34:47 INFO: Page 9 retrieved with 50 records.
[2024-10-08T23:34:47.511+0000] {subprocess.py:93} INFO - 2024-10-08 23:34:47 INFO: Page 10 retrieved with 50 records.
[2024-10-08T23:34:47.910+0000] {subprocess.py:93} INFO - 2024-10-08 23:34:47 INFO: Page 11 retrieved with 50 records.
[2024-10-08T23:34:48.019+0000] {subprocess.py:93} INFO - 2024-10-08 23:34:48 INFO: Page 12 retrieved with 50 records.
[2024-10-08T23:34:48.096+0000] {subprocess.py:93} INFO - 2024-10-08 23:34:48 INFO: Page 13 retrieved with 50 records.
[2024-10-08T23:34:48.174+0000] {subprocess.py:93} INFO - 2024-10-08 23:34:48 INFO: Page 14 retrieved with 50 records.
[2024-10-08T23:34:48.580+0000] {subprocess.py:93} INFO - 2024-10-08 23:34:48 INFO: Page 15 retrieved with 50 records.
[2024-10-08T23:34:48.668+0000] {subprocess.py:93} INFO - 2024-10-08 23:34:48 INFO: Page 16 retrieved with 50 records.
[2024-10-08T23:34:49.082+0000] {subprocess.py:93} INFO - 2024-10-08 23:34:49 INFO: Page 17 retrieved with 50 records.
[2024-10-08T23:34:49.186+0000] {subprocess.py:93} INFO - 2024-10-08 23:34:49 INFO: Page 18 retrieved with 50 records.
[2024-10-08T23:34:49.287+0000] {subprocess.py:93} INFO - 2024-10-08 23:34:49 INFO: Page 19 retrieved with 50 records.
[2024-10-08T23:34:49.701+0000] {subprocess.py:93} INFO - 2024-10-08 23:34:49 INFO: Page 20 retrieved with 50 records.
[2024-10-08T23:34:50.227+0000] {subprocess.py:93} INFO - 2024-10-08 23:34:50 INFO: Page 21 retrieved with 50 records.
[2024-10-08T23:34:50.309+0000] {subprocess.py:93} INFO - 2024-10-08 23:34:50 INFO: Page 22 retrieved with 50 records.
[2024-10-08T23:34:50.394+0000] {subprocess.py:93} INFO - 2024-10-08 23:34:50 INFO: Page 23 retrieved with 50 records.
[2024-10-08T23:34:50.812+0000] {subprocess.py:93} INFO - 2024-10-08 23:34:50 INFO: Page 24 retrieved with 50 records.
[2024-10-08T23:34:50.891+0000] {subprocess.py:93} INFO - 2024-10-08 23:34:50 INFO: Page 25 retrieved with 50 records.
[2024-10-08T23:34:51.005+0000] {subprocess.py:93} INFO - 2024-10-08 23:34:51 INFO: Page 26 retrieved with 50 records.
[2024-10-08T23:34:51.422+0000] {subprocess.py:93} INFO - 2024-10-08 23:34:51 INFO: Page 27 retrieved with 50 records.
[2024-10-08T23:34:51.516+0000] {subprocess.py:93} INFO - 2024-10-08 23:34:51 INFO: Page 28 retrieved with 50 records.
[2024-10-08T23:34:52.072+0000] {subprocess.py:93} INFO - 2024-10-08 23:34:52 INFO: Page 29 retrieved with 50 records.
[2024-10-08T23:34:52.163+0000] {subprocess.py:93} INFO - 2024-10-08 23:34:52 INFO: Page 30 retrieved with 50 records.
[2024-10-08T23:34:52.263+0000] {subprocess.py:93} INFO - 2024-10-08 23:34:52 INFO: Page 31 retrieved with 50 records.
[2024-10-08T23:34:52.352+0000] {subprocess.py:93} INFO - 2024-10-08 23:34:52 INFO: Page 32 retrieved with 50 records.
[2024-10-08T23:34:52.451+0000] {subprocess.py:93} INFO - 2024-10-08 23:34:52 INFO: Page 33 retrieved with 50 records.
[2024-10-08T23:34:52.571+0000] {subprocess.py:93} INFO - 2024-10-08 23:34:52 INFO: Page 34 retrieved with 50 records.
[2024-10-08T23:34:52.977+0000] {subprocess.py:93} INFO - 2024-10-08 23:34:52 INFO: Page 35 retrieved with 50 records.
[2024-10-08T23:34:53.496+0000] {subprocess.py:93} INFO - 2024-10-08 23:34:53 INFO: Page 36 retrieved with 50 records.
[2024-10-08T23:34:53.577+0000] {subprocess.py:93} INFO - 2024-10-08 23:34:53 INFO: Page 37 retrieved with 50 records.
[2024-10-08T23:34:53.666+0000] {subprocess.py:93} INFO - 2024-10-08 23:34:53 INFO: Page 38 retrieved with 50 records.
[2024-10-08T23:34:54.178+0000] {subprocess.py:93} INFO - 2024-10-08 23:34:54 INFO: Page 39 retrieved with 50 records.
[2024-10-08T23:34:54.279+0000] {subprocess.py:93} INFO - 2024-10-08 23:34:54 INFO: Page 40 retrieved with 50 records.
[2024-10-08T23:34:54.683+0000] {subprocess.py:93} INFO - 2024-10-08 23:34:54 INFO: Page 41 retrieved with 50 records.
[2024-10-08T23:34:55.105+0000] {subprocess.py:93} INFO - 2024-10-08 23:34:55 INFO: Page 42 retrieved with 50 records.
[2024-10-08T23:34:55.618+0000] {subprocess.py:93} INFO - 2024-10-08 23:34:55 INFO: Page 43 retrieved with 50 records.
[2024-10-08T23:34:56.031+0000] {subprocess.py:93} INFO - 2024-10-08 23:34:56 INFO: Page 44 retrieved with 50 records.
[2024-10-08T23:34:56.437+0000] {subprocess.py:93} INFO - 2024-10-08 23:34:56 INFO: Page 45 retrieved with 50 records.
[2024-10-08T23:34:56.538+0000] {subprocess.py:93} INFO - 2024-10-08 23:34:56 INFO: Page 46 retrieved with 50 records.
[2024-10-08T23:34:57.070+0000] {subprocess.py:93} INFO - 2024-10-08 23:34:57 INFO: Page 47 retrieved with 50 records.
[2024-10-08T23:34:57.477+0000] {subprocess.py:93} INFO - 2024-10-08 23:34:57 INFO: Page 48 retrieved with 50 records.
[2024-10-08T23:34:58.025+0000] {subprocess.py:93} INFO - 2024-10-08 23:34:58 INFO: Page 49 retrieved with 50 records.
[2024-10-08T23:34:58.123+0000] {subprocess.py:93} INFO - 2024-10-08 23:34:58 INFO: Page 50 retrieved with 50 records.
[2024-10-08T23:34:58.526+0000] {subprocess.py:93} INFO - 2024-10-08 23:34:58 INFO: Page 51 retrieved with 50 records.
[2024-10-08T23:34:58.935+0000] {subprocess.py:93} INFO - 2024-10-08 23:34:58 INFO: Page 52 retrieved with 50 records.
[2024-10-08T23:34:59.037+0000] {subprocess.py:93} INFO - 2024-10-08 23:34:59 INFO: Page 53 retrieved with 50 records.
[2024-10-08T23:34:59.445+0000] {subprocess.py:93} INFO - 2024-10-08 23:34:59 INFO: Page 54 retrieved with 50 records.
[2024-10-08T23:34:59.851+0000] {subprocess.py:93} INFO - 2024-10-08 23:34:59 INFO: Page 55 retrieved with 50 records.
[2024-10-08T23:34:59.965+0000] {subprocess.py:93} INFO - 2024-10-08 23:34:59 INFO: Page 56 retrieved with 50 records.
[2024-10-08T23:35:00.061+0000] {subprocess.py:93} INFO - 2024-10-08 23:35:00 INFO: Page 57 retrieved with 50 records.
[2024-10-08T23:35:00.468+0000] {subprocess.py:93} INFO - 2024-10-08 23:35:00 INFO: Page 58 retrieved with 50 records.
[2024-10-08T23:35:00.588+0000] {subprocess.py:93} INFO - 2024-10-08 23:35:00 INFO: Page 59 retrieved with 50 records.
[2024-10-08T23:35:01.112+0000] {subprocess.py:93} INFO - 2024-10-08 23:35:01 INFO: Page 60 retrieved with 50 records.
[2024-10-08T23:35:01.531+0000] {subprocess.py:93} INFO - 2024-10-08 23:35:01 INFO: Page 61 retrieved with 50 records.
[2024-10-08T23:35:01.634+0000] {subprocess.py:93} INFO - 2024-10-08 23:35:01 INFO: Page 62 retrieved with 50 records.
[2024-10-08T23:35:01.724+0000] {subprocess.py:93} INFO - 2024-10-08 23:35:01 INFO: Page 63 retrieved with 50 records.
[2024-10-08T23:35:02.137+0000] {subprocess.py:93} INFO - 2024-10-08 23:35:02 INFO: Page 64 retrieved with 50 records.
[2024-10-08T23:35:02.221+0000] {subprocess.py:93} INFO - 2024-10-08 23:35:02 INFO: Page 65 retrieved with 50 records.
[2024-10-08T23:35:02.633+0000] {subprocess.py:93} INFO - 2024-10-08 23:35:02 INFO: Page 66 retrieved with 50 records.
[2024-10-08T23:35:03.038+0000] {subprocess.py:93} INFO - 2024-10-08 23:35:03 INFO: Page 67 retrieved with 50 records.
[2024-10-08T23:35:03.129+0000] {subprocess.py:93} INFO - 2024-10-08 23:35:03 INFO: Page 68 retrieved with 50 records.
[2024-10-08T23:35:03.227+0000] {subprocess.py:93} INFO - 2024-10-08 23:35:03 INFO: Page 69 retrieved with 50 records.
[2024-10-08T23:35:03.652+0000] {subprocess.py:93} INFO - 2024-10-08 23:35:03 INFO: Page 70 retrieved with 50 records.
[2024-10-08T23:35:04.171+0000] {subprocess.py:93} INFO - 2024-10-08 23:35:04 INFO: Page 71 retrieved with 50 records.
[2024-10-08T23:35:04.364+0000] {subprocess.py:93} INFO - 2024-10-08 23:35:04 INFO: Page 72 retrieved with 50 records.
[2024-10-08T23:35:04.770+0000] {subprocess.py:93} INFO - 2024-10-08 23:35:04 INFO: Page 73 retrieved with 50 records.
[2024-10-08T23:35:05.185+0000] {subprocess.py:93} INFO - 2024-10-08 23:35:05 INFO: Page 74 retrieved with 50 records.
[2024-10-08T23:35:05.285+0000] {subprocess.py:93} INFO - 2024-10-08 23:35:05 INFO: Page 75 retrieved with 50 records.
[2024-10-08T23:35:05.412+0000] {subprocess.py:93} INFO - 2024-10-08 23:35:05 INFO: Page 76 retrieved with 50 records.
[2024-10-08T23:35:05.847+0000] {subprocess.py:93} INFO - 2024-10-08 23:35:05 INFO: Page 77 retrieved with 50 records.
[2024-10-08T23:35:06.270+0000] {subprocess.py:93} INFO - 2024-10-08 23:35:06 INFO: Page 78 retrieved with 50 records.
[2024-10-08T23:35:06.369+0000] {subprocess.py:93} INFO - 2024-10-08 23:35:06 INFO: Page 79 retrieved with 50 records.
[2024-10-08T23:35:06.454+0000] {subprocess.py:93} INFO - 2024-10-08 23:35:06 INFO: Page 80 retrieved with 50 records.
[2024-10-08T23:35:06.870+0000] {subprocess.py:93} INFO - 2024-10-08 23:35:06 INFO: Page 81 retrieved with 50 records.
[2024-10-08T23:35:06.984+0000] {subprocess.py:93} INFO - 2024-10-08 23:35:06 INFO: Page 82 retrieved with 50 records.
[2024-10-08T23:35:07.398+0000] {subprocess.py:93} INFO - 2024-10-08 23:35:07 INFO: Page 83 retrieved with 50 records.
[2024-10-08T23:35:07.839+0000] {subprocess.py:93} INFO - 2024-10-08 23:35:07 INFO: Page 84 retrieved with 50 records.
[2024-10-08T23:35:08.273+0000] {subprocess.py:93} INFO - 2024-10-08 23:35:08 INFO: Page 85 retrieved with 50 records.
[2024-10-08T23:35:08.687+0000] {subprocess.py:93} INFO - 2024-10-08 23:35:08 INFO: Page 86 retrieved with 50 records.
[2024-10-08T23:35:09.112+0000] {subprocess.py:93} INFO - 2024-10-08 23:35:09 INFO: Page 87 retrieved with 50 records.
[2024-10-08T23:35:09.239+0000] {subprocess.py:93} INFO - 2024-10-08 23:35:09 INFO: Page 88 retrieved with 50 records.
[2024-10-08T23:35:09.651+0000] {subprocess.py:93} INFO - 2024-10-08 23:35:09 INFO: Page 89 retrieved with 50 records.
[2024-10-08T23:35:10.065+0000] {subprocess.py:93} INFO - 2024-10-08 23:35:10 INFO: Page 90 retrieved with 50 records.
[2024-10-08T23:35:10.158+0000] {subprocess.py:93} INFO - 2024-10-08 23:35:10 INFO: Page 91 retrieved with 50 records.
[2024-10-08T23:35:10.261+0000] {subprocess.py:93} INFO - 2024-10-08 23:35:10 INFO: Page 92 retrieved with 50 records.
[2024-10-08T23:35:10.371+0000] {subprocess.py:93} INFO - 2024-10-08 23:35:10 INFO: Page 93 retrieved with 50 records.
[2024-10-08T23:35:10.784+0000] {subprocess.py:93} INFO - 2024-10-08 23:35:10 INFO: Page 94 retrieved with 50 records.
[2024-10-08T23:35:11.318+0000] {subprocess.py:93} INFO - 2024-10-08 23:35:11 INFO: Page 95 retrieved with 50 records.
[2024-10-08T23:35:11.423+0000] {subprocess.py:93} INFO - 2024-10-08 23:35:11 INFO: Page 96 retrieved with 50 records.
[2024-10-08T23:35:11.535+0000] {subprocess.py:93} INFO - 2024-10-08 23:35:11 INFO: Page 97 retrieved with 50 records.
[2024-10-08T23:35:11.636+0000] {subprocess.py:93} INFO - 2024-10-08 23:35:11 INFO: Page 98 retrieved with 50 records.
[2024-10-08T23:35:12.048+0000] {subprocess.py:93} INFO - 2024-10-08 23:35:12 INFO: Page 99 retrieved with 50 records.
[2024-10-08T23:35:12.132+0000] {subprocess.py:93} INFO - 2024-10-08 23:35:12 INFO: Page 100 retrieved with 50 records.
[2024-10-08T23:35:12.544+0000] {subprocess.py:93} INFO - 2024-10-08 23:35:12 INFO: Page 101 retrieved with 50 records.
[2024-10-08T23:35:12.952+0000] {subprocess.py:93} INFO - 2024-10-08 23:35:12 INFO: Page 102 retrieved with 50 records.
[2024-10-08T23:35:13.034+0000] {subprocess.py:93} INFO - 2024-10-08 23:35:13 INFO: Page 103 retrieved with 50 records.
[2024-10-08T23:35:13.438+0000] {subprocess.py:93} INFO - 2024-10-08 23:35:13 INFO: Page 104 retrieved with 50 records.
[2024-10-08T23:35:13.515+0000] {subprocess.py:93} INFO - 2024-10-08 23:35:13 INFO: Page 105 retrieved with 50 records.
[2024-10-08T23:35:13.603+0000] {subprocess.py:93} INFO - 2024-10-08 23:35:13 INFO: Page 106 retrieved with 50 records.
[2024-10-08T23:35:14.011+0000] {subprocess.py:93} INFO - 2024-10-08 23:35:14 INFO: Page 107 retrieved with 50 records.
[2024-10-08T23:35:14.427+0000] {subprocess.py:93} INFO - 2024-10-08 23:35:14 INFO: Page 108 retrieved with 50 records.
[2024-10-08T23:35:14.837+0000] {subprocess.py:93} INFO - 2024-10-08 23:35:14 INFO: Page 109 retrieved with 50 records.
[2024-10-08T23:35:14.921+0000] {subprocess.py:93} INFO - 2024-10-08 23:35:14 INFO: Page 110 retrieved with 50 records.
[2024-10-08T23:35:15.328+0000] {subprocess.py:93} INFO - 2024-10-08 23:35:15 INFO: Page 111 retrieved with 50 records.
[2024-10-08T23:35:15.741+0000] {subprocess.py:93} INFO - 2024-10-08 23:35:15 INFO: Page 112 retrieved with 50 records.
[2024-10-08T23:35:16.149+0000] {subprocess.py:93} INFO - 2024-10-08 23:35:16 INFO: Page 113 retrieved with 50 records.
[2024-10-08T23:35:16.244+0000] {subprocess.py:93} INFO - 2024-10-08 23:35:16 INFO: Page 114 retrieved with 50 records.
[2024-10-08T23:35:16.342+0000] {subprocess.py:93} INFO - 2024-10-08 23:35:16 INFO: Page 115 retrieved with 50 records.
[2024-10-08T23:35:16.768+0000] {subprocess.py:93} INFO - 2024-10-08 23:35:16 INFO: Page 116 retrieved with 50 records.
[2024-10-08T23:35:17.183+0000] {subprocess.py:93} INFO - 2024-10-08 23:35:17 INFO: Page 117 retrieved with 50 records.
[2024-10-08T23:35:17.268+0000] {subprocess.py:93} INFO - 2024-10-08 23:35:17 INFO: Page 118 retrieved with 50 records.
[2024-10-08T23:35:17.351+0000] {subprocess.py:93} INFO - 2024-10-08 23:35:17 INFO: Page 119 retrieved with 50 records.
[2024-10-08T23:35:17.755+0000] {subprocess.py:93} INFO - 2024-10-08 23:35:17 INFO: Page 120 retrieved with 50 records.
[2024-10-08T23:35:18.181+0000] {subprocess.py:93} INFO - 2024-10-08 23:35:18 INFO: Page 121 retrieved with 50 records.
[2024-10-08T23:35:18.264+0000] {subprocess.py:93} INFO - 2024-10-08 23:35:18 INFO: Page 122 retrieved with 50 records.
[2024-10-08T23:35:18.669+0000] {subprocess.py:93} INFO - 2024-10-08 23:35:18 INFO: Page 123 retrieved with 50 records.
[2024-10-08T23:35:19.082+0000] {subprocess.py:93} INFO - 2024-10-08 23:35:19 INFO: Page 124 retrieved with 50 records.
[2024-10-08T23:35:19.603+0000] {subprocess.py:93} INFO - 2024-10-08 23:35:19 INFO: Page 125 retrieved with 50 records.
[2024-10-08T23:35:19.689+0000] {subprocess.py:93} INFO - 2024-10-08 23:35:19 INFO: Page 126 retrieved with 50 records.
[2024-10-08T23:35:20.099+0000] {subprocess.py:93} INFO - 2024-10-08 23:35:20 INFO: Page 127 retrieved with 50 records.
[2024-10-08T23:35:20.202+0000] {subprocess.py:93} INFO - 2024-10-08 23:35:20 INFO: Page 128 retrieved with 50 records.
[2024-10-08T23:35:20.321+0000] {subprocess.py:93} INFO - 2024-10-08 23:35:20 INFO: Page 129 retrieved with 50 records.
[2024-10-08T23:35:20.740+0000] {subprocess.py:93} INFO - 2024-10-08 23:35:20 INFO: Page 130 retrieved with 50 records.
[2024-10-08T23:35:20.847+0000] {subprocess.py:93} INFO - 2024-10-08 23:35:20 INFO: Page 131 retrieved with 50 records.
[2024-10-08T23:35:21.362+0000] {subprocess.py:93} INFO - 2024-10-08 23:35:21 INFO: Page 132 retrieved with 50 records.
[2024-10-08T23:35:21.475+0000] {subprocess.py:93} INFO - 2024-10-08 23:35:21 INFO: Page 133 retrieved with 50 records.
[2024-10-08T23:35:21.889+0000] {subprocess.py:93} INFO - 2024-10-08 23:35:21 INFO: Page 134 retrieved with 50 records.
[2024-10-08T23:35:22.298+0000] {subprocess.py:93} INFO - 2024-10-08 23:35:22 INFO: Page 135 retrieved with 50 records.
[2024-10-08T23:35:22.388+0000] {subprocess.py:93} INFO - 2024-10-08 23:35:22 INFO: Page 136 retrieved with 50 records.
[2024-10-08T23:35:22.800+0000] {subprocess.py:93} INFO - 2024-10-08 23:35:22 INFO: Page 137 retrieved with 50 records.
[2024-10-08T23:35:22.874+0000] {subprocess.py:93} INFO - 2024-10-08 23:35:22 INFO: Page 138 retrieved with 50 records.
[2024-10-08T23:35:22.958+0000] {subprocess.py:93} INFO - 2024-10-08 23:35:22 INFO: Page 139 retrieved with 50 records.
[2024-10-08T23:35:23.367+0000] {subprocess.py:93} INFO - 2024-10-08 23:35:23 INFO: Page 140 retrieved with 50 records.
[2024-10-08T23:35:23.764+0000] {subprocess.py:93} INFO - 2024-10-08 23:35:23 INFO: Page 141 retrieved with 50 records.
[2024-10-08T23:35:23.848+0000] {subprocess.py:93} INFO - 2024-10-08 23:35:23 INFO: Page 142 retrieved with 50 records.
[2024-10-08T23:35:23.926+0000] {subprocess.py:93} INFO - 2024-10-08 23:35:23 INFO: Page 143 retrieved with 50 records.
[2024-10-08T23:35:24.324+0000] {subprocess.py:93} INFO - 2024-10-08 23:35:24 INFO: Page 144 retrieved with 50 records.
[2024-10-08T23:35:24.736+0000] {subprocess.py:93} INFO - 2024-10-08 23:35:24 INFO: Page 145 retrieved with 50 records.
[2024-10-08T23:35:24.813+0000] {subprocess.py:93} INFO - 2024-10-08 23:35:24 INFO: Page 146 retrieved with 50 records.
[2024-10-08T23:35:25.221+0000] {subprocess.py:93} INFO - 2024-10-08 23:35:25 INFO: Page 147 retrieved with 50 records.
[2024-10-08T23:35:25.304+0000] {subprocess.py:93} INFO - 2024-10-08 23:35:25 INFO: Page 148 retrieved with 50 records.
[2024-10-08T23:35:25.709+0000] {subprocess.py:93} INFO - 2024-10-08 23:35:25 INFO: Page 149 retrieved with 50 records.
[2024-10-08T23:35:26.113+0000] {subprocess.py:93} INFO - 2024-10-08 23:35:26 INFO: Page 150 retrieved with 50 records.
[2024-10-08T23:35:26.214+0000] {subprocess.py:93} INFO - 2024-10-08 23:35:26 INFO: Page 151 retrieved with 50 records.
[2024-10-08T23:35:26.626+0000] {subprocess.py:93} INFO - 2024-10-08 23:35:26 INFO: Page 152 retrieved with 50 records.
[2024-10-08T23:35:27.028+0000] {subprocess.py:93} INFO - 2024-10-08 23:35:27 INFO: Page 153 retrieved with 50 records.
[2024-10-08T23:35:27.433+0000] {subprocess.py:93} INFO - 2024-10-08 23:35:27 INFO: Page 154 retrieved with 50 records.
[2024-10-08T23:35:27.842+0000] {subprocess.py:93} INFO - 2024-10-08 23:35:27 INFO: Page 155 retrieved with 50 records.
[2024-10-08T23:35:27.934+0000] {subprocess.py:93} INFO - 2024-10-08 23:35:27 INFO: Page 156 retrieved with 50 records.
[2024-10-08T23:35:28.030+0000] {subprocess.py:93} INFO - 2024-10-08 23:35:28 INFO: Page 157 retrieved with 50 records.
[2024-10-08T23:35:28.436+0000] {subprocess.py:93} INFO - 2024-10-08 23:35:28 INFO: Page 158 retrieved with 50 records.
[2024-10-08T23:35:28.538+0000] {subprocess.py:93} INFO - 2024-10-08 23:35:28 INFO: Page 159 retrieved with 50 records.
[2024-10-08T23:35:28.965+0000] {subprocess.py:93} INFO - 2024-10-08 23:35:28 INFO: Page 160 retrieved with 50 records.
[2024-10-08T23:35:29.375+0000] {subprocess.py:93} INFO - 2024-10-08 23:35:29 INFO: Page 161 retrieved with 50 records.
[2024-10-08T23:35:29.477+0000] {subprocess.py:93} INFO - 2024-10-08 23:35:29 INFO: Page 162 retrieved with 50 records.
[2024-10-08T23:35:29.564+0000] {subprocess.py:93} INFO - 2024-10-08 23:35:29 INFO: Page 163 retrieved with 50 records.
[2024-10-08T23:35:29.962+0000] {subprocess.py:93} INFO - 2024-10-08 23:35:29 INFO: Page 164 retrieved with 50 records.
[2024-10-08T23:35:30.051+0000] {subprocess.py:93} INFO - 2024-10-08 23:35:30 INFO: Page 165 retrieved with 50 records.
[2024-10-08T23:35:30.502+0000] {subprocess.py:93} INFO - 2024-10-08 23:35:30 INFO: Page 166 retrieved with 50 records.
[2024-10-08T23:35:30.899+0000] {subprocess.py:93} INFO - 2024-10-08 23:35:30 INFO: Page 167 retrieved with 23 records.
[2024-10-08T23:35:31.305+0000] {subprocess.py:93} INFO - 2024-10-08 23:35:31 INFO: All data has been retrieved.
[2024-10-08T23:35:31.306+0000] {subprocess.py:93} INFO - 2024-10-08 23:35:31 INFO: Total records retrieved: 8323
[2024-10-08T23:35:31.404+0000] {subprocess.py:93} INFO - 2024-10-08 23:35:31 INFO: Data saved to bronze layer at /opt/***/data/bronze_layer/breweries_raw_20241008_233531.json
[2024-10-08T23:35:31.406+0000] {subprocess.py:93} INFO - 2024-10-08 23:35:31 INFO: Data ingestion process completed successfully in 47.43 seconds.
[2024-10-08T23:35:31.421+0000] {subprocess.py:97} INFO - Command exited with return code 0
[2024-10-08T23:35:31.436+0000] {taskinstance.py:340} INFO - ::group::Post task execution logs
[2024-10-08T23:35:31.437+0000] {taskinstance.py:352} INFO - Marking task as SUCCESS. dag_id=breweries_data_pipeline, task_id=data_ingestion, run_id=manual__2024-10-08T23:34:40.856537+00:00, execution_date=20241008T233440, start_date=20241008T233443, end_date=20241008T233531
[2024-10-08T23:35:31.443+0000] {logging_mixin.py:190} INFO - Task instance in success state
[2024-10-08T23:35:31.443+0000] {logging_mixin.py:190} INFO -  Previous state of the Task instance: running
[2024-10-08T23:35:31.443+0000] {logging_mixin.py:190} INFO - Dag name:breweries_data_pipeline queued_at:2024-10-08 23:34:40.865239+00:00
[2024-10-08T23:35:31.444+0000] {logging_mixin.py:190} INFO - Task hostname:3fbc15be3147 operator:BashOperator
[2024-10-08T23:35:31.458+0000] {local_task_job_runner.py:266} INFO - Task exited with return code 0
[2024-10-08T23:35:31.473+0000] {taskinstance.py:3900} INFO - 1 downstream tasks scheduled from follow-on schedule check
[2024-10-08T23:35:31.475+0000] {local_task_job_runner.py:245} INFO - ::endgroup::
