[2024-10-08T23:14:18.076+0000] {processor.py:186} INFO - Started process (PID=15671) to work on /opt/airflow/dags/breweries_pipeline_dag.py
[2024-10-08T23:14:18.076+0000] {processor.py:914} INFO - Processing file /opt/airflow/dags/breweries_pipeline_dag.py for tasks to queue
[2024-10-08T23:14:18.078+0000] {logging_mixin.py:190} INFO - [2024-10-08T23:14:18.078+0000] {dagbag.py:588} INFO - Filling up the DagBag from /opt/airflow/dags/breweries_pipeline_dag.py
[2024-10-08T23:14:18.083+0000] {processor.py:925} INFO - DAG(s) 'breweries_data_pipeline' retrieved from /opt/airflow/dags/breweries_pipeline_dag.py
[2024-10-08T23:14:18.094+0000] {logging_mixin.py:190} INFO - [2024-10-08T23:14:18.094+0000] {dag.py:3239} INFO - Sync 1 DAGs
[2024-10-08T23:14:18.108+0000] {logging_mixin.py:190} INFO - [2024-10-08T23:14:18.108+0000] {dag.py:4180} INFO - Setting next_dagrun for breweries_data_pipeline to 2024-10-08 00:00:00+00:00, run_after=2024-10-09 00:00:00+00:00
[2024-10-08T23:14:18.118+0000] {processor.py:208} INFO - Processing /opt/airflow/dags/breweries_pipeline_dag.py took 0.046 seconds
[2024-10-08T23:34:21.641+0000] {processor.py:186} INFO - Started process (PID=129) to work on /opt/airflow/dags/breweries_pipeline_dag.py
[2024-10-08T23:34:21.642+0000] {processor.py:914} INFO - Processing file /opt/airflow/dags/breweries_pipeline_dag.py for tasks to queue
[2024-10-08T23:34:21.647+0000] {logging_mixin.py:190} INFO - [2024-10-08T23:34:21.646+0000] {dagbag.py:588} INFO - Filling up the DagBag from /opt/airflow/dags/breweries_pipeline_dag.py
[2024-10-08T23:34:21.663+0000] {processor.py:925} INFO - DAG(s) 'breweries_data_pipeline' retrieved from /opt/airflow/dags/breweries_pipeline_dag.py
[2024-10-08T23:34:21.709+0000] {logging_mixin.py:190} INFO - [2024-10-08T23:34:21.709+0000] {dag.py:3239} INFO - Sync 1 DAGs
[2024-10-08T23:34:21.736+0000] {logging_mixin.py:190} INFO - [2024-10-08T23:34:21.736+0000] {dag.py:4180} INFO - Setting next_dagrun for breweries_data_pipeline to 2024-10-08 00:00:00+00:00, run_after=2024-10-09 00:00:00+00:00
[2024-10-08T23:34:21.758+0000] {processor.py:208} INFO - Processing /opt/airflow/dags/breweries_pipeline_dag.py took 0.127 seconds
[2024-10-08T23:34:52.661+0000] {processor.py:186} INFO - Started process (PID=192) to work on /opt/airflow/dags/breweries_pipeline_dag.py
[2024-10-08T23:34:52.662+0000] {processor.py:914} INFO - Processing file /opt/airflow/dags/breweries_pipeline_dag.py for tasks to queue
[2024-10-08T23:34:52.663+0000] {logging_mixin.py:190} INFO - [2024-10-08T23:34:52.663+0000] {dagbag.py:588} INFO - Filling up the DagBag from /opt/airflow/dags/breweries_pipeline_dag.py
[2024-10-08T23:34:52.670+0000] {processor.py:925} INFO - DAG(s) 'breweries_data_pipeline' retrieved from /opt/airflow/dags/breweries_pipeline_dag.py
[2024-10-08T23:34:52.683+0000] {logging_mixin.py:190} INFO - [2024-10-08T23:34:52.683+0000] {dag.py:3239} INFO - Sync 1 DAGs
[2024-10-08T23:34:52.698+0000] {logging_mixin.py:190} INFO - [2024-10-08T23:34:52.698+0000] {dag.py:4180} INFO - Setting next_dagrun for breweries_data_pipeline to 2024-10-08 00:00:00+00:00, run_after=2024-10-09 00:00:00+00:00
[2024-10-08T23:34:52.709+0000] {processor.py:208} INFO - Processing /opt/airflow/dags/breweries_pipeline_dag.py took 0.052 seconds
[2024-10-08T23:35:23.292+0000] {processor.py:186} INFO - Started process (PID=261) to work on /opt/airflow/dags/breweries_pipeline_dag.py
[2024-10-08T23:35:23.293+0000] {processor.py:914} INFO - Processing file /opt/airflow/dags/breweries_pipeline_dag.py for tasks to queue
[2024-10-08T23:35:23.294+0000] {logging_mixin.py:190} INFO - [2024-10-08T23:35:23.294+0000] {dagbag.py:588} INFO - Filling up the DagBag from /opt/airflow/dags/breweries_pipeline_dag.py
[2024-10-08T23:35:23.301+0000] {processor.py:925} INFO - DAG(s) 'breweries_data_pipeline' retrieved from /opt/airflow/dags/breweries_pipeline_dag.py
[2024-10-08T23:35:23.313+0000] {logging_mixin.py:190} INFO - [2024-10-08T23:35:23.313+0000] {dag.py:3239} INFO - Sync 1 DAGs
[2024-10-08T23:35:23.327+0000] {logging_mixin.py:190} INFO - [2024-10-08T23:35:23.327+0000] {dag.py:4180} INFO - Setting next_dagrun for breweries_data_pipeline to 2024-10-08 00:00:00+00:00, run_after=2024-10-09 00:00:00+00:00
[2024-10-08T23:35:23.338+0000] {processor.py:208} INFO - Processing /opt/airflow/dags/breweries_pipeline_dag.py took 0.050 seconds
[2024-10-08T23:35:53.669+0000] {processor.py:186} INFO - Started process (PID=324) to work on /opt/airflow/dags/breweries_pipeline_dag.py
[2024-10-08T23:35:53.670+0000] {processor.py:914} INFO - Processing file /opt/airflow/dags/breweries_pipeline_dag.py for tasks to queue
[2024-10-08T23:35:53.672+0000] {logging_mixin.py:190} INFO - [2024-10-08T23:35:53.672+0000] {dagbag.py:588} INFO - Filling up the DagBag from /opt/airflow/dags/breweries_pipeline_dag.py
[2024-10-08T23:35:53.679+0000] {processor.py:925} INFO - DAG(s) 'breweries_data_pipeline' retrieved from /opt/airflow/dags/breweries_pipeline_dag.py
[2024-10-08T23:35:53.690+0000] {logging_mixin.py:190} INFO - [2024-10-08T23:35:53.690+0000] {dag.py:3239} INFO - Sync 1 DAGs
[2024-10-08T23:35:53.704+0000] {logging_mixin.py:190} INFO - [2024-10-08T23:35:53.703+0000] {dag.py:4180} INFO - Setting next_dagrun for breweries_data_pipeline to 2024-10-08 00:00:00+00:00, run_after=2024-10-09 00:00:00+00:00
[2024-10-08T23:35:53.713+0000] {processor.py:208} INFO - Processing /opt/airflow/dags/breweries_pipeline_dag.py took 0.048 seconds
[2024-10-08T23:36:23.935+0000] {processor.py:186} INFO - Started process (PID=387) to work on /opt/airflow/dags/breweries_pipeline_dag.py
[2024-10-08T23:36:23.936+0000] {processor.py:914} INFO - Processing file /opt/airflow/dags/breweries_pipeline_dag.py for tasks to queue
[2024-10-08T23:36:23.937+0000] {logging_mixin.py:190} INFO - [2024-10-08T23:36:23.937+0000] {dagbag.py:588} INFO - Filling up the DagBag from /opt/airflow/dags/breweries_pipeline_dag.py
[2024-10-08T23:36:23.944+0000] {processor.py:925} INFO - DAG(s) 'breweries_data_pipeline' retrieved from /opt/airflow/dags/breweries_pipeline_dag.py
[2024-10-08T23:36:23.955+0000] {logging_mixin.py:190} INFO - [2024-10-08T23:36:23.955+0000] {dag.py:3239} INFO - Sync 1 DAGs
[2024-10-08T23:36:23.968+0000] {logging_mixin.py:190} INFO - [2024-10-08T23:36:23.968+0000] {dag.py:4180} INFO - Setting next_dagrun for breweries_data_pipeline to 2024-10-08 00:00:00+00:00, run_after=2024-10-09 00:00:00+00:00
[2024-10-08T23:36:23.978+0000] {processor.py:208} INFO - Processing /opt/airflow/dags/breweries_pipeline_dag.py took 0.046 seconds
[2024-10-08T23:36:54.096+0000] {processor.py:186} INFO - Started process (PID=450) to work on /opt/airflow/dags/breweries_pipeline_dag.py
[2024-10-08T23:36:54.098+0000] {processor.py:914} INFO - Processing file /opt/airflow/dags/breweries_pipeline_dag.py for tasks to queue
[2024-10-08T23:36:54.099+0000] {logging_mixin.py:190} INFO - [2024-10-08T23:36:54.099+0000] {dagbag.py:588} INFO - Filling up the DagBag from /opt/airflow/dags/breweries_pipeline_dag.py
[2024-10-08T23:36:54.106+0000] {processor.py:925} INFO - DAG(s) 'breweries_data_pipeline' retrieved from /opt/airflow/dags/breweries_pipeline_dag.py
[2024-10-08T23:36:54.117+0000] {logging_mixin.py:190} INFO - [2024-10-08T23:36:54.116+0000] {dag.py:3239} INFO - Sync 1 DAGs
[2024-10-08T23:36:54.130+0000] {logging_mixin.py:190} INFO - [2024-10-08T23:36:54.130+0000] {dag.py:4180} INFO - Setting next_dagrun for breweries_data_pipeline to 2024-10-08 00:00:00+00:00, run_after=2024-10-09 00:00:00+00:00
[2024-10-08T23:36:54.139+0000] {processor.py:208} INFO - Processing /opt/airflow/dags/breweries_pipeline_dag.py took 0.048 seconds
[2024-10-08T23:37:24.279+0000] {processor.py:186} INFO - Started process (PID=513) to work on /opt/airflow/dags/breweries_pipeline_dag.py
[2024-10-08T23:37:24.280+0000] {processor.py:914} INFO - Processing file /opt/airflow/dags/breweries_pipeline_dag.py for tasks to queue
[2024-10-08T23:37:24.282+0000] {logging_mixin.py:190} INFO - [2024-10-08T23:37:24.282+0000] {dagbag.py:588} INFO - Filling up the DagBag from /opt/airflow/dags/breweries_pipeline_dag.py
[2024-10-08T23:37:24.289+0000] {processor.py:925} INFO - DAG(s) 'breweries_data_pipeline' retrieved from /opt/airflow/dags/breweries_pipeline_dag.py
[2024-10-08T23:37:24.300+0000] {logging_mixin.py:190} INFO - [2024-10-08T23:37:24.300+0000] {dag.py:3239} INFO - Sync 1 DAGs
[2024-10-08T23:37:24.312+0000] {logging_mixin.py:190} INFO - [2024-10-08T23:37:24.312+0000] {dag.py:4180} INFO - Setting next_dagrun for breweries_data_pipeline to 2024-10-08 00:00:00+00:00, run_after=2024-10-09 00:00:00+00:00
[2024-10-08T23:37:24.322+0000] {processor.py:208} INFO - Processing /opt/airflow/dags/breweries_pipeline_dag.py took 0.047 seconds
[2024-10-08T23:37:54.666+0000] {processor.py:186} INFO - Started process (PID=576) to work on /opt/airflow/dags/breweries_pipeline_dag.py
[2024-10-08T23:37:54.668+0000] {processor.py:914} INFO - Processing file /opt/airflow/dags/breweries_pipeline_dag.py for tasks to queue
[2024-10-08T23:37:54.670+0000] {logging_mixin.py:190} INFO - [2024-10-08T23:37:54.669+0000] {dagbag.py:588} INFO - Filling up the DagBag from /opt/airflow/dags/breweries_pipeline_dag.py
[2024-10-08T23:37:54.676+0000] {processor.py:925} INFO - DAG(s) 'breweries_data_pipeline' retrieved from /opt/airflow/dags/breweries_pipeline_dag.py
[2024-10-08T23:37:54.687+0000] {logging_mixin.py:190} INFO - [2024-10-08T23:37:54.687+0000] {dag.py:3239} INFO - Sync 1 DAGs
[2024-10-08T23:37:54.700+0000] {logging_mixin.py:190} INFO - [2024-10-08T23:37:54.700+0000] {dag.py:4180} INFO - Setting next_dagrun for breweries_data_pipeline to 2024-10-08 00:00:00+00:00, run_after=2024-10-09 00:00:00+00:00
[2024-10-08T23:37:54.710+0000] {processor.py:208} INFO - Processing /opt/airflow/dags/breweries_pipeline_dag.py took 0.047 seconds
[2024-10-08T23:38:25.009+0000] {processor.py:186} INFO - Started process (PID=639) to work on /opt/airflow/dags/breweries_pipeline_dag.py
[2024-10-08T23:38:25.010+0000] {processor.py:914} INFO - Processing file /opt/airflow/dags/breweries_pipeline_dag.py for tasks to queue
[2024-10-08T23:38:25.011+0000] {logging_mixin.py:190} INFO - [2024-10-08T23:38:25.011+0000] {dagbag.py:588} INFO - Filling up the DagBag from /opt/airflow/dags/breweries_pipeline_dag.py
[2024-10-08T23:38:25.017+0000] {processor.py:925} INFO - DAG(s) 'breweries_data_pipeline' retrieved from /opt/airflow/dags/breweries_pipeline_dag.py
[2024-10-08T23:38:25.029+0000] {logging_mixin.py:190} INFO - [2024-10-08T23:38:25.029+0000] {dag.py:3239} INFO - Sync 1 DAGs
[2024-10-08T23:38:25.043+0000] {logging_mixin.py:190} INFO - [2024-10-08T23:38:25.043+0000] {dag.py:4180} INFO - Setting next_dagrun for breweries_data_pipeline to 2024-10-08 00:00:00+00:00, run_after=2024-10-09 00:00:00+00:00
[2024-10-08T23:38:25.052+0000] {processor.py:208} INFO - Processing /opt/airflow/dags/breweries_pipeline_dag.py took 0.047 seconds
[2024-10-08T23:38:55.194+0000] {processor.py:186} INFO - Started process (PID=702) to work on /opt/airflow/dags/breweries_pipeline_dag.py
[2024-10-08T23:38:55.196+0000] {processor.py:914} INFO - Processing file /opt/airflow/dags/breweries_pipeline_dag.py for tasks to queue
[2024-10-08T23:38:55.197+0000] {logging_mixin.py:190} INFO - [2024-10-08T23:38:55.197+0000] {dagbag.py:588} INFO - Filling up the DagBag from /opt/airflow/dags/breweries_pipeline_dag.py
[2024-10-08T23:38:55.203+0000] {processor.py:925} INFO - DAG(s) 'breweries_data_pipeline' retrieved from /opt/airflow/dags/breweries_pipeline_dag.py
[2024-10-08T23:38:55.213+0000] {logging_mixin.py:190} INFO - [2024-10-08T23:38:55.213+0000] {dag.py:3239} INFO - Sync 1 DAGs
[2024-10-08T23:38:55.226+0000] {logging_mixin.py:190} INFO - [2024-10-08T23:38:55.226+0000] {dag.py:4180} INFO - Setting next_dagrun for breweries_data_pipeline to 2024-10-08 00:00:00+00:00, run_after=2024-10-09 00:00:00+00:00
[2024-10-08T23:38:55.236+0000] {processor.py:208} INFO - Processing /opt/airflow/dags/breweries_pipeline_dag.py took 0.045 seconds
[2024-10-08T23:39:37.887+0000] {processor.py:186} INFO - Started process (PID=128) to work on /opt/airflow/dags/breweries_pipeline_dag.py
[2024-10-08T23:39:37.888+0000] {processor.py:914} INFO - Processing file /opt/airflow/dags/breweries_pipeline_dag.py for tasks to queue
[2024-10-08T23:39:37.890+0000] {logging_mixin.py:190} INFO - [2024-10-08T23:39:37.890+0000] {dagbag.py:588} INFO - Filling up the DagBag from /opt/airflow/dags/breweries_pipeline_dag.py
[2024-10-08T23:39:37.898+0000] {processor.py:925} INFO - DAG(s) 'breweries_data_pipeline' retrieved from /opt/airflow/dags/breweries_pipeline_dag.py
[2024-10-08T23:39:37.917+0000] {logging_mixin.py:190} INFO - [2024-10-08T23:39:37.917+0000] {dag.py:3239} INFO - Sync 1 DAGs
[2024-10-08T23:39:37.932+0000] {logging_mixin.py:190} INFO - [2024-10-08T23:39:37.931+0000] {dag.py:4180} INFO - Setting next_dagrun for breweries_data_pipeline to 2024-10-08 00:00:00+00:00, run_after=2024-10-09 00:00:00+00:00
[2024-10-08T23:39:37.952+0000] {processor.py:208} INFO - Processing /opt/airflow/dags/breweries_pipeline_dag.py took 0.069 seconds
[2024-10-08T23:40:08.263+0000] {processor.py:186} INFO - Started process (PID=191) to work on /opt/airflow/dags/breweries_pipeline_dag.py
[2024-10-08T23:40:08.264+0000] {processor.py:914} INFO - Processing file /opt/airflow/dags/breweries_pipeline_dag.py for tasks to queue
[2024-10-08T23:40:08.267+0000] {logging_mixin.py:190} INFO - [2024-10-08T23:40:08.266+0000] {dagbag.py:588} INFO - Filling up the DagBag from /opt/airflow/dags/breweries_pipeline_dag.py
[2024-10-08T23:40:08.275+0000] {processor.py:925} INFO - DAG(s) 'breweries_data_pipeline' retrieved from /opt/airflow/dags/breweries_pipeline_dag.py
[2024-10-08T23:40:08.290+0000] {logging_mixin.py:190} INFO - [2024-10-08T23:40:08.290+0000] {dag.py:3239} INFO - Sync 1 DAGs
[2024-10-08T23:40:08.306+0000] {logging_mixin.py:190} INFO - [2024-10-08T23:40:08.306+0000] {dag.py:4180} INFO - Setting next_dagrun for breweries_data_pipeline to 2024-10-08 00:00:00+00:00, run_after=2024-10-09 00:00:00+00:00
[2024-10-08T23:40:08.317+0000] {processor.py:208} INFO - Processing /opt/airflow/dags/breweries_pipeline_dag.py took 0.057 seconds
[2024-10-08T23:40:39.315+0000] {processor.py:186} INFO - Started process (PID=254) to work on /opt/airflow/dags/breweries_pipeline_dag.py
[2024-10-08T23:40:39.316+0000] {processor.py:914} INFO - Processing file /opt/airflow/dags/breweries_pipeline_dag.py for tasks to queue
[2024-10-08T23:40:39.317+0000] {logging_mixin.py:190} INFO - [2024-10-08T23:40:39.317+0000] {dagbag.py:588} INFO - Filling up the DagBag from /opt/airflow/dags/breweries_pipeline_dag.py
[2024-10-08T23:40:39.323+0000] {processor.py:925} INFO - DAG(s) 'breweries_data_pipeline' retrieved from /opt/airflow/dags/breweries_pipeline_dag.py
[2024-10-08T23:40:39.334+0000] {logging_mixin.py:190} INFO - [2024-10-08T23:40:39.334+0000] {dag.py:3239} INFO - Sync 1 DAGs
[2024-10-08T23:40:39.347+0000] {logging_mixin.py:190} INFO - [2024-10-08T23:40:39.347+0000] {dag.py:4180} INFO - Setting next_dagrun for breweries_data_pipeline to 2024-10-08 00:00:00+00:00, run_after=2024-10-09 00:00:00+00:00
[2024-10-08T23:40:39.357+0000] {processor.py:208} INFO - Processing /opt/airflow/dags/breweries_pipeline_dag.py took 0.045 seconds
[2024-10-08T23:41:09.470+0000] {processor.py:186} INFO - Started process (PID=317) to work on /opt/airflow/dags/breweries_pipeline_dag.py
[2024-10-08T23:41:09.471+0000] {processor.py:914} INFO - Processing file /opt/airflow/dags/breweries_pipeline_dag.py for tasks to queue
[2024-10-08T23:41:09.472+0000] {logging_mixin.py:190} INFO - [2024-10-08T23:41:09.472+0000] {dagbag.py:588} INFO - Filling up the DagBag from /opt/airflow/dags/breweries_pipeline_dag.py
[2024-10-08T23:41:09.478+0000] {processor.py:925} INFO - DAG(s) 'breweries_data_pipeline' retrieved from /opt/airflow/dags/breweries_pipeline_dag.py
[2024-10-08T23:41:09.489+0000] {logging_mixin.py:190} INFO - [2024-10-08T23:41:09.489+0000] {dag.py:3239} INFO - Sync 1 DAGs
[2024-10-08T23:41:09.502+0000] {logging_mixin.py:190} INFO - [2024-10-08T23:41:09.502+0000] {dag.py:4180} INFO - Setting next_dagrun for breweries_data_pipeline to 2024-10-08 00:00:00+00:00, run_after=2024-10-09 00:00:00+00:00
[2024-10-08T23:41:09.512+0000] {processor.py:208} INFO - Processing /opt/airflow/dags/breweries_pipeline_dag.py took 0.045 seconds
[2024-10-08T23:41:39.804+0000] {processor.py:186} INFO - Started process (PID=380) to work on /opt/airflow/dags/breweries_pipeline_dag.py
[2024-10-08T23:41:39.805+0000] {processor.py:914} INFO - Processing file /opt/airflow/dags/breweries_pipeline_dag.py for tasks to queue
[2024-10-08T23:41:39.807+0000] {logging_mixin.py:190} INFO - [2024-10-08T23:41:39.806+0000] {dagbag.py:588} INFO - Filling up the DagBag from /opt/airflow/dags/breweries_pipeline_dag.py
[2024-10-08T23:41:39.813+0000] {processor.py:925} INFO - DAG(s) 'breweries_data_pipeline' retrieved from /opt/airflow/dags/breweries_pipeline_dag.py
[2024-10-08T23:41:39.824+0000] {logging_mixin.py:190} INFO - [2024-10-08T23:41:39.824+0000] {dag.py:3239} INFO - Sync 1 DAGs
[2024-10-08T23:41:39.838+0000] {logging_mixin.py:190} INFO - [2024-10-08T23:41:39.837+0000] {dag.py:4180} INFO - Setting next_dagrun for breweries_data_pipeline to 2024-10-08 00:00:00+00:00, run_after=2024-10-09 00:00:00+00:00
[2024-10-08T23:41:39.848+0000] {processor.py:208} INFO - Processing /opt/airflow/dags/breweries_pipeline_dag.py took 0.046 seconds
[2024-10-08T23:42:51.996+0000] {processor.py:186} INFO - Started process (PID=122) to work on /opt/airflow/dags/breweries_pipeline_dag.py
[2024-10-08T23:42:51.997+0000] {processor.py:914} INFO - Processing file /opt/airflow/dags/breweries_pipeline_dag.py for tasks to queue
[2024-10-08T23:42:51.999+0000] {logging_mixin.py:190} INFO - [2024-10-08T23:42:51.999+0000] {dagbag.py:588} INFO - Filling up the DagBag from /opt/airflow/dags/breweries_pipeline_dag.py
[2024-10-08T23:42:52.007+0000] {processor.py:925} INFO - DAG(s) 'breweries_data_pipeline' retrieved from /opt/airflow/dags/breweries_pipeline_dag.py
[2024-10-08T23:42:52.026+0000] {logging_mixin.py:190} INFO - [2024-10-08T23:42:52.026+0000] {dag.py:3239} INFO - Sync 1 DAGs
[2024-10-08T23:42:52.040+0000] {logging_mixin.py:190} INFO - [2024-10-08T23:42:52.040+0000] {dag.py:4180} INFO - Setting next_dagrun for breweries_data_pipeline to 2024-10-08 00:00:00+00:00, run_after=2024-10-09 00:00:00+00:00
[2024-10-08T23:42:52.050+0000] {processor.py:208} INFO - Processing /opt/airflow/dags/breweries_pipeline_dag.py took 0.059 seconds
[2024-10-08T23:43:22.698+0000] {processor.py:186} INFO - Started process (PID=191) to work on /opt/airflow/dags/breweries_pipeline_dag.py
[2024-10-08T23:43:22.699+0000] {processor.py:914} INFO - Processing file /opt/airflow/dags/breweries_pipeline_dag.py for tasks to queue
[2024-10-08T23:43:22.701+0000] {logging_mixin.py:190} INFO - [2024-10-08T23:43:22.700+0000] {dagbag.py:588} INFO - Filling up the DagBag from /opt/airflow/dags/breweries_pipeline_dag.py
[2024-10-08T23:43:22.706+0000] {processor.py:925} INFO - DAG(s) 'breweries_data_pipeline' retrieved from /opt/airflow/dags/breweries_pipeline_dag.py
[2024-10-08T23:43:22.718+0000] {logging_mixin.py:190} INFO - [2024-10-08T23:43:22.718+0000] {dag.py:3239} INFO - Sync 1 DAGs
[2024-10-08T23:43:22.731+0000] {logging_mixin.py:190} INFO - [2024-10-08T23:43:22.731+0000] {dag.py:4180} INFO - Setting next_dagrun for breweries_data_pipeline to 2024-10-08 00:00:00+00:00, run_after=2024-10-09 00:00:00+00:00
[2024-10-08T23:43:22.742+0000] {processor.py:208} INFO - Processing /opt/airflow/dags/breweries_pipeline_dag.py took 0.047 seconds
[2024-10-08T23:44:30.679+0000] {processor.py:186} INFO - Started process (PID=129) to work on /opt/airflow/dags/breweries_pipeline_dag.py
[2024-10-08T23:44:30.684+0000] {processor.py:914} INFO - Processing file /opt/airflow/dags/breweries_pipeline_dag.py for tasks to queue
[2024-10-08T23:44:30.687+0000] {logging_mixin.py:190} INFO - [2024-10-08T23:44:30.686+0000] {dagbag.py:588} INFO - Filling up the DagBag from /opt/airflow/dags/breweries_pipeline_dag.py
[2024-10-08T23:44:30.699+0000] {processor.py:925} INFO - DAG(s) 'breweries_data_pipeline' retrieved from /opt/airflow/dags/breweries_pipeline_dag.py
[2024-10-08T23:44:30.738+0000] {logging_mixin.py:190} INFO - [2024-10-08T23:44:30.738+0000] {dag.py:3239} INFO - Sync 1 DAGs
[2024-10-08T23:44:30.752+0000] {logging_mixin.py:190} INFO - [2024-10-08T23:44:30.752+0000] {dag.py:4180} INFO - Setting next_dagrun for breweries_data_pipeline to 2024-10-08 00:00:00+00:00, run_after=2024-10-09 00:00:00+00:00
[2024-10-08T23:44:30.765+0000] {processor.py:208} INFO - Processing /opt/airflow/dags/breweries_pipeline_dag.py took 0.090 seconds
[2024-10-08T23:45:00.843+0000] {processor.py:186} INFO - Started process (PID=192) to work on /opt/airflow/dags/breweries_pipeline_dag.py
[2024-10-08T23:45:00.844+0000] {processor.py:914} INFO - Processing file /opt/airflow/dags/breweries_pipeline_dag.py for tasks to queue
[2024-10-08T23:45:00.845+0000] {logging_mixin.py:190} INFO - [2024-10-08T23:45:00.845+0000] {dagbag.py:588} INFO - Filling up the DagBag from /opt/airflow/dags/breweries_pipeline_dag.py
[2024-10-08T23:45:00.851+0000] {processor.py:925} INFO - DAG(s) 'breweries_data_pipeline' retrieved from /opt/airflow/dags/breweries_pipeline_dag.py
[2024-10-08T23:45:00.862+0000] {logging_mixin.py:190} INFO - [2024-10-08T23:45:00.862+0000] {dag.py:3239} INFO - Sync 1 DAGs
[2024-10-08T23:45:00.875+0000] {logging_mixin.py:190} INFO - [2024-10-08T23:45:00.875+0000] {dag.py:4180} INFO - Setting next_dagrun for breweries_data_pipeline to 2024-10-08 00:00:00+00:00, run_after=2024-10-09 00:00:00+00:00
[2024-10-08T23:45:00.885+0000] {processor.py:208} INFO - Processing /opt/airflow/dags/breweries_pipeline_dag.py took 0.046 seconds
[2024-10-08T23:45:31.091+0000] {processor.py:186} INFO - Started process (PID=255) to work on /opt/airflow/dags/breweries_pipeline_dag.py
[2024-10-08T23:45:31.092+0000] {processor.py:914} INFO - Processing file /opt/airflow/dags/breweries_pipeline_dag.py for tasks to queue
[2024-10-08T23:45:31.094+0000] {logging_mixin.py:190} INFO - [2024-10-08T23:45:31.094+0000] {dagbag.py:588} INFO - Filling up the DagBag from /opt/airflow/dags/breweries_pipeline_dag.py
[2024-10-08T23:45:31.102+0000] {processor.py:925} INFO - DAG(s) 'breweries_data_pipeline' retrieved from /opt/airflow/dags/breweries_pipeline_dag.py
[2024-10-08T23:45:31.117+0000] {logging_mixin.py:190} INFO - [2024-10-08T23:45:31.116+0000] {dag.py:3239} INFO - Sync 1 DAGs
[2024-10-08T23:45:31.133+0000] {logging_mixin.py:190} INFO - [2024-10-08T23:45:31.133+0000] {dag.py:4180} INFO - Setting next_dagrun for breweries_data_pipeline to 2024-10-08 00:00:00+00:00, run_after=2024-10-09 00:00:00+00:00
[2024-10-08T23:45:31.144+0000] {processor.py:208} INFO - Processing /opt/airflow/dags/breweries_pipeline_dag.py took 0.058 seconds
[2024-10-08T23:46:01.354+0000] {processor.py:186} INFO - Started process (PID=318) to work on /opt/airflow/dags/breweries_pipeline_dag.py
[2024-10-08T23:46:01.355+0000] {processor.py:914} INFO - Processing file /opt/airflow/dags/breweries_pipeline_dag.py for tasks to queue
[2024-10-08T23:46:01.357+0000] {logging_mixin.py:190} INFO - [2024-10-08T23:46:01.356+0000] {dagbag.py:588} INFO - Filling up the DagBag from /opt/airflow/dags/breweries_pipeline_dag.py
[2024-10-08T23:46:01.365+0000] {processor.py:925} INFO - DAG(s) 'breweries_data_pipeline' retrieved from /opt/airflow/dags/breweries_pipeline_dag.py
[2024-10-08T23:46:01.378+0000] {logging_mixin.py:190} INFO - [2024-10-08T23:46:01.378+0000] {dag.py:3239} INFO - Sync 1 DAGs
[2024-10-08T23:46:01.399+0000] {logging_mixin.py:190} INFO - [2024-10-08T23:46:01.398+0000] {dag.py:4180} INFO - Setting next_dagrun for breweries_data_pipeline to 2024-10-08 00:00:00+00:00, run_after=2024-10-09 00:00:00+00:00
[2024-10-08T23:46:01.415+0000] {processor.py:208} INFO - Processing /opt/airflow/dags/breweries_pipeline_dag.py took 0.065 seconds
[2024-10-08T23:46:31.518+0000] {processor.py:186} INFO - Started process (PID=381) to work on /opt/airflow/dags/breweries_pipeline_dag.py
[2024-10-08T23:46:31.519+0000] {processor.py:914} INFO - Processing file /opt/airflow/dags/breweries_pipeline_dag.py for tasks to queue
[2024-10-08T23:46:31.520+0000] {logging_mixin.py:190} INFO - [2024-10-08T23:46:31.520+0000] {dagbag.py:588} INFO - Filling up the DagBag from /opt/airflow/dags/breweries_pipeline_dag.py
[2024-10-08T23:46:31.528+0000] {processor.py:925} INFO - DAG(s) 'breweries_data_pipeline' retrieved from /opt/airflow/dags/breweries_pipeline_dag.py
[2024-10-08T23:46:31.541+0000] {logging_mixin.py:190} INFO - [2024-10-08T23:46:31.541+0000] {dag.py:3239} INFO - Sync 1 DAGs
[2024-10-08T23:46:31.555+0000] {logging_mixin.py:190} INFO - [2024-10-08T23:46:31.555+0000] {dag.py:4180} INFO - Setting next_dagrun for breweries_data_pipeline to 2024-10-08 00:00:00+00:00, run_after=2024-10-09 00:00:00+00:00
[2024-10-08T23:46:31.565+0000] {processor.py:208} INFO - Processing /opt/airflow/dags/breweries_pipeline_dag.py took 0.051 seconds
[2024-10-08T23:47:01.789+0000] {processor.py:186} INFO - Started process (PID=444) to work on /opt/airflow/dags/breweries_pipeline_dag.py
[2024-10-08T23:47:01.790+0000] {processor.py:914} INFO - Processing file /opt/airflow/dags/breweries_pipeline_dag.py for tasks to queue
[2024-10-08T23:47:01.792+0000] {logging_mixin.py:190} INFO - [2024-10-08T23:47:01.791+0000] {dagbag.py:588} INFO - Filling up the DagBag from /opt/airflow/dags/breweries_pipeline_dag.py
[2024-10-08T23:47:01.801+0000] {processor.py:925} INFO - DAG(s) 'breweries_data_pipeline' retrieved from /opt/airflow/dags/breweries_pipeline_dag.py
[2024-10-08T23:47:01.812+0000] {logging_mixin.py:190} INFO - [2024-10-08T23:47:01.812+0000] {dag.py:3239} INFO - Sync 1 DAGs
[2024-10-08T23:47:01.825+0000] {logging_mixin.py:190} INFO - [2024-10-08T23:47:01.825+0000] {dag.py:4180} INFO - Setting next_dagrun for breweries_data_pipeline to 2024-10-08 00:00:00+00:00, run_after=2024-10-09 00:00:00+00:00
[2024-10-08T23:47:01.834+0000] {processor.py:208} INFO - Processing /opt/airflow/dags/breweries_pipeline_dag.py took 0.050 seconds
[2024-10-08T23:47:31.901+0000] {processor.py:186} INFO - Started process (PID=507) to work on /opt/airflow/dags/breweries_pipeline_dag.py
[2024-10-08T23:47:31.902+0000] {processor.py:914} INFO - Processing file /opt/airflow/dags/breweries_pipeline_dag.py for tasks to queue
[2024-10-08T23:47:31.903+0000] {logging_mixin.py:190} INFO - [2024-10-08T23:47:31.903+0000] {dagbag.py:588} INFO - Filling up the DagBag from /opt/airflow/dags/breweries_pipeline_dag.py
[2024-10-08T23:47:31.909+0000] {processor.py:925} INFO - DAG(s) 'breweries_data_pipeline' retrieved from /opt/airflow/dags/breweries_pipeline_dag.py
[2024-10-08T23:47:31.920+0000] {logging_mixin.py:190} INFO - [2024-10-08T23:47:31.920+0000] {dag.py:3239} INFO - Sync 1 DAGs
[2024-10-08T23:47:31.933+0000] {logging_mixin.py:190} INFO - [2024-10-08T23:47:31.932+0000] {dag.py:4180} INFO - Setting next_dagrun for breweries_data_pipeline to 2024-10-08 00:00:00+00:00, run_after=2024-10-09 00:00:00+00:00
[2024-10-08T23:47:31.942+0000] {processor.py:208} INFO - Processing /opt/airflow/dags/breweries_pipeline_dag.py took 0.045 seconds
[2024-10-08T23:48:02.099+0000] {processor.py:186} INFO - Started process (PID=570) to work on /opt/airflow/dags/breweries_pipeline_dag.py
[2024-10-08T23:48:02.099+0000] {processor.py:914} INFO - Processing file /opt/airflow/dags/breweries_pipeline_dag.py for tasks to queue
[2024-10-08T23:48:02.101+0000] {logging_mixin.py:190} INFO - [2024-10-08T23:48:02.101+0000] {dagbag.py:588} INFO - Filling up the DagBag from /opt/airflow/dags/breweries_pipeline_dag.py
[2024-10-08T23:48:02.107+0000] {processor.py:925} INFO - DAG(s) 'breweries_data_pipeline' retrieved from /opt/airflow/dags/breweries_pipeline_dag.py
[2024-10-08T23:48:02.118+0000] {logging_mixin.py:190} INFO - [2024-10-08T23:48:02.117+0000] {dag.py:3239} INFO - Sync 1 DAGs
[2024-10-08T23:48:02.130+0000] {logging_mixin.py:190} INFO - [2024-10-08T23:48:02.130+0000] {dag.py:4180} INFO - Setting next_dagrun for breweries_data_pipeline to 2024-10-08 00:00:00+00:00, run_after=2024-10-09 00:00:00+00:00
[2024-10-08T23:48:02.140+0000] {processor.py:208} INFO - Processing /opt/airflow/dags/breweries_pipeline_dag.py took 0.045 seconds
[2024-10-08T23:48:32.421+0000] {processor.py:186} INFO - Started process (PID=633) to work on /opt/airflow/dags/breweries_pipeline_dag.py
[2024-10-08T23:48:32.422+0000] {processor.py:914} INFO - Processing file /opt/airflow/dags/breweries_pipeline_dag.py for tasks to queue
[2024-10-08T23:48:32.423+0000] {logging_mixin.py:190} INFO - [2024-10-08T23:48:32.423+0000] {dagbag.py:588} INFO - Filling up the DagBag from /opt/airflow/dags/breweries_pipeline_dag.py
[2024-10-08T23:48:32.430+0000] {processor.py:925} INFO - DAG(s) 'breweries_data_pipeline' retrieved from /opt/airflow/dags/breweries_pipeline_dag.py
[2024-10-08T23:48:32.443+0000] {logging_mixin.py:190} INFO - [2024-10-08T23:48:32.443+0000] {dag.py:3239} INFO - Sync 1 DAGs
[2024-10-08T23:48:32.461+0000] {logging_mixin.py:190} INFO - [2024-10-08T23:48:32.461+0000] {dag.py:4180} INFO - Setting next_dagrun for breweries_data_pipeline to 2024-10-08 00:00:00+00:00, run_after=2024-10-09 00:00:00+00:00
[2024-10-08T23:48:32.482+0000] {processor.py:208} INFO - Processing /opt/airflow/dags/breweries_pipeline_dag.py took 0.064 seconds
[2024-10-08T23:49:02.537+0000] {processor.py:186} INFO - Started process (PID=696) to work on /opt/airflow/dags/breweries_pipeline_dag.py
[2024-10-08T23:49:02.538+0000] {processor.py:914} INFO - Processing file /opt/airflow/dags/breweries_pipeline_dag.py for tasks to queue
[2024-10-08T23:49:02.540+0000] {logging_mixin.py:190} INFO - [2024-10-08T23:49:02.539+0000] {dagbag.py:588} INFO - Filling up the DagBag from /opt/airflow/dags/breweries_pipeline_dag.py
[2024-10-08T23:49:02.546+0000] {processor.py:925} INFO - DAG(s) 'breweries_data_pipeline' retrieved from /opt/airflow/dags/breweries_pipeline_dag.py
[2024-10-08T23:49:02.557+0000] {logging_mixin.py:190} INFO - [2024-10-08T23:49:02.557+0000] {dag.py:3239} INFO - Sync 1 DAGs
[2024-10-08T23:49:02.570+0000] {logging_mixin.py:190} INFO - [2024-10-08T23:49:02.569+0000] {dag.py:4180} INFO - Setting next_dagrun for breweries_data_pipeline to 2024-10-08 00:00:00+00:00, run_after=2024-10-09 00:00:00+00:00
[2024-10-08T23:49:02.580+0000] {processor.py:208} INFO - Processing /opt/airflow/dags/breweries_pipeline_dag.py took 0.046 seconds
[2024-10-08T23:49:32.662+0000] {processor.py:186} INFO - Started process (PID=759) to work on /opt/airflow/dags/breweries_pipeline_dag.py
[2024-10-08T23:49:32.663+0000] {processor.py:914} INFO - Processing file /opt/airflow/dags/breweries_pipeline_dag.py for tasks to queue
[2024-10-08T23:49:32.664+0000] {logging_mixin.py:190} INFO - [2024-10-08T23:49:32.664+0000] {dagbag.py:588} INFO - Filling up the DagBag from /opt/airflow/dags/breweries_pipeline_dag.py
[2024-10-08T23:49:32.670+0000] {processor.py:925} INFO - DAG(s) 'breweries_data_pipeline' retrieved from /opt/airflow/dags/breweries_pipeline_dag.py
[2024-10-08T23:49:32.681+0000] {logging_mixin.py:190} INFO - [2024-10-08T23:49:32.680+0000] {dag.py:3239} INFO - Sync 1 DAGs
[2024-10-08T23:49:32.694+0000] {logging_mixin.py:190} INFO - [2024-10-08T23:49:32.694+0000] {dag.py:4180} INFO - Setting next_dagrun for breweries_data_pipeline to 2024-10-08 00:00:00+00:00, run_after=2024-10-09 00:00:00+00:00
[2024-10-08T23:49:32.704+0000] {processor.py:208} INFO - Processing /opt/airflow/dags/breweries_pipeline_dag.py took 0.045 seconds
[2024-10-08T23:50:02.773+0000] {processor.py:186} INFO - Started process (PID=822) to work on /opt/airflow/dags/breweries_pipeline_dag.py
[2024-10-08T23:50:02.774+0000] {processor.py:914} INFO - Processing file /opt/airflow/dags/breweries_pipeline_dag.py for tasks to queue
[2024-10-08T23:50:02.776+0000] {logging_mixin.py:190} INFO - [2024-10-08T23:50:02.775+0000] {dagbag.py:588} INFO - Filling up the DagBag from /opt/airflow/dags/breweries_pipeline_dag.py
[2024-10-08T23:50:02.781+0000] {processor.py:925} INFO - DAG(s) 'breweries_data_pipeline' retrieved from /opt/airflow/dags/breweries_pipeline_dag.py
[2024-10-08T23:50:02.793+0000] {logging_mixin.py:190} INFO - [2024-10-08T23:50:02.792+0000] {dag.py:3239} INFO - Sync 1 DAGs
[2024-10-08T23:50:02.806+0000] {logging_mixin.py:190} INFO - [2024-10-08T23:50:02.806+0000] {dag.py:4180} INFO - Setting next_dagrun for breweries_data_pipeline to 2024-10-08 00:00:00+00:00, run_after=2024-10-09 00:00:00+00:00
[2024-10-08T23:50:02.816+0000] {processor.py:208} INFO - Processing /opt/airflow/dags/breweries_pipeline_dag.py took 0.046 seconds
