[2024-10-08T23:35:36.338+0000] {local_task_job_runner.py:123} INFO - ::group::Pre task execution logs
[2024-10-08T23:35:36.346+0000] {taskinstance.py:2612} INFO - Dependencies all met for dep_context=non-requeueable deps ti=<TaskInstance: breweries_data_pipeline.data_analyse manual__2024-10-08T23:34:40.856537+00:00 [queued]>
[2024-10-08T23:35:36.350+0000] {taskinstance.py:2612} INFO - Dependencies all met for dep_context=requeueable deps ti=<TaskInstance: breweries_data_pipeline.data_analyse manual__2024-10-08T23:34:40.856537+00:00 [queued]>
[2024-10-08T23:35:36.350+0000] {taskinstance.py:2865} INFO - Starting attempt 1 of 1
[2024-10-08T23:35:36.358+0000] {taskinstance.py:2888} INFO - Executing <Task(BashOperator): data_analyse> on 2024-10-08 23:34:40.856537+00:00
[2024-10-08T23:35:36.362+0000] {warnings.py:112} WARNING - /home/***/.local/lib/python3.12/site-packages/***/task/task_runner/standard_task_runner.py:70: DeprecationWarning: This process (pid=363) is multi-threaded, use of fork() may lead to deadlocks in the child.
  pid = os.fork()

[2024-10-08T23:35:36.362+0000] {standard_task_runner.py:72} INFO - Started process 365 to run task
[2024-10-08T23:35:36.363+0000] {standard_task_runner.py:104} INFO - Running: ['***', 'tasks', 'run', 'breweries_data_pipeline', 'data_analyse', 'manual__2024-10-08T23:34:40.856537+00:00', '--job-id', '105', '--raw', '--subdir', 'DAGS_FOLDER/breweries_pipeline_dag.py', '--cfg-path', '/tmp/tmp2z7cl7ma']
[2024-10-08T23:35:36.364+0000] {standard_task_runner.py:105} INFO - Job 105: Subtask data_analyse
[2024-10-08T23:35:36.386+0000] {task_command.py:467} INFO - Running <TaskInstance: breweries_data_pipeline.data_analyse manual__2024-10-08T23:34:40.856537+00:00 [running]> on host 3fbc15be3147
[2024-10-08T23:35:36.430+0000] {taskinstance.py:3131} INFO - Exporting env vars: AIRFLOW_CTX_DAG_OWNER='***' AIRFLOW_CTX_DAG_ID='breweries_data_pipeline' AIRFLOW_CTX_TASK_ID='data_analyse' AIRFLOW_CTX_EXECUTION_DATE='2024-10-08T23:34:40.856537+00:00' AIRFLOW_CTX_TRY_NUMBER='1' AIRFLOW_CTX_DAG_RUN_ID='manual__2024-10-08T23:34:40.856537+00:00'
[2024-10-08T23:35:36.430+0000] {logging_mixin.py:190} INFO - Task instance is in running state
[2024-10-08T23:35:36.431+0000] {logging_mixin.py:190} INFO -  Previous state of the Task instance: queued
[2024-10-08T23:35:36.431+0000] {logging_mixin.py:190} INFO - Current task name:data_analyse state:running start_date:2024-10-08 23:35:36.346756+00:00
[2024-10-08T23:35:36.431+0000] {logging_mixin.py:190} INFO - Dag name:breweries_data_pipeline and current dag run status:running
[2024-10-08T23:35:36.431+0000] {taskinstance.py:731} INFO - ::endgroup::
[2024-10-08T23:35:36.431+0000] {subprocess.py:63} INFO - Tmp dir root location: /tmp
[2024-10-08T23:35:36.432+0000] {subprocess.py:75} INFO - Running command: ['/usr/bin/bash', '-c', '/usr/local/bin/python3 /opt/***/scripts/data_analyse.py']
[2024-10-08T23:35:36.438+0000] {subprocess.py:86} INFO - Output:
[2024-10-08T23:35:37.068+0000] {subprocess.py:93} INFO - Matplotlib created a temporary cache directory at /tmp/matplotlib-6d0zcwrk because the default path (/home/***/.cache/matplotlib) is not a writable directory; it is highly recommended to set the MPLCONFIGDIR environment variable to a writable directory, in particular to speed up the import of Matplotlib and to better support multiprocessing.
[2024-10-08T23:35:37.447+0000] {subprocess.py:93} INFO - 2024-10-08 23:35:37,447 INFO: Starting data visualization process.
[2024-10-08T23:35:37.448+0000] {subprocess.py:93} INFO - 2024-10-08 23:35:37,447 INFO: Reports directory verified: /opt/***/reports
[2024-10-08T23:35:37.448+0000] {subprocess.py:93} INFO - 2024-10-08 23:35:37,448 INFO: Latest file found: /opt/***/data/gold_layer/brewery_aggregated_country_20241008_233535.parquet
[2024-10-08T23:35:37.448+0000] {subprocess.py:93} INFO - 2024-10-08 23:35:37,448 INFO: Latest file found: /opt/***/data/gold_layer/brewery_aggregated_state_20241008_233535.parquet
[2024-10-08T23:35:37.469+0000] {subprocess.py:93} INFO - 2024-10-08 23:35:37,469 INFO: 41 records read from the country file.
[2024-10-08T23:35:37.470+0000] {subprocess.py:93} INFO - 2024-10-08 23:35:37,469 INFO: 401 records read from the state file.
[2024-10-08T23:35:37.823+0000] {subprocess.py:93} INFO - 2024-10-08 23:35:37,823 INFO: Bar chart saved: /opt/***/reports/top_10_breweries_states_20241008_233537.png
[2024-10-08T23:35:38.160+0000] {subprocess.py:93} INFO - 2024-10-08 23:35:38,160 INFO: Bar chart saved: /opt/***/reports/top_10_breweries_countries_20241008_233537.png
[2024-10-08T23:35:38.418+0000] {subprocess.py:93} INFO - 2024-10-08 23:35:38,418 INFO: Pie chart saved: /opt/***/reports/brewery_distribution_united_states_ordered_20241008_233537.png
[2024-10-08T23:35:38.419+0000] {subprocess.py:93} INFO - 2024-10-08 23:35:38,418 INFO: Data visualization process completed.
[2024-10-08T23:35:38.499+0000] {subprocess.py:97} INFO - Command exited with return code 0
[2024-10-08T23:35:38.512+0000] {taskinstance.py:340} INFO - ::group::Post task execution logs
[2024-10-08T23:35:38.513+0000] {taskinstance.py:352} INFO - Marking task as SUCCESS. dag_id=breweries_data_pipeline, task_id=data_analyse, run_id=manual__2024-10-08T23:34:40.856537+00:00, execution_date=20241008T233440, start_date=20241008T233536, end_date=20241008T233538
[2024-10-08T23:35:38.518+0000] {logging_mixin.py:190} INFO - Task instance in success state
[2024-10-08T23:35:38.519+0000] {logging_mixin.py:190} INFO -  Previous state of the Task instance: running
[2024-10-08T23:35:38.519+0000] {logging_mixin.py:190} INFO - Dag name:breweries_data_pipeline queued_at:2024-10-08 23:34:40.865239+00:00
[2024-10-08T23:35:38.519+0000] {logging_mixin.py:190} INFO - Task hostname:3fbc15be3147 operator:BashOperator
[2024-10-08T23:35:38.551+0000] {local_task_job_runner.py:266} INFO - Task exited with return code 0
[2024-10-08T23:35:38.561+0000] {taskinstance.py:3900} INFO - 0 downstream tasks scheduled from follow-on schedule check
[2024-10-08T23:35:38.562+0000] {local_task_job_runner.py:245} INFO - ::endgroup::
