[2024-10-08T23:14:20.634+0000] {processor.py:186} INFO - Started process (PID=15689) to work on /home/airflow/.local/lib/python3.12/site-packages/airflow/example_dags/example_params_trigger_ui.py
[2024-10-08T23:14:20.634+0000] {processor.py:914} INFO - Processing file /home/airflow/.local/lib/python3.12/site-packages/airflow/example_dags/example_params_trigger_ui.py for tasks to queue
[2024-10-08T23:14:20.635+0000] {logging_mixin.py:190} INFO - [2024-10-08T23:14:20.635+0000] {dagbag.py:588} INFO - Filling up the DagBag from /home/airflow/.local/lib/python3.12/site-packages/airflow/example_dags/example_params_trigger_ui.py
[2024-10-08T23:14:20.642+0000] {processor.py:925} INFO - DAG(s) 'example_params_trigger_ui' retrieved from /home/airflow/.local/lib/python3.12/site-packages/airflow/example_dags/example_params_trigger_ui.py
[2024-10-08T23:14:20.664+0000] {logging_mixin.py:190} INFO - [2024-10-08T23:14:20.664+0000] {dag.py:3239} INFO - Sync 1 DAGs
[2024-10-08T23:14:20.671+0000] {logging_mixin.py:190} INFO - [2024-10-08T23:14:20.671+0000] {dag.py:4180} INFO - Setting next_dagrun for example_params_trigger_ui to None, run_after=None
[2024-10-08T23:14:20.681+0000] {processor.py:208} INFO - Processing /home/airflow/.local/lib/python3.12/site-packages/airflow/example_dags/example_params_trigger_ui.py took 0.050 seconds
[2024-10-08T23:34:23.375+0000] {processor.py:186} INFO - Started process (PID=163) to work on /home/airflow/.local/lib/python3.12/site-packages/airflow/example_dags/example_params_trigger_ui.py
[2024-10-08T23:34:23.376+0000] {processor.py:914} INFO - Processing file /home/airflow/.local/lib/python3.12/site-packages/airflow/example_dags/example_params_trigger_ui.py for tasks to queue
[2024-10-08T23:34:23.377+0000] {logging_mixin.py:190} INFO - [2024-10-08T23:34:23.377+0000] {dagbag.py:588} INFO - Filling up the DagBag from /home/airflow/.local/lib/python3.12/site-packages/airflow/example_dags/example_params_trigger_ui.py
[2024-10-08T23:34:23.385+0000] {processor.py:925} INFO - DAG(s) 'example_params_trigger_ui' retrieved from /home/airflow/.local/lib/python3.12/site-packages/airflow/example_dags/example_params_trigger_ui.py
[2024-10-08T23:34:23.409+0000] {logging_mixin.py:190} INFO - [2024-10-08T23:34:23.409+0000] {dag.py:3239} INFO - Sync 1 DAGs
[2024-10-08T23:34:23.417+0000] {logging_mixin.py:190} INFO - [2024-10-08T23:34:23.417+0000] {dag.py:4180} INFO - Setting next_dagrun for example_params_trigger_ui to None, run_after=None
[2024-10-08T23:34:23.427+0000] {processor.py:208} INFO - Processing /home/airflow/.local/lib/python3.12/site-packages/airflow/example_dags/example_params_trigger_ui.py took 0.055 seconds
[2024-10-08T23:34:53.918+0000] {processor.py:186} INFO - Started process (PID=226) to work on /home/airflow/.local/lib/python3.12/site-packages/airflow/example_dags/example_params_trigger_ui.py
[2024-10-08T23:34:53.919+0000] {processor.py:914} INFO - Processing file /home/airflow/.local/lib/python3.12/site-packages/airflow/example_dags/example_params_trigger_ui.py for tasks to queue
[2024-10-08T23:34:53.920+0000] {logging_mixin.py:190} INFO - [2024-10-08T23:34:53.920+0000] {dagbag.py:588} INFO - Filling up the DagBag from /home/airflow/.local/lib/python3.12/site-packages/airflow/example_dags/example_params_trigger_ui.py
[2024-10-08T23:34:53.926+0000] {processor.py:925} INFO - DAG(s) 'example_params_trigger_ui' retrieved from /home/airflow/.local/lib/python3.12/site-packages/airflow/example_dags/example_params_trigger_ui.py
[2024-10-08T23:34:53.951+0000] {logging_mixin.py:190} INFO - [2024-10-08T23:34:53.950+0000] {dag.py:3239} INFO - Sync 1 DAGs
[2024-10-08T23:34:53.962+0000] {logging_mixin.py:190} INFO - [2024-10-08T23:34:53.962+0000] {dag.py:4180} INFO - Setting next_dagrun for example_params_trigger_ui to None, run_after=None
[2024-10-08T23:34:53.973+0000] {processor.py:208} INFO - Processing /home/airflow/.local/lib/python3.12/site-packages/airflow/example_dags/example_params_trigger_ui.py took 0.059 seconds
[2024-10-08T23:35:24.525+0000] {processor.py:186} INFO - Started process (PID=289) to work on /home/airflow/.local/lib/python3.12/site-packages/airflow/example_dags/example_params_trigger_ui.py
[2024-10-08T23:35:24.526+0000] {processor.py:914} INFO - Processing file /home/airflow/.local/lib/python3.12/site-packages/airflow/example_dags/example_params_trigger_ui.py for tasks to queue
[2024-10-08T23:35:24.527+0000] {logging_mixin.py:190} INFO - [2024-10-08T23:35:24.527+0000] {dagbag.py:588} INFO - Filling up the DagBag from /home/airflow/.local/lib/python3.12/site-packages/airflow/example_dags/example_params_trigger_ui.py
[2024-10-08T23:35:24.533+0000] {processor.py:925} INFO - DAG(s) 'example_params_trigger_ui' retrieved from /home/airflow/.local/lib/python3.12/site-packages/airflow/example_dags/example_params_trigger_ui.py
[2024-10-08T23:35:24.556+0000] {logging_mixin.py:190} INFO - [2024-10-08T23:35:24.556+0000] {dag.py:3239} INFO - Sync 1 DAGs
[2024-10-08T23:35:24.564+0000] {logging_mixin.py:190} INFO - [2024-10-08T23:35:24.564+0000] {dag.py:4180} INFO - Setting next_dagrun for example_params_trigger_ui to None, run_after=None
[2024-10-08T23:35:24.575+0000] {processor.py:208} INFO - Processing /home/airflow/.local/lib/python3.12/site-packages/airflow/example_dags/example_params_trigger_ui.py took 0.053 seconds
[2024-10-08T23:35:54.768+0000] {processor.py:186} INFO - Started process (PID=352) to work on /home/airflow/.local/lib/python3.12/site-packages/airflow/example_dags/example_params_trigger_ui.py
[2024-10-08T23:35:54.769+0000] {processor.py:914} INFO - Processing file /home/airflow/.local/lib/python3.12/site-packages/airflow/example_dags/example_params_trigger_ui.py for tasks to queue
[2024-10-08T23:35:54.770+0000] {logging_mixin.py:190} INFO - [2024-10-08T23:35:54.770+0000] {dagbag.py:588} INFO - Filling up the DagBag from /home/airflow/.local/lib/python3.12/site-packages/airflow/example_dags/example_params_trigger_ui.py
[2024-10-08T23:35:54.776+0000] {processor.py:925} INFO - DAG(s) 'example_params_trigger_ui' retrieved from /home/airflow/.local/lib/python3.12/site-packages/airflow/example_dags/example_params_trigger_ui.py
[2024-10-08T23:35:54.799+0000] {logging_mixin.py:190} INFO - [2024-10-08T23:35:54.799+0000] {dag.py:3239} INFO - Sync 1 DAGs
[2024-10-08T23:35:54.807+0000] {logging_mixin.py:190} INFO - [2024-10-08T23:35:54.807+0000] {dag.py:4180} INFO - Setting next_dagrun for example_params_trigger_ui to None, run_after=None
[2024-10-08T23:35:54.817+0000] {processor.py:208} INFO - Processing /home/airflow/.local/lib/python3.12/site-packages/airflow/example_dags/example_params_trigger_ui.py took 0.052 seconds
[2024-10-08T23:36:24.917+0000] {processor.py:186} INFO - Started process (PID=415) to work on /home/airflow/.local/lib/python3.12/site-packages/airflow/example_dags/example_params_trigger_ui.py
[2024-10-08T23:36:24.918+0000] {processor.py:914} INFO - Processing file /home/airflow/.local/lib/python3.12/site-packages/airflow/example_dags/example_params_trigger_ui.py for tasks to queue
[2024-10-08T23:36:24.919+0000] {logging_mixin.py:190} INFO - [2024-10-08T23:36:24.919+0000] {dagbag.py:588} INFO - Filling up the DagBag from /home/airflow/.local/lib/python3.12/site-packages/airflow/example_dags/example_params_trigger_ui.py
[2024-10-08T23:36:24.925+0000] {processor.py:925} INFO - DAG(s) 'example_params_trigger_ui' retrieved from /home/airflow/.local/lib/python3.12/site-packages/airflow/example_dags/example_params_trigger_ui.py
[2024-10-08T23:36:24.949+0000] {logging_mixin.py:190} INFO - [2024-10-08T23:36:24.949+0000] {dag.py:3239} INFO - Sync 1 DAGs
[2024-10-08T23:36:24.957+0000] {logging_mixin.py:190} INFO - [2024-10-08T23:36:24.957+0000] {dag.py:4180} INFO - Setting next_dagrun for example_params_trigger_ui to None, run_after=None
[2024-10-08T23:36:24.967+0000] {processor.py:208} INFO - Processing /home/airflow/.local/lib/python3.12/site-packages/airflow/example_dags/example_params_trigger_ui.py took 0.053 seconds
[2024-10-08T23:36:55.081+0000] {processor.py:186} INFO - Started process (PID=478) to work on /home/airflow/.local/lib/python3.12/site-packages/airflow/example_dags/example_params_trigger_ui.py
[2024-10-08T23:36:55.081+0000] {processor.py:914} INFO - Processing file /home/airflow/.local/lib/python3.12/site-packages/airflow/example_dags/example_params_trigger_ui.py for tasks to queue
[2024-10-08T23:36:55.082+0000] {logging_mixin.py:190} INFO - [2024-10-08T23:36:55.082+0000] {dagbag.py:588} INFO - Filling up the DagBag from /home/airflow/.local/lib/python3.12/site-packages/airflow/example_dags/example_params_trigger_ui.py
[2024-10-08T23:36:55.088+0000] {processor.py:925} INFO - DAG(s) 'example_params_trigger_ui' retrieved from /home/airflow/.local/lib/python3.12/site-packages/airflow/example_dags/example_params_trigger_ui.py
[2024-10-08T23:36:55.111+0000] {logging_mixin.py:190} INFO - [2024-10-08T23:36:55.111+0000] {dag.py:3239} INFO - Sync 1 DAGs
[2024-10-08T23:36:55.119+0000] {logging_mixin.py:190} INFO - [2024-10-08T23:36:55.119+0000] {dag.py:4180} INFO - Setting next_dagrun for example_params_trigger_ui to None, run_after=None
[2024-10-08T23:36:55.129+0000] {processor.py:208} INFO - Processing /home/airflow/.local/lib/python3.12/site-packages/airflow/example_dags/example_params_trigger_ui.py took 0.051 seconds
[2024-10-08T23:37:25.333+0000] {processor.py:186} INFO - Started process (PID=541) to work on /home/airflow/.local/lib/python3.12/site-packages/airflow/example_dags/example_params_trigger_ui.py
[2024-10-08T23:37:25.334+0000] {processor.py:914} INFO - Processing file /home/airflow/.local/lib/python3.12/site-packages/airflow/example_dags/example_params_trigger_ui.py for tasks to queue
[2024-10-08T23:37:25.335+0000] {logging_mixin.py:190} INFO - [2024-10-08T23:37:25.335+0000] {dagbag.py:588} INFO - Filling up the DagBag from /home/airflow/.local/lib/python3.12/site-packages/airflow/example_dags/example_params_trigger_ui.py
[2024-10-08T23:37:25.341+0000] {processor.py:925} INFO - DAG(s) 'example_params_trigger_ui' retrieved from /home/airflow/.local/lib/python3.12/site-packages/airflow/example_dags/example_params_trigger_ui.py
[2024-10-08T23:37:25.364+0000] {logging_mixin.py:190} INFO - [2024-10-08T23:37:25.364+0000] {dag.py:3239} INFO - Sync 1 DAGs
[2024-10-08T23:37:25.373+0000] {logging_mixin.py:190} INFO - [2024-10-08T23:37:25.372+0000] {dag.py:4180} INFO - Setting next_dagrun for example_params_trigger_ui to None, run_after=None
[2024-10-08T23:37:25.383+0000] {processor.py:208} INFO - Processing /home/airflow/.local/lib/python3.12/site-packages/airflow/example_dags/example_params_trigger_ui.py took 0.053 seconds
[2024-10-08T23:37:55.708+0000] {processor.py:186} INFO - Started process (PID=604) to work on /home/airflow/.local/lib/python3.12/site-packages/airflow/example_dags/example_params_trigger_ui.py
[2024-10-08T23:37:55.708+0000] {processor.py:914} INFO - Processing file /home/airflow/.local/lib/python3.12/site-packages/airflow/example_dags/example_params_trigger_ui.py for tasks to queue
[2024-10-08T23:37:55.709+0000] {logging_mixin.py:190} INFO - [2024-10-08T23:37:55.709+0000] {dagbag.py:588} INFO - Filling up the DagBag from /home/airflow/.local/lib/python3.12/site-packages/airflow/example_dags/example_params_trigger_ui.py
[2024-10-08T23:37:55.715+0000] {processor.py:925} INFO - DAG(s) 'example_params_trigger_ui' retrieved from /home/airflow/.local/lib/python3.12/site-packages/airflow/example_dags/example_params_trigger_ui.py
[2024-10-08T23:37:55.739+0000] {logging_mixin.py:190} INFO - [2024-10-08T23:37:55.738+0000] {dag.py:3239} INFO - Sync 1 DAGs
[2024-10-08T23:37:55.746+0000] {logging_mixin.py:190} INFO - [2024-10-08T23:37:55.746+0000] {dag.py:4180} INFO - Setting next_dagrun for example_params_trigger_ui to None, run_after=None
[2024-10-08T23:37:55.756+0000] {processor.py:208} INFO - Processing /home/airflow/.local/lib/python3.12/site-packages/airflow/example_dags/example_params_trigger_ui.py took 0.052 seconds
[2024-10-08T23:38:26.045+0000] {processor.py:186} INFO - Started process (PID=667) to work on /home/airflow/.local/lib/python3.12/site-packages/airflow/example_dags/example_params_trigger_ui.py
[2024-10-08T23:38:26.046+0000] {processor.py:914} INFO - Processing file /home/airflow/.local/lib/python3.12/site-packages/airflow/example_dags/example_params_trigger_ui.py for tasks to queue
[2024-10-08T23:38:26.047+0000] {logging_mixin.py:190} INFO - [2024-10-08T23:38:26.047+0000] {dagbag.py:588} INFO - Filling up the DagBag from /home/airflow/.local/lib/python3.12/site-packages/airflow/example_dags/example_params_trigger_ui.py
[2024-10-08T23:38:26.054+0000] {processor.py:925} INFO - DAG(s) 'example_params_trigger_ui' retrieved from /home/airflow/.local/lib/python3.12/site-packages/airflow/example_dags/example_params_trigger_ui.py
[2024-10-08T23:38:26.076+0000] {logging_mixin.py:190} INFO - [2024-10-08T23:38:26.076+0000] {dag.py:3239} INFO - Sync 1 DAGs
[2024-10-08T23:38:26.084+0000] {logging_mixin.py:190} INFO - [2024-10-08T23:38:26.083+0000] {dag.py:4180} INFO - Setting next_dagrun for example_params_trigger_ui to None, run_after=None
[2024-10-08T23:38:26.094+0000] {processor.py:208} INFO - Processing /home/airflow/.local/lib/python3.12/site-packages/airflow/example_dags/example_params_trigger_ui.py took 0.052 seconds
[2024-10-08T23:38:56.170+0000] {processor.py:186} INFO - Started process (PID=730) to work on /home/airflow/.local/lib/python3.12/site-packages/airflow/example_dags/example_params_trigger_ui.py
[2024-10-08T23:38:56.171+0000] {processor.py:914} INFO - Processing file /home/airflow/.local/lib/python3.12/site-packages/airflow/example_dags/example_params_trigger_ui.py for tasks to queue
[2024-10-08T23:38:56.172+0000] {logging_mixin.py:190} INFO - [2024-10-08T23:38:56.172+0000] {dagbag.py:588} INFO - Filling up the DagBag from /home/airflow/.local/lib/python3.12/site-packages/airflow/example_dags/example_params_trigger_ui.py
[2024-10-08T23:38:56.179+0000] {processor.py:925} INFO - DAG(s) 'example_params_trigger_ui' retrieved from /home/airflow/.local/lib/python3.12/site-packages/airflow/example_dags/example_params_trigger_ui.py
[2024-10-08T23:38:56.202+0000] {logging_mixin.py:190} INFO - [2024-10-08T23:38:56.202+0000] {dag.py:3239} INFO - Sync 1 DAGs
[2024-10-08T23:38:56.210+0000] {logging_mixin.py:190} INFO - [2024-10-08T23:38:56.210+0000] {dag.py:4180} INFO - Setting next_dagrun for example_params_trigger_ui to None, run_after=None
[2024-10-08T23:38:56.220+0000] {processor.py:208} INFO - Processing /home/airflow/.local/lib/python3.12/site-packages/airflow/example_dags/example_params_trigger_ui.py took 0.053 seconds
[2024-10-08T23:39:39.014+0000] {processor.py:186} INFO - Started process (PID=156) to work on /home/airflow/.local/lib/python3.12/site-packages/airflow/example_dags/example_params_trigger_ui.py
[2024-10-08T23:39:39.015+0000] {processor.py:914} INFO - Processing file /home/airflow/.local/lib/python3.12/site-packages/airflow/example_dags/example_params_trigger_ui.py for tasks to queue
[2024-10-08T23:39:39.016+0000] {logging_mixin.py:190} INFO - [2024-10-08T23:39:39.016+0000] {dagbag.py:588} INFO - Filling up the DagBag from /home/airflow/.local/lib/python3.12/site-packages/airflow/example_dags/example_params_trigger_ui.py
[2024-10-08T23:39:39.022+0000] {processor.py:925} INFO - DAG(s) 'example_params_trigger_ui' retrieved from /home/airflow/.local/lib/python3.12/site-packages/airflow/example_dags/example_params_trigger_ui.py
[2024-10-08T23:39:39.045+0000] {logging_mixin.py:190} INFO - [2024-10-08T23:39:39.045+0000] {dag.py:3239} INFO - Sync 1 DAGs
[2024-10-08T23:39:39.053+0000] {logging_mixin.py:190} INFO - [2024-10-08T23:39:39.053+0000] {dag.py:4180} INFO - Setting next_dagrun for example_params_trigger_ui to None, run_after=None
[2024-10-08T23:39:39.063+0000] {processor.py:208} INFO - Processing /home/airflow/.local/lib/python3.12/site-packages/airflow/example_dags/example_params_trigger_ui.py took 0.052 seconds
[2024-10-08T23:40:09.202+0000] {processor.py:186} INFO - Started process (PID=219) to work on /home/airflow/.local/lib/python3.12/site-packages/airflow/example_dags/example_params_trigger_ui.py
[2024-10-08T23:40:09.202+0000] {processor.py:914} INFO - Processing file /home/airflow/.local/lib/python3.12/site-packages/airflow/example_dags/example_params_trigger_ui.py for tasks to queue
[2024-10-08T23:40:09.204+0000] {logging_mixin.py:190} INFO - [2024-10-08T23:40:09.203+0000] {dagbag.py:588} INFO - Filling up the DagBag from /home/airflow/.local/lib/python3.12/site-packages/airflow/example_dags/example_params_trigger_ui.py
[2024-10-08T23:40:09.210+0000] {processor.py:925} INFO - DAG(s) 'example_params_trigger_ui' retrieved from /home/airflow/.local/lib/python3.12/site-packages/airflow/example_dags/example_params_trigger_ui.py
[2024-10-08T23:40:09.233+0000] {logging_mixin.py:190} INFO - [2024-10-08T23:40:09.233+0000] {dag.py:3239} INFO - Sync 1 DAGs
[2024-10-08T23:40:09.241+0000] {logging_mixin.py:190} INFO - [2024-10-08T23:40:09.241+0000] {dag.py:4180} INFO - Setting next_dagrun for example_params_trigger_ui to None, run_after=None
[2024-10-08T23:40:09.251+0000] {processor.py:208} INFO - Processing /home/airflow/.local/lib/python3.12/site-packages/airflow/example_dags/example_params_trigger_ui.py took 0.053 seconds
[2024-10-08T23:40:40.325+0000] {processor.py:186} INFO - Started process (PID=282) to work on /home/airflow/.local/lib/python3.12/site-packages/airflow/example_dags/example_params_trigger_ui.py
[2024-10-08T23:40:40.325+0000] {processor.py:914} INFO - Processing file /home/airflow/.local/lib/python3.12/site-packages/airflow/example_dags/example_params_trigger_ui.py for tasks to queue
[2024-10-08T23:40:40.327+0000] {logging_mixin.py:190} INFO - [2024-10-08T23:40:40.326+0000] {dagbag.py:588} INFO - Filling up the DagBag from /home/airflow/.local/lib/python3.12/site-packages/airflow/example_dags/example_params_trigger_ui.py
[2024-10-08T23:40:40.333+0000] {processor.py:925} INFO - DAG(s) 'example_params_trigger_ui' retrieved from /home/airflow/.local/lib/python3.12/site-packages/airflow/example_dags/example_params_trigger_ui.py
[2024-10-08T23:40:40.357+0000] {logging_mixin.py:190} INFO - [2024-10-08T23:40:40.356+0000] {dag.py:3239} INFO - Sync 1 DAGs
[2024-10-08T23:40:40.364+0000] {logging_mixin.py:190} INFO - [2024-10-08T23:40:40.364+0000] {dag.py:4180} INFO - Setting next_dagrun for example_params_trigger_ui to None, run_after=None
[2024-10-08T23:40:40.374+0000] {processor.py:208} INFO - Processing /home/airflow/.local/lib/python3.12/site-packages/airflow/example_dags/example_params_trigger_ui.py took 0.052 seconds
[2024-10-08T23:41:10.514+0000] {processor.py:186} INFO - Started process (PID=345) to work on /home/airflow/.local/lib/python3.12/site-packages/airflow/example_dags/example_params_trigger_ui.py
[2024-10-08T23:41:10.515+0000] {processor.py:914} INFO - Processing file /home/airflow/.local/lib/python3.12/site-packages/airflow/example_dags/example_params_trigger_ui.py for tasks to queue
[2024-10-08T23:41:10.516+0000] {logging_mixin.py:190} INFO - [2024-10-08T23:41:10.516+0000] {dagbag.py:588} INFO - Filling up the DagBag from /home/airflow/.local/lib/python3.12/site-packages/airflow/example_dags/example_params_trigger_ui.py
[2024-10-08T23:41:10.523+0000] {processor.py:925} INFO - DAG(s) 'example_params_trigger_ui' retrieved from /home/airflow/.local/lib/python3.12/site-packages/airflow/example_dags/example_params_trigger_ui.py
[2024-10-08T23:41:10.547+0000] {logging_mixin.py:190} INFO - [2024-10-08T23:41:10.547+0000] {dag.py:3239} INFO - Sync 1 DAGs
[2024-10-08T23:41:10.555+0000] {logging_mixin.py:190} INFO - [2024-10-08T23:41:10.555+0000] {dag.py:4180} INFO - Setting next_dagrun for example_params_trigger_ui to None, run_after=None
[2024-10-08T23:41:10.566+0000] {processor.py:208} INFO - Processing /home/airflow/.local/lib/python3.12/site-packages/airflow/example_dags/example_params_trigger_ui.py took 0.055 seconds
[2024-10-08T23:41:40.830+0000] {processor.py:186} INFO - Started process (PID=408) to work on /home/airflow/.local/lib/python3.12/site-packages/airflow/example_dags/example_params_trigger_ui.py
[2024-10-08T23:41:40.830+0000] {processor.py:914} INFO - Processing file /home/airflow/.local/lib/python3.12/site-packages/airflow/example_dags/example_params_trigger_ui.py for tasks to queue
[2024-10-08T23:41:40.832+0000] {logging_mixin.py:190} INFO - [2024-10-08T23:41:40.831+0000] {dagbag.py:588} INFO - Filling up the DagBag from /home/airflow/.local/lib/python3.12/site-packages/airflow/example_dags/example_params_trigger_ui.py
[2024-10-08T23:41:40.838+0000] {processor.py:925} INFO - DAG(s) 'example_params_trigger_ui' retrieved from /home/airflow/.local/lib/python3.12/site-packages/airflow/example_dags/example_params_trigger_ui.py
[2024-10-08T23:41:40.860+0000] {logging_mixin.py:190} INFO - [2024-10-08T23:41:40.860+0000] {dag.py:3239} INFO - Sync 1 DAGs
[2024-10-08T23:41:40.868+0000] {logging_mixin.py:190} INFO - [2024-10-08T23:41:40.868+0000] {dag.py:4180} INFO - Setting next_dagrun for example_params_trigger_ui to None, run_after=None
[2024-10-08T23:41:40.878+0000] {processor.py:208} INFO - Processing /home/airflow/.local/lib/python3.12/site-packages/airflow/example_dags/example_params_trigger_ui.py took 0.051 seconds
[2024-10-08T23:42:53.467+0000] {processor.py:186} INFO - Started process (PID=156) to work on /home/airflow/.local/lib/python3.12/site-packages/airflow/example_dags/example_params_trigger_ui.py
[2024-10-08T23:42:53.467+0000] {processor.py:914} INFO - Processing file /home/airflow/.local/lib/python3.12/site-packages/airflow/example_dags/example_params_trigger_ui.py for tasks to queue
[2024-10-08T23:42:53.469+0000] {logging_mixin.py:190} INFO - [2024-10-08T23:42:53.468+0000] {dagbag.py:588} INFO - Filling up the DagBag from /home/airflow/.local/lib/python3.12/site-packages/airflow/example_dags/example_params_trigger_ui.py
[2024-10-08T23:42:53.477+0000] {processor.py:925} INFO - DAG(s) 'example_params_trigger_ui' retrieved from /home/airflow/.local/lib/python3.12/site-packages/airflow/example_dags/example_params_trigger_ui.py
[2024-10-08T23:42:53.506+0000] {logging_mixin.py:190} INFO - [2024-10-08T23:42:53.506+0000] {dag.py:3239} INFO - Sync 1 DAGs
[2024-10-08T23:42:53.515+0000] {logging_mixin.py:190} INFO - [2024-10-08T23:42:53.515+0000] {dag.py:4180} INFO - Setting next_dagrun for example_params_trigger_ui to None, run_after=None
[2024-10-08T23:42:53.527+0000] {processor.py:208} INFO - Processing /home/airflow/.local/lib/python3.12/site-packages/airflow/example_dags/example_params_trigger_ui.py took 0.064 seconds
[2024-10-08T23:43:23.683+0000] {processor.py:186} INFO - Started process (PID=219) to work on /home/airflow/.local/lib/python3.12/site-packages/airflow/example_dags/example_params_trigger_ui.py
[2024-10-08T23:43:23.683+0000] {processor.py:914} INFO - Processing file /home/airflow/.local/lib/python3.12/site-packages/airflow/example_dags/example_params_trigger_ui.py for tasks to queue
[2024-10-08T23:43:23.685+0000] {logging_mixin.py:190} INFO - [2024-10-08T23:43:23.685+0000] {dagbag.py:588} INFO - Filling up the DagBag from /home/airflow/.local/lib/python3.12/site-packages/airflow/example_dags/example_params_trigger_ui.py
[2024-10-08T23:43:23.691+0000] {processor.py:925} INFO - DAG(s) 'example_params_trigger_ui' retrieved from /home/airflow/.local/lib/python3.12/site-packages/airflow/example_dags/example_params_trigger_ui.py
[2024-10-08T23:43:23.714+0000] {logging_mixin.py:190} INFO - [2024-10-08T23:43:23.714+0000] {dag.py:3239} INFO - Sync 1 DAGs
[2024-10-08T23:43:23.722+0000] {logging_mixin.py:190} INFO - [2024-10-08T23:43:23.721+0000] {dag.py:4180} INFO - Setting next_dagrun for example_params_trigger_ui to None, run_after=None
[2024-10-08T23:43:23.732+0000] {processor.py:208} INFO - Processing /home/airflow/.local/lib/python3.12/site-packages/airflow/example_dags/example_params_trigger_ui.py took 0.052 seconds
[2024-10-08T23:44:32.436+0000] {processor.py:186} INFO - Started process (PID=157) to work on /home/airflow/.local/lib/python3.12/site-packages/airflow/example_dags/example_params_trigger_ui.py
[2024-10-08T23:44:32.437+0000] {processor.py:914} INFO - Processing file /home/airflow/.local/lib/python3.12/site-packages/airflow/example_dags/example_params_trigger_ui.py for tasks to queue
[2024-10-08T23:44:32.439+0000] {logging_mixin.py:190} INFO - [2024-10-08T23:44:32.439+0000] {dagbag.py:588} INFO - Filling up the DagBag from /home/airflow/.local/lib/python3.12/site-packages/airflow/example_dags/example_params_trigger_ui.py
[2024-10-08T23:44:32.449+0000] {processor.py:925} INFO - DAG(s) 'example_params_trigger_ui' retrieved from /home/airflow/.local/lib/python3.12/site-packages/airflow/example_dags/example_params_trigger_ui.py
[2024-10-08T23:44:32.484+0000] {logging_mixin.py:190} INFO - [2024-10-08T23:44:32.484+0000] {dag.py:3239} INFO - Sync 1 DAGs
[2024-10-08T23:44:32.496+0000] {logging_mixin.py:190} INFO - [2024-10-08T23:44:32.496+0000] {dag.py:4180} INFO - Setting next_dagrun for example_params_trigger_ui to None, run_after=None
[2024-10-08T23:44:32.510+0000] {processor.py:208} INFO - Processing /home/airflow/.local/lib/python3.12/site-packages/airflow/example_dags/example_params_trigger_ui.py took 0.078 seconds
[2024-10-08T23:45:02.893+0000] {processor.py:186} INFO - Started process (PID=226) to work on /home/airflow/.local/lib/python3.12/site-packages/airflow/example_dags/example_params_trigger_ui.py
[2024-10-08T23:45:02.894+0000] {processor.py:914} INFO - Processing file /home/airflow/.local/lib/python3.12/site-packages/airflow/example_dags/example_params_trigger_ui.py for tasks to queue
[2024-10-08T23:45:02.895+0000] {logging_mixin.py:190} INFO - [2024-10-08T23:45:02.895+0000] {dagbag.py:588} INFO - Filling up the DagBag from /home/airflow/.local/lib/python3.12/site-packages/airflow/example_dags/example_params_trigger_ui.py
[2024-10-08T23:45:02.902+0000] {processor.py:925} INFO - DAG(s) 'example_params_trigger_ui' retrieved from /home/airflow/.local/lib/python3.12/site-packages/airflow/example_dags/example_params_trigger_ui.py
[2024-10-08T23:45:02.926+0000] {logging_mixin.py:190} INFO - [2024-10-08T23:45:02.926+0000] {dag.py:3239} INFO - Sync 1 DAGs
[2024-10-08T23:45:02.936+0000] {logging_mixin.py:190} INFO - [2024-10-08T23:45:02.935+0000] {dag.py:4180} INFO - Setting next_dagrun for example_params_trigger_ui to None, run_after=None
[2024-10-08T23:45:02.952+0000] {processor.py:208} INFO - Processing /home/airflow/.local/lib/python3.12/site-packages/airflow/example_dags/example_params_trigger_ui.py took 0.062 seconds
[2024-10-08T23:45:33.178+0000] {processor.py:186} INFO - Started process (PID=289) to work on /home/airflow/.local/lib/python3.12/site-packages/airflow/example_dags/example_params_trigger_ui.py
[2024-10-08T23:45:33.179+0000] {processor.py:914} INFO - Processing file /home/airflow/.local/lib/python3.12/site-packages/airflow/example_dags/example_params_trigger_ui.py for tasks to queue
[2024-10-08T23:45:33.180+0000] {logging_mixin.py:190} INFO - [2024-10-08T23:45:33.180+0000] {dagbag.py:588} INFO - Filling up the DagBag from /home/airflow/.local/lib/python3.12/site-packages/airflow/example_dags/example_params_trigger_ui.py
[2024-10-08T23:45:33.186+0000] {processor.py:925} INFO - DAG(s) 'example_params_trigger_ui' retrieved from /home/airflow/.local/lib/python3.12/site-packages/airflow/example_dags/example_params_trigger_ui.py
[2024-10-08T23:45:33.210+0000] {logging_mixin.py:190} INFO - [2024-10-08T23:45:33.210+0000] {dag.py:3239} INFO - Sync 1 DAGs
[2024-10-08T23:45:33.218+0000] {logging_mixin.py:190} INFO - [2024-10-08T23:45:33.218+0000] {dag.py:4180} INFO - Setting next_dagrun for example_params_trigger_ui to None, run_after=None
[2024-10-08T23:45:33.229+0000] {processor.py:208} INFO - Processing /home/airflow/.local/lib/python3.12/site-packages/airflow/example_dags/example_params_trigger_ui.py took 0.054 seconds
[2024-10-08T23:46:03.354+0000] {processor.py:186} INFO - Started process (PID=352) to work on /home/airflow/.local/lib/python3.12/site-packages/airflow/example_dags/example_params_trigger_ui.py
[2024-10-08T23:46:03.355+0000] {processor.py:914} INFO - Processing file /home/airflow/.local/lib/python3.12/site-packages/airflow/example_dags/example_params_trigger_ui.py for tasks to queue
[2024-10-08T23:46:03.356+0000] {logging_mixin.py:190} INFO - [2024-10-08T23:46:03.356+0000] {dagbag.py:588} INFO - Filling up the DagBag from /home/airflow/.local/lib/python3.12/site-packages/airflow/example_dags/example_params_trigger_ui.py
[2024-10-08T23:46:03.362+0000] {processor.py:925} INFO - DAG(s) 'example_params_trigger_ui' retrieved from /home/airflow/.local/lib/python3.12/site-packages/airflow/example_dags/example_params_trigger_ui.py
[2024-10-08T23:46:03.385+0000] {logging_mixin.py:190} INFO - [2024-10-08T23:46:03.385+0000] {dag.py:3239} INFO - Sync 1 DAGs
[2024-10-08T23:46:03.393+0000] {logging_mixin.py:190} INFO - [2024-10-08T23:46:03.393+0000] {dag.py:4180} INFO - Setting next_dagrun for example_params_trigger_ui to None, run_after=None
[2024-10-08T23:46:03.402+0000] {processor.py:208} INFO - Processing /home/airflow/.local/lib/python3.12/site-packages/airflow/example_dags/example_params_trigger_ui.py took 0.052 seconds
[2024-10-08T23:46:34.476+0000] {processor.py:186} INFO - Started process (PID=415) to work on /home/airflow/.local/lib/python3.12/site-packages/airflow/example_dags/example_params_trigger_ui.py
[2024-10-08T23:46:34.477+0000] {processor.py:914} INFO - Processing file /home/airflow/.local/lib/python3.12/site-packages/airflow/example_dags/example_params_trigger_ui.py for tasks to queue
[2024-10-08T23:46:34.478+0000] {logging_mixin.py:190} INFO - [2024-10-08T23:46:34.478+0000] {dagbag.py:588} INFO - Filling up the DagBag from /home/airflow/.local/lib/python3.12/site-packages/airflow/example_dags/example_params_trigger_ui.py
[2024-10-08T23:46:34.485+0000] {processor.py:925} INFO - DAG(s) 'example_params_trigger_ui' retrieved from /home/airflow/.local/lib/python3.12/site-packages/airflow/example_dags/example_params_trigger_ui.py
[2024-10-08T23:46:34.511+0000] {logging_mixin.py:190} INFO - [2024-10-08T23:46:34.511+0000] {dag.py:3239} INFO - Sync 1 DAGs
[2024-10-08T23:46:34.519+0000] {logging_mixin.py:190} INFO - [2024-10-08T23:46:34.519+0000] {dag.py:4180} INFO - Setting next_dagrun for example_params_trigger_ui to None, run_after=None
[2024-10-08T23:46:34.530+0000] {processor.py:208} INFO - Processing /home/airflow/.local/lib/python3.12/site-packages/airflow/example_dags/example_params_trigger_ui.py took 0.057 seconds
[2024-10-08T23:47:04.747+0000] {processor.py:186} INFO - Started process (PID=478) to work on /home/airflow/.local/lib/python3.12/site-packages/airflow/example_dags/example_params_trigger_ui.py
[2024-10-08T23:47:04.747+0000] {processor.py:914} INFO - Processing file /home/airflow/.local/lib/python3.12/site-packages/airflow/example_dags/example_params_trigger_ui.py for tasks to queue
[2024-10-08T23:47:04.748+0000] {logging_mixin.py:190} INFO - [2024-10-08T23:47:04.748+0000] {dagbag.py:588} INFO - Filling up the DagBag from /home/airflow/.local/lib/python3.12/site-packages/airflow/example_dags/example_params_trigger_ui.py
[2024-10-08T23:47:04.755+0000] {processor.py:925} INFO - DAG(s) 'example_params_trigger_ui' retrieved from /home/airflow/.local/lib/python3.12/site-packages/airflow/example_dags/example_params_trigger_ui.py
[2024-10-08T23:47:04.778+0000] {logging_mixin.py:190} INFO - [2024-10-08T23:47:04.778+0000] {dag.py:3239} INFO - Sync 1 DAGs
[2024-10-08T23:47:04.786+0000] {logging_mixin.py:190} INFO - [2024-10-08T23:47:04.786+0000] {dag.py:4180} INFO - Setting next_dagrun for example_params_trigger_ui to None, run_after=None
[2024-10-08T23:47:04.796+0000] {processor.py:208} INFO - Processing /home/airflow/.local/lib/python3.12/site-packages/airflow/example_dags/example_params_trigger_ui.py took 0.053 seconds
[2024-10-08T23:47:34.954+0000] {processor.py:186} INFO - Started process (PID=541) to work on /home/airflow/.local/lib/python3.12/site-packages/airflow/example_dags/example_params_trigger_ui.py
[2024-10-08T23:47:34.955+0000] {processor.py:914} INFO - Processing file /home/airflow/.local/lib/python3.12/site-packages/airflow/example_dags/example_params_trigger_ui.py for tasks to queue
[2024-10-08T23:47:34.956+0000] {logging_mixin.py:190} INFO - [2024-10-08T23:47:34.956+0000] {dagbag.py:588} INFO - Filling up the DagBag from /home/airflow/.local/lib/python3.12/site-packages/airflow/example_dags/example_params_trigger_ui.py
[2024-10-08T23:47:34.964+0000] {processor.py:925} INFO - DAG(s) 'example_params_trigger_ui' retrieved from /home/airflow/.local/lib/python3.12/site-packages/airflow/example_dags/example_params_trigger_ui.py
[2024-10-08T23:47:34.988+0000] {logging_mixin.py:190} INFO - [2024-10-08T23:47:34.988+0000] {dag.py:3239} INFO - Sync 1 DAGs
[2024-10-08T23:47:34.999+0000] {logging_mixin.py:190} INFO - [2024-10-08T23:47:34.999+0000] {dag.py:4180} INFO - Setting next_dagrun for example_params_trigger_ui to None, run_after=None
[2024-10-08T23:47:35.011+0000] {processor.py:208} INFO - Processing /home/airflow/.local/lib/python3.12/site-packages/airflow/example_dags/example_params_trigger_ui.py took 0.061 seconds
[2024-10-08T23:48:05.163+0000] {processor.py:186} INFO - Started process (PID=604) to work on /home/airflow/.local/lib/python3.12/site-packages/airflow/example_dags/example_params_trigger_ui.py
[2024-10-08T23:48:05.164+0000] {processor.py:914} INFO - Processing file /home/airflow/.local/lib/python3.12/site-packages/airflow/example_dags/example_params_trigger_ui.py for tasks to queue
[2024-10-08T23:48:05.165+0000] {logging_mixin.py:190} INFO - [2024-10-08T23:48:05.165+0000] {dagbag.py:588} INFO - Filling up the DagBag from /home/airflow/.local/lib/python3.12/site-packages/airflow/example_dags/example_params_trigger_ui.py
[2024-10-08T23:48:05.172+0000] {processor.py:925} INFO - DAG(s) 'example_params_trigger_ui' retrieved from /home/airflow/.local/lib/python3.12/site-packages/airflow/example_dags/example_params_trigger_ui.py
[2024-10-08T23:48:05.197+0000] {logging_mixin.py:190} INFO - [2024-10-08T23:48:05.196+0000] {dag.py:3239} INFO - Sync 1 DAGs
[2024-10-08T23:48:05.205+0000] {logging_mixin.py:190} INFO - [2024-10-08T23:48:05.205+0000] {dag.py:4180} INFO - Setting next_dagrun for example_params_trigger_ui to None, run_after=None
[2024-10-08T23:48:05.215+0000] {processor.py:208} INFO - Processing /home/airflow/.local/lib/python3.12/site-packages/airflow/example_dags/example_params_trigger_ui.py took 0.055 seconds
[2024-10-08T23:48:35.363+0000] {processor.py:186} INFO - Started process (PID=667) to work on /home/airflow/.local/lib/python3.12/site-packages/airflow/example_dags/example_params_trigger_ui.py
[2024-10-08T23:48:35.364+0000] {processor.py:914} INFO - Processing file /home/airflow/.local/lib/python3.12/site-packages/airflow/example_dags/example_params_trigger_ui.py for tasks to queue
[2024-10-08T23:48:35.365+0000] {logging_mixin.py:190} INFO - [2024-10-08T23:48:35.365+0000] {dagbag.py:588} INFO - Filling up the DagBag from /home/airflow/.local/lib/python3.12/site-packages/airflow/example_dags/example_params_trigger_ui.py
[2024-10-08T23:48:35.371+0000] {processor.py:925} INFO - DAG(s) 'example_params_trigger_ui' retrieved from /home/airflow/.local/lib/python3.12/site-packages/airflow/example_dags/example_params_trigger_ui.py
[2024-10-08T23:48:35.394+0000] {logging_mixin.py:190} INFO - [2024-10-08T23:48:35.394+0000] {dag.py:3239} INFO - Sync 1 DAGs
[2024-10-08T23:48:35.402+0000] {logging_mixin.py:190} INFO - [2024-10-08T23:48:35.402+0000] {dag.py:4180} INFO - Setting next_dagrun for example_params_trigger_ui to None, run_after=None
[2024-10-08T23:48:35.412+0000] {processor.py:208} INFO - Processing /home/airflow/.local/lib/python3.12/site-packages/airflow/example_dags/example_params_trigger_ui.py took 0.052 seconds
[2024-10-08T23:49:06.477+0000] {processor.py:186} INFO - Started process (PID=730) to work on /home/airflow/.local/lib/python3.12/site-packages/airflow/example_dags/example_params_trigger_ui.py
[2024-10-08T23:49:06.477+0000] {processor.py:914} INFO - Processing file /home/airflow/.local/lib/python3.12/site-packages/airflow/example_dags/example_params_trigger_ui.py for tasks to queue
[2024-10-08T23:49:06.479+0000] {logging_mixin.py:190} INFO - [2024-10-08T23:49:06.478+0000] {dagbag.py:588} INFO - Filling up the DagBag from /home/airflow/.local/lib/python3.12/site-packages/airflow/example_dags/example_params_trigger_ui.py
[2024-10-08T23:49:06.485+0000] {processor.py:925} INFO - DAG(s) 'example_params_trigger_ui' retrieved from /home/airflow/.local/lib/python3.12/site-packages/airflow/example_dags/example_params_trigger_ui.py
[2024-10-08T23:49:06.508+0000] {logging_mixin.py:190} INFO - [2024-10-08T23:49:06.508+0000] {dag.py:3239} INFO - Sync 1 DAGs
[2024-10-08T23:49:06.516+0000] {logging_mixin.py:190} INFO - [2024-10-08T23:49:06.516+0000] {dag.py:4180} INFO - Setting next_dagrun for example_params_trigger_ui to None, run_after=None
[2024-10-08T23:49:06.526+0000] {processor.py:208} INFO - Processing /home/airflow/.local/lib/python3.12/site-packages/airflow/example_dags/example_params_trigger_ui.py took 0.053 seconds
[2024-10-08T23:49:37.709+0000] {processor.py:186} INFO - Started process (PID=793) to work on /home/airflow/.local/lib/python3.12/site-packages/airflow/example_dags/example_params_trigger_ui.py
[2024-10-08T23:49:37.710+0000] {processor.py:914} INFO - Processing file /home/airflow/.local/lib/python3.12/site-packages/airflow/example_dags/example_params_trigger_ui.py for tasks to queue
[2024-10-08T23:49:37.711+0000] {logging_mixin.py:190} INFO - [2024-10-08T23:49:37.711+0000] {dagbag.py:588} INFO - Filling up the DagBag from /home/airflow/.local/lib/python3.12/site-packages/airflow/example_dags/example_params_trigger_ui.py
[2024-10-08T23:49:37.717+0000] {processor.py:925} INFO - DAG(s) 'example_params_trigger_ui' retrieved from /home/airflow/.local/lib/python3.12/site-packages/airflow/example_dags/example_params_trigger_ui.py
[2024-10-08T23:49:37.740+0000] {logging_mixin.py:190} INFO - [2024-10-08T23:49:37.739+0000] {dag.py:3239} INFO - Sync 1 DAGs
[2024-10-08T23:49:37.747+0000] {logging_mixin.py:190} INFO - [2024-10-08T23:49:37.747+0000] {dag.py:4180} INFO - Setting next_dagrun for example_params_trigger_ui to None, run_after=None
[2024-10-08T23:49:37.757+0000] {processor.py:208} INFO - Processing /home/airflow/.local/lib/python3.12/site-packages/airflow/example_dags/example_params_trigger_ui.py took 0.051 seconds
[2024-10-08T23:50:07.941+0000] {processor.py:186} INFO - Started process (PID=856) to work on /home/airflow/.local/lib/python3.12/site-packages/airflow/example_dags/example_params_trigger_ui.py
[2024-10-08T23:50:07.942+0000] {processor.py:914} INFO - Processing file /home/airflow/.local/lib/python3.12/site-packages/airflow/example_dags/example_params_trigger_ui.py for tasks to queue
[2024-10-08T23:50:07.943+0000] {logging_mixin.py:190} INFO - [2024-10-08T23:50:07.943+0000] {dagbag.py:588} INFO - Filling up the DagBag from /home/airflow/.local/lib/python3.12/site-packages/airflow/example_dags/example_params_trigger_ui.py
[2024-10-08T23:50:07.949+0000] {processor.py:925} INFO - DAG(s) 'example_params_trigger_ui' retrieved from /home/airflow/.local/lib/python3.12/site-packages/airflow/example_dags/example_params_trigger_ui.py
[2024-10-08T23:50:07.972+0000] {logging_mixin.py:190} INFO - [2024-10-08T23:50:07.971+0000] {dag.py:3239} INFO - Sync 1 DAGs
[2024-10-08T23:50:07.979+0000] {logging_mixin.py:190} INFO - [2024-10-08T23:50:07.979+0000] {dag.py:4180} INFO - Setting next_dagrun for example_params_trigger_ui to None, run_after=None
[2024-10-08T23:50:07.989+0000] {processor.py:208} INFO - Processing /home/airflow/.local/lib/python3.12/site-packages/airflow/example_dags/example_params_trigger_ui.py took 0.052 seconds
