[2024-10-08T23:14:24.286+0000] {processor.py:186} INFO - Started process (PID=15713) to work on /home/airflow/.local/lib/python3.12/site-packages/airflow/example_dags/example_display_name.py
[2024-10-08T23:14:24.286+0000] {processor.py:914} INFO - Processing file /home/airflow/.local/lib/python3.12/site-packages/airflow/example_dags/example_display_name.py for tasks to queue
[2024-10-08T23:14:24.287+0000] {logging_mixin.py:190} INFO - [2024-10-08T23:14:24.287+0000] {dagbag.py:588} INFO - Filling up the DagBag from /home/airflow/.local/lib/python3.12/site-packages/airflow/example_dags/example_display_name.py
[2024-10-08T23:14:24.291+0000] {processor.py:925} INFO - DAG(s) 'example_display_name' retrieved from /home/airflow/.local/lib/python3.12/site-packages/airflow/example_dags/example_display_name.py
[2024-10-08T23:14:24.302+0000] {logging_mixin.py:190} INFO - [2024-10-08T23:14:24.302+0000] {dag.py:3239} INFO - Sync 1 DAGs
[2024-10-08T23:14:24.310+0000] {logging_mixin.py:190} INFO - [2024-10-08T23:14:24.309+0000] {dag.py:4180} INFO - Setting next_dagrun for example_display_name to None, run_after=None
[2024-10-08T23:14:24.320+0000] {processor.py:208} INFO - Processing /home/airflow/.local/lib/python3.12/site-packages/airflow/example_dags/example_display_name.py took 0.037 seconds
[2024-10-08T23:34:23.622+0000] {processor.py:186} INFO - Started process (PID=172) to work on /home/airflow/.local/lib/python3.12/site-packages/airflow/example_dags/example_display_name.py
[2024-10-08T23:34:23.622+0000] {processor.py:914} INFO - Processing file /home/airflow/.local/lib/python3.12/site-packages/airflow/example_dags/example_display_name.py for tasks to queue
[2024-10-08T23:34:23.624+0000] {logging_mixin.py:190} INFO - [2024-10-08T23:34:23.623+0000] {dagbag.py:588} INFO - Filling up the DagBag from /home/airflow/.local/lib/python3.12/site-packages/airflow/example_dags/example_display_name.py
[2024-10-08T23:34:23.628+0000] {processor.py:925} INFO - DAG(s) 'example_display_name' retrieved from /home/airflow/.local/lib/python3.12/site-packages/airflow/example_dags/example_display_name.py
[2024-10-08T23:34:23.639+0000] {logging_mixin.py:190} INFO - [2024-10-08T23:34:23.639+0000] {dag.py:3239} INFO - Sync 1 DAGs
[2024-10-08T23:34:23.647+0000] {logging_mixin.py:190} INFO - [2024-10-08T23:34:23.647+0000] {dag.py:4180} INFO - Setting next_dagrun for example_display_name to None, run_after=None
[2024-10-08T23:34:23.656+0000] {processor.py:208} INFO - Processing /home/airflow/.local/lib/python3.12/site-packages/airflow/example_dags/example_display_name.py took 0.038 seconds
[2024-10-08T23:34:54.259+0000] {processor.py:186} INFO - Started process (PID=235) to work on /home/airflow/.local/lib/python3.12/site-packages/airflow/example_dags/example_display_name.py
[2024-10-08T23:34:54.260+0000] {processor.py:914} INFO - Processing file /home/airflow/.local/lib/python3.12/site-packages/airflow/example_dags/example_display_name.py for tasks to queue
[2024-10-08T23:34:54.262+0000] {logging_mixin.py:190} INFO - [2024-10-08T23:34:54.262+0000] {dagbag.py:588} INFO - Filling up the DagBag from /home/airflow/.local/lib/python3.12/site-packages/airflow/example_dags/example_display_name.py
[2024-10-08T23:34:54.267+0000] {processor.py:925} INFO - DAG(s) 'example_display_name' retrieved from /home/airflow/.local/lib/python3.12/site-packages/airflow/example_dags/example_display_name.py
[2024-10-08T23:34:54.283+0000] {logging_mixin.py:190} INFO - [2024-10-08T23:34:54.283+0000] {dag.py:3239} INFO - Sync 1 DAGs
[2024-10-08T23:34:54.294+0000] {logging_mixin.py:190} INFO - [2024-10-08T23:34:54.294+0000] {dag.py:4180} INFO - Setting next_dagrun for example_display_name to None, run_after=None
[2024-10-08T23:34:54.311+0000] {processor.py:208} INFO - Processing /home/airflow/.local/lib/python3.12/site-packages/airflow/example_dags/example_display_name.py took 0.056 seconds
[2024-10-08T23:35:24.781+0000] {processor.py:186} INFO - Started process (PID=298) to work on /home/airflow/.local/lib/python3.12/site-packages/airflow/example_dags/example_display_name.py
[2024-10-08T23:35:24.782+0000] {processor.py:914} INFO - Processing file /home/airflow/.local/lib/python3.12/site-packages/airflow/example_dags/example_display_name.py for tasks to queue
[2024-10-08T23:35:24.783+0000] {logging_mixin.py:190} INFO - [2024-10-08T23:35:24.783+0000] {dagbag.py:588} INFO - Filling up the DagBag from /home/airflow/.local/lib/python3.12/site-packages/airflow/example_dags/example_display_name.py
[2024-10-08T23:35:24.788+0000] {processor.py:925} INFO - DAG(s) 'example_display_name' retrieved from /home/airflow/.local/lib/python3.12/site-packages/airflow/example_dags/example_display_name.py
[2024-10-08T23:35:24.798+0000] {logging_mixin.py:190} INFO - [2024-10-08T23:35:24.798+0000] {dag.py:3239} INFO - Sync 1 DAGs
[2024-10-08T23:35:24.806+0000] {logging_mixin.py:190} INFO - [2024-10-08T23:35:24.806+0000] {dag.py:4180} INFO - Setting next_dagrun for example_display_name to None, run_after=None
[2024-10-08T23:35:24.816+0000] {processor.py:208} INFO - Processing /home/airflow/.local/lib/python3.12/site-packages/airflow/example_dags/example_display_name.py took 0.039 seconds
[2024-10-08T23:35:55.003+0000] {processor.py:186} INFO - Started process (PID=361) to work on /home/airflow/.local/lib/python3.12/site-packages/airflow/example_dags/example_display_name.py
[2024-10-08T23:35:55.003+0000] {processor.py:914} INFO - Processing file /home/airflow/.local/lib/python3.12/site-packages/airflow/example_dags/example_display_name.py for tasks to queue
[2024-10-08T23:35:55.005+0000] {logging_mixin.py:190} INFO - [2024-10-08T23:35:55.004+0000] {dagbag.py:588} INFO - Filling up the DagBag from /home/airflow/.local/lib/python3.12/site-packages/airflow/example_dags/example_display_name.py
[2024-10-08T23:35:55.010+0000] {processor.py:925} INFO - DAG(s) 'example_display_name' retrieved from /home/airflow/.local/lib/python3.12/site-packages/airflow/example_dags/example_display_name.py
[2024-10-08T23:35:55.022+0000] {logging_mixin.py:190} INFO - [2024-10-08T23:35:55.021+0000] {dag.py:3239} INFO - Sync 1 DAGs
[2024-10-08T23:35:55.030+0000] {logging_mixin.py:190} INFO - [2024-10-08T23:35:55.029+0000] {dag.py:4180} INFO - Setting next_dagrun for example_display_name to None, run_after=None
[2024-10-08T23:35:55.040+0000] {processor.py:208} INFO - Processing /home/airflow/.local/lib/python3.12/site-packages/airflow/example_dags/example_display_name.py took 0.042 seconds
[2024-10-08T23:36:25.158+0000] {processor.py:186} INFO - Started process (PID=424) to work on /home/airflow/.local/lib/python3.12/site-packages/airflow/example_dags/example_display_name.py
[2024-10-08T23:36:25.159+0000] {processor.py:914} INFO - Processing file /home/airflow/.local/lib/python3.12/site-packages/airflow/example_dags/example_display_name.py for tasks to queue
[2024-10-08T23:36:25.160+0000] {logging_mixin.py:190} INFO - [2024-10-08T23:36:25.160+0000] {dagbag.py:588} INFO - Filling up the DagBag from /home/airflow/.local/lib/python3.12/site-packages/airflow/example_dags/example_display_name.py
[2024-10-08T23:36:25.164+0000] {processor.py:925} INFO - DAG(s) 'example_display_name' retrieved from /home/airflow/.local/lib/python3.12/site-packages/airflow/example_dags/example_display_name.py
[2024-10-08T23:36:25.174+0000] {logging_mixin.py:190} INFO - [2024-10-08T23:36:25.174+0000] {dag.py:3239} INFO - Sync 1 DAGs
[2024-10-08T23:36:25.181+0000] {logging_mixin.py:190} INFO - [2024-10-08T23:36:25.181+0000] {dag.py:4180} INFO - Setting next_dagrun for example_display_name to None, run_after=None
[2024-10-08T23:36:25.191+0000] {processor.py:208} INFO - Processing /home/airflow/.local/lib/python3.12/site-packages/airflow/example_dags/example_display_name.py took 0.036 seconds
[2024-10-08T23:36:55.334+0000] {processor.py:186} INFO - Started process (PID=487) to work on /home/airflow/.local/lib/python3.12/site-packages/airflow/example_dags/example_display_name.py
[2024-10-08T23:36:55.334+0000] {processor.py:914} INFO - Processing file /home/airflow/.local/lib/python3.12/site-packages/airflow/example_dags/example_display_name.py for tasks to queue
[2024-10-08T23:36:55.336+0000] {logging_mixin.py:190} INFO - [2024-10-08T23:36:55.335+0000] {dagbag.py:588} INFO - Filling up the DagBag from /home/airflow/.local/lib/python3.12/site-packages/airflow/example_dags/example_display_name.py
[2024-10-08T23:36:55.340+0000] {processor.py:925} INFO - DAG(s) 'example_display_name' retrieved from /home/airflow/.local/lib/python3.12/site-packages/airflow/example_dags/example_display_name.py
[2024-10-08T23:36:55.350+0000] {logging_mixin.py:190} INFO - [2024-10-08T23:36:55.350+0000] {dag.py:3239} INFO - Sync 1 DAGs
[2024-10-08T23:36:55.358+0000] {logging_mixin.py:190} INFO - [2024-10-08T23:36:55.358+0000] {dag.py:4180} INFO - Setting next_dagrun for example_display_name to None, run_after=None
[2024-10-08T23:36:55.367+0000] {processor.py:208} INFO - Processing /home/airflow/.local/lib/python3.12/site-packages/airflow/example_dags/example_display_name.py took 0.037 seconds
[2024-10-08T23:37:25.589+0000] {processor.py:186} INFO - Started process (PID=550) to work on /home/airflow/.local/lib/python3.12/site-packages/airflow/example_dags/example_display_name.py
[2024-10-08T23:37:25.590+0000] {processor.py:914} INFO - Processing file /home/airflow/.local/lib/python3.12/site-packages/airflow/example_dags/example_display_name.py for tasks to queue
[2024-10-08T23:37:25.591+0000] {logging_mixin.py:190} INFO - [2024-10-08T23:37:25.591+0000] {dagbag.py:588} INFO - Filling up the DagBag from /home/airflow/.local/lib/python3.12/site-packages/airflow/example_dags/example_display_name.py
[2024-10-08T23:37:25.595+0000] {processor.py:925} INFO - DAG(s) 'example_display_name' retrieved from /home/airflow/.local/lib/python3.12/site-packages/airflow/example_dags/example_display_name.py
[2024-10-08T23:37:25.606+0000] {logging_mixin.py:190} INFO - [2024-10-08T23:37:25.606+0000] {dag.py:3239} INFO - Sync 1 DAGs
[2024-10-08T23:37:25.614+0000] {logging_mixin.py:190} INFO - [2024-10-08T23:37:25.614+0000] {dag.py:4180} INFO - Setting next_dagrun for example_display_name to None, run_after=None
[2024-10-08T23:37:25.624+0000] {processor.py:208} INFO - Processing /home/airflow/.local/lib/python3.12/site-packages/airflow/example_dags/example_display_name.py took 0.038 seconds
[2024-10-08T23:37:55.928+0000] {processor.py:186} INFO - Started process (PID=613) to work on /home/airflow/.local/lib/python3.12/site-packages/airflow/example_dags/example_display_name.py
[2024-10-08T23:37:55.929+0000] {processor.py:914} INFO - Processing file /home/airflow/.local/lib/python3.12/site-packages/airflow/example_dags/example_display_name.py for tasks to queue
[2024-10-08T23:37:55.930+0000] {logging_mixin.py:190} INFO - [2024-10-08T23:37:55.930+0000] {dagbag.py:588} INFO - Filling up the DagBag from /home/airflow/.local/lib/python3.12/site-packages/airflow/example_dags/example_display_name.py
[2024-10-08T23:37:55.934+0000] {processor.py:925} INFO - DAG(s) 'example_display_name' retrieved from /home/airflow/.local/lib/python3.12/site-packages/airflow/example_dags/example_display_name.py
[2024-10-08T23:37:55.944+0000] {logging_mixin.py:190} INFO - [2024-10-08T23:37:55.944+0000] {dag.py:3239} INFO - Sync 1 DAGs
[2024-10-08T23:37:55.952+0000] {logging_mixin.py:190} INFO - [2024-10-08T23:37:55.952+0000] {dag.py:4180} INFO - Setting next_dagrun for example_display_name to None, run_after=None
[2024-10-08T23:37:55.962+0000] {processor.py:208} INFO - Processing /home/airflow/.local/lib/python3.12/site-packages/airflow/example_dags/example_display_name.py took 0.037 seconds
[2024-10-08T23:38:26.303+0000] {processor.py:186} INFO - Started process (PID=676) to work on /home/airflow/.local/lib/python3.12/site-packages/airflow/example_dags/example_display_name.py
[2024-10-08T23:38:26.303+0000] {processor.py:914} INFO - Processing file /home/airflow/.local/lib/python3.12/site-packages/airflow/example_dags/example_display_name.py for tasks to queue
[2024-10-08T23:38:26.305+0000] {logging_mixin.py:190} INFO - [2024-10-08T23:38:26.304+0000] {dagbag.py:588} INFO - Filling up the DagBag from /home/airflow/.local/lib/python3.12/site-packages/airflow/example_dags/example_display_name.py
[2024-10-08T23:38:26.309+0000] {processor.py:925} INFO - DAG(s) 'example_display_name' retrieved from /home/airflow/.local/lib/python3.12/site-packages/airflow/example_dags/example_display_name.py
[2024-10-08T23:38:26.319+0000] {logging_mixin.py:190} INFO - [2024-10-08T23:38:26.319+0000] {dag.py:3239} INFO - Sync 1 DAGs
[2024-10-08T23:38:26.326+0000] {logging_mixin.py:190} INFO - [2024-10-08T23:38:26.326+0000] {dag.py:4180} INFO - Setting next_dagrun for example_display_name to None, run_after=None
[2024-10-08T23:38:26.337+0000] {processor.py:208} INFO - Processing /home/airflow/.local/lib/python3.12/site-packages/airflow/example_dags/example_display_name.py took 0.037 seconds
[2024-10-08T23:38:56.424+0000] {processor.py:186} INFO - Started process (PID=739) to work on /home/airflow/.local/lib/python3.12/site-packages/airflow/example_dags/example_display_name.py
[2024-10-08T23:38:56.425+0000] {processor.py:914} INFO - Processing file /home/airflow/.local/lib/python3.12/site-packages/airflow/example_dags/example_display_name.py for tasks to queue
[2024-10-08T23:38:56.426+0000] {logging_mixin.py:190} INFO - [2024-10-08T23:38:56.426+0000] {dagbag.py:588} INFO - Filling up the DagBag from /home/airflow/.local/lib/python3.12/site-packages/airflow/example_dags/example_display_name.py
[2024-10-08T23:38:56.430+0000] {processor.py:925} INFO - DAG(s) 'example_display_name' retrieved from /home/airflow/.local/lib/python3.12/site-packages/airflow/example_dags/example_display_name.py
[2024-10-08T23:38:56.440+0000] {logging_mixin.py:190} INFO - [2024-10-08T23:38:56.440+0000] {dag.py:3239} INFO - Sync 1 DAGs
[2024-10-08T23:38:56.448+0000] {logging_mixin.py:190} INFO - [2024-10-08T23:38:56.448+0000] {dag.py:4180} INFO - Setting next_dagrun for example_display_name to None, run_after=None
[2024-10-08T23:38:56.458+0000] {processor.py:208} INFO - Processing /home/airflow/.local/lib/python3.12/site-packages/airflow/example_dags/example_display_name.py took 0.037 seconds
[2024-10-08T23:39:39.294+0000] {processor.py:186} INFO - Started process (PID=165) to work on /home/airflow/.local/lib/python3.12/site-packages/airflow/example_dags/example_display_name.py
[2024-10-08T23:39:39.294+0000] {processor.py:914} INFO - Processing file /home/airflow/.local/lib/python3.12/site-packages/airflow/example_dags/example_display_name.py for tasks to queue
[2024-10-08T23:39:39.296+0000] {logging_mixin.py:190} INFO - [2024-10-08T23:39:39.296+0000] {dagbag.py:588} INFO - Filling up the DagBag from /home/airflow/.local/lib/python3.12/site-packages/airflow/example_dags/example_display_name.py
[2024-10-08T23:39:39.301+0000] {processor.py:925} INFO - DAG(s) 'example_display_name' retrieved from /home/airflow/.local/lib/python3.12/site-packages/airflow/example_dags/example_display_name.py
[2024-10-08T23:39:39.314+0000] {logging_mixin.py:190} INFO - [2024-10-08T23:39:39.313+0000] {dag.py:3239} INFO - Sync 1 DAGs
[2024-10-08T23:39:39.322+0000] {logging_mixin.py:190} INFO - [2024-10-08T23:39:39.322+0000] {dag.py:4180} INFO - Setting next_dagrun for example_display_name to None, run_after=None
[2024-10-08T23:39:39.333+0000] {processor.py:208} INFO - Processing /home/airflow/.local/lib/python3.12/site-packages/airflow/example_dags/example_display_name.py took 0.043 seconds
[2024-10-08T23:40:09.446+0000] {processor.py:186} INFO - Started process (PID=228) to work on /home/airflow/.local/lib/python3.12/site-packages/airflow/example_dags/example_display_name.py
[2024-10-08T23:40:09.446+0000] {processor.py:914} INFO - Processing file /home/airflow/.local/lib/python3.12/site-packages/airflow/example_dags/example_display_name.py for tasks to queue
[2024-10-08T23:40:09.447+0000] {logging_mixin.py:190} INFO - [2024-10-08T23:40:09.447+0000] {dagbag.py:588} INFO - Filling up the DagBag from /home/airflow/.local/lib/python3.12/site-packages/airflow/example_dags/example_display_name.py
[2024-10-08T23:40:09.451+0000] {processor.py:925} INFO - DAG(s) 'example_display_name' retrieved from /home/airflow/.local/lib/python3.12/site-packages/airflow/example_dags/example_display_name.py
[2024-10-08T23:40:09.461+0000] {logging_mixin.py:190} INFO - [2024-10-08T23:40:09.461+0000] {dag.py:3239} INFO - Sync 1 DAGs
[2024-10-08T23:40:09.469+0000] {logging_mixin.py:190} INFO - [2024-10-08T23:40:09.468+0000] {dag.py:4180} INFO - Setting next_dagrun for example_display_name to None, run_after=None
[2024-10-08T23:40:09.478+0000] {processor.py:208} INFO - Processing /home/airflow/.local/lib/python3.12/site-packages/airflow/example_dags/example_display_name.py took 0.036 seconds
[2024-10-08T23:40:40.590+0000] {processor.py:186} INFO - Started process (PID=291) to work on /home/airflow/.local/lib/python3.12/site-packages/airflow/example_dags/example_display_name.py
[2024-10-08T23:40:40.590+0000] {processor.py:914} INFO - Processing file /home/airflow/.local/lib/python3.12/site-packages/airflow/example_dags/example_display_name.py for tasks to queue
[2024-10-08T23:40:40.592+0000] {logging_mixin.py:190} INFO - [2024-10-08T23:40:40.591+0000] {dagbag.py:588} INFO - Filling up the DagBag from /home/airflow/.local/lib/python3.12/site-packages/airflow/example_dags/example_display_name.py
[2024-10-08T23:40:40.596+0000] {processor.py:925} INFO - DAG(s) 'example_display_name' retrieved from /home/airflow/.local/lib/python3.12/site-packages/airflow/example_dags/example_display_name.py
[2024-10-08T23:40:40.606+0000] {logging_mixin.py:190} INFO - [2024-10-08T23:40:40.606+0000] {dag.py:3239} INFO - Sync 1 DAGs
[2024-10-08T23:40:40.613+0000] {logging_mixin.py:190} INFO - [2024-10-08T23:40:40.613+0000] {dag.py:4180} INFO - Setting next_dagrun for example_display_name to None, run_after=None
[2024-10-08T23:40:40.623+0000] {processor.py:208} INFO - Processing /home/airflow/.local/lib/python3.12/site-packages/airflow/example_dags/example_display_name.py took 0.037 seconds
[2024-10-08T23:41:10.850+0000] {processor.py:186} INFO - Started process (PID=354) to work on /home/airflow/.local/lib/python3.12/site-packages/airflow/example_dags/example_display_name.py
[2024-10-08T23:41:10.851+0000] {processor.py:914} INFO - Processing file /home/airflow/.local/lib/python3.12/site-packages/airflow/example_dags/example_display_name.py for tasks to queue
[2024-10-08T23:41:10.852+0000] {logging_mixin.py:190} INFO - [2024-10-08T23:41:10.852+0000] {dagbag.py:588} INFO - Filling up the DagBag from /home/airflow/.local/lib/python3.12/site-packages/airflow/example_dags/example_display_name.py
[2024-10-08T23:41:10.857+0000] {processor.py:925} INFO - DAG(s) 'example_display_name' retrieved from /home/airflow/.local/lib/python3.12/site-packages/airflow/example_dags/example_display_name.py
[2024-10-08T23:41:10.868+0000] {logging_mixin.py:190} INFO - [2024-10-08T23:41:10.868+0000] {dag.py:3239} INFO - Sync 1 DAGs
[2024-10-08T23:41:10.875+0000] {logging_mixin.py:190} INFO - [2024-10-08T23:41:10.875+0000] {dag.py:4180} INFO - Setting next_dagrun for example_display_name to None, run_after=None
[2024-10-08T23:41:10.885+0000] {processor.py:208} INFO - Processing /home/airflow/.local/lib/python3.12/site-packages/airflow/example_dags/example_display_name.py took 0.038 seconds
[2024-10-08T23:41:41.066+0000] {processor.py:186} INFO - Started process (PID=417) to work on /home/airflow/.local/lib/python3.12/site-packages/airflow/example_dags/example_display_name.py
[2024-10-08T23:41:41.067+0000] {processor.py:914} INFO - Processing file /home/airflow/.local/lib/python3.12/site-packages/airflow/example_dags/example_display_name.py for tasks to queue
[2024-10-08T23:41:41.068+0000] {logging_mixin.py:190} INFO - [2024-10-08T23:41:41.068+0000] {dagbag.py:588} INFO - Filling up the DagBag from /home/airflow/.local/lib/python3.12/site-packages/airflow/example_dags/example_display_name.py
[2024-10-08T23:41:41.072+0000] {processor.py:925} INFO - DAG(s) 'example_display_name' retrieved from /home/airflow/.local/lib/python3.12/site-packages/airflow/example_dags/example_display_name.py
[2024-10-08T23:41:41.082+0000] {logging_mixin.py:190} INFO - [2024-10-08T23:41:41.082+0000] {dag.py:3239} INFO - Sync 1 DAGs
[2024-10-08T23:41:41.089+0000] {logging_mixin.py:190} INFO - [2024-10-08T23:41:41.089+0000] {dag.py:4180} INFO - Setting next_dagrun for example_display_name to None, run_after=None
[2024-10-08T23:41:41.099+0000] {processor.py:208} INFO - Processing /home/airflow/.local/lib/python3.12/site-packages/airflow/example_dags/example_display_name.py took 0.036 seconds
[2024-10-08T23:42:53.774+0000] {processor.py:186} INFO - Started process (PID=165) to work on /home/airflow/.local/lib/python3.12/site-packages/airflow/example_dags/example_display_name.py
[2024-10-08T23:42:53.775+0000] {processor.py:914} INFO - Processing file /home/airflow/.local/lib/python3.12/site-packages/airflow/example_dags/example_display_name.py for tasks to queue
[2024-10-08T23:42:53.776+0000] {logging_mixin.py:190} INFO - [2024-10-08T23:42:53.776+0000] {dagbag.py:588} INFO - Filling up the DagBag from /home/airflow/.local/lib/python3.12/site-packages/airflow/example_dags/example_display_name.py
[2024-10-08T23:42:53.782+0000] {processor.py:925} INFO - DAG(s) 'example_display_name' retrieved from /home/airflow/.local/lib/python3.12/site-packages/airflow/example_dags/example_display_name.py
[2024-10-08T23:42:53.793+0000] {logging_mixin.py:190} INFO - [2024-10-08T23:42:53.793+0000] {dag.py:3239} INFO - Sync 1 DAGs
[2024-10-08T23:42:53.802+0000] {logging_mixin.py:190} INFO - [2024-10-08T23:42:53.801+0000] {dag.py:4180} INFO - Setting next_dagrun for example_display_name to None, run_after=None
[2024-10-08T23:42:53.816+0000] {processor.py:208} INFO - Processing /home/airflow/.local/lib/python3.12/site-packages/airflow/example_dags/example_display_name.py took 0.046 seconds
[2024-10-08T23:43:23.934+0000] {processor.py:186} INFO - Started process (PID=228) to work on /home/airflow/.local/lib/python3.12/site-packages/airflow/example_dags/example_display_name.py
[2024-10-08T23:43:23.934+0000] {processor.py:914} INFO - Processing file /home/airflow/.local/lib/python3.12/site-packages/airflow/example_dags/example_display_name.py for tasks to queue
[2024-10-08T23:43:23.936+0000] {logging_mixin.py:190} INFO - [2024-10-08T23:43:23.935+0000] {dagbag.py:588} INFO - Filling up the DagBag from /home/airflow/.local/lib/python3.12/site-packages/airflow/example_dags/example_display_name.py
[2024-10-08T23:43:23.940+0000] {processor.py:925} INFO - DAG(s) 'example_display_name' retrieved from /home/airflow/.local/lib/python3.12/site-packages/airflow/example_dags/example_display_name.py
[2024-10-08T23:43:23.950+0000] {logging_mixin.py:190} INFO - [2024-10-08T23:43:23.949+0000] {dag.py:3239} INFO - Sync 1 DAGs
[2024-10-08T23:43:23.957+0000] {logging_mixin.py:190} INFO - [2024-10-08T23:43:23.957+0000] {dag.py:4180} INFO - Setting next_dagrun for example_display_name to None, run_after=None
[2024-10-08T23:43:23.967+0000] {processor.py:208} INFO - Processing /home/airflow/.local/lib/python3.12/site-packages/airflow/example_dags/example_display_name.py took 0.037 seconds
[2024-10-08T23:44:32.770+0000] {processor.py:186} INFO - Started process (PID=172) to work on /home/airflow/.local/lib/python3.12/site-packages/airflow/example_dags/example_display_name.py
[2024-10-08T23:44:32.770+0000] {processor.py:914} INFO - Processing file /home/airflow/.local/lib/python3.12/site-packages/airflow/example_dags/example_display_name.py for tasks to queue
[2024-10-08T23:44:32.772+0000] {logging_mixin.py:190} INFO - [2024-10-08T23:44:32.772+0000] {dagbag.py:588} INFO - Filling up the DagBag from /home/airflow/.local/lib/python3.12/site-packages/airflow/example_dags/example_display_name.py
[2024-10-08T23:44:32.777+0000] {processor.py:925} INFO - DAG(s) 'example_display_name' retrieved from /home/airflow/.local/lib/python3.12/site-packages/airflow/example_dags/example_display_name.py
[2024-10-08T23:44:32.791+0000] {logging_mixin.py:190} INFO - [2024-10-08T23:44:32.791+0000] {dag.py:3239} INFO - Sync 1 DAGs
[2024-10-08T23:44:32.808+0000] {logging_mixin.py:190} INFO - [2024-10-08T23:44:32.807+0000] {dag.py:4180} INFO - Setting next_dagrun for example_display_name to None, run_after=None
[2024-10-08T23:44:32.827+0000] {processor.py:208} INFO - Processing /home/airflow/.local/lib/python3.12/site-packages/airflow/example_dags/example_display_name.py took 0.062 seconds
[2024-10-08T23:45:03.168+0000] {processor.py:186} INFO - Started process (PID=235) to work on /home/airflow/.local/lib/python3.12/site-packages/airflow/example_dags/example_display_name.py
[2024-10-08T23:45:03.168+0000] {processor.py:914} INFO - Processing file /home/airflow/.local/lib/python3.12/site-packages/airflow/example_dags/example_display_name.py for tasks to queue
[2024-10-08T23:45:03.170+0000] {logging_mixin.py:190} INFO - [2024-10-08T23:45:03.170+0000] {dagbag.py:588} INFO - Filling up the DagBag from /home/airflow/.local/lib/python3.12/site-packages/airflow/example_dags/example_display_name.py
[2024-10-08T23:45:03.175+0000] {processor.py:925} INFO - DAG(s) 'example_display_name' retrieved from /home/airflow/.local/lib/python3.12/site-packages/airflow/example_dags/example_display_name.py
[2024-10-08T23:45:03.185+0000] {logging_mixin.py:190} INFO - [2024-10-08T23:45:03.185+0000] {dag.py:3239} INFO - Sync 1 DAGs
[2024-10-08T23:45:03.194+0000] {logging_mixin.py:190} INFO - [2024-10-08T23:45:03.194+0000] {dag.py:4180} INFO - Setting next_dagrun for example_display_name to None, run_after=None
[2024-10-08T23:45:03.204+0000] {processor.py:208} INFO - Processing /home/airflow/.local/lib/python3.12/site-packages/airflow/example_dags/example_display_name.py took 0.040 seconds
[2024-10-08T23:45:33.426+0000] {processor.py:186} INFO - Started process (PID=298) to work on /home/airflow/.local/lib/python3.12/site-packages/airflow/example_dags/example_display_name.py
[2024-10-08T23:45:33.427+0000] {processor.py:914} INFO - Processing file /home/airflow/.local/lib/python3.12/site-packages/airflow/example_dags/example_display_name.py for tasks to queue
[2024-10-08T23:45:33.428+0000] {logging_mixin.py:190} INFO - [2024-10-08T23:45:33.428+0000] {dagbag.py:588} INFO - Filling up the DagBag from /home/airflow/.local/lib/python3.12/site-packages/airflow/example_dags/example_display_name.py
[2024-10-08T23:45:33.432+0000] {processor.py:925} INFO - DAG(s) 'example_display_name' retrieved from /home/airflow/.local/lib/python3.12/site-packages/airflow/example_dags/example_display_name.py
[2024-10-08T23:45:33.443+0000] {logging_mixin.py:190} INFO - [2024-10-08T23:45:33.443+0000] {dag.py:3239} INFO - Sync 1 DAGs
[2024-10-08T23:45:33.451+0000] {logging_mixin.py:190} INFO - [2024-10-08T23:45:33.450+0000] {dag.py:4180} INFO - Setting next_dagrun for example_display_name to None, run_after=None
[2024-10-08T23:45:33.462+0000] {processor.py:208} INFO - Processing /home/airflow/.local/lib/python3.12/site-packages/airflow/example_dags/example_display_name.py took 0.040 seconds
[2024-10-08T23:46:03.628+0000] {processor.py:186} INFO - Started process (PID=361) to work on /home/airflow/.local/lib/python3.12/site-packages/airflow/example_dags/example_display_name.py
[2024-10-08T23:46:03.629+0000] {processor.py:914} INFO - Processing file /home/airflow/.local/lib/python3.12/site-packages/airflow/example_dags/example_display_name.py for tasks to queue
[2024-10-08T23:46:03.630+0000] {logging_mixin.py:190} INFO - [2024-10-08T23:46:03.630+0000] {dagbag.py:588} INFO - Filling up the DagBag from /home/airflow/.local/lib/python3.12/site-packages/airflow/example_dags/example_display_name.py
[2024-10-08T23:46:03.635+0000] {processor.py:925} INFO - DAG(s) 'example_display_name' retrieved from /home/airflow/.local/lib/python3.12/site-packages/airflow/example_dags/example_display_name.py
[2024-10-08T23:46:03.645+0000] {logging_mixin.py:190} INFO - [2024-10-08T23:46:03.645+0000] {dag.py:3239} INFO - Sync 1 DAGs
[2024-10-08T23:46:03.653+0000] {logging_mixin.py:190} INFO - [2024-10-08T23:46:03.652+0000] {dag.py:4180} INFO - Setting next_dagrun for example_display_name to None, run_after=None
[2024-10-08T23:46:03.663+0000] {processor.py:208} INFO - Processing /home/airflow/.local/lib/python3.12/site-packages/airflow/example_dags/example_display_name.py took 0.038 seconds
[2024-10-08T23:46:34.775+0000] {processor.py:186} INFO - Started process (PID=424) to work on /home/airflow/.local/lib/python3.12/site-packages/airflow/example_dags/example_display_name.py
[2024-10-08T23:46:34.777+0000] {processor.py:914} INFO - Processing file /home/airflow/.local/lib/python3.12/site-packages/airflow/example_dags/example_display_name.py for tasks to queue
[2024-10-08T23:46:34.779+0000] {logging_mixin.py:190} INFO - [2024-10-08T23:46:34.778+0000] {dagbag.py:588} INFO - Filling up the DagBag from /home/airflow/.local/lib/python3.12/site-packages/airflow/example_dags/example_display_name.py
[2024-10-08T23:46:34.784+0000] {processor.py:925} INFO - DAG(s) 'example_display_name' retrieved from /home/airflow/.local/lib/python3.12/site-packages/airflow/example_dags/example_display_name.py
[2024-10-08T23:46:34.799+0000] {logging_mixin.py:190} INFO - [2024-10-08T23:46:34.798+0000] {dag.py:3239} INFO - Sync 1 DAGs
[2024-10-08T23:46:34.809+0000] {logging_mixin.py:190} INFO - [2024-10-08T23:46:34.808+0000] {dag.py:4180} INFO - Setting next_dagrun for example_display_name to None, run_after=None
[2024-10-08T23:46:34.820+0000] {processor.py:208} INFO - Processing /home/airflow/.local/lib/python3.12/site-packages/airflow/example_dags/example_display_name.py took 0.050 seconds
[2024-10-08T23:47:05.006+0000] {processor.py:186} INFO - Started process (PID=487) to work on /home/airflow/.local/lib/python3.12/site-packages/airflow/example_dags/example_display_name.py
[2024-10-08T23:47:05.007+0000] {processor.py:914} INFO - Processing file /home/airflow/.local/lib/python3.12/site-packages/airflow/example_dags/example_display_name.py for tasks to queue
[2024-10-08T23:47:05.008+0000] {logging_mixin.py:190} INFO - [2024-10-08T23:47:05.008+0000] {dagbag.py:588} INFO - Filling up the DagBag from /home/airflow/.local/lib/python3.12/site-packages/airflow/example_dags/example_display_name.py
[2024-10-08T23:47:05.013+0000] {processor.py:925} INFO - DAG(s) 'example_display_name' retrieved from /home/airflow/.local/lib/python3.12/site-packages/airflow/example_dags/example_display_name.py
[2024-10-08T23:47:05.023+0000] {logging_mixin.py:190} INFO - [2024-10-08T23:47:05.023+0000] {dag.py:3239} INFO - Sync 1 DAGs
[2024-10-08T23:47:05.031+0000] {logging_mixin.py:190} INFO - [2024-10-08T23:47:05.031+0000] {dag.py:4180} INFO - Setting next_dagrun for example_display_name to None, run_after=None
[2024-10-08T23:47:05.041+0000] {processor.py:208} INFO - Processing /home/airflow/.local/lib/python3.12/site-packages/airflow/example_dags/example_display_name.py took 0.038 seconds
[2024-10-08T23:47:35.204+0000] {processor.py:186} INFO - Started process (PID=550) to work on /home/airflow/.local/lib/python3.12/site-packages/airflow/example_dags/example_display_name.py
[2024-10-08T23:47:35.204+0000] {processor.py:914} INFO - Processing file /home/airflow/.local/lib/python3.12/site-packages/airflow/example_dags/example_display_name.py for tasks to queue
[2024-10-08T23:47:35.205+0000] {logging_mixin.py:190} INFO - [2024-10-08T23:47:35.205+0000] {dagbag.py:588} INFO - Filling up the DagBag from /home/airflow/.local/lib/python3.12/site-packages/airflow/example_dags/example_display_name.py
[2024-10-08T23:47:35.210+0000] {processor.py:925} INFO - DAG(s) 'example_display_name' retrieved from /home/airflow/.local/lib/python3.12/site-packages/airflow/example_dags/example_display_name.py
[2024-10-08T23:47:35.219+0000] {logging_mixin.py:190} INFO - [2024-10-08T23:47:35.219+0000] {dag.py:3239} INFO - Sync 1 DAGs
[2024-10-08T23:47:35.227+0000] {logging_mixin.py:190} INFO - [2024-10-08T23:47:35.227+0000] {dag.py:4180} INFO - Setting next_dagrun for example_display_name to None, run_after=None
[2024-10-08T23:47:35.237+0000] {processor.py:208} INFO - Processing /home/airflow/.local/lib/python3.12/site-packages/airflow/example_dags/example_display_name.py took 0.036 seconds
[2024-10-08T23:48:05.393+0000] {processor.py:186} INFO - Started process (PID=613) to work on /home/airflow/.local/lib/python3.12/site-packages/airflow/example_dags/example_display_name.py
[2024-10-08T23:48:05.394+0000] {processor.py:914} INFO - Processing file /home/airflow/.local/lib/python3.12/site-packages/airflow/example_dags/example_display_name.py for tasks to queue
[2024-10-08T23:48:05.395+0000] {logging_mixin.py:190} INFO - [2024-10-08T23:48:05.395+0000] {dagbag.py:588} INFO - Filling up the DagBag from /home/airflow/.local/lib/python3.12/site-packages/airflow/example_dags/example_display_name.py
[2024-10-08T23:48:05.399+0000] {processor.py:925} INFO - DAG(s) 'example_display_name' retrieved from /home/airflow/.local/lib/python3.12/site-packages/airflow/example_dags/example_display_name.py
[2024-10-08T23:48:05.409+0000] {logging_mixin.py:190} INFO - [2024-10-08T23:48:05.408+0000] {dag.py:3239} INFO - Sync 1 DAGs
[2024-10-08T23:48:05.416+0000] {logging_mixin.py:190} INFO - [2024-10-08T23:48:05.416+0000] {dag.py:4180} INFO - Setting next_dagrun for example_display_name to None, run_after=None
[2024-10-08T23:48:05.426+0000] {processor.py:208} INFO - Processing /home/airflow/.local/lib/python3.12/site-packages/airflow/example_dags/example_display_name.py took 0.037 seconds
[2024-10-08T23:48:35.608+0000] {processor.py:186} INFO - Started process (PID=676) to work on /home/airflow/.local/lib/python3.12/site-packages/airflow/example_dags/example_display_name.py
[2024-10-08T23:48:35.609+0000] {processor.py:914} INFO - Processing file /home/airflow/.local/lib/python3.12/site-packages/airflow/example_dags/example_display_name.py for tasks to queue
[2024-10-08T23:48:35.610+0000] {logging_mixin.py:190} INFO - [2024-10-08T23:48:35.610+0000] {dagbag.py:588} INFO - Filling up the DagBag from /home/airflow/.local/lib/python3.12/site-packages/airflow/example_dags/example_display_name.py
[2024-10-08T23:48:35.614+0000] {processor.py:925} INFO - DAG(s) 'example_display_name' retrieved from /home/airflow/.local/lib/python3.12/site-packages/airflow/example_dags/example_display_name.py
[2024-10-08T23:48:35.624+0000] {logging_mixin.py:190} INFO - [2024-10-08T23:48:35.624+0000] {dag.py:3239} INFO - Sync 1 DAGs
[2024-10-08T23:48:35.631+0000] {logging_mixin.py:190} INFO - [2024-10-08T23:48:35.631+0000] {dag.py:4180} INFO - Setting next_dagrun for example_display_name to None, run_after=None
[2024-10-08T23:48:35.641+0000] {processor.py:208} INFO - Processing /home/airflow/.local/lib/python3.12/site-packages/airflow/example_dags/example_display_name.py took 0.036 seconds
[2024-10-08T23:49:06.739+0000] {processor.py:186} INFO - Started process (PID=739) to work on /home/airflow/.local/lib/python3.12/site-packages/airflow/example_dags/example_display_name.py
[2024-10-08T23:49:06.740+0000] {processor.py:914} INFO - Processing file /home/airflow/.local/lib/python3.12/site-packages/airflow/example_dags/example_display_name.py for tasks to queue
[2024-10-08T23:49:06.741+0000] {logging_mixin.py:190} INFO - [2024-10-08T23:49:06.741+0000] {dagbag.py:588} INFO - Filling up the DagBag from /home/airflow/.local/lib/python3.12/site-packages/airflow/example_dags/example_display_name.py
[2024-10-08T23:49:06.745+0000] {processor.py:925} INFO - DAG(s) 'example_display_name' retrieved from /home/airflow/.local/lib/python3.12/site-packages/airflow/example_dags/example_display_name.py
[2024-10-08T23:49:06.756+0000] {logging_mixin.py:190} INFO - [2024-10-08T23:49:06.755+0000] {dag.py:3239} INFO - Sync 1 DAGs
[2024-10-08T23:49:06.764+0000] {logging_mixin.py:190} INFO - [2024-10-08T23:49:06.764+0000] {dag.py:4180} INFO - Setting next_dagrun for example_display_name to None, run_after=None
[2024-10-08T23:49:06.773+0000] {processor.py:208} INFO - Processing /home/airflow/.local/lib/python3.12/site-packages/airflow/example_dags/example_display_name.py took 0.038 seconds
[2024-10-08T23:49:37.963+0000] {processor.py:186} INFO - Started process (PID=802) to work on /home/airflow/.local/lib/python3.12/site-packages/airflow/example_dags/example_display_name.py
[2024-10-08T23:49:37.963+0000] {processor.py:914} INFO - Processing file /home/airflow/.local/lib/python3.12/site-packages/airflow/example_dags/example_display_name.py for tasks to queue
[2024-10-08T23:49:37.965+0000] {logging_mixin.py:190} INFO - [2024-10-08T23:49:37.964+0000] {dagbag.py:588} INFO - Filling up the DagBag from /home/airflow/.local/lib/python3.12/site-packages/airflow/example_dags/example_display_name.py
[2024-10-08T23:49:37.969+0000] {processor.py:925} INFO - DAG(s) 'example_display_name' retrieved from /home/airflow/.local/lib/python3.12/site-packages/airflow/example_dags/example_display_name.py
[2024-10-08T23:49:37.978+0000] {logging_mixin.py:190} INFO - [2024-10-08T23:49:37.978+0000] {dag.py:3239} INFO - Sync 1 DAGs
[2024-10-08T23:49:37.986+0000] {logging_mixin.py:190} INFO - [2024-10-08T23:49:37.986+0000] {dag.py:4180} INFO - Setting next_dagrun for example_display_name to None, run_after=None
[2024-10-08T23:49:37.996+0000] {processor.py:208} INFO - Processing /home/airflow/.local/lib/python3.12/site-packages/airflow/example_dags/example_display_name.py took 0.037 seconds
[2024-10-08T23:50:08.286+0000] {processor.py:186} INFO - Started process (PID=865) to work on /home/airflow/.local/lib/python3.12/site-packages/airflow/example_dags/example_display_name.py
[2024-10-08T23:50:08.286+0000] {processor.py:914} INFO - Processing file /home/airflow/.local/lib/python3.12/site-packages/airflow/example_dags/example_display_name.py for tasks to queue
[2024-10-08T23:50:08.288+0000] {logging_mixin.py:190} INFO - [2024-10-08T23:50:08.288+0000] {dagbag.py:588} INFO - Filling up the DagBag from /home/airflow/.local/lib/python3.12/site-packages/airflow/example_dags/example_display_name.py
[2024-10-08T23:50:08.292+0000] {processor.py:925} INFO - DAG(s) 'example_display_name' retrieved from /home/airflow/.local/lib/python3.12/site-packages/airflow/example_dags/example_display_name.py
[2024-10-08T23:50:08.302+0000] {logging_mixin.py:190} INFO - [2024-10-08T23:50:08.302+0000] {dag.py:3239} INFO - Sync 1 DAGs
[2024-10-08T23:50:08.310+0000] {logging_mixin.py:190} INFO - [2024-10-08T23:50:08.310+0000] {dag.py:4180} INFO - Setting next_dagrun for example_display_name to None, run_after=None
[2024-10-08T23:50:08.319+0000] {processor.py:208} INFO - Processing /home/airflow/.local/lib/python3.12/site-packages/airflow/example_dags/example_display_name.py took 0.037 seconds
