[2024-10-08T23:14:26.788+0000] {processor.py:186} INFO - Started process (PID=15724) to work on /home/airflow/.local/lib/python3.12/site-packages/airflow/example_dags/example_bash_operator.py
[2024-10-08T23:14:26.789+0000] {processor.py:914} INFO - Processing file /home/airflow/.local/lib/python3.12/site-packages/airflow/example_dags/example_bash_operator.py for tasks to queue
[2024-10-08T23:14:26.790+0000] {logging_mixin.py:190} INFO - [2024-10-08T23:14:26.790+0000] {dagbag.py:588} INFO - Filling up the DagBag from /home/airflow/.local/lib/python3.12/site-packages/airflow/example_dags/example_bash_operator.py
[2024-10-08T23:14:26.798+0000] {processor.py:925} INFO - DAG(s) 'example_bash_operator' retrieved from /home/airflow/.local/lib/python3.12/site-packages/airflow/example_dags/example_bash_operator.py
[2024-10-08T23:14:26.814+0000] {logging_mixin.py:190} INFO - [2024-10-08T23:14:26.814+0000] {dag.py:3239} INFO - Sync 1 DAGs
[2024-10-08T23:14:26.830+0000] {logging_mixin.py:190} INFO - [2024-10-08T23:14:26.830+0000] {dag.py:4180} INFO - Setting next_dagrun for example_bash_operator to 2024-10-07 00:00:00+00:00, run_after=2024-10-08 00:00:00+00:00
[2024-10-08T23:14:26.841+0000] {processor.py:208} INFO - Processing /home/airflow/.local/lib/python3.12/site-packages/airflow/example_dags/example_bash_operator.py took 0.057 seconds
[2024-10-08T23:34:24.279+0000] {processor.py:186} INFO - Started process (PID=185) to work on /home/airflow/.local/lib/python3.12/site-packages/airflow/example_dags/example_bash_operator.py
[2024-10-08T23:34:24.280+0000] {processor.py:914} INFO - Processing file /home/airflow/.local/lib/python3.12/site-packages/airflow/example_dags/example_bash_operator.py for tasks to queue
[2024-10-08T23:34:24.281+0000] {logging_mixin.py:190} INFO - [2024-10-08T23:34:24.281+0000] {dagbag.py:588} INFO - Filling up the DagBag from /home/airflow/.local/lib/python3.12/site-packages/airflow/example_dags/example_bash_operator.py
[2024-10-08T23:34:24.289+0000] {processor.py:925} INFO - DAG(s) 'example_bash_operator' retrieved from /home/airflow/.local/lib/python3.12/site-packages/airflow/example_dags/example_bash_operator.py
[2024-10-08T23:34:24.303+0000] {logging_mixin.py:190} INFO - [2024-10-08T23:34:24.303+0000] {dag.py:3239} INFO - Sync 1 DAGs
[2024-10-08T23:34:24.317+0000] {logging_mixin.py:190} INFO - [2024-10-08T23:34:24.316+0000] {dag.py:4180} INFO - Setting next_dagrun for example_bash_operator to 2024-10-07 00:00:00+00:00, run_after=2024-10-08 00:00:00+00:00
[2024-10-08T23:34:24.327+0000] {processor.py:208} INFO - Processing /home/airflow/.local/lib/python3.12/site-packages/airflow/example_dags/example_bash_operator.py took 0.051 seconds
[2024-10-08T23:34:54.833+0000] {processor.py:186} INFO - Started process (PID=248) to work on /home/airflow/.local/lib/python3.12/site-packages/airflow/example_dags/example_bash_operator.py
[2024-10-08T23:34:54.833+0000] {processor.py:914} INFO - Processing file /home/airflow/.local/lib/python3.12/site-packages/airflow/example_dags/example_bash_operator.py for tasks to queue
[2024-10-08T23:34:54.835+0000] {logging_mixin.py:190} INFO - [2024-10-08T23:34:54.834+0000] {dagbag.py:588} INFO - Filling up the DagBag from /home/airflow/.local/lib/python3.12/site-packages/airflow/example_dags/example_bash_operator.py
[2024-10-08T23:34:54.843+0000] {processor.py:925} INFO - DAG(s) 'example_bash_operator' retrieved from /home/airflow/.local/lib/python3.12/site-packages/airflow/example_dags/example_bash_operator.py
[2024-10-08T23:34:54.858+0000] {logging_mixin.py:190} INFO - [2024-10-08T23:34:54.858+0000] {dag.py:3239} INFO - Sync 1 DAGs
[2024-10-08T23:34:54.873+0000] {logging_mixin.py:190} INFO - [2024-10-08T23:34:54.873+0000] {dag.py:4180} INFO - Setting next_dagrun for example_bash_operator to 2024-10-07 00:00:00+00:00, run_after=2024-10-08 00:00:00+00:00
[2024-10-08T23:34:54.885+0000] {processor.py:208} INFO - Processing /home/airflow/.local/lib/python3.12/site-packages/airflow/example_dags/example_bash_operator.py took 0.056 seconds
[2024-10-08T23:35:25.266+0000] {processor.py:186} INFO - Started process (PID=311) to work on /home/airflow/.local/lib/python3.12/site-packages/airflow/example_dags/example_bash_operator.py
[2024-10-08T23:35:25.266+0000] {processor.py:914} INFO - Processing file /home/airflow/.local/lib/python3.12/site-packages/airflow/example_dags/example_bash_operator.py for tasks to queue
[2024-10-08T23:35:25.268+0000] {logging_mixin.py:190} INFO - [2024-10-08T23:35:25.267+0000] {dagbag.py:588} INFO - Filling up the DagBag from /home/airflow/.local/lib/python3.12/site-packages/airflow/example_dags/example_bash_operator.py
[2024-10-08T23:35:25.275+0000] {processor.py:925} INFO - DAG(s) 'example_bash_operator' retrieved from /home/airflow/.local/lib/python3.12/site-packages/airflow/example_dags/example_bash_operator.py
[2024-10-08T23:35:25.291+0000] {logging_mixin.py:190} INFO - [2024-10-08T23:35:25.291+0000] {dag.py:3239} INFO - Sync 1 DAGs
[2024-10-08T23:35:25.306+0000] {logging_mixin.py:190} INFO - [2024-10-08T23:35:25.306+0000] {dag.py:4180} INFO - Setting next_dagrun for example_bash_operator to 2024-10-07 00:00:00+00:00, run_after=2024-10-08 00:00:00+00:00
[2024-10-08T23:35:25.316+0000] {processor.py:208} INFO - Processing /home/airflow/.local/lib/python3.12/site-packages/airflow/example_dags/example_bash_operator.py took 0.054 seconds
[2024-10-08T23:35:55.482+0000] {processor.py:186} INFO - Started process (PID=374) to work on /home/airflow/.local/lib/python3.12/site-packages/airflow/example_dags/example_bash_operator.py
[2024-10-08T23:35:55.483+0000] {processor.py:914} INFO - Processing file /home/airflow/.local/lib/python3.12/site-packages/airflow/example_dags/example_bash_operator.py for tasks to queue
[2024-10-08T23:35:55.484+0000] {logging_mixin.py:190} INFO - [2024-10-08T23:35:55.484+0000] {dagbag.py:588} INFO - Filling up the DagBag from /home/airflow/.local/lib/python3.12/site-packages/airflow/example_dags/example_bash_operator.py
[2024-10-08T23:35:55.491+0000] {processor.py:925} INFO - DAG(s) 'example_bash_operator' retrieved from /home/airflow/.local/lib/python3.12/site-packages/airflow/example_dags/example_bash_operator.py
[2024-10-08T23:35:55.506+0000] {logging_mixin.py:190} INFO - [2024-10-08T23:35:55.505+0000] {dag.py:3239} INFO - Sync 1 DAGs
[2024-10-08T23:35:55.518+0000] {logging_mixin.py:190} INFO - [2024-10-08T23:35:55.518+0000] {dag.py:4180} INFO - Setting next_dagrun for example_bash_operator to 2024-10-07 00:00:00+00:00, run_after=2024-10-08 00:00:00+00:00
[2024-10-08T23:35:55.527+0000] {processor.py:208} INFO - Processing /home/airflow/.local/lib/python3.12/site-packages/airflow/example_dags/example_bash_operator.py took 0.048 seconds
[2024-10-08T23:36:25.632+0000] {processor.py:186} INFO - Started process (PID=437) to work on /home/airflow/.local/lib/python3.12/site-packages/airflow/example_dags/example_bash_operator.py
[2024-10-08T23:36:25.633+0000] {processor.py:914} INFO - Processing file /home/airflow/.local/lib/python3.12/site-packages/airflow/example_dags/example_bash_operator.py for tasks to queue
[2024-10-08T23:36:25.634+0000] {logging_mixin.py:190} INFO - [2024-10-08T23:36:25.634+0000] {dagbag.py:588} INFO - Filling up the DagBag from /home/airflow/.local/lib/python3.12/site-packages/airflow/example_dags/example_bash_operator.py
[2024-10-08T23:36:25.642+0000] {processor.py:925} INFO - DAG(s) 'example_bash_operator' retrieved from /home/airflow/.local/lib/python3.12/site-packages/airflow/example_dags/example_bash_operator.py
[2024-10-08T23:36:25.656+0000] {logging_mixin.py:190} INFO - [2024-10-08T23:36:25.656+0000] {dag.py:3239} INFO - Sync 1 DAGs
[2024-10-08T23:36:25.669+0000] {logging_mixin.py:190} INFO - [2024-10-08T23:36:25.669+0000] {dag.py:4180} INFO - Setting next_dagrun for example_bash_operator to 2024-10-07 00:00:00+00:00, run_after=2024-10-08 00:00:00+00:00
[2024-10-08T23:36:25.679+0000] {processor.py:208} INFO - Processing /home/airflow/.local/lib/python3.12/site-packages/airflow/example_dags/example_bash_operator.py took 0.050 seconds
[2024-10-08T23:36:55.834+0000] {processor.py:186} INFO - Started process (PID=500) to work on /home/airflow/.local/lib/python3.12/site-packages/airflow/example_dags/example_bash_operator.py
[2024-10-08T23:36:55.834+0000] {processor.py:914} INFO - Processing file /home/airflow/.local/lib/python3.12/site-packages/airflow/example_dags/example_bash_operator.py for tasks to queue
[2024-10-08T23:36:55.836+0000] {logging_mixin.py:190} INFO - [2024-10-08T23:36:55.836+0000] {dagbag.py:588} INFO - Filling up the DagBag from /home/airflow/.local/lib/python3.12/site-packages/airflow/example_dags/example_bash_operator.py
[2024-10-08T23:36:55.843+0000] {processor.py:925} INFO - DAG(s) 'example_bash_operator' retrieved from /home/airflow/.local/lib/python3.12/site-packages/airflow/example_dags/example_bash_operator.py
[2024-10-08T23:36:55.858+0000] {logging_mixin.py:190} INFO - [2024-10-08T23:36:55.858+0000] {dag.py:3239} INFO - Sync 1 DAGs
[2024-10-08T23:36:55.871+0000] {logging_mixin.py:190} INFO - [2024-10-08T23:36:55.871+0000] {dag.py:4180} INFO - Setting next_dagrun for example_bash_operator to 2024-10-07 00:00:00+00:00, run_after=2024-10-08 00:00:00+00:00
[2024-10-08T23:36:55.880+0000] {processor.py:208} INFO - Processing /home/airflow/.local/lib/python3.12/site-packages/airflow/example_dags/example_bash_operator.py took 0.050 seconds
[2024-10-08T23:37:26.142+0000] {processor.py:186} INFO - Started process (PID=563) to work on /home/airflow/.local/lib/python3.12/site-packages/airflow/example_dags/example_bash_operator.py
[2024-10-08T23:37:26.142+0000] {processor.py:914} INFO - Processing file /home/airflow/.local/lib/python3.12/site-packages/airflow/example_dags/example_bash_operator.py for tasks to queue
[2024-10-08T23:37:26.144+0000] {logging_mixin.py:190} INFO - [2024-10-08T23:37:26.143+0000] {dagbag.py:588} INFO - Filling up the DagBag from /home/airflow/.local/lib/python3.12/site-packages/airflow/example_dags/example_bash_operator.py
[2024-10-08T23:37:26.151+0000] {processor.py:925} INFO - DAG(s) 'example_bash_operator' retrieved from /home/airflow/.local/lib/python3.12/site-packages/airflow/example_dags/example_bash_operator.py
[2024-10-08T23:37:26.165+0000] {logging_mixin.py:190} INFO - [2024-10-08T23:37:26.165+0000] {dag.py:3239} INFO - Sync 1 DAGs
[2024-10-08T23:37:26.178+0000] {logging_mixin.py:190} INFO - [2024-10-08T23:37:26.178+0000] {dag.py:4180} INFO - Setting next_dagrun for example_bash_operator to 2024-10-07 00:00:00+00:00, run_after=2024-10-08 00:00:00+00:00
[2024-10-08T23:37:26.187+0000] {processor.py:208} INFO - Processing /home/airflow/.local/lib/python3.12/site-packages/airflow/example_dags/example_bash_operator.py took 0.049 seconds
[2024-10-08T23:37:56.498+0000] {processor.py:186} INFO - Started process (PID=626) to work on /home/airflow/.local/lib/python3.12/site-packages/airflow/example_dags/example_bash_operator.py
[2024-10-08T23:37:56.498+0000] {processor.py:914} INFO - Processing file /home/airflow/.local/lib/python3.12/site-packages/airflow/example_dags/example_bash_operator.py for tasks to queue
[2024-10-08T23:37:56.500+0000] {logging_mixin.py:190} INFO - [2024-10-08T23:37:56.499+0000] {dagbag.py:588} INFO - Filling up the DagBag from /home/airflow/.local/lib/python3.12/site-packages/airflow/example_dags/example_bash_operator.py
[2024-10-08T23:37:56.506+0000] {processor.py:925} INFO - DAG(s) 'example_bash_operator' retrieved from /home/airflow/.local/lib/python3.12/site-packages/airflow/example_dags/example_bash_operator.py
[2024-10-08T23:37:56.520+0000] {logging_mixin.py:190} INFO - [2024-10-08T23:37:56.520+0000] {dag.py:3239} INFO - Sync 1 DAGs
[2024-10-08T23:37:56.533+0000] {logging_mixin.py:190} INFO - [2024-10-08T23:37:56.533+0000] {dag.py:4180} INFO - Setting next_dagrun for example_bash_operator to 2024-10-07 00:00:00+00:00, run_after=2024-10-08 00:00:00+00:00
[2024-10-08T23:37:56.542+0000] {processor.py:208} INFO - Processing /home/airflow/.local/lib/python3.12/site-packages/airflow/example_dags/example_bash_operator.py took 0.048 seconds
[2024-10-08T23:38:26.755+0000] {processor.py:186} INFO - Started process (PID=689) to work on /home/airflow/.local/lib/python3.12/site-packages/airflow/example_dags/example_bash_operator.py
[2024-10-08T23:38:26.756+0000] {processor.py:914} INFO - Processing file /home/airflow/.local/lib/python3.12/site-packages/airflow/example_dags/example_bash_operator.py for tasks to queue
[2024-10-08T23:38:26.757+0000] {logging_mixin.py:190} INFO - [2024-10-08T23:38:26.757+0000] {dagbag.py:588} INFO - Filling up the DagBag from /home/airflow/.local/lib/python3.12/site-packages/airflow/example_dags/example_bash_operator.py
[2024-10-08T23:38:26.764+0000] {processor.py:925} INFO - DAG(s) 'example_bash_operator' retrieved from /home/airflow/.local/lib/python3.12/site-packages/airflow/example_dags/example_bash_operator.py
[2024-10-08T23:38:26.778+0000] {logging_mixin.py:190} INFO - [2024-10-08T23:38:26.778+0000] {dag.py:3239} INFO - Sync 1 DAGs
[2024-10-08T23:38:26.791+0000] {logging_mixin.py:190} INFO - [2024-10-08T23:38:26.791+0000] {dag.py:4180} INFO - Setting next_dagrun for example_bash_operator to 2024-10-07 00:00:00+00:00, run_after=2024-10-08 00:00:00+00:00
[2024-10-08T23:38:26.800+0000] {processor.py:208} INFO - Processing /home/airflow/.local/lib/python3.12/site-packages/airflow/example_dags/example_bash_operator.py took 0.049 seconds
[2024-10-08T23:38:56.996+0000] {processor.py:186} INFO - Started process (PID=752) to work on /home/airflow/.local/lib/python3.12/site-packages/airflow/example_dags/example_bash_operator.py
[2024-10-08T23:38:56.996+0000] {processor.py:914} INFO - Processing file /home/airflow/.local/lib/python3.12/site-packages/airflow/example_dags/example_bash_operator.py for tasks to queue
[2024-10-08T23:38:56.998+0000] {logging_mixin.py:190} INFO - [2024-10-08T23:38:56.997+0000] {dagbag.py:588} INFO - Filling up the DagBag from /home/airflow/.local/lib/python3.12/site-packages/airflow/example_dags/example_bash_operator.py
[2024-10-08T23:38:57.005+0000] {processor.py:925} INFO - DAG(s) 'example_bash_operator' retrieved from /home/airflow/.local/lib/python3.12/site-packages/airflow/example_dags/example_bash_operator.py
[2024-10-08T23:38:57.020+0000] {logging_mixin.py:190} INFO - [2024-10-08T23:38:57.019+0000] {dag.py:3239} INFO - Sync 1 DAGs
[2024-10-08T23:38:57.033+0000] {logging_mixin.py:190} INFO - [2024-10-08T23:38:57.033+0000] {dag.py:4180} INFO - Setting next_dagrun for example_bash_operator to 2024-10-07 00:00:00+00:00, run_after=2024-10-08 00:00:00+00:00
[2024-10-08T23:38:57.042+0000] {processor.py:208} INFO - Processing /home/airflow/.local/lib/python3.12/site-packages/airflow/example_dags/example_bash_operator.py took 0.050 seconds
[2024-10-08T23:39:39.857+0000] {processor.py:186} INFO - Started process (PID=178) to work on /home/airflow/.local/lib/python3.12/site-packages/airflow/example_dags/example_bash_operator.py
[2024-10-08T23:39:39.858+0000] {processor.py:914} INFO - Processing file /home/airflow/.local/lib/python3.12/site-packages/airflow/example_dags/example_bash_operator.py for tasks to queue
[2024-10-08T23:39:39.859+0000] {logging_mixin.py:190} INFO - [2024-10-08T23:39:39.859+0000] {dagbag.py:588} INFO - Filling up the DagBag from /home/airflow/.local/lib/python3.12/site-packages/airflow/example_dags/example_bash_operator.py
[2024-10-08T23:39:39.867+0000] {processor.py:925} INFO - DAG(s) 'example_bash_operator' retrieved from /home/airflow/.local/lib/python3.12/site-packages/airflow/example_dags/example_bash_operator.py
[2024-10-08T23:39:39.881+0000] {logging_mixin.py:190} INFO - [2024-10-08T23:39:39.881+0000] {dag.py:3239} INFO - Sync 1 DAGs
[2024-10-08T23:39:39.894+0000] {logging_mixin.py:190} INFO - [2024-10-08T23:39:39.893+0000] {dag.py:4180} INFO - Setting next_dagrun for example_bash_operator to 2024-10-07 00:00:00+00:00, run_after=2024-10-08 00:00:00+00:00
[2024-10-08T23:39:39.903+0000] {processor.py:208} INFO - Processing /home/airflow/.local/lib/python3.12/site-packages/airflow/example_dags/example_bash_operator.py took 0.049 seconds
[2024-10-08T23:40:10.909+0000] {processor.py:186} INFO - Started process (PID=241) to work on /home/airflow/.local/lib/python3.12/site-packages/airflow/example_dags/example_bash_operator.py
[2024-10-08T23:40:10.909+0000] {processor.py:914} INFO - Processing file /home/airflow/.local/lib/python3.12/site-packages/airflow/example_dags/example_bash_operator.py for tasks to queue
[2024-10-08T23:40:10.910+0000] {logging_mixin.py:190} INFO - [2024-10-08T23:40:10.910+0000] {dagbag.py:588} INFO - Filling up the DagBag from /home/airflow/.local/lib/python3.12/site-packages/airflow/example_dags/example_bash_operator.py
[2024-10-08T23:40:10.918+0000] {processor.py:925} INFO - DAG(s) 'example_bash_operator' retrieved from /home/airflow/.local/lib/python3.12/site-packages/airflow/example_dags/example_bash_operator.py
[2024-10-08T23:40:10.932+0000] {logging_mixin.py:190} INFO - [2024-10-08T23:40:10.932+0000] {dag.py:3239} INFO - Sync 1 DAGs
[2024-10-08T23:40:10.945+0000] {logging_mixin.py:190} INFO - [2024-10-08T23:40:10.944+0000] {dag.py:4180} INFO - Setting next_dagrun for example_bash_operator to 2024-10-07 00:00:00+00:00, run_after=2024-10-08 00:00:00+00:00
[2024-10-08T23:40:10.954+0000] {processor.py:208} INFO - Processing /home/airflow/.local/lib/python3.12/site-packages/airflow/example_dags/example_bash_operator.py took 0.049 seconds
[2024-10-08T23:40:41.032+0000] {processor.py:186} INFO - Started process (PID=304) to work on /home/airflow/.local/lib/python3.12/site-packages/airflow/example_dags/example_bash_operator.py
[2024-10-08T23:40:41.033+0000] {processor.py:914} INFO - Processing file /home/airflow/.local/lib/python3.12/site-packages/airflow/example_dags/example_bash_operator.py for tasks to queue
[2024-10-08T23:40:41.034+0000] {logging_mixin.py:190} INFO - [2024-10-08T23:40:41.034+0000] {dagbag.py:588} INFO - Filling up the DagBag from /home/airflow/.local/lib/python3.12/site-packages/airflow/example_dags/example_bash_operator.py
[2024-10-08T23:40:41.042+0000] {processor.py:925} INFO - DAG(s) 'example_bash_operator' retrieved from /home/airflow/.local/lib/python3.12/site-packages/airflow/example_dags/example_bash_operator.py
[2024-10-08T23:40:41.056+0000] {logging_mixin.py:190} INFO - [2024-10-08T23:40:41.056+0000] {dag.py:3239} INFO - Sync 1 DAGs
[2024-10-08T23:40:41.070+0000] {logging_mixin.py:190} INFO - [2024-10-08T23:40:41.070+0000] {dag.py:4180} INFO - Setting next_dagrun for example_bash_operator to 2024-10-07 00:00:00+00:00, run_after=2024-10-08 00:00:00+00:00
[2024-10-08T23:40:41.081+0000] {processor.py:208} INFO - Processing /home/airflow/.local/lib/python3.12/site-packages/airflow/example_dags/example_bash_operator.py took 0.052 seconds
[2024-10-08T23:41:11.356+0000] {processor.py:186} INFO - Started process (PID=367) to work on /home/airflow/.local/lib/python3.12/site-packages/airflow/example_dags/example_bash_operator.py
[2024-10-08T23:41:11.357+0000] {processor.py:914} INFO - Processing file /home/airflow/.local/lib/python3.12/site-packages/airflow/example_dags/example_bash_operator.py for tasks to queue
[2024-10-08T23:41:11.358+0000] {logging_mixin.py:190} INFO - [2024-10-08T23:41:11.358+0000] {dagbag.py:588} INFO - Filling up the DagBag from /home/airflow/.local/lib/python3.12/site-packages/airflow/example_dags/example_bash_operator.py
[2024-10-08T23:41:11.365+0000] {processor.py:925} INFO - DAG(s) 'example_bash_operator' retrieved from /home/airflow/.local/lib/python3.12/site-packages/airflow/example_dags/example_bash_operator.py
[2024-10-08T23:41:11.380+0000] {logging_mixin.py:190} INFO - [2024-10-08T23:41:11.380+0000] {dag.py:3239} INFO - Sync 1 DAGs
[2024-10-08T23:41:11.394+0000] {logging_mixin.py:190} INFO - [2024-10-08T23:41:11.394+0000] {dag.py:4180} INFO - Setting next_dagrun for example_bash_operator to 2024-10-07 00:00:00+00:00, run_after=2024-10-08 00:00:00+00:00
[2024-10-08T23:41:11.404+0000] {processor.py:208} INFO - Processing /home/airflow/.local/lib/python3.12/site-packages/airflow/example_dags/example_bash_operator.py took 0.051 seconds
[2024-10-08T23:41:41.536+0000] {processor.py:186} INFO - Started process (PID=430) to work on /home/airflow/.local/lib/python3.12/site-packages/airflow/example_dags/example_bash_operator.py
[2024-10-08T23:41:41.537+0000] {processor.py:914} INFO - Processing file /home/airflow/.local/lib/python3.12/site-packages/airflow/example_dags/example_bash_operator.py for tasks to queue
[2024-10-08T23:41:41.538+0000] {logging_mixin.py:190} INFO - [2024-10-08T23:41:41.538+0000] {dagbag.py:588} INFO - Filling up the DagBag from /home/airflow/.local/lib/python3.12/site-packages/airflow/example_dags/example_bash_operator.py
[2024-10-08T23:41:41.546+0000] {processor.py:925} INFO - DAG(s) 'example_bash_operator' retrieved from /home/airflow/.local/lib/python3.12/site-packages/airflow/example_dags/example_bash_operator.py
[2024-10-08T23:41:41.561+0000] {logging_mixin.py:190} INFO - [2024-10-08T23:41:41.561+0000] {dag.py:3239} INFO - Sync 1 DAGs
[2024-10-08T23:41:41.575+0000] {logging_mixin.py:190} INFO - [2024-10-08T23:41:41.575+0000] {dag.py:4180} INFO - Setting next_dagrun for example_bash_operator to 2024-10-07 00:00:00+00:00, run_after=2024-10-08 00:00:00+00:00
[2024-10-08T23:41:41.585+0000] {processor.py:208} INFO - Processing /home/airflow/.local/lib/python3.12/site-packages/airflow/example_dags/example_bash_operator.py took 0.053 seconds
[2024-10-08T23:42:54.300+0000] {processor.py:186} INFO - Started process (PID=178) to work on /home/airflow/.local/lib/python3.12/site-packages/airflow/example_dags/example_bash_operator.py
[2024-10-08T23:42:54.301+0000] {processor.py:914} INFO - Processing file /home/airflow/.local/lib/python3.12/site-packages/airflow/example_dags/example_bash_operator.py for tasks to queue
[2024-10-08T23:42:54.302+0000] {logging_mixin.py:190} INFO - [2024-10-08T23:42:54.302+0000] {dagbag.py:588} INFO - Filling up the DagBag from /home/airflow/.local/lib/python3.12/site-packages/airflow/example_dags/example_bash_operator.py
[2024-10-08T23:42:54.310+0000] {processor.py:925} INFO - DAG(s) 'example_bash_operator' retrieved from /home/airflow/.local/lib/python3.12/site-packages/airflow/example_dags/example_bash_operator.py
[2024-10-08T23:42:54.323+0000] {logging_mixin.py:190} INFO - [2024-10-08T23:42:54.323+0000] {dag.py:3239} INFO - Sync 1 DAGs
[2024-10-08T23:42:54.336+0000] {logging_mixin.py:190} INFO - [2024-10-08T23:42:54.336+0000] {dag.py:4180} INFO - Setting next_dagrun for example_bash_operator to 2024-10-07 00:00:00+00:00, run_after=2024-10-08 00:00:00+00:00
[2024-10-08T23:42:54.345+0000] {processor.py:208} INFO - Processing /home/airflow/.local/lib/python3.12/site-packages/airflow/example_dags/example_bash_operator.py took 0.048 seconds
[2024-10-08T23:43:24.514+0000] {processor.py:186} INFO - Started process (PID=241) to work on /home/airflow/.local/lib/python3.12/site-packages/airflow/example_dags/example_bash_operator.py
[2024-10-08T23:43:24.514+0000] {processor.py:914} INFO - Processing file /home/airflow/.local/lib/python3.12/site-packages/airflow/example_dags/example_bash_operator.py for tasks to queue
[2024-10-08T23:43:24.515+0000] {logging_mixin.py:190} INFO - [2024-10-08T23:43:24.515+0000] {dagbag.py:588} INFO - Filling up the DagBag from /home/airflow/.local/lib/python3.12/site-packages/airflow/example_dags/example_bash_operator.py
[2024-10-08T23:43:24.523+0000] {processor.py:925} INFO - DAG(s) 'example_bash_operator' retrieved from /home/airflow/.local/lib/python3.12/site-packages/airflow/example_dags/example_bash_operator.py
[2024-10-08T23:43:24.536+0000] {logging_mixin.py:190} INFO - [2024-10-08T23:43:24.536+0000] {dag.py:3239} INFO - Sync 1 DAGs
[2024-10-08T23:43:24.549+0000] {logging_mixin.py:190} INFO - [2024-10-08T23:43:24.548+0000] {dag.py:4180} INFO - Setting next_dagrun for example_bash_operator to 2024-10-07 00:00:00+00:00, run_after=2024-10-08 00:00:00+00:00
[2024-10-08T23:43:24.558+0000] {processor.py:208} INFO - Processing /home/airflow/.local/lib/python3.12/site-packages/airflow/example_dags/example_bash_operator.py took 0.047 seconds
[2024-10-08T23:44:33.417+0000] {processor.py:186} INFO - Started process (PID=185) to work on /home/airflow/.local/lib/python3.12/site-packages/airflow/example_dags/example_bash_operator.py
[2024-10-08T23:44:33.418+0000] {processor.py:914} INFO - Processing file /home/airflow/.local/lib/python3.12/site-packages/airflow/example_dags/example_bash_operator.py for tasks to queue
[2024-10-08T23:44:33.419+0000] {logging_mixin.py:190} INFO - [2024-10-08T23:44:33.419+0000] {dagbag.py:588} INFO - Filling up the DagBag from /home/airflow/.local/lib/python3.12/site-packages/airflow/example_dags/example_bash_operator.py
[2024-10-08T23:44:33.427+0000] {processor.py:925} INFO - DAG(s) 'example_bash_operator' retrieved from /home/airflow/.local/lib/python3.12/site-packages/airflow/example_dags/example_bash_operator.py
[2024-10-08T23:44:33.441+0000] {logging_mixin.py:190} INFO - [2024-10-08T23:44:33.441+0000] {dag.py:3239} INFO - Sync 1 DAGs
[2024-10-08T23:44:33.456+0000] {logging_mixin.py:190} INFO - [2024-10-08T23:44:33.456+0000] {dag.py:4180} INFO - Setting next_dagrun for example_bash_operator to 2024-10-07 00:00:00+00:00, run_after=2024-10-08 00:00:00+00:00
[2024-10-08T23:44:33.466+0000] {processor.py:208} INFO - Processing /home/airflow/.local/lib/python3.12/site-packages/airflow/example_dags/example_bash_operator.py took 0.053 seconds
[2024-10-08T23:45:03.695+0000] {processor.py:186} INFO - Started process (PID=248) to work on /home/airflow/.local/lib/python3.12/site-packages/airflow/example_dags/example_bash_operator.py
[2024-10-08T23:45:03.696+0000] {processor.py:914} INFO - Processing file /home/airflow/.local/lib/python3.12/site-packages/airflow/example_dags/example_bash_operator.py for tasks to queue
[2024-10-08T23:45:03.697+0000] {logging_mixin.py:190} INFO - [2024-10-08T23:45:03.697+0000] {dagbag.py:588} INFO - Filling up the DagBag from /home/airflow/.local/lib/python3.12/site-packages/airflow/example_dags/example_bash_operator.py
[2024-10-08T23:45:03.704+0000] {processor.py:925} INFO - DAG(s) 'example_bash_operator' retrieved from /home/airflow/.local/lib/python3.12/site-packages/airflow/example_dags/example_bash_operator.py
[2024-10-08T23:45:03.719+0000] {logging_mixin.py:190} INFO - [2024-10-08T23:45:03.719+0000] {dag.py:3239} INFO - Sync 1 DAGs
[2024-10-08T23:45:03.732+0000] {logging_mixin.py:190} INFO - [2024-10-08T23:45:03.732+0000] {dag.py:4180} INFO - Setting next_dagrun for example_bash_operator to 2024-10-07 00:00:00+00:00, run_after=2024-10-08 00:00:00+00:00
[2024-10-08T23:45:03.742+0000] {processor.py:208} INFO - Processing /home/airflow/.local/lib/python3.12/site-packages/airflow/example_dags/example_bash_operator.py took 0.051 seconds
[2024-10-08T23:45:33.912+0000] {processor.py:186} INFO - Started process (PID=311) to work on /home/airflow/.local/lib/python3.12/site-packages/airflow/example_dags/example_bash_operator.py
[2024-10-08T23:45:33.913+0000] {processor.py:914} INFO - Processing file /home/airflow/.local/lib/python3.12/site-packages/airflow/example_dags/example_bash_operator.py for tasks to queue
[2024-10-08T23:45:33.914+0000] {logging_mixin.py:190} INFO - [2024-10-08T23:45:33.914+0000] {dagbag.py:588} INFO - Filling up the DagBag from /home/airflow/.local/lib/python3.12/site-packages/airflow/example_dags/example_bash_operator.py
[2024-10-08T23:45:33.921+0000] {processor.py:925} INFO - DAG(s) 'example_bash_operator' retrieved from /home/airflow/.local/lib/python3.12/site-packages/airflow/example_dags/example_bash_operator.py
[2024-10-08T23:45:33.935+0000] {logging_mixin.py:190} INFO - [2024-10-08T23:45:33.935+0000] {dag.py:3239} INFO - Sync 1 DAGs
[2024-10-08T23:45:33.947+0000] {logging_mixin.py:190} INFO - [2024-10-08T23:45:33.947+0000] {dag.py:4180} INFO - Setting next_dagrun for example_bash_operator to 2024-10-07 00:00:00+00:00, run_after=2024-10-08 00:00:00+00:00
[2024-10-08T23:45:33.957+0000] {processor.py:208} INFO - Processing /home/airflow/.local/lib/python3.12/site-packages/airflow/example_dags/example_bash_operator.py took 0.048 seconds
[2024-10-08T23:46:04.114+0000] {processor.py:186} INFO - Started process (PID=374) to work on /home/airflow/.local/lib/python3.12/site-packages/airflow/example_dags/example_bash_operator.py
[2024-10-08T23:46:04.114+0000] {processor.py:914} INFO - Processing file /home/airflow/.local/lib/python3.12/site-packages/airflow/example_dags/example_bash_operator.py for tasks to queue
[2024-10-08T23:46:04.116+0000] {logging_mixin.py:190} INFO - [2024-10-08T23:46:04.116+0000] {dagbag.py:588} INFO - Filling up the DagBag from /home/airflow/.local/lib/python3.12/site-packages/airflow/example_dags/example_bash_operator.py
[2024-10-08T23:46:04.124+0000] {processor.py:925} INFO - DAG(s) 'example_bash_operator' retrieved from /home/airflow/.local/lib/python3.12/site-packages/airflow/example_dags/example_bash_operator.py
[2024-10-08T23:46:04.138+0000] {logging_mixin.py:190} INFO - [2024-10-08T23:46:04.138+0000] {dag.py:3239} INFO - Sync 1 DAGs
[2024-10-08T23:46:04.151+0000] {logging_mixin.py:190} INFO - [2024-10-08T23:46:04.151+0000] {dag.py:4180} INFO - Setting next_dagrun for example_bash_operator to 2024-10-07 00:00:00+00:00, run_after=2024-10-08 00:00:00+00:00
[2024-10-08T23:46:04.162+0000] {processor.py:208} INFO - Processing /home/airflow/.local/lib/python3.12/site-packages/airflow/example_dags/example_bash_operator.py took 0.052 seconds
[2024-10-08T23:46:35.374+0000] {processor.py:186} INFO - Started process (PID=437) to work on /home/airflow/.local/lib/python3.12/site-packages/airflow/example_dags/example_bash_operator.py
[2024-10-08T23:46:35.375+0000] {processor.py:914} INFO - Processing file /home/airflow/.local/lib/python3.12/site-packages/airflow/example_dags/example_bash_operator.py for tasks to queue
[2024-10-08T23:46:35.376+0000] {logging_mixin.py:190} INFO - [2024-10-08T23:46:35.376+0000] {dagbag.py:588} INFO - Filling up the DagBag from /home/airflow/.local/lib/python3.12/site-packages/airflow/example_dags/example_bash_operator.py
[2024-10-08T23:46:35.385+0000] {processor.py:925} INFO - DAG(s) 'example_bash_operator' retrieved from /home/airflow/.local/lib/python3.12/site-packages/airflow/example_dags/example_bash_operator.py
[2024-10-08T23:46:35.400+0000] {logging_mixin.py:190} INFO - [2024-10-08T23:46:35.399+0000] {dag.py:3239} INFO - Sync 1 DAGs
[2024-10-08T23:46:35.413+0000] {logging_mixin.py:190} INFO - [2024-10-08T23:46:35.413+0000] {dag.py:4180} INFO - Setting next_dagrun for example_bash_operator to 2024-10-07 00:00:00+00:00, run_after=2024-10-08 00:00:00+00:00
[2024-10-08T23:46:35.423+0000] {processor.py:208} INFO - Processing /home/airflow/.local/lib/python3.12/site-packages/airflow/example_dags/example_bash_operator.py took 0.053 seconds
[2024-10-08T23:47:05.442+0000] {processor.py:186} INFO - Started process (PID=500) to work on /home/airflow/.local/lib/python3.12/site-packages/airflow/example_dags/example_bash_operator.py
[2024-10-08T23:47:05.443+0000] {processor.py:914} INFO - Processing file /home/airflow/.local/lib/python3.12/site-packages/airflow/example_dags/example_bash_operator.py for tasks to queue
[2024-10-08T23:47:05.444+0000] {logging_mixin.py:190} INFO - [2024-10-08T23:47:05.444+0000] {dagbag.py:588} INFO - Filling up the DagBag from /home/airflow/.local/lib/python3.12/site-packages/airflow/example_dags/example_bash_operator.py
[2024-10-08T23:47:05.451+0000] {processor.py:925} INFO - DAG(s) 'example_bash_operator' retrieved from /home/airflow/.local/lib/python3.12/site-packages/airflow/example_dags/example_bash_operator.py
[2024-10-08T23:47:05.465+0000] {logging_mixin.py:190} INFO - [2024-10-08T23:47:05.465+0000] {dag.py:3239} INFO - Sync 1 DAGs
[2024-10-08T23:47:05.478+0000] {logging_mixin.py:190} INFO - [2024-10-08T23:47:05.478+0000] {dag.py:4180} INFO - Setting next_dagrun for example_bash_operator to 2024-10-07 00:00:00+00:00, run_after=2024-10-08 00:00:00+00:00
[2024-10-08T23:47:05.488+0000] {processor.py:208} INFO - Processing /home/airflow/.local/lib/python3.12/site-packages/airflow/example_dags/example_bash_operator.py took 0.049 seconds
[2024-10-08T23:47:35.657+0000] {processor.py:186} INFO - Started process (PID=563) to work on /home/airflow/.local/lib/python3.12/site-packages/airflow/example_dags/example_bash_operator.py
[2024-10-08T23:47:35.657+0000] {processor.py:914} INFO - Processing file /home/airflow/.local/lib/python3.12/site-packages/airflow/example_dags/example_bash_operator.py for tasks to queue
[2024-10-08T23:47:35.659+0000] {logging_mixin.py:190} INFO - [2024-10-08T23:47:35.658+0000] {dagbag.py:588} INFO - Filling up the DagBag from /home/airflow/.local/lib/python3.12/site-packages/airflow/example_dags/example_bash_operator.py
[2024-10-08T23:47:35.666+0000] {processor.py:925} INFO - DAG(s) 'example_bash_operator' retrieved from /home/airflow/.local/lib/python3.12/site-packages/airflow/example_dags/example_bash_operator.py
[2024-10-08T23:47:35.680+0000] {logging_mixin.py:190} INFO - [2024-10-08T23:47:35.680+0000] {dag.py:3239} INFO - Sync 1 DAGs
[2024-10-08T23:47:35.692+0000] {logging_mixin.py:190} INFO - [2024-10-08T23:47:35.692+0000] {dag.py:4180} INFO - Setting next_dagrun for example_bash_operator to 2024-10-07 00:00:00+00:00, run_after=2024-10-08 00:00:00+00:00
[2024-10-08T23:47:35.701+0000] {processor.py:208} INFO - Processing /home/airflow/.local/lib/python3.12/site-packages/airflow/example_dags/example_bash_operator.py took 0.048 seconds
[2024-10-08T23:48:05.946+0000] {processor.py:186} INFO - Started process (PID=626) to work on /home/airflow/.local/lib/python3.12/site-packages/airflow/example_dags/example_bash_operator.py
[2024-10-08T23:48:05.946+0000] {processor.py:914} INFO - Processing file /home/airflow/.local/lib/python3.12/site-packages/airflow/example_dags/example_bash_operator.py for tasks to queue
[2024-10-08T23:48:05.948+0000] {logging_mixin.py:190} INFO - [2024-10-08T23:48:05.948+0000] {dagbag.py:588} INFO - Filling up the DagBag from /home/airflow/.local/lib/python3.12/site-packages/airflow/example_dags/example_bash_operator.py
[2024-10-08T23:48:05.956+0000] {processor.py:925} INFO - DAG(s) 'example_bash_operator' retrieved from /home/airflow/.local/lib/python3.12/site-packages/airflow/example_dags/example_bash_operator.py
[2024-10-08T23:48:05.973+0000] {logging_mixin.py:190} INFO - [2024-10-08T23:48:05.972+0000] {dag.py:3239} INFO - Sync 1 DAGs
[2024-10-08T23:48:05.985+0000] {logging_mixin.py:190} INFO - [2024-10-08T23:48:05.985+0000] {dag.py:4180} INFO - Setting next_dagrun for example_bash_operator to 2024-10-07 00:00:00+00:00, run_after=2024-10-08 00:00:00+00:00
[2024-10-08T23:48:05.995+0000] {processor.py:208} INFO - Processing /home/airflow/.local/lib/python3.12/site-packages/airflow/example_dags/example_bash_operator.py took 0.053 seconds
[2024-10-08T23:48:36.072+0000] {processor.py:186} INFO - Started process (PID=689) to work on /home/airflow/.local/lib/python3.12/site-packages/airflow/example_dags/example_bash_operator.py
[2024-10-08T23:48:36.073+0000] {processor.py:914} INFO - Processing file /home/airflow/.local/lib/python3.12/site-packages/airflow/example_dags/example_bash_operator.py for tasks to queue
[2024-10-08T23:48:36.075+0000] {logging_mixin.py:190} INFO - [2024-10-08T23:48:36.074+0000] {dagbag.py:588} INFO - Filling up the DagBag from /home/airflow/.local/lib/python3.12/site-packages/airflow/example_dags/example_bash_operator.py
[2024-10-08T23:48:36.081+0000] {processor.py:925} INFO - DAG(s) 'example_bash_operator' retrieved from /home/airflow/.local/lib/python3.12/site-packages/airflow/example_dags/example_bash_operator.py
[2024-10-08T23:48:36.096+0000] {logging_mixin.py:190} INFO - [2024-10-08T23:48:36.096+0000] {dag.py:3239} INFO - Sync 1 DAGs
[2024-10-08T23:48:36.109+0000] {logging_mixin.py:190} INFO - [2024-10-08T23:48:36.109+0000] {dag.py:4180} INFO - Setting next_dagrun for example_bash_operator to 2024-10-07 00:00:00+00:00, run_after=2024-10-08 00:00:00+00:00
[2024-10-08T23:48:36.118+0000] {processor.py:208} INFO - Processing /home/airflow/.local/lib/python3.12/site-packages/airflow/example_dags/example_bash_operator.py took 0.050 seconds
[2024-10-08T23:49:07.236+0000] {processor.py:186} INFO - Started process (PID=752) to work on /home/airflow/.local/lib/python3.12/site-packages/airflow/example_dags/example_bash_operator.py
[2024-10-08T23:49:07.237+0000] {processor.py:914} INFO - Processing file /home/airflow/.local/lib/python3.12/site-packages/airflow/example_dags/example_bash_operator.py for tasks to queue
[2024-10-08T23:49:07.238+0000] {logging_mixin.py:190} INFO - [2024-10-08T23:49:07.238+0000] {dagbag.py:588} INFO - Filling up the DagBag from /home/airflow/.local/lib/python3.12/site-packages/airflow/example_dags/example_bash_operator.py
[2024-10-08T23:49:07.246+0000] {processor.py:925} INFO - DAG(s) 'example_bash_operator' retrieved from /home/airflow/.local/lib/python3.12/site-packages/airflow/example_dags/example_bash_operator.py
[2024-10-08T23:49:07.260+0000] {logging_mixin.py:190} INFO - [2024-10-08T23:49:07.260+0000] {dag.py:3239} INFO - Sync 1 DAGs
[2024-10-08T23:49:07.273+0000] {logging_mixin.py:190} INFO - [2024-10-08T23:49:07.273+0000] {dag.py:4180} INFO - Setting next_dagrun for example_bash_operator to 2024-10-07 00:00:00+00:00, run_after=2024-10-08 00:00:00+00:00
[2024-10-08T23:49:07.282+0000] {processor.py:208} INFO - Processing /home/airflow/.local/lib/python3.12/site-packages/airflow/example_dags/example_bash_operator.py took 0.049 seconds
[2024-10-08T23:49:38.497+0000] {processor.py:186} INFO - Started process (PID=815) to work on /home/airflow/.local/lib/python3.12/site-packages/airflow/example_dags/example_bash_operator.py
[2024-10-08T23:49:38.498+0000] {processor.py:914} INFO - Processing file /home/airflow/.local/lib/python3.12/site-packages/airflow/example_dags/example_bash_operator.py for tasks to queue
[2024-10-08T23:49:38.499+0000] {logging_mixin.py:190} INFO - [2024-10-08T23:49:38.499+0000] {dagbag.py:588} INFO - Filling up the DagBag from /home/airflow/.local/lib/python3.12/site-packages/airflow/example_dags/example_bash_operator.py
[2024-10-08T23:49:38.506+0000] {processor.py:925} INFO - DAG(s) 'example_bash_operator' retrieved from /home/airflow/.local/lib/python3.12/site-packages/airflow/example_dags/example_bash_operator.py
[2024-10-08T23:49:38.520+0000] {logging_mixin.py:190} INFO - [2024-10-08T23:49:38.520+0000] {dag.py:3239} INFO - Sync 1 DAGs
[2024-10-08T23:49:38.533+0000] {logging_mixin.py:190} INFO - [2024-10-08T23:49:38.533+0000] {dag.py:4180} INFO - Setting next_dagrun for example_bash_operator to 2024-10-07 00:00:00+00:00, run_after=2024-10-08 00:00:00+00:00
[2024-10-08T23:49:38.543+0000] {processor.py:208} INFO - Processing /home/airflow/.local/lib/python3.12/site-packages/airflow/example_dags/example_bash_operator.py took 0.049 seconds
[2024-10-08T23:50:08.772+0000] {processor.py:186} INFO - Started process (PID=878) to work on /home/airflow/.local/lib/python3.12/site-packages/airflow/example_dags/example_bash_operator.py
[2024-10-08T23:50:08.773+0000] {processor.py:914} INFO - Processing file /home/airflow/.local/lib/python3.12/site-packages/airflow/example_dags/example_bash_operator.py for tasks to queue
[2024-10-08T23:50:08.775+0000] {logging_mixin.py:190} INFO - [2024-10-08T23:50:08.774+0000] {dagbag.py:588} INFO - Filling up the DagBag from /home/airflow/.local/lib/python3.12/site-packages/airflow/example_dags/example_bash_operator.py
[2024-10-08T23:50:08.782+0000] {processor.py:925} INFO - DAG(s) 'example_bash_operator' retrieved from /home/airflow/.local/lib/python3.12/site-packages/airflow/example_dags/example_bash_operator.py
[2024-10-08T23:50:08.797+0000] {logging_mixin.py:190} INFO - [2024-10-08T23:50:08.797+0000] {dag.py:3239} INFO - Sync 1 DAGs
[2024-10-08T23:50:08.810+0000] {logging_mixin.py:190} INFO - [2024-10-08T23:50:08.810+0000] {dag.py:4180} INFO - Setting next_dagrun for example_bash_operator to 2024-10-07 00:00:00+00:00, run_after=2024-10-08 00:00:00+00:00
[2024-10-08T23:50:08.820+0000] {processor.py:208} INFO - Processing /home/airflow/.local/lib/python3.12/site-packages/airflow/example_dags/example_bash_operator.py took 0.051 seconds
