[2024-10-08T23:14:24.528+0000] {processor.py:186} INFO - Started process (PID=15718) to work on /home/airflow/.local/lib/python3.12/site-packages/airflow/example_dags/example_bash_decorator.py
[2024-10-08T23:14:24.528+0000] {processor.py:914} INFO - Processing file /home/airflow/.local/lib/python3.12/site-packages/airflow/example_dags/example_bash_decorator.py for tasks to queue
[2024-10-08T23:14:24.529+0000] {logging_mixin.py:190} INFO - [2024-10-08T23:14:24.529+0000] {dagbag.py:588} INFO - Filling up the DagBag from /home/airflow/.local/lib/python3.12/site-packages/airflow/example_dags/example_bash_decorator.py
[2024-10-08T23:14:24.537+0000] {processor.py:925} INFO - DAG(s) 'example_bash_decorator' retrieved from /home/airflow/.local/lib/python3.12/site-packages/airflow/example_dags/example_bash_decorator.py
[2024-10-08T23:14:24.549+0000] {logging_mixin.py:190} INFO - [2024-10-08T23:14:24.549+0000] {dag.py:3239} INFO - Sync 1 DAGs
[2024-10-08T23:14:24.557+0000] {logging_mixin.py:190} INFO - [2024-10-08T23:14:24.557+0000] {dag.py:4180} INFO - Setting next_dagrun for example_bash_decorator to None, run_after=None
[2024-10-08T23:14:24.566+0000] {processor.py:208} INFO - Processing /home/airflow/.local/lib/python3.12/site-packages/airflow/example_dags/example_bash_decorator.py took 0.042 seconds
[2024-10-08T23:34:23.919+0000] {processor.py:186} INFO - Started process (PID=178) to work on /home/airflow/.local/lib/python3.12/site-packages/airflow/example_dags/example_bash_decorator.py
[2024-10-08T23:34:23.920+0000] {processor.py:914} INFO - Processing file /home/airflow/.local/lib/python3.12/site-packages/airflow/example_dags/example_bash_decorator.py for tasks to queue
[2024-10-08T23:34:23.922+0000] {logging_mixin.py:190} INFO - [2024-10-08T23:34:23.921+0000] {dagbag.py:588} INFO - Filling up the DagBag from /home/airflow/.local/lib/python3.12/site-packages/airflow/example_dags/example_bash_decorator.py
[2024-10-08T23:34:23.933+0000] {processor.py:925} INFO - DAG(s) 'example_bash_decorator' retrieved from /home/airflow/.local/lib/python3.12/site-packages/airflow/example_dags/example_bash_decorator.py
[2024-10-08T23:34:24.020+0000] {logging_mixin.py:190} INFO - [2024-10-08T23:34:24.020+0000] {dag.py:3239} INFO - Sync 1 DAGs
[2024-10-08T23:34:24.029+0000] {logging_mixin.py:190} INFO - [2024-10-08T23:34:24.029+0000] {dag.py:4180} INFO - Setting next_dagrun for example_bash_decorator to None, run_after=None
[2024-10-08T23:34:24.039+0000] {processor.py:208} INFO - Processing /home/airflow/.local/lib/python3.12/site-packages/airflow/example_dags/example_bash_decorator.py took 0.124 seconds
[2024-10-08T23:34:54.530+0000] {processor.py:186} INFO - Started process (PID=241) to work on /home/airflow/.local/lib/python3.12/site-packages/airflow/example_dags/example_bash_decorator.py
[2024-10-08T23:34:54.531+0000] {processor.py:914} INFO - Processing file /home/airflow/.local/lib/python3.12/site-packages/airflow/example_dags/example_bash_decorator.py for tasks to queue
[2024-10-08T23:34:54.532+0000] {logging_mixin.py:190} INFO - [2024-10-08T23:34:54.532+0000] {dagbag.py:588} INFO - Filling up the DagBag from /home/airflow/.local/lib/python3.12/site-packages/airflow/example_dags/example_bash_decorator.py
[2024-10-08T23:34:54.540+0000] {processor.py:925} INFO - DAG(s) 'example_bash_decorator' retrieved from /home/airflow/.local/lib/python3.12/site-packages/airflow/example_dags/example_bash_decorator.py
[2024-10-08T23:34:54.553+0000] {logging_mixin.py:190} INFO - [2024-10-08T23:34:54.553+0000] {dag.py:3239} INFO - Sync 1 DAGs
[2024-10-08T23:34:54.560+0000] {logging_mixin.py:190} INFO - [2024-10-08T23:34:54.560+0000] {dag.py:4180} INFO - Setting next_dagrun for example_bash_decorator to None, run_after=None
[2024-10-08T23:34:54.570+0000] {processor.py:208} INFO - Processing /home/airflow/.local/lib/python3.12/site-packages/airflow/example_dags/example_bash_decorator.py took 0.044 seconds
[2024-10-08T23:35:25.003+0000] {processor.py:186} INFO - Started process (PID=304) to work on /home/airflow/.local/lib/python3.12/site-packages/airflow/example_dags/example_bash_decorator.py
[2024-10-08T23:35:25.004+0000] {processor.py:914} INFO - Processing file /home/airflow/.local/lib/python3.12/site-packages/airflow/example_dags/example_bash_decorator.py for tasks to queue
[2024-10-08T23:35:25.005+0000] {logging_mixin.py:190} INFO - [2024-10-08T23:35:25.005+0000] {dagbag.py:588} INFO - Filling up the DagBag from /home/airflow/.local/lib/python3.12/site-packages/airflow/example_dags/example_bash_decorator.py
[2024-10-08T23:35:25.014+0000] {processor.py:925} INFO - DAG(s) 'example_bash_decorator' retrieved from /home/airflow/.local/lib/python3.12/site-packages/airflow/example_dags/example_bash_decorator.py
[2024-10-08T23:35:25.026+0000] {logging_mixin.py:190} INFO - [2024-10-08T23:35:25.026+0000] {dag.py:3239} INFO - Sync 1 DAGs
[2024-10-08T23:35:25.034+0000] {logging_mixin.py:190} INFO - [2024-10-08T23:35:25.034+0000] {dag.py:4180} INFO - Setting next_dagrun for example_bash_decorator to None, run_after=None
[2024-10-08T23:35:25.044+0000] {processor.py:208} INFO - Processing /home/airflow/.local/lib/python3.12/site-packages/airflow/example_dags/example_bash_decorator.py took 0.045 seconds
[2024-10-08T23:35:55.217+0000] {processor.py:186} INFO - Started process (PID=367) to work on /home/airflow/.local/lib/python3.12/site-packages/airflow/example_dags/example_bash_decorator.py
[2024-10-08T23:35:55.218+0000] {processor.py:914} INFO - Processing file /home/airflow/.local/lib/python3.12/site-packages/airflow/example_dags/example_bash_decorator.py for tasks to queue
[2024-10-08T23:35:55.220+0000] {logging_mixin.py:190} INFO - [2024-10-08T23:35:55.219+0000] {dagbag.py:588} INFO - Filling up the DagBag from /home/airflow/.local/lib/python3.12/site-packages/airflow/example_dags/example_bash_decorator.py
[2024-10-08T23:35:55.228+0000] {processor.py:925} INFO - DAG(s) 'example_bash_decorator' retrieved from /home/airflow/.local/lib/python3.12/site-packages/airflow/example_dags/example_bash_decorator.py
[2024-10-08T23:35:55.242+0000] {logging_mixin.py:190} INFO - [2024-10-08T23:35:55.242+0000] {dag.py:3239} INFO - Sync 1 DAGs
[2024-10-08T23:35:55.250+0000] {logging_mixin.py:190} INFO - [2024-10-08T23:35:55.249+0000] {dag.py:4180} INFO - Setting next_dagrun for example_bash_decorator to None, run_after=None
[2024-10-08T23:35:55.259+0000] {processor.py:208} INFO - Processing /home/airflow/.local/lib/python3.12/site-packages/airflow/example_dags/example_bash_decorator.py took 0.045 seconds
[2024-10-08T23:36:25.360+0000] {processor.py:186} INFO - Started process (PID=430) to work on /home/airflow/.local/lib/python3.12/site-packages/airflow/example_dags/example_bash_decorator.py
[2024-10-08T23:36:25.361+0000] {processor.py:914} INFO - Processing file /home/airflow/.local/lib/python3.12/site-packages/airflow/example_dags/example_bash_decorator.py for tasks to queue
[2024-10-08T23:36:25.362+0000] {logging_mixin.py:190} INFO - [2024-10-08T23:36:25.362+0000] {dagbag.py:588} INFO - Filling up the DagBag from /home/airflow/.local/lib/python3.12/site-packages/airflow/example_dags/example_bash_decorator.py
[2024-10-08T23:36:25.370+0000] {processor.py:925} INFO - DAG(s) 'example_bash_decorator' retrieved from /home/airflow/.local/lib/python3.12/site-packages/airflow/example_dags/example_bash_decorator.py
[2024-10-08T23:36:25.382+0000] {logging_mixin.py:190} INFO - [2024-10-08T23:36:25.382+0000] {dag.py:3239} INFO - Sync 1 DAGs
[2024-10-08T23:36:25.390+0000] {logging_mixin.py:190} INFO - [2024-10-08T23:36:25.390+0000] {dag.py:4180} INFO - Setting next_dagrun for example_bash_decorator to None, run_after=None
[2024-10-08T23:36:25.400+0000] {processor.py:208} INFO - Processing /home/airflow/.local/lib/python3.12/site-packages/airflow/example_dags/example_bash_decorator.py took 0.043 seconds
[2024-10-08T23:36:55.547+0000] {processor.py:186} INFO - Started process (PID=493) to work on /home/airflow/.local/lib/python3.12/site-packages/airflow/example_dags/example_bash_decorator.py
[2024-10-08T23:36:55.547+0000] {processor.py:914} INFO - Processing file /home/airflow/.local/lib/python3.12/site-packages/airflow/example_dags/example_bash_decorator.py for tasks to queue
[2024-10-08T23:36:55.549+0000] {logging_mixin.py:190} INFO - [2024-10-08T23:36:55.549+0000] {dagbag.py:588} INFO - Filling up the DagBag from /home/airflow/.local/lib/python3.12/site-packages/airflow/example_dags/example_bash_decorator.py
[2024-10-08T23:36:55.557+0000] {processor.py:925} INFO - DAG(s) 'example_bash_decorator' retrieved from /home/airflow/.local/lib/python3.12/site-packages/airflow/example_dags/example_bash_decorator.py
[2024-10-08T23:36:55.570+0000] {logging_mixin.py:190} INFO - [2024-10-08T23:36:55.570+0000] {dag.py:3239} INFO - Sync 1 DAGs
[2024-10-08T23:36:55.578+0000] {logging_mixin.py:190} INFO - [2024-10-08T23:36:55.578+0000] {dag.py:4180} INFO - Setting next_dagrun for example_bash_decorator to None, run_after=None
[2024-10-08T23:36:55.587+0000] {processor.py:208} INFO - Processing /home/airflow/.local/lib/python3.12/site-packages/airflow/example_dags/example_bash_decorator.py took 0.044 seconds
[2024-10-08T23:37:25.846+0000] {processor.py:186} INFO - Started process (PID=556) to work on /home/airflow/.local/lib/python3.12/site-packages/airflow/example_dags/example_bash_decorator.py
[2024-10-08T23:37:25.847+0000] {processor.py:914} INFO - Processing file /home/airflow/.local/lib/python3.12/site-packages/airflow/example_dags/example_bash_decorator.py for tasks to queue
[2024-10-08T23:37:25.848+0000] {logging_mixin.py:190} INFO - [2024-10-08T23:37:25.848+0000] {dagbag.py:588} INFO - Filling up the DagBag from /home/airflow/.local/lib/python3.12/site-packages/airflow/example_dags/example_bash_decorator.py
[2024-10-08T23:37:25.856+0000] {processor.py:925} INFO - DAG(s) 'example_bash_decorator' retrieved from /home/airflow/.local/lib/python3.12/site-packages/airflow/example_dags/example_bash_decorator.py
[2024-10-08T23:37:25.869+0000] {logging_mixin.py:190} INFO - [2024-10-08T23:37:25.869+0000] {dag.py:3239} INFO - Sync 1 DAGs
[2024-10-08T23:37:25.876+0000] {logging_mixin.py:190} INFO - [2024-10-08T23:37:25.876+0000] {dag.py:4180} INFO - Setting next_dagrun for example_bash_decorator to None, run_after=None
[2024-10-08T23:37:25.886+0000] {processor.py:208} INFO - Processing /home/airflow/.local/lib/python3.12/site-packages/airflow/example_dags/example_bash_decorator.py took 0.043 seconds
[2024-10-08T23:37:56.212+0000] {processor.py:186} INFO - Started process (PID=619) to work on /home/airflow/.local/lib/python3.12/site-packages/airflow/example_dags/example_bash_decorator.py
[2024-10-08T23:37:56.213+0000] {processor.py:914} INFO - Processing file /home/airflow/.local/lib/python3.12/site-packages/airflow/example_dags/example_bash_decorator.py for tasks to queue
[2024-10-08T23:37:56.214+0000] {logging_mixin.py:190} INFO - [2024-10-08T23:37:56.214+0000] {dagbag.py:588} INFO - Filling up the DagBag from /home/airflow/.local/lib/python3.12/site-packages/airflow/example_dags/example_bash_decorator.py
[2024-10-08T23:37:56.223+0000] {processor.py:925} INFO - DAG(s) 'example_bash_decorator' retrieved from /home/airflow/.local/lib/python3.12/site-packages/airflow/example_dags/example_bash_decorator.py
[2024-10-08T23:37:56.235+0000] {logging_mixin.py:190} INFO - [2024-10-08T23:37:56.235+0000] {dag.py:3239} INFO - Sync 1 DAGs
[2024-10-08T23:37:56.242+0000] {logging_mixin.py:190} INFO - [2024-10-08T23:37:56.242+0000] {dag.py:4180} INFO - Setting next_dagrun for example_bash_decorator to None, run_after=None
[2024-10-08T23:37:56.252+0000] {processor.py:208} INFO - Processing /home/airflow/.local/lib/python3.12/site-packages/airflow/example_dags/example_bash_decorator.py took 0.043 seconds
[2024-10-08T23:38:26.508+0000] {processor.py:186} INFO - Started process (PID=682) to work on /home/airflow/.local/lib/python3.12/site-packages/airflow/example_dags/example_bash_decorator.py
[2024-10-08T23:38:26.509+0000] {processor.py:914} INFO - Processing file /home/airflow/.local/lib/python3.12/site-packages/airflow/example_dags/example_bash_decorator.py for tasks to queue
[2024-10-08T23:38:26.510+0000] {logging_mixin.py:190} INFO - [2024-10-08T23:38:26.510+0000] {dagbag.py:588} INFO - Filling up the DagBag from /home/airflow/.local/lib/python3.12/site-packages/airflow/example_dags/example_bash_decorator.py
[2024-10-08T23:38:26.518+0000] {processor.py:925} INFO - DAG(s) 'example_bash_decorator' retrieved from /home/airflow/.local/lib/python3.12/site-packages/airflow/example_dags/example_bash_decorator.py
[2024-10-08T23:38:26.532+0000] {logging_mixin.py:190} INFO - [2024-10-08T23:38:26.531+0000] {dag.py:3239} INFO - Sync 1 DAGs
[2024-10-08T23:38:26.540+0000] {logging_mixin.py:190} INFO - [2024-10-08T23:38:26.540+0000] {dag.py:4180} INFO - Setting next_dagrun for example_bash_decorator to None, run_after=None
[2024-10-08T23:38:26.551+0000] {processor.py:208} INFO - Processing /home/airflow/.local/lib/python3.12/site-packages/airflow/example_dags/example_bash_decorator.py took 0.047 seconds
[2024-10-08T23:38:56.668+0000] {processor.py:186} INFO - Started process (PID=745) to work on /home/airflow/.local/lib/python3.12/site-packages/airflow/example_dags/example_bash_decorator.py
[2024-10-08T23:38:56.669+0000] {processor.py:914} INFO - Processing file /home/airflow/.local/lib/python3.12/site-packages/airflow/example_dags/example_bash_decorator.py for tasks to queue
[2024-10-08T23:38:56.670+0000] {logging_mixin.py:190} INFO - [2024-10-08T23:38:56.670+0000] {dagbag.py:588} INFO - Filling up the DagBag from /home/airflow/.local/lib/python3.12/site-packages/airflow/example_dags/example_bash_decorator.py
[2024-10-08T23:38:56.678+0000] {processor.py:925} INFO - DAG(s) 'example_bash_decorator' retrieved from /home/airflow/.local/lib/python3.12/site-packages/airflow/example_dags/example_bash_decorator.py
[2024-10-08T23:38:56.691+0000] {logging_mixin.py:190} INFO - [2024-10-08T23:38:56.691+0000] {dag.py:3239} INFO - Sync 1 DAGs
[2024-10-08T23:38:56.699+0000] {logging_mixin.py:190} INFO - [2024-10-08T23:38:56.699+0000] {dag.py:4180} INFO - Setting next_dagrun for example_bash_decorator to None, run_after=None
[2024-10-08T23:38:56.709+0000] {processor.py:208} INFO - Processing /home/airflow/.local/lib/python3.12/site-packages/airflow/example_dags/example_bash_decorator.py took 0.044 seconds
[2024-10-08T23:39:39.527+0000] {processor.py:186} INFO - Started process (PID=171) to work on /home/airflow/.local/lib/python3.12/site-packages/airflow/example_dags/example_bash_decorator.py
[2024-10-08T23:39:39.527+0000] {processor.py:914} INFO - Processing file /home/airflow/.local/lib/python3.12/site-packages/airflow/example_dags/example_bash_decorator.py for tasks to queue
[2024-10-08T23:39:39.529+0000] {logging_mixin.py:190} INFO - [2024-10-08T23:39:39.528+0000] {dagbag.py:588} INFO - Filling up the DagBag from /home/airflow/.local/lib/python3.12/site-packages/airflow/example_dags/example_bash_decorator.py
[2024-10-08T23:39:39.537+0000] {processor.py:925} INFO - DAG(s) 'example_bash_decorator' retrieved from /home/airflow/.local/lib/python3.12/site-packages/airflow/example_dags/example_bash_decorator.py
[2024-10-08T23:39:39.595+0000] {logging_mixin.py:190} INFO - [2024-10-08T23:39:39.595+0000] {dag.py:3239} INFO - Sync 1 DAGs
[2024-10-08T23:39:39.601+0000] {logging_mixin.py:190} INFO - [2024-10-08T23:39:39.601+0000] {dag.py:4180} INFO - Setting next_dagrun for example_bash_decorator to None, run_after=None
[2024-10-08T23:39:39.610+0000] {processor.py:208} INFO - Processing /home/airflow/.local/lib/python3.12/site-packages/airflow/example_dags/example_bash_decorator.py took 0.087 seconds
[2024-10-08T23:40:09.653+0000] {processor.py:186} INFO - Started process (PID=234) to work on /home/airflow/.local/lib/python3.12/site-packages/airflow/example_dags/example_bash_decorator.py
[2024-10-08T23:40:09.654+0000] {processor.py:914} INFO - Processing file /home/airflow/.local/lib/python3.12/site-packages/airflow/example_dags/example_bash_decorator.py for tasks to queue
[2024-10-08T23:40:09.655+0000] {logging_mixin.py:190} INFO - [2024-10-08T23:40:09.655+0000] {dagbag.py:588} INFO - Filling up the DagBag from /home/airflow/.local/lib/python3.12/site-packages/airflow/example_dags/example_bash_decorator.py
[2024-10-08T23:40:09.664+0000] {processor.py:925} INFO - DAG(s) 'example_bash_decorator' retrieved from /home/airflow/.local/lib/python3.12/site-packages/airflow/example_dags/example_bash_decorator.py
[2024-10-08T23:40:09.676+0000] {logging_mixin.py:190} INFO - [2024-10-08T23:40:09.676+0000] {dag.py:3239} INFO - Sync 1 DAGs
[2024-10-08T23:40:09.684+0000] {logging_mixin.py:190} INFO - [2024-10-08T23:40:09.684+0000] {dag.py:4180} INFO - Setting next_dagrun for example_bash_decorator to None, run_after=None
[2024-10-08T23:40:09.695+0000] {processor.py:208} INFO - Processing /home/airflow/.local/lib/python3.12/site-packages/airflow/example_dags/example_bash_decorator.py took 0.045 seconds
[2024-10-08T23:40:40.786+0000] {processor.py:186} INFO - Started process (PID=297) to work on /home/airflow/.local/lib/python3.12/site-packages/airflow/example_dags/example_bash_decorator.py
[2024-10-08T23:40:40.787+0000] {processor.py:914} INFO - Processing file /home/airflow/.local/lib/python3.12/site-packages/airflow/example_dags/example_bash_decorator.py for tasks to queue
[2024-10-08T23:40:40.788+0000] {logging_mixin.py:190} INFO - [2024-10-08T23:40:40.788+0000] {dagbag.py:588} INFO - Filling up the DagBag from /home/airflow/.local/lib/python3.12/site-packages/airflow/example_dags/example_bash_decorator.py
[2024-10-08T23:40:40.796+0000] {processor.py:925} INFO - DAG(s) 'example_bash_decorator' retrieved from /home/airflow/.local/lib/python3.12/site-packages/airflow/example_dags/example_bash_decorator.py
[2024-10-08T23:40:40.809+0000] {logging_mixin.py:190} INFO - [2024-10-08T23:40:40.809+0000] {dag.py:3239} INFO - Sync 1 DAGs
[2024-10-08T23:40:40.817+0000] {logging_mixin.py:190} INFO - [2024-10-08T23:40:40.817+0000] {dag.py:4180} INFO - Setting next_dagrun for example_bash_decorator to None, run_after=None
[2024-10-08T23:40:40.828+0000] {processor.py:208} INFO - Processing /home/airflow/.local/lib/python3.12/site-packages/airflow/example_dags/example_bash_decorator.py took 0.045 seconds
[2024-10-08T23:41:11.064+0000] {processor.py:186} INFO - Started process (PID=360) to work on /home/airflow/.local/lib/python3.12/site-packages/airflow/example_dags/example_bash_decorator.py
[2024-10-08T23:41:11.065+0000] {processor.py:914} INFO - Processing file /home/airflow/.local/lib/python3.12/site-packages/airflow/example_dags/example_bash_decorator.py for tasks to queue
[2024-10-08T23:41:11.066+0000] {logging_mixin.py:190} INFO - [2024-10-08T23:41:11.066+0000] {dagbag.py:588} INFO - Filling up the DagBag from /home/airflow/.local/lib/python3.12/site-packages/airflow/example_dags/example_bash_decorator.py
[2024-10-08T23:41:11.076+0000] {processor.py:925} INFO - DAG(s) 'example_bash_decorator' retrieved from /home/airflow/.local/lib/python3.12/site-packages/airflow/example_dags/example_bash_decorator.py
[2024-10-08T23:41:11.089+0000] {logging_mixin.py:190} INFO - [2024-10-08T23:41:11.089+0000] {dag.py:3239} INFO - Sync 1 DAGs
[2024-10-08T23:41:11.099+0000] {logging_mixin.py:190} INFO - [2024-10-08T23:41:11.098+0000] {dag.py:4180} INFO - Setting next_dagrun for example_bash_decorator to None, run_after=None
[2024-10-08T23:41:11.110+0000] {processor.py:208} INFO - Processing /home/airflow/.local/lib/python3.12/site-packages/airflow/example_dags/example_bash_decorator.py took 0.049 seconds
[2024-10-08T23:41:41.280+0000] {processor.py:186} INFO - Started process (PID=423) to work on /home/airflow/.local/lib/python3.12/site-packages/airflow/example_dags/example_bash_decorator.py
[2024-10-08T23:41:41.281+0000] {processor.py:914} INFO - Processing file /home/airflow/.local/lib/python3.12/site-packages/airflow/example_dags/example_bash_decorator.py for tasks to queue
[2024-10-08T23:41:41.282+0000] {logging_mixin.py:190} INFO - [2024-10-08T23:41:41.282+0000] {dagbag.py:588} INFO - Filling up the DagBag from /home/airflow/.local/lib/python3.12/site-packages/airflow/example_dags/example_bash_decorator.py
[2024-10-08T23:41:41.290+0000] {processor.py:925} INFO - DAG(s) 'example_bash_decorator' retrieved from /home/airflow/.local/lib/python3.12/site-packages/airflow/example_dags/example_bash_decorator.py
[2024-10-08T23:41:41.303+0000] {logging_mixin.py:190} INFO - [2024-10-08T23:41:41.303+0000] {dag.py:3239} INFO - Sync 1 DAGs
[2024-10-08T23:41:41.310+0000] {logging_mixin.py:190} INFO - [2024-10-08T23:41:41.310+0000] {dag.py:4180} INFO - Setting next_dagrun for example_bash_decorator to None, run_after=None
[2024-10-08T23:41:41.321+0000] {processor.py:208} INFO - Processing /home/airflow/.local/lib/python3.12/site-packages/airflow/example_dags/example_bash_decorator.py took 0.043 seconds
[2024-10-08T23:42:53.997+0000] {processor.py:186} INFO - Started process (PID=171) to work on /home/airflow/.local/lib/python3.12/site-packages/airflow/example_dags/example_bash_decorator.py
[2024-10-08T23:42:53.998+0000] {processor.py:914} INFO - Processing file /home/airflow/.local/lib/python3.12/site-packages/airflow/example_dags/example_bash_decorator.py for tasks to queue
[2024-10-08T23:42:53.999+0000] {logging_mixin.py:190} INFO - [2024-10-08T23:42:53.999+0000] {dagbag.py:588} INFO - Filling up the DagBag from /home/airflow/.local/lib/python3.12/site-packages/airflow/example_dags/example_bash_decorator.py
[2024-10-08T23:42:54.008+0000] {processor.py:925} INFO - DAG(s) 'example_bash_decorator' retrieved from /home/airflow/.local/lib/python3.12/site-packages/airflow/example_dags/example_bash_decorator.py
[2024-10-08T23:42:54.070+0000] {logging_mixin.py:190} INFO - [2024-10-08T23:42:54.069+0000] {dag.py:3239} INFO - Sync 1 DAGs
[2024-10-08T23:42:54.076+0000] {logging_mixin.py:190} INFO - [2024-10-08T23:42:54.076+0000] {dag.py:4180} INFO - Setting next_dagrun for example_bash_decorator to None, run_after=None
[2024-10-08T23:42:54.087+0000] {processor.py:208} INFO - Processing /home/airflow/.local/lib/python3.12/site-packages/airflow/example_dags/example_bash_decorator.py took 0.094 seconds
[2024-10-08T23:43:24.232+0000] {processor.py:186} INFO - Started process (PID=234) to work on /home/airflow/.local/lib/python3.12/site-packages/airflow/example_dags/example_bash_decorator.py
[2024-10-08T23:43:24.232+0000] {processor.py:914} INFO - Processing file /home/airflow/.local/lib/python3.12/site-packages/airflow/example_dags/example_bash_decorator.py for tasks to queue
[2024-10-08T23:43:24.234+0000] {logging_mixin.py:190} INFO - [2024-10-08T23:43:24.233+0000] {dagbag.py:588} INFO - Filling up the DagBag from /home/airflow/.local/lib/python3.12/site-packages/airflow/example_dags/example_bash_decorator.py
[2024-10-08T23:43:24.241+0000] {processor.py:925} INFO - DAG(s) 'example_bash_decorator' retrieved from /home/airflow/.local/lib/python3.12/site-packages/airflow/example_dags/example_bash_decorator.py
[2024-10-08T23:43:24.253+0000] {logging_mixin.py:190} INFO - [2024-10-08T23:43:24.253+0000] {dag.py:3239} INFO - Sync 1 DAGs
[2024-10-08T23:43:24.261+0000] {logging_mixin.py:190} INFO - [2024-10-08T23:43:24.261+0000] {dag.py:4180} INFO - Setting next_dagrun for example_bash_decorator to None, run_after=None
[2024-10-08T23:43:24.270+0000] {processor.py:208} INFO - Processing /home/airflow/.local/lib/python3.12/site-packages/airflow/example_dags/example_bash_decorator.py took 0.041 seconds
[2024-10-08T23:44:33.067+0000] {processor.py:186} INFO - Started process (PID=178) to work on /home/airflow/.local/lib/python3.12/site-packages/airflow/example_dags/example_bash_decorator.py
[2024-10-08T23:44:33.068+0000] {processor.py:914} INFO - Processing file /home/airflow/.local/lib/python3.12/site-packages/airflow/example_dags/example_bash_decorator.py for tasks to queue
[2024-10-08T23:44:33.070+0000] {logging_mixin.py:190} INFO - [2024-10-08T23:44:33.070+0000] {dagbag.py:588} INFO - Filling up the DagBag from /home/airflow/.local/lib/python3.12/site-packages/airflow/example_dags/example_bash_decorator.py
[2024-10-08T23:44:33.081+0000] {processor.py:925} INFO - DAG(s) 'example_bash_decorator' retrieved from /home/airflow/.local/lib/python3.12/site-packages/airflow/example_dags/example_bash_decorator.py
[2024-10-08T23:44:33.152+0000] {logging_mixin.py:190} INFO - [2024-10-08T23:44:33.152+0000] {dag.py:3239} INFO - Sync 1 DAGs
[2024-10-08T23:44:33.160+0000] {logging_mixin.py:190} INFO - [2024-10-08T23:44:33.160+0000] {dag.py:4180} INFO - Setting next_dagrun for example_bash_decorator to None, run_after=None
[2024-10-08T23:44:33.171+0000] {processor.py:208} INFO - Processing /home/airflow/.local/lib/python3.12/site-packages/airflow/example_dags/example_bash_decorator.py took 0.107 seconds
[2024-10-08T23:45:03.428+0000] {processor.py:186} INFO - Started process (PID=241) to work on /home/airflow/.local/lib/python3.12/site-packages/airflow/example_dags/example_bash_decorator.py
[2024-10-08T23:45:03.429+0000] {processor.py:914} INFO - Processing file /home/airflow/.local/lib/python3.12/site-packages/airflow/example_dags/example_bash_decorator.py for tasks to queue
[2024-10-08T23:45:03.430+0000] {logging_mixin.py:190} INFO - [2024-10-08T23:45:03.430+0000] {dagbag.py:588} INFO - Filling up the DagBag from /home/airflow/.local/lib/python3.12/site-packages/airflow/example_dags/example_bash_decorator.py
[2024-10-08T23:45:03.440+0000] {processor.py:925} INFO - DAG(s) 'example_bash_decorator' retrieved from /home/airflow/.local/lib/python3.12/site-packages/airflow/example_dags/example_bash_decorator.py
[2024-10-08T23:45:03.455+0000] {logging_mixin.py:190} INFO - [2024-10-08T23:45:03.454+0000] {dag.py:3239} INFO - Sync 1 DAGs
[2024-10-08T23:45:03.463+0000] {logging_mixin.py:190} INFO - [2024-10-08T23:45:03.463+0000] {dag.py:4180} INFO - Setting next_dagrun for example_bash_decorator to None, run_after=None
[2024-10-08T23:45:03.473+0000] {processor.py:208} INFO - Processing /home/airflow/.local/lib/python3.12/site-packages/airflow/example_dags/example_bash_decorator.py took 0.049 seconds
[2024-10-08T23:45:33.636+0000] {processor.py:186} INFO - Started process (PID=304) to work on /home/airflow/.local/lib/python3.12/site-packages/airflow/example_dags/example_bash_decorator.py
[2024-10-08T23:45:33.636+0000] {processor.py:914} INFO - Processing file /home/airflow/.local/lib/python3.12/site-packages/airflow/example_dags/example_bash_decorator.py for tasks to queue
[2024-10-08T23:45:33.638+0000] {logging_mixin.py:190} INFO - [2024-10-08T23:45:33.637+0000] {dagbag.py:588} INFO - Filling up the DagBag from /home/airflow/.local/lib/python3.12/site-packages/airflow/example_dags/example_bash_decorator.py
[2024-10-08T23:45:33.646+0000] {processor.py:925} INFO - DAG(s) 'example_bash_decorator' retrieved from /home/airflow/.local/lib/python3.12/site-packages/airflow/example_dags/example_bash_decorator.py
[2024-10-08T23:45:33.658+0000] {logging_mixin.py:190} INFO - [2024-10-08T23:45:33.658+0000] {dag.py:3239} INFO - Sync 1 DAGs
[2024-10-08T23:45:33.665+0000] {logging_mixin.py:190} INFO - [2024-10-08T23:45:33.665+0000] {dag.py:4180} INFO - Setting next_dagrun for example_bash_decorator to None, run_after=None
[2024-10-08T23:45:33.675+0000] {processor.py:208} INFO - Processing /home/airflow/.local/lib/python3.12/site-packages/airflow/example_dags/example_bash_decorator.py took 0.043 seconds
[2024-10-08T23:46:03.824+0000] {processor.py:186} INFO - Started process (PID=367) to work on /home/airflow/.local/lib/python3.12/site-packages/airflow/example_dags/example_bash_decorator.py
[2024-10-08T23:46:03.824+0000] {processor.py:914} INFO - Processing file /home/airflow/.local/lib/python3.12/site-packages/airflow/example_dags/example_bash_decorator.py for tasks to queue
[2024-10-08T23:46:03.826+0000] {logging_mixin.py:190} INFO - [2024-10-08T23:46:03.825+0000] {dagbag.py:588} INFO - Filling up the DagBag from /home/airflow/.local/lib/python3.12/site-packages/airflow/example_dags/example_bash_decorator.py
[2024-10-08T23:46:03.834+0000] {processor.py:925} INFO - DAG(s) 'example_bash_decorator' retrieved from /home/airflow/.local/lib/python3.12/site-packages/airflow/example_dags/example_bash_decorator.py
[2024-10-08T23:46:03.847+0000] {logging_mixin.py:190} INFO - [2024-10-08T23:46:03.847+0000] {dag.py:3239} INFO - Sync 1 DAGs
[2024-10-08T23:46:03.855+0000] {logging_mixin.py:190} INFO - [2024-10-08T23:46:03.855+0000] {dag.py:4180} INFO - Setting next_dagrun for example_bash_decorator to None, run_after=None
[2024-10-08T23:46:03.864+0000] {processor.py:208} INFO - Processing /home/airflow/.local/lib/python3.12/site-packages/airflow/example_dags/example_bash_decorator.py took 0.044 seconds
[2024-10-08T23:46:35.077+0000] {processor.py:186} INFO - Started process (PID=430) to work on /home/airflow/.local/lib/python3.12/site-packages/airflow/example_dags/example_bash_decorator.py
[2024-10-08T23:46:35.078+0000] {processor.py:914} INFO - Processing file /home/airflow/.local/lib/python3.12/site-packages/airflow/example_dags/example_bash_decorator.py for tasks to queue
[2024-10-08T23:46:35.079+0000] {logging_mixin.py:190} INFO - [2024-10-08T23:46:35.079+0000] {dagbag.py:588} INFO - Filling up the DagBag from /home/airflow/.local/lib/python3.12/site-packages/airflow/example_dags/example_bash_decorator.py
[2024-10-08T23:46:35.088+0000] {processor.py:925} INFO - DAG(s) 'example_bash_decorator' retrieved from /home/airflow/.local/lib/python3.12/site-packages/airflow/example_dags/example_bash_decorator.py
[2024-10-08T23:46:35.100+0000] {logging_mixin.py:190} INFO - [2024-10-08T23:46:35.100+0000] {dag.py:3239} INFO - Sync 1 DAGs
[2024-10-08T23:46:35.108+0000] {logging_mixin.py:190} INFO - [2024-10-08T23:46:35.108+0000] {dag.py:4180} INFO - Setting next_dagrun for example_bash_decorator to None, run_after=None
[2024-10-08T23:46:35.117+0000] {processor.py:208} INFO - Processing /home/airflow/.local/lib/python3.12/site-packages/airflow/example_dags/example_bash_decorator.py took 0.043 seconds
[2024-10-08T23:47:05.178+0000] {processor.py:186} INFO - Started process (PID=493) to work on /home/airflow/.local/lib/python3.12/site-packages/airflow/example_dags/example_bash_decorator.py
[2024-10-08T23:47:05.179+0000] {processor.py:914} INFO - Processing file /home/airflow/.local/lib/python3.12/site-packages/airflow/example_dags/example_bash_decorator.py for tasks to queue
[2024-10-08T23:47:05.180+0000] {logging_mixin.py:190} INFO - [2024-10-08T23:47:05.180+0000] {dagbag.py:588} INFO - Filling up the DagBag from /home/airflow/.local/lib/python3.12/site-packages/airflow/example_dags/example_bash_decorator.py
[2024-10-08T23:47:05.188+0000] {processor.py:925} INFO - DAG(s) 'example_bash_decorator' retrieved from /home/airflow/.local/lib/python3.12/site-packages/airflow/example_dags/example_bash_decorator.py
[2024-10-08T23:47:05.201+0000] {logging_mixin.py:190} INFO - [2024-10-08T23:47:05.201+0000] {dag.py:3239} INFO - Sync 1 DAGs
[2024-10-08T23:47:05.209+0000] {logging_mixin.py:190} INFO - [2024-10-08T23:47:05.209+0000] {dag.py:4180} INFO - Setting next_dagrun for example_bash_decorator to None, run_after=None
[2024-10-08T23:47:05.220+0000] {processor.py:208} INFO - Processing /home/airflow/.local/lib/python3.12/site-packages/airflow/example_dags/example_bash_decorator.py took 0.045 seconds
[2024-10-08T23:47:35.368+0000] {processor.py:186} INFO - Started process (PID=556) to work on /home/airflow/.local/lib/python3.12/site-packages/airflow/example_dags/example_bash_decorator.py
[2024-10-08T23:47:35.368+0000] {processor.py:914} INFO - Processing file /home/airflow/.local/lib/python3.12/site-packages/airflow/example_dags/example_bash_decorator.py for tasks to queue
[2024-10-08T23:47:35.370+0000] {logging_mixin.py:190} INFO - [2024-10-08T23:47:35.369+0000] {dagbag.py:588} INFO - Filling up the DagBag from /home/airflow/.local/lib/python3.12/site-packages/airflow/example_dags/example_bash_decorator.py
[2024-10-08T23:47:35.378+0000] {processor.py:925} INFO - DAG(s) 'example_bash_decorator' retrieved from /home/airflow/.local/lib/python3.12/site-packages/airflow/example_dags/example_bash_decorator.py
[2024-10-08T23:47:35.391+0000] {logging_mixin.py:190} INFO - [2024-10-08T23:47:35.391+0000] {dag.py:3239} INFO - Sync 1 DAGs
[2024-10-08T23:47:35.399+0000] {logging_mixin.py:190} INFO - [2024-10-08T23:47:35.399+0000] {dag.py:4180} INFO - Setting next_dagrun for example_bash_decorator to None, run_after=None
[2024-10-08T23:47:35.408+0000] {processor.py:208} INFO - Processing /home/airflow/.local/lib/python3.12/site-packages/airflow/example_dags/example_bash_decorator.py took 0.044 seconds
[2024-10-08T23:48:05.614+0000] {processor.py:186} INFO - Started process (PID=619) to work on /home/airflow/.local/lib/python3.12/site-packages/airflow/example_dags/example_bash_decorator.py
[2024-10-08T23:48:05.615+0000] {processor.py:914} INFO - Processing file /home/airflow/.local/lib/python3.12/site-packages/airflow/example_dags/example_bash_decorator.py for tasks to queue
[2024-10-08T23:48:05.616+0000] {logging_mixin.py:190} INFO - [2024-10-08T23:48:05.616+0000] {dagbag.py:588} INFO - Filling up the DagBag from /home/airflow/.local/lib/python3.12/site-packages/airflow/example_dags/example_bash_decorator.py
[2024-10-08T23:48:05.624+0000] {processor.py:925} INFO - DAG(s) 'example_bash_decorator' retrieved from /home/airflow/.local/lib/python3.12/site-packages/airflow/example_dags/example_bash_decorator.py
[2024-10-08T23:48:05.638+0000] {logging_mixin.py:190} INFO - [2024-10-08T23:48:05.638+0000] {dag.py:3239} INFO - Sync 1 DAGs
[2024-10-08T23:48:05.646+0000] {logging_mixin.py:190} INFO - [2024-10-08T23:48:05.646+0000] {dag.py:4180} INFO - Setting next_dagrun for example_bash_decorator to None, run_after=None
[2024-10-08T23:48:05.655+0000] {processor.py:208} INFO - Processing /home/airflow/.local/lib/python3.12/site-packages/airflow/example_dags/example_bash_decorator.py took 0.044 seconds
[2024-10-08T23:48:35.777+0000] {processor.py:186} INFO - Started process (PID=682) to work on /home/airflow/.local/lib/python3.12/site-packages/airflow/example_dags/example_bash_decorator.py
[2024-10-08T23:48:35.778+0000] {processor.py:914} INFO - Processing file /home/airflow/.local/lib/python3.12/site-packages/airflow/example_dags/example_bash_decorator.py for tasks to queue
[2024-10-08T23:48:35.779+0000] {logging_mixin.py:190} INFO - [2024-10-08T23:48:35.779+0000] {dagbag.py:588} INFO - Filling up the DagBag from /home/airflow/.local/lib/python3.12/site-packages/airflow/example_dags/example_bash_decorator.py
[2024-10-08T23:48:35.787+0000] {processor.py:925} INFO - DAG(s) 'example_bash_decorator' retrieved from /home/airflow/.local/lib/python3.12/site-packages/airflow/example_dags/example_bash_decorator.py
[2024-10-08T23:48:35.800+0000] {logging_mixin.py:190} INFO - [2024-10-08T23:48:35.799+0000] {dag.py:3239} INFO - Sync 1 DAGs
[2024-10-08T23:48:35.807+0000] {logging_mixin.py:190} INFO - [2024-10-08T23:48:35.807+0000] {dag.py:4180} INFO - Setting next_dagrun for example_bash_decorator to None, run_after=None
[2024-10-08T23:48:35.816+0000] {processor.py:208} INFO - Processing /home/airflow/.local/lib/python3.12/site-packages/airflow/example_dags/example_bash_decorator.py took 0.042 seconds
[2024-10-08T23:49:06.888+0000] {processor.py:186} INFO - Started process (PID=744) to work on /home/airflow/.local/lib/python3.12/site-packages/airflow/example_dags/example_bash_decorator.py
[2024-10-08T23:49:06.888+0000] {processor.py:914} INFO - Processing file /home/airflow/.local/lib/python3.12/site-packages/airflow/example_dags/example_bash_decorator.py for tasks to queue
[2024-10-08T23:49:06.890+0000] {logging_mixin.py:190} INFO - [2024-10-08T23:49:06.890+0000] {dagbag.py:588} INFO - Filling up the DagBag from /home/airflow/.local/lib/python3.12/site-packages/airflow/example_dags/example_bash_decorator.py
[2024-10-08T23:49:06.899+0000] {processor.py:925} INFO - DAG(s) 'example_bash_decorator' retrieved from /home/airflow/.local/lib/python3.12/site-packages/airflow/example_dags/example_bash_decorator.py
[2024-10-08T23:49:06.913+0000] {logging_mixin.py:190} INFO - [2024-10-08T23:49:06.913+0000] {dag.py:3239} INFO - Sync 1 DAGs
[2024-10-08T23:49:06.921+0000] {logging_mixin.py:190} INFO - [2024-10-08T23:49:06.921+0000] {dag.py:4180} INFO - Setting next_dagrun for example_bash_decorator to None, run_after=None
[2024-10-08T23:49:06.931+0000] {processor.py:208} INFO - Processing /home/airflow/.local/lib/python3.12/site-packages/airflow/example_dags/example_bash_decorator.py took 0.047 seconds
[2024-10-08T23:49:38.137+0000] {processor.py:186} INFO - Started process (PID=808) to work on /home/airflow/.local/lib/python3.12/site-packages/airflow/example_dags/example_bash_decorator.py
[2024-10-08T23:49:38.137+0000] {processor.py:914} INFO - Processing file /home/airflow/.local/lib/python3.12/site-packages/airflow/example_dags/example_bash_decorator.py for tasks to queue
[2024-10-08T23:49:38.138+0000] {logging_mixin.py:190} INFO - [2024-10-08T23:49:38.138+0000] {dagbag.py:588} INFO - Filling up the DagBag from /home/airflow/.local/lib/python3.12/site-packages/airflow/example_dags/example_bash_decorator.py
[2024-10-08T23:49:38.146+0000] {processor.py:925} INFO - DAG(s) 'example_bash_decorator' retrieved from /home/airflow/.local/lib/python3.12/site-packages/airflow/example_dags/example_bash_decorator.py
[2024-10-08T23:49:38.159+0000] {logging_mixin.py:190} INFO - [2024-10-08T23:49:38.159+0000] {dag.py:3239} INFO - Sync 1 DAGs
[2024-10-08T23:49:38.167+0000] {logging_mixin.py:190} INFO - [2024-10-08T23:49:38.167+0000] {dag.py:4180} INFO - Setting next_dagrun for example_bash_decorator to None, run_after=None
[2024-10-08T23:49:38.177+0000] {processor.py:208} INFO - Processing /home/airflow/.local/lib/python3.12/site-packages/airflow/example_dags/example_bash_decorator.py took 0.044 seconds
[2024-10-08T23:50:08.496+0000] {processor.py:186} INFO - Started process (PID=871) to work on /home/airflow/.local/lib/python3.12/site-packages/airflow/example_dags/example_bash_decorator.py
[2024-10-08T23:50:08.496+0000] {processor.py:914} INFO - Processing file /home/airflow/.local/lib/python3.12/site-packages/airflow/example_dags/example_bash_decorator.py for tasks to queue
[2024-10-08T23:50:08.498+0000] {logging_mixin.py:190} INFO - [2024-10-08T23:50:08.497+0000] {dagbag.py:588} INFO - Filling up the DagBag from /home/airflow/.local/lib/python3.12/site-packages/airflow/example_dags/example_bash_decorator.py
[2024-10-08T23:50:08.506+0000] {processor.py:925} INFO - DAG(s) 'example_bash_decorator' retrieved from /home/airflow/.local/lib/python3.12/site-packages/airflow/example_dags/example_bash_decorator.py
[2024-10-08T23:50:08.519+0000] {logging_mixin.py:190} INFO - [2024-10-08T23:50:08.519+0000] {dag.py:3239} INFO - Sync 1 DAGs
[2024-10-08T23:50:08.527+0000] {logging_mixin.py:190} INFO - [2024-10-08T23:50:08.526+0000] {dag.py:4180} INFO - Setting next_dagrun for example_bash_decorator to None, run_after=None
[2024-10-08T23:50:08.537+0000] {processor.py:208} INFO - Processing /home/airflow/.local/lib/python3.12/site-packages/airflow/example_dags/example_bash_decorator.py took 0.045 seconds
