[2024-10-08T23:14:19.478+0000] {processor.py:186} INFO - Started process (PID=15684) to work on /home/airflow/.local/lib/python3.12/site-packages/airflow/example_dags/example_latest_only.py
[2024-10-08T23:14:19.478+0000] {processor.py:914} INFO - Processing file /home/airflow/.local/lib/python3.12/site-packages/airflow/example_dags/example_latest_only.py for tasks to queue
[2024-10-08T23:14:19.480+0000] {logging_mixin.py:190} INFO - [2024-10-08T23:14:19.479+0000] {dagbag.py:588} INFO - Filling up the DagBag from /home/airflow/.local/lib/python3.12/site-packages/airflow/example_dags/example_latest_only.py
[2024-10-08T23:14:19.483+0000] {processor.py:925} INFO - DAG(s) 'latest_only' retrieved from /home/airflow/.local/lib/python3.12/site-packages/airflow/example_dags/example_latest_only.py
[2024-10-08T23:14:19.494+0000] {logging_mixin.py:190} INFO - [2024-10-08T23:14:19.494+0000] {dag.py:3239} INFO - Sync 1 DAGs
[2024-10-08T23:14:19.506+0000] {logging_mixin.py:190} INFO - [2024-10-08T23:14:19.505+0000] {dag.py:4180} INFO - Setting next_dagrun for latest_only to 2024-10-08 16:00:00+00:00, run_after=2024-10-08 20:00:00+00:00
[2024-10-08T23:14:19.515+0000] {processor.py:208} INFO - Processing /home/airflow/.local/lib/python3.12/site-packages/airflow/example_dags/example_latest_only.py took 0.041 seconds
[2024-10-08T23:34:22.769+0000] {processor.py:186} INFO - Started process (PID=144) to work on /home/airflow/.local/lib/python3.12/site-packages/airflow/example_dags/example_latest_only.py
[2024-10-08T23:34:22.770+0000] {processor.py:914} INFO - Processing file /home/airflow/.local/lib/python3.12/site-packages/airflow/example_dags/example_latest_only.py for tasks to queue
[2024-10-08T23:34:22.772+0000] {logging_mixin.py:190} INFO - [2024-10-08T23:34:22.772+0000] {dagbag.py:588} INFO - Filling up the DagBag from /home/airflow/.local/lib/python3.12/site-packages/airflow/example_dags/example_latest_only.py
[2024-10-08T23:34:22.779+0000] {processor.py:925} INFO - DAG(s) 'latest_only' retrieved from /home/airflow/.local/lib/python3.12/site-packages/airflow/example_dags/example_latest_only.py
[2024-10-08T23:34:22.804+0000] {logging_mixin.py:190} INFO - [2024-10-08T23:34:22.804+0000] {dag.py:3239} INFO - Sync 1 DAGs
[2024-10-08T23:34:22.824+0000] {logging_mixin.py:190} INFO - [2024-10-08T23:34:22.824+0000] {dag.py:4180} INFO - Setting next_dagrun for latest_only to 2024-10-08 16:00:00+00:00, run_after=2024-10-08 20:00:00+00:00
[2024-10-08T23:34:22.837+0000] {processor.py:208} INFO - Processing /home/airflow/.local/lib/python3.12/site-packages/airflow/example_dags/example_latest_only.py took 0.072 seconds
[2024-10-08T23:34:53.400+0000] {processor.py:186} INFO - Started process (PID=213) to work on /home/airflow/.local/lib/python3.12/site-packages/airflow/example_dags/example_latest_only.py
[2024-10-08T23:34:53.400+0000] {processor.py:914} INFO - Processing file /home/airflow/.local/lib/python3.12/site-packages/airflow/example_dags/example_latest_only.py for tasks to queue
[2024-10-08T23:34:53.402+0000] {logging_mixin.py:190} INFO - [2024-10-08T23:34:53.402+0000] {dagbag.py:588} INFO - Filling up the DagBag from /home/airflow/.local/lib/python3.12/site-packages/airflow/example_dags/example_latest_only.py
[2024-10-08T23:34:53.406+0000] {processor.py:925} INFO - DAG(s) 'latest_only' retrieved from /home/airflow/.local/lib/python3.12/site-packages/airflow/example_dags/example_latest_only.py
[2024-10-08T23:34:53.418+0000] {logging_mixin.py:190} INFO - [2024-10-08T23:34:53.418+0000] {dag.py:3239} INFO - Sync 1 DAGs
[2024-10-08T23:34:53.432+0000] {logging_mixin.py:190} INFO - [2024-10-08T23:34:53.432+0000] {dag.py:4180} INFO - Setting next_dagrun for latest_only to 2024-10-08 16:00:00+00:00, run_after=2024-10-08 20:00:00+00:00
[2024-10-08T23:34:53.443+0000] {processor.py:208} INFO - Processing /home/airflow/.local/lib/python3.12/site-packages/airflow/example_dags/example_latest_only.py took 0.048 seconds
[2024-10-08T23:35:23.991+0000] {processor.py:186} INFO - Started process (PID=276) to work on /home/airflow/.local/lib/python3.12/site-packages/airflow/example_dags/example_latest_only.py
[2024-10-08T23:35:23.992+0000] {processor.py:914} INFO - Processing file /home/airflow/.local/lib/python3.12/site-packages/airflow/example_dags/example_latest_only.py for tasks to queue
[2024-10-08T23:35:23.993+0000] {logging_mixin.py:190} INFO - [2024-10-08T23:35:23.993+0000] {dagbag.py:588} INFO - Filling up the DagBag from /home/airflow/.local/lib/python3.12/site-packages/airflow/example_dags/example_latest_only.py
[2024-10-08T23:35:23.997+0000] {processor.py:925} INFO - DAG(s) 'latest_only' retrieved from /home/airflow/.local/lib/python3.12/site-packages/airflow/example_dags/example_latest_only.py
[2024-10-08T23:35:24.008+0000] {logging_mixin.py:190} INFO - [2024-10-08T23:35:24.008+0000] {dag.py:3239} INFO - Sync 1 DAGs
[2024-10-08T23:35:24.020+0000] {logging_mixin.py:190} INFO - [2024-10-08T23:35:24.020+0000] {dag.py:4180} INFO - Setting next_dagrun for latest_only to 2024-10-08 16:00:00+00:00, run_after=2024-10-08 20:00:00+00:00
[2024-10-08T23:35:24.029+0000] {processor.py:208} INFO - Processing /home/airflow/.local/lib/python3.12/site-packages/airflow/example_dags/example_latest_only.py took 0.042 seconds
[2024-10-08T23:35:54.325+0000] {processor.py:186} INFO - Started process (PID=339) to work on /home/airflow/.local/lib/python3.12/site-packages/airflow/example_dags/example_latest_only.py
[2024-10-08T23:35:54.326+0000] {processor.py:914} INFO - Processing file /home/airflow/.local/lib/python3.12/site-packages/airflow/example_dags/example_latest_only.py for tasks to queue
[2024-10-08T23:35:54.327+0000] {logging_mixin.py:190} INFO - [2024-10-08T23:35:54.327+0000] {dagbag.py:588} INFO - Filling up the DagBag from /home/airflow/.local/lib/python3.12/site-packages/airflow/example_dags/example_latest_only.py
[2024-10-08T23:35:54.331+0000] {processor.py:925} INFO - DAG(s) 'latest_only' retrieved from /home/airflow/.local/lib/python3.12/site-packages/airflow/example_dags/example_latest_only.py
[2024-10-08T23:35:54.341+0000] {logging_mixin.py:190} INFO - [2024-10-08T23:35:54.341+0000] {dag.py:3239} INFO - Sync 1 DAGs
[2024-10-08T23:35:54.353+0000] {logging_mixin.py:190} INFO - [2024-10-08T23:35:54.353+0000] {dag.py:4180} INFO - Setting next_dagrun for latest_only to 2024-10-08 16:00:00+00:00, run_after=2024-10-08 20:00:00+00:00
[2024-10-08T23:35:54.363+0000] {processor.py:208} INFO - Processing /home/airflow/.local/lib/python3.12/site-packages/airflow/example_dags/example_latest_only.py took 0.041 seconds
[2024-10-08T23:36:24.500+0000] {processor.py:186} INFO - Started process (PID=402) to work on /home/airflow/.local/lib/python3.12/site-packages/airflow/example_dags/example_latest_only.py
[2024-10-08T23:36:24.501+0000] {processor.py:914} INFO - Processing file /home/airflow/.local/lib/python3.12/site-packages/airflow/example_dags/example_latest_only.py for tasks to queue
[2024-10-08T23:36:24.502+0000] {logging_mixin.py:190} INFO - [2024-10-08T23:36:24.502+0000] {dagbag.py:588} INFO - Filling up the DagBag from /home/airflow/.local/lib/python3.12/site-packages/airflow/example_dags/example_latest_only.py
[2024-10-08T23:36:24.506+0000] {processor.py:925} INFO - DAG(s) 'latest_only' retrieved from /home/airflow/.local/lib/python3.12/site-packages/airflow/example_dags/example_latest_only.py
[2024-10-08T23:36:24.516+0000] {logging_mixin.py:190} INFO - [2024-10-08T23:36:24.516+0000] {dag.py:3239} INFO - Sync 1 DAGs
[2024-10-08T23:36:24.529+0000] {logging_mixin.py:190} INFO - [2024-10-08T23:36:24.529+0000] {dag.py:4180} INFO - Setting next_dagrun for latest_only to 2024-10-08 16:00:00+00:00, run_after=2024-10-08 20:00:00+00:00
[2024-10-08T23:36:24.539+0000] {processor.py:208} INFO - Processing /home/airflow/.local/lib/python3.12/site-packages/airflow/example_dags/example_latest_only.py took 0.042 seconds
[2024-10-08T23:36:54.651+0000] {processor.py:186} INFO - Started process (PID=465) to work on /home/airflow/.local/lib/python3.12/site-packages/airflow/example_dags/example_latest_only.py
[2024-10-08T23:36:54.652+0000] {processor.py:914} INFO - Processing file /home/airflow/.local/lib/python3.12/site-packages/airflow/example_dags/example_latest_only.py for tasks to queue
[2024-10-08T23:36:54.653+0000] {logging_mixin.py:190} INFO - [2024-10-08T23:36:54.653+0000] {dagbag.py:588} INFO - Filling up the DagBag from /home/airflow/.local/lib/python3.12/site-packages/airflow/example_dags/example_latest_only.py
[2024-10-08T23:36:54.657+0000] {processor.py:925} INFO - DAG(s) 'latest_only' retrieved from /home/airflow/.local/lib/python3.12/site-packages/airflow/example_dags/example_latest_only.py
[2024-10-08T23:36:54.667+0000] {logging_mixin.py:190} INFO - [2024-10-08T23:36:54.667+0000] {dag.py:3239} INFO - Sync 1 DAGs
[2024-10-08T23:36:54.679+0000] {logging_mixin.py:190} INFO - [2024-10-08T23:36:54.679+0000] {dag.py:4180} INFO - Setting next_dagrun for latest_only to 2024-10-08 16:00:00+00:00, run_after=2024-10-08 20:00:00+00:00
[2024-10-08T23:36:54.689+0000] {processor.py:208} INFO - Processing /home/airflow/.local/lib/python3.12/site-packages/airflow/example_dags/example_latest_only.py took 0.042 seconds
[2024-10-08T23:37:24.838+0000] {processor.py:186} INFO - Started process (PID=528) to work on /home/airflow/.local/lib/python3.12/site-packages/airflow/example_dags/example_latest_only.py
[2024-10-08T23:37:24.839+0000] {processor.py:914} INFO - Processing file /home/airflow/.local/lib/python3.12/site-packages/airflow/example_dags/example_latest_only.py for tasks to queue
[2024-10-08T23:37:24.840+0000] {logging_mixin.py:190} INFO - [2024-10-08T23:37:24.840+0000] {dagbag.py:588} INFO - Filling up the DagBag from /home/airflow/.local/lib/python3.12/site-packages/airflow/example_dags/example_latest_only.py
[2024-10-08T23:37:24.844+0000] {processor.py:925} INFO - DAG(s) 'latest_only' retrieved from /home/airflow/.local/lib/python3.12/site-packages/airflow/example_dags/example_latest_only.py
[2024-10-08T23:37:24.853+0000] {logging_mixin.py:190} INFO - [2024-10-08T23:37:24.853+0000] {dag.py:3239} INFO - Sync 1 DAGs
[2024-10-08T23:37:24.866+0000] {logging_mixin.py:190} INFO - [2024-10-08T23:37:24.866+0000] {dag.py:4180} INFO - Setting next_dagrun for latest_only to 2024-10-08 16:00:00+00:00, run_after=2024-10-08 20:00:00+00:00
[2024-10-08T23:37:24.876+0000] {processor.py:208} INFO - Processing /home/airflow/.local/lib/python3.12/site-packages/airflow/example_dags/example_latest_only.py took 0.041 seconds
[2024-10-08T23:37:55.258+0000] {processor.py:186} INFO - Started process (PID=591) to work on /home/airflow/.local/lib/python3.12/site-packages/airflow/example_dags/example_latest_only.py
[2024-10-08T23:37:55.259+0000] {processor.py:914} INFO - Processing file /home/airflow/.local/lib/python3.12/site-packages/airflow/example_dags/example_latest_only.py for tasks to queue
[2024-10-08T23:37:55.260+0000] {logging_mixin.py:190} INFO - [2024-10-08T23:37:55.260+0000] {dagbag.py:588} INFO - Filling up the DagBag from /home/airflow/.local/lib/python3.12/site-packages/airflow/example_dags/example_latest_only.py
[2024-10-08T23:37:55.264+0000] {processor.py:925} INFO - DAG(s) 'latest_only' retrieved from /home/airflow/.local/lib/python3.12/site-packages/airflow/example_dags/example_latest_only.py
[2024-10-08T23:37:55.274+0000] {logging_mixin.py:190} INFO - [2024-10-08T23:37:55.274+0000] {dag.py:3239} INFO - Sync 1 DAGs
[2024-10-08T23:37:55.286+0000] {logging_mixin.py:190} INFO - [2024-10-08T23:37:55.286+0000] {dag.py:4180} INFO - Setting next_dagrun for latest_only to 2024-10-08 16:00:00+00:00, run_after=2024-10-08 20:00:00+00:00
[2024-10-08T23:37:55.296+0000] {processor.py:208} INFO - Processing /home/airflow/.local/lib/python3.12/site-packages/airflow/example_dags/example_latest_only.py took 0.041 seconds
[2024-10-08T23:38:25.581+0000] {processor.py:186} INFO - Started process (PID=654) to work on /home/airflow/.local/lib/python3.12/site-packages/airflow/example_dags/example_latest_only.py
[2024-10-08T23:38:25.581+0000] {processor.py:914} INFO - Processing file /home/airflow/.local/lib/python3.12/site-packages/airflow/example_dags/example_latest_only.py for tasks to queue
[2024-10-08T23:38:25.583+0000] {logging_mixin.py:190} INFO - [2024-10-08T23:38:25.582+0000] {dagbag.py:588} INFO - Filling up the DagBag from /home/airflow/.local/lib/python3.12/site-packages/airflow/example_dags/example_latest_only.py
[2024-10-08T23:38:25.586+0000] {processor.py:925} INFO - DAG(s) 'latest_only' retrieved from /home/airflow/.local/lib/python3.12/site-packages/airflow/example_dags/example_latest_only.py
[2024-10-08T23:38:25.596+0000] {logging_mixin.py:190} INFO - [2024-10-08T23:38:25.596+0000] {dag.py:3239} INFO - Sync 1 DAGs
[2024-10-08T23:38:25.608+0000] {logging_mixin.py:190} INFO - [2024-10-08T23:38:25.608+0000] {dag.py:4180} INFO - Setting next_dagrun for latest_only to 2024-10-08 16:00:00+00:00, run_after=2024-10-08 20:00:00+00:00
[2024-10-08T23:38:25.617+0000] {processor.py:208} INFO - Processing /home/airflow/.local/lib/python3.12/site-packages/airflow/example_dags/example_latest_only.py took 0.040 seconds
[2024-10-08T23:38:55.807+0000] {processor.py:186} INFO - Started process (PID=717) to work on /home/airflow/.local/lib/python3.12/site-packages/airflow/example_dags/example_latest_only.py
[2024-10-08T23:38:55.807+0000] {processor.py:914} INFO - Processing file /home/airflow/.local/lib/python3.12/site-packages/airflow/example_dags/example_latest_only.py for tasks to queue
[2024-10-08T23:38:55.809+0000] {logging_mixin.py:190} INFO - [2024-10-08T23:38:55.809+0000] {dagbag.py:588} INFO - Filling up the DagBag from /home/airflow/.local/lib/python3.12/site-packages/airflow/example_dags/example_latest_only.py
[2024-10-08T23:38:55.813+0000] {processor.py:925} INFO - DAG(s) 'latest_only' retrieved from /home/airflow/.local/lib/python3.12/site-packages/airflow/example_dags/example_latest_only.py
[2024-10-08T23:38:55.824+0000] {logging_mixin.py:190} INFO - [2024-10-08T23:38:55.824+0000] {dag.py:3239} INFO - Sync 1 DAGs
[2024-10-08T23:38:55.837+0000] {logging_mixin.py:190} INFO - [2024-10-08T23:38:55.837+0000] {dag.py:4180} INFO - Setting next_dagrun for latest_only to 2024-10-08 16:00:00+00:00, run_after=2024-10-08 20:00:00+00:00
[2024-10-08T23:38:55.847+0000] {processor.py:208} INFO - Processing /home/airflow/.local/lib/python3.12/site-packages/airflow/example_dags/example_latest_only.py took 0.043 seconds
[2024-10-08T23:39:38.583+0000] {processor.py:186} INFO - Started process (PID=143) to work on /home/airflow/.local/lib/python3.12/site-packages/airflow/example_dags/example_latest_only.py
[2024-10-08T23:39:38.583+0000] {processor.py:914} INFO - Processing file /home/airflow/.local/lib/python3.12/site-packages/airflow/example_dags/example_latest_only.py for tasks to queue
[2024-10-08T23:39:38.585+0000] {logging_mixin.py:190} INFO - [2024-10-08T23:39:38.585+0000] {dagbag.py:588} INFO - Filling up the DagBag from /home/airflow/.local/lib/python3.12/site-packages/airflow/example_dags/example_latest_only.py
[2024-10-08T23:39:38.589+0000] {processor.py:925} INFO - DAG(s) 'latest_only' retrieved from /home/airflow/.local/lib/python3.12/site-packages/airflow/example_dags/example_latest_only.py
[2024-10-08T23:39:38.603+0000] {logging_mixin.py:190} INFO - [2024-10-08T23:39:38.603+0000] {dag.py:3239} INFO - Sync 1 DAGs
[2024-10-08T23:39:38.617+0000] {logging_mixin.py:190} INFO - [2024-10-08T23:39:38.617+0000] {dag.py:4180} INFO - Setting next_dagrun for latest_only to 2024-10-08 16:00:00+00:00, run_after=2024-10-08 20:00:00+00:00
[2024-10-08T23:39:38.627+0000] {processor.py:208} INFO - Processing /home/airflow/.local/lib/python3.12/site-packages/airflow/example_dags/example_latest_only.py took 0.048 seconds
[2024-10-08T23:40:08.817+0000] {processor.py:186} INFO - Started process (PID=206) to work on /home/airflow/.local/lib/python3.12/site-packages/airflow/example_dags/example_latest_only.py
[2024-10-08T23:40:08.818+0000] {processor.py:914} INFO - Processing file /home/airflow/.local/lib/python3.12/site-packages/airflow/example_dags/example_latest_only.py for tasks to queue
[2024-10-08T23:40:08.819+0000] {logging_mixin.py:190} INFO - [2024-10-08T23:40:08.819+0000] {dagbag.py:588} INFO - Filling up the DagBag from /home/airflow/.local/lib/python3.12/site-packages/airflow/example_dags/example_latest_only.py
[2024-10-08T23:40:08.823+0000] {processor.py:925} INFO - DAG(s) 'latest_only' retrieved from /home/airflow/.local/lib/python3.12/site-packages/airflow/example_dags/example_latest_only.py
[2024-10-08T23:40:08.833+0000] {logging_mixin.py:190} INFO - [2024-10-08T23:40:08.833+0000] {dag.py:3239} INFO - Sync 1 DAGs
[2024-10-08T23:40:08.846+0000] {logging_mixin.py:190} INFO - [2024-10-08T23:40:08.846+0000] {dag.py:4180} INFO - Setting next_dagrun for latest_only to 2024-10-08 16:00:00+00:00, run_after=2024-10-08 20:00:00+00:00
[2024-10-08T23:40:08.856+0000] {processor.py:208} INFO - Processing /home/airflow/.local/lib/python3.12/site-packages/airflow/example_dags/example_latest_only.py took 0.042 seconds
[2024-10-08T23:40:39.842+0000] {processor.py:186} INFO - Started process (PID=269) to work on /home/airflow/.local/lib/python3.12/site-packages/airflow/example_dags/example_latest_only.py
[2024-10-08T23:40:39.843+0000] {processor.py:914} INFO - Processing file /home/airflow/.local/lib/python3.12/site-packages/airflow/example_dags/example_latest_only.py for tasks to queue
[2024-10-08T23:40:39.844+0000] {logging_mixin.py:190} INFO - [2024-10-08T23:40:39.844+0000] {dagbag.py:588} INFO - Filling up the DagBag from /home/airflow/.local/lib/python3.12/site-packages/airflow/example_dags/example_latest_only.py
[2024-10-08T23:40:39.848+0000] {processor.py:925} INFO - DAG(s) 'latest_only' retrieved from /home/airflow/.local/lib/python3.12/site-packages/airflow/example_dags/example_latest_only.py
[2024-10-08T23:40:39.858+0000] {logging_mixin.py:190} INFO - [2024-10-08T23:40:39.858+0000] {dag.py:3239} INFO - Sync 1 DAGs
[2024-10-08T23:40:39.874+0000] {logging_mixin.py:190} INFO - [2024-10-08T23:40:39.873+0000] {dag.py:4180} INFO - Setting next_dagrun for latest_only to 2024-10-08 16:00:00+00:00, run_after=2024-10-08 20:00:00+00:00
[2024-10-08T23:40:39.888+0000] {processor.py:208} INFO - Processing /home/airflow/.local/lib/python3.12/site-packages/airflow/example_dags/example_latest_only.py took 0.049 seconds
[2024-10-08T23:41:10.063+0000] {processor.py:186} INFO - Started process (PID=332) to work on /home/airflow/.local/lib/python3.12/site-packages/airflow/example_dags/example_latest_only.py
[2024-10-08T23:41:10.064+0000] {processor.py:914} INFO - Processing file /home/airflow/.local/lib/python3.12/site-packages/airflow/example_dags/example_latest_only.py for tasks to queue
[2024-10-08T23:41:10.065+0000] {logging_mixin.py:190} INFO - [2024-10-08T23:41:10.065+0000] {dagbag.py:588} INFO - Filling up the DagBag from /home/airflow/.local/lib/python3.12/site-packages/airflow/example_dags/example_latest_only.py
[2024-10-08T23:41:10.069+0000] {processor.py:925} INFO - DAG(s) 'latest_only' retrieved from /home/airflow/.local/lib/python3.12/site-packages/airflow/example_dags/example_latest_only.py
[2024-10-08T23:41:10.080+0000] {logging_mixin.py:190} INFO - [2024-10-08T23:41:10.080+0000] {dag.py:3239} INFO - Sync 1 DAGs
[2024-10-08T23:41:10.094+0000] {logging_mixin.py:190} INFO - [2024-10-08T23:41:10.094+0000] {dag.py:4180} INFO - Setting next_dagrun for latest_only to 2024-10-08 16:00:00+00:00, run_after=2024-10-08 20:00:00+00:00
[2024-10-08T23:41:10.104+0000] {processor.py:208} INFO - Processing /home/airflow/.local/lib/python3.12/site-packages/airflow/example_dags/example_latest_only.py took 0.044 seconds
[2024-10-08T23:41:40.423+0000] {processor.py:186} INFO - Started process (PID=395) to work on /home/airflow/.local/lib/python3.12/site-packages/airflow/example_dags/example_latest_only.py
[2024-10-08T23:41:40.424+0000] {processor.py:914} INFO - Processing file /home/airflow/.local/lib/python3.12/site-packages/airflow/example_dags/example_latest_only.py for tasks to queue
[2024-10-08T23:41:40.425+0000] {logging_mixin.py:190} INFO - [2024-10-08T23:41:40.425+0000] {dagbag.py:588} INFO - Filling up the DagBag from /home/airflow/.local/lib/python3.12/site-packages/airflow/example_dags/example_latest_only.py
[2024-10-08T23:41:40.429+0000] {processor.py:925} INFO - DAG(s) 'latest_only' retrieved from /home/airflow/.local/lib/python3.12/site-packages/airflow/example_dags/example_latest_only.py
[2024-10-08T23:41:40.439+0000] {logging_mixin.py:190} INFO - [2024-10-08T23:41:40.439+0000] {dag.py:3239} INFO - Sync 1 DAGs
[2024-10-08T23:41:40.451+0000] {logging_mixin.py:190} INFO - [2024-10-08T23:41:40.451+0000] {dag.py:4180} INFO - Setting next_dagrun for latest_only to 2024-10-08 16:00:00+00:00, run_after=2024-10-08 20:00:00+00:00
[2024-10-08T23:41:40.462+0000] {processor.py:208} INFO - Processing /home/airflow/.local/lib/python3.12/site-packages/airflow/example_dags/example_latest_only.py took 0.042 seconds
[2024-10-08T23:42:52.902+0000] {processor.py:186} INFO - Started process (PID=143) to work on /home/airflow/.local/lib/python3.12/site-packages/airflow/example_dags/example_latest_only.py
[2024-10-08T23:42:52.902+0000] {processor.py:914} INFO - Processing file /home/airflow/.local/lib/python3.12/site-packages/airflow/example_dags/example_latest_only.py for tasks to queue
[2024-10-08T23:42:52.904+0000] {logging_mixin.py:190} INFO - [2024-10-08T23:42:52.903+0000] {dagbag.py:588} INFO - Filling up the DagBag from /home/airflow/.local/lib/python3.12/site-packages/airflow/example_dags/example_latest_only.py
[2024-10-08T23:42:52.908+0000] {processor.py:925} INFO - DAG(s) 'latest_only' retrieved from /home/airflow/.local/lib/python3.12/site-packages/airflow/example_dags/example_latest_only.py
[2024-10-08T23:42:52.924+0000] {logging_mixin.py:190} INFO - [2024-10-08T23:42:52.923+0000] {dag.py:3239} INFO - Sync 1 DAGs
[2024-10-08T23:42:52.941+0000] {logging_mixin.py:190} INFO - [2024-10-08T23:42:52.941+0000] {dag.py:4180} INFO - Setting next_dagrun for latest_only to 2024-10-08 16:00:00+00:00, run_after=2024-10-08 20:00:00+00:00
[2024-10-08T23:42:52.954+0000] {processor.py:208} INFO - Processing /home/airflow/.local/lib/python3.12/site-packages/airflow/example_dags/example_latest_only.py took 0.056 seconds
[2024-10-08T23:43:23.221+0000] {processor.py:186} INFO - Started process (PID=206) to work on /home/airflow/.local/lib/python3.12/site-packages/airflow/example_dags/example_latest_only.py
[2024-10-08T23:43:23.222+0000] {processor.py:914} INFO - Processing file /home/airflow/.local/lib/python3.12/site-packages/airflow/example_dags/example_latest_only.py for tasks to queue
[2024-10-08T23:43:23.224+0000] {logging_mixin.py:190} INFO - [2024-10-08T23:43:23.223+0000] {dagbag.py:588} INFO - Filling up the DagBag from /home/airflow/.local/lib/python3.12/site-packages/airflow/example_dags/example_latest_only.py
[2024-10-08T23:43:23.228+0000] {processor.py:925} INFO - DAG(s) 'latest_only' retrieved from /home/airflow/.local/lib/python3.12/site-packages/airflow/example_dags/example_latest_only.py
[2024-10-08T23:43:23.238+0000] {logging_mixin.py:190} INFO - [2024-10-08T23:43:23.238+0000] {dag.py:3239} INFO - Sync 1 DAGs
[2024-10-08T23:43:23.250+0000] {logging_mixin.py:190} INFO - [2024-10-08T23:43:23.250+0000] {dag.py:4180} INFO - Setting next_dagrun for latest_only to 2024-10-08 16:00:00+00:00, run_after=2024-10-08 20:00:00+00:00
[2024-10-08T23:43:23.259+0000] {processor.py:208} INFO - Processing /home/airflow/.local/lib/python3.12/site-packages/airflow/example_dags/example_latest_only.py took 0.042 seconds
[2024-10-08T23:44:31.825+0000] {processor.py:186} INFO - Started process (PID=144) to work on /home/airflow/.local/lib/python3.12/site-packages/airflow/example_dags/example_latest_only.py
[2024-10-08T23:44:31.826+0000] {processor.py:914} INFO - Processing file /home/airflow/.local/lib/python3.12/site-packages/airflow/example_dags/example_latest_only.py for tasks to queue
[2024-10-08T23:44:31.827+0000] {logging_mixin.py:190} INFO - [2024-10-08T23:44:31.827+0000] {dagbag.py:588} INFO - Filling up the DagBag from /home/airflow/.local/lib/python3.12/site-packages/airflow/example_dags/example_latest_only.py
[2024-10-08T23:44:31.834+0000] {processor.py:925} INFO - DAG(s) 'latest_only' retrieved from /home/airflow/.local/lib/python3.12/site-packages/airflow/example_dags/example_latest_only.py
[2024-10-08T23:44:31.855+0000] {logging_mixin.py:190} INFO - [2024-10-08T23:44:31.854+0000] {dag.py:3239} INFO - Sync 1 DAGs
[2024-10-08T23:44:31.872+0000] {logging_mixin.py:190} INFO - [2024-10-08T23:44:31.872+0000] {dag.py:4180} INFO - Setting next_dagrun for latest_only to 2024-10-08 16:00:00+00:00, run_after=2024-10-08 20:00:00+00:00
[2024-10-08T23:44:31.886+0000] {processor.py:208} INFO - Processing /home/airflow/.local/lib/python3.12/site-packages/airflow/example_dags/example_latest_only.py took 0.065 seconds
[2024-10-08T23:45:02.456+0000] {processor.py:186} INFO - Started process (PID=207) to work on /home/airflow/.local/lib/python3.12/site-packages/airflow/example_dags/example_latest_only.py
[2024-10-08T23:45:02.457+0000] {processor.py:914} INFO - Processing file /home/airflow/.local/lib/python3.12/site-packages/airflow/example_dags/example_latest_only.py for tasks to queue
[2024-10-08T23:45:02.458+0000] {logging_mixin.py:190} INFO - [2024-10-08T23:45:02.458+0000] {dagbag.py:588} INFO - Filling up the DagBag from /home/airflow/.local/lib/python3.12/site-packages/airflow/example_dags/example_latest_only.py
[2024-10-08T23:45:02.462+0000] {processor.py:925} INFO - DAG(s) 'latest_only' retrieved from /home/airflow/.local/lib/python3.12/site-packages/airflow/example_dags/example_latest_only.py
[2024-10-08T23:45:02.473+0000] {logging_mixin.py:190} INFO - [2024-10-08T23:45:02.472+0000] {dag.py:3239} INFO - Sync 1 DAGs
[2024-10-08T23:45:02.485+0000] {logging_mixin.py:190} INFO - [2024-10-08T23:45:02.485+0000] {dag.py:4180} INFO - Setting next_dagrun for latest_only to 2024-10-08 16:00:00+00:00, run_after=2024-10-08 20:00:00+00:00
[2024-10-08T23:45:02.495+0000] {processor.py:208} INFO - Processing /home/airflow/.local/lib/python3.12/site-packages/airflow/example_dags/example_latest_only.py took 0.042 seconds
[2024-10-08T23:45:32.677+0000] {processor.py:186} INFO - Started process (PID=270) to work on /home/airflow/.local/lib/python3.12/site-packages/airflow/example_dags/example_latest_only.py
[2024-10-08T23:45:32.679+0000] {processor.py:914} INFO - Processing file /home/airflow/.local/lib/python3.12/site-packages/airflow/example_dags/example_latest_only.py for tasks to queue
[2024-10-08T23:45:32.681+0000] {logging_mixin.py:190} INFO - [2024-10-08T23:45:32.681+0000] {dagbag.py:588} INFO - Filling up the DagBag from /home/airflow/.local/lib/python3.12/site-packages/airflow/example_dags/example_latest_only.py
[2024-10-08T23:45:32.687+0000] {processor.py:925} INFO - DAG(s) 'latest_only' retrieved from /home/airflow/.local/lib/python3.12/site-packages/airflow/example_dags/example_latest_only.py
[2024-10-08T23:45:32.701+0000] {logging_mixin.py:190} INFO - [2024-10-08T23:45:32.700+0000] {dag.py:3239} INFO - Sync 1 DAGs
[2024-10-08T23:45:32.720+0000] {logging_mixin.py:190} INFO - [2024-10-08T23:45:32.719+0000] {dag.py:4180} INFO - Setting next_dagrun for latest_only to 2024-10-08 16:00:00+00:00, run_after=2024-10-08 20:00:00+00:00
[2024-10-08T23:45:32.738+0000] {processor.py:208} INFO - Processing /home/airflow/.local/lib/python3.12/site-packages/airflow/example_dags/example_latest_only.py took 0.065 seconds
[2024-10-08T23:46:02.913+0000] {processor.py:186} INFO - Started process (PID=339) to work on /home/airflow/.local/lib/python3.12/site-packages/airflow/example_dags/example_latest_only.py
[2024-10-08T23:46:02.914+0000] {processor.py:914} INFO - Processing file /home/airflow/.local/lib/python3.12/site-packages/airflow/example_dags/example_latest_only.py for tasks to queue
[2024-10-08T23:46:02.915+0000] {logging_mixin.py:190} INFO - [2024-10-08T23:46:02.915+0000] {dagbag.py:588} INFO - Filling up the DagBag from /home/airflow/.local/lib/python3.12/site-packages/airflow/example_dags/example_latest_only.py
[2024-10-08T23:46:02.919+0000] {processor.py:925} INFO - DAG(s) 'latest_only' retrieved from /home/airflow/.local/lib/python3.12/site-packages/airflow/example_dags/example_latest_only.py
[2024-10-08T23:46:02.930+0000] {logging_mixin.py:190} INFO - [2024-10-08T23:46:02.930+0000] {dag.py:3239} INFO - Sync 1 DAGs
[2024-10-08T23:46:02.943+0000] {logging_mixin.py:190} INFO - [2024-10-08T23:46:02.942+0000] {dag.py:4180} INFO - Setting next_dagrun for latest_only to 2024-10-08 16:00:00+00:00, run_after=2024-10-08 20:00:00+00:00
[2024-10-08T23:46:02.952+0000] {processor.py:208} INFO - Processing /home/airflow/.local/lib/python3.12/site-packages/airflow/example_dags/example_latest_only.py took 0.042 seconds
[2024-10-08T23:46:34.071+0000] {processor.py:186} INFO - Started process (PID=402) to work on /home/airflow/.local/lib/python3.12/site-packages/airflow/example_dags/example_latest_only.py
[2024-10-08T23:46:34.072+0000] {processor.py:914} INFO - Processing file /home/airflow/.local/lib/python3.12/site-packages/airflow/example_dags/example_latest_only.py for tasks to queue
[2024-10-08T23:46:34.073+0000] {logging_mixin.py:190} INFO - [2024-10-08T23:46:34.073+0000] {dagbag.py:588} INFO - Filling up the DagBag from /home/airflow/.local/lib/python3.12/site-packages/airflow/example_dags/example_latest_only.py
[2024-10-08T23:46:34.077+0000] {processor.py:925} INFO - DAG(s) 'latest_only' retrieved from /home/airflow/.local/lib/python3.12/site-packages/airflow/example_dags/example_latest_only.py
[2024-10-08T23:46:34.088+0000] {logging_mixin.py:190} INFO - [2024-10-08T23:46:34.088+0000] {dag.py:3239} INFO - Sync 1 DAGs
[2024-10-08T23:46:34.101+0000] {logging_mixin.py:190} INFO - [2024-10-08T23:46:34.101+0000] {dag.py:4180} INFO - Setting next_dagrun for latest_only to 2024-10-08 16:00:00+00:00, run_after=2024-10-08 20:00:00+00:00
[2024-10-08T23:46:34.112+0000] {processor.py:208} INFO - Processing /home/airflow/.local/lib/python3.12/site-packages/airflow/example_dags/example_latest_only.py took 0.044 seconds
[2024-10-08T23:47:04.298+0000] {processor.py:186} INFO - Started process (PID=465) to work on /home/airflow/.local/lib/python3.12/site-packages/airflow/example_dags/example_latest_only.py
[2024-10-08T23:47:04.299+0000] {processor.py:914} INFO - Processing file /home/airflow/.local/lib/python3.12/site-packages/airflow/example_dags/example_latest_only.py for tasks to queue
[2024-10-08T23:47:04.300+0000] {logging_mixin.py:190} INFO - [2024-10-08T23:47:04.300+0000] {dagbag.py:588} INFO - Filling up the DagBag from /home/airflow/.local/lib/python3.12/site-packages/airflow/example_dags/example_latest_only.py
[2024-10-08T23:47:04.304+0000] {processor.py:925} INFO - DAG(s) 'latest_only' retrieved from /home/airflow/.local/lib/python3.12/site-packages/airflow/example_dags/example_latest_only.py
[2024-10-08T23:47:04.316+0000] {logging_mixin.py:190} INFO - [2024-10-08T23:47:04.316+0000] {dag.py:3239} INFO - Sync 1 DAGs
[2024-10-08T23:47:04.329+0000] {logging_mixin.py:190} INFO - [2024-10-08T23:47:04.329+0000] {dag.py:4180} INFO - Setting next_dagrun for latest_only to 2024-10-08 16:00:00+00:00, run_after=2024-10-08 20:00:00+00:00
[2024-10-08T23:47:04.340+0000] {processor.py:208} INFO - Processing /home/airflow/.local/lib/python3.12/site-packages/airflow/example_dags/example_latest_only.py took 0.045 seconds
[2024-10-08T23:47:34.524+0000] {processor.py:186} INFO - Started process (PID=528) to work on /home/airflow/.local/lib/python3.12/site-packages/airflow/example_dags/example_latest_only.py
[2024-10-08T23:47:34.525+0000] {processor.py:914} INFO - Processing file /home/airflow/.local/lib/python3.12/site-packages/airflow/example_dags/example_latest_only.py for tasks to queue
[2024-10-08T23:47:34.526+0000] {logging_mixin.py:190} INFO - [2024-10-08T23:47:34.526+0000] {dagbag.py:588} INFO - Filling up the DagBag from /home/airflow/.local/lib/python3.12/site-packages/airflow/example_dags/example_latest_only.py
[2024-10-08T23:47:34.530+0000] {processor.py:925} INFO - DAG(s) 'latest_only' retrieved from /home/airflow/.local/lib/python3.12/site-packages/airflow/example_dags/example_latest_only.py
[2024-10-08T23:47:34.540+0000] {logging_mixin.py:190} INFO - [2024-10-08T23:47:34.540+0000] {dag.py:3239} INFO - Sync 1 DAGs
[2024-10-08T23:47:34.552+0000] {logging_mixin.py:190} INFO - [2024-10-08T23:47:34.552+0000] {dag.py:4180} INFO - Setting next_dagrun for latest_only to 2024-10-08 16:00:00+00:00, run_after=2024-10-08 20:00:00+00:00
[2024-10-08T23:47:34.562+0000] {processor.py:208} INFO - Processing /home/airflow/.local/lib/python3.12/site-packages/airflow/example_dags/example_latest_only.py took 0.041 seconds
[2024-10-08T23:48:04.647+0000] {processor.py:186} INFO - Started process (PID=591) to work on /home/airflow/.local/lib/python3.12/site-packages/airflow/example_dags/example_latest_only.py
[2024-10-08T23:48:04.647+0000] {processor.py:914} INFO - Processing file /home/airflow/.local/lib/python3.12/site-packages/airflow/example_dags/example_latest_only.py for tasks to queue
[2024-10-08T23:48:04.649+0000] {logging_mixin.py:190} INFO - [2024-10-08T23:48:04.649+0000] {dagbag.py:588} INFO - Filling up the DagBag from /home/airflow/.local/lib/python3.12/site-packages/airflow/example_dags/example_latest_only.py
[2024-10-08T23:48:04.653+0000] {processor.py:925} INFO - DAG(s) 'latest_only' retrieved from /home/airflow/.local/lib/python3.12/site-packages/airflow/example_dags/example_latest_only.py
[2024-10-08T23:48:04.663+0000] {logging_mixin.py:190} INFO - [2024-10-08T23:48:04.663+0000] {dag.py:3239} INFO - Sync 1 DAGs
[2024-10-08T23:48:04.676+0000] {logging_mixin.py:190} INFO - [2024-10-08T23:48:04.676+0000] {dag.py:4180} INFO - Setting next_dagrun for latest_only to 2024-10-08 16:00:00+00:00, run_after=2024-10-08 20:00:00+00:00
[2024-10-08T23:48:04.686+0000] {processor.py:208} INFO - Processing /home/airflow/.local/lib/python3.12/site-packages/airflow/example_dags/example_latest_only.py took 0.042 seconds
[2024-10-08T23:48:34.965+0000] {processor.py:186} INFO - Started process (PID=654) to work on /home/airflow/.local/lib/python3.12/site-packages/airflow/example_dags/example_latest_only.py
[2024-10-08T23:48:34.966+0000] {processor.py:914} INFO - Processing file /home/airflow/.local/lib/python3.12/site-packages/airflow/example_dags/example_latest_only.py for tasks to queue
[2024-10-08T23:48:34.967+0000] {logging_mixin.py:190} INFO - [2024-10-08T23:48:34.967+0000] {dagbag.py:588} INFO - Filling up the DagBag from /home/airflow/.local/lib/python3.12/site-packages/airflow/example_dags/example_latest_only.py
[2024-10-08T23:48:34.971+0000] {processor.py:925} INFO - DAG(s) 'latest_only' retrieved from /home/airflow/.local/lib/python3.12/site-packages/airflow/example_dags/example_latest_only.py
[2024-10-08T23:48:34.981+0000] {logging_mixin.py:190} INFO - [2024-10-08T23:48:34.981+0000] {dag.py:3239} INFO - Sync 1 DAGs
[2024-10-08T23:48:34.993+0000] {logging_mixin.py:190} INFO - [2024-10-08T23:48:34.993+0000] {dag.py:4180} INFO - Setting next_dagrun for latest_only to 2024-10-08 16:00:00+00:00, run_after=2024-10-08 20:00:00+00:00
[2024-10-08T23:48:35.002+0000] {processor.py:208} INFO - Processing /home/airflow/.local/lib/python3.12/site-packages/airflow/example_dags/example_latest_only.py took 0.040 seconds
[2024-10-08T23:49:06.091+0000] {processor.py:186} INFO - Started process (PID=717) to work on /home/airflow/.local/lib/python3.12/site-packages/airflow/example_dags/example_latest_only.py
[2024-10-08T23:49:06.092+0000] {processor.py:914} INFO - Processing file /home/airflow/.local/lib/python3.12/site-packages/airflow/example_dags/example_latest_only.py for tasks to queue
[2024-10-08T23:49:06.093+0000] {logging_mixin.py:190} INFO - [2024-10-08T23:49:06.093+0000] {dagbag.py:588} INFO - Filling up the DagBag from /home/airflow/.local/lib/python3.12/site-packages/airflow/example_dags/example_latest_only.py
[2024-10-08T23:49:06.097+0000] {processor.py:925} INFO - DAG(s) 'latest_only' retrieved from /home/airflow/.local/lib/python3.12/site-packages/airflow/example_dags/example_latest_only.py
[2024-10-08T23:49:06.107+0000] {logging_mixin.py:190} INFO - [2024-10-08T23:49:06.107+0000] {dag.py:3239} INFO - Sync 1 DAGs
[2024-10-08T23:49:06.120+0000] {logging_mixin.py:190} INFO - [2024-10-08T23:49:06.120+0000] {dag.py:4180} INFO - Setting next_dagrun for latest_only to 2024-10-08 16:00:00+00:00, run_after=2024-10-08 20:00:00+00:00
[2024-10-08T23:49:06.129+0000] {processor.py:208} INFO - Processing /home/airflow/.local/lib/python3.12/site-packages/airflow/example_dags/example_latest_only.py took 0.041 seconds
[2024-10-08T23:49:37.209+0000] {processor.py:186} INFO - Started process (PID=780) to work on /home/airflow/.local/lib/python3.12/site-packages/airflow/example_dags/example_latest_only.py
[2024-10-08T23:49:37.210+0000] {processor.py:914} INFO - Processing file /home/airflow/.local/lib/python3.12/site-packages/airflow/example_dags/example_latest_only.py for tasks to queue
[2024-10-08T23:49:37.211+0000] {logging_mixin.py:190} INFO - [2024-10-08T23:49:37.211+0000] {dagbag.py:588} INFO - Filling up the DagBag from /home/airflow/.local/lib/python3.12/site-packages/airflow/example_dags/example_latest_only.py
[2024-10-08T23:49:37.215+0000] {processor.py:925} INFO - DAG(s) 'latest_only' retrieved from /home/airflow/.local/lib/python3.12/site-packages/airflow/example_dags/example_latest_only.py
[2024-10-08T23:49:37.226+0000] {logging_mixin.py:190} INFO - [2024-10-08T23:49:37.226+0000] {dag.py:3239} INFO - Sync 1 DAGs
[2024-10-08T23:49:37.238+0000] {logging_mixin.py:190} INFO - [2024-10-08T23:49:37.238+0000] {dag.py:4180} INFO - Setting next_dagrun for latest_only to 2024-10-08 16:00:00+00:00, run_after=2024-10-08 20:00:00+00:00
[2024-10-08T23:49:37.247+0000] {processor.py:208} INFO - Processing /home/airflow/.local/lib/python3.12/site-packages/airflow/example_dags/example_latest_only.py took 0.041 seconds
[2024-10-08T23:50:07.335+0000] {processor.py:186} INFO - Started process (PID=843) to work on /home/airflow/.local/lib/python3.12/site-packages/airflow/example_dags/example_latest_only.py
[2024-10-08T23:50:07.335+0000] {processor.py:914} INFO - Processing file /home/airflow/.local/lib/python3.12/site-packages/airflow/example_dags/example_latest_only.py for tasks to queue
[2024-10-08T23:50:07.337+0000] {logging_mixin.py:190} INFO - [2024-10-08T23:50:07.336+0000] {dagbag.py:588} INFO - Filling up the DagBag from /home/airflow/.local/lib/python3.12/site-packages/airflow/example_dags/example_latest_only.py
[2024-10-08T23:50:07.340+0000] {processor.py:925} INFO - DAG(s) 'latest_only' retrieved from /home/airflow/.local/lib/python3.12/site-packages/airflow/example_dags/example_latest_only.py
[2024-10-08T23:50:07.350+0000] {logging_mixin.py:190} INFO - [2024-10-08T23:50:07.350+0000] {dag.py:3239} INFO - Sync 1 DAGs
[2024-10-08T23:50:07.362+0000] {logging_mixin.py:190} INFO - [2024-10-08T23:50:07.362+0000] {dag.py:4180} INFO - Setting next_dagrun for latest_only to 2024-10-08 16:00:00+00:00, run_after=2024-10-08 20:00:00+00:00
[2024-10-08T23:50:07.371+0000] {processor.py:208} INFO - Processing /home/airflow/.local/lib/python3.12/site-packages/airflow/example_dags/example_latest_only.py took 0.040 seconds
