[2024-10-08T23:14:24.581+0000] {processor.py:186} INFO - Started process (PID=15719) to work on /home/airflow/.local/lib/python3.12/site-packages/airflow/example_dags/example_branch_python_dop_operator_3.py
[2024-10-08T23:14:24.582+0000] {processor.py:914} INFO - Processing file /home/airflow/.local/lib/python3.12/site-packages/airflow/example_dags/example_branch_python_dop_operator_3.py for tasks to queue
[2024-10-08T23:14:24.583+0000] {logging_mixin.py:190} INFO - [2024-10-08T23:14:24.583+0000] {dagbag.py:588} INFO - Filling up the DagBag from /home/airflow/.local/lib/python3.12/site-packages/airflow/example_dags/example_branch_python_dop_operator_3.py
[2024-10-08T23:14:24.589+0000] {processor.py:925} INFO - DAG(s) 'example_branch_dop_operator_v3' retrieved from /home/airflow/.local/lib/python3.12/site-packages/airflow/example_dags/example_branch_python_dop_operator_3.py
[2024-10-08T23:14:24.599+0000] {logging_mixin.py:190} INFO - [2024-10-08T23:14:24.599+0000] {dag.py:3239} INFO - Sync 1 DAGs
[2024-10-08T23:14:24.613+0000] {logging_mixin.py:190} INFO - [2024-10-08T23:14:24.613+0000] {dag.py:4180} INFO - Setting next_dagrun for example_branch_dop_operator_v3 to 2024-10-08 23:13:00+00:00, run_after=2024-10-08 23:14:00+00:00
[2024-10-08T23:14:24.623+0000] {processor.py:208} INFO - Processing /home/airflow/.local/lib/python3.12/site-packages/airflow/example_dags/example_branch_python_dop_operator_3.py took 0.045 seconds
[2024-10-08T23:34:24.007+0000] {processor.py:186} INFO - Started process (PID=179) to work on /home/airflow/.local/lib/python3.12/site-packages/airflow/example_dags/example_branch_python_dop_operator_3.py
[2024-10-08T23:34:24.008+0000] {processor.py:914} INFO - Processing file /home/airflow/.local/lib/python3.12/site-packages/airflow/example_dags/example_branch_python_dop_operator_3.py for tasks to queue
[2024-10-08T23:34:24.010+0000] {logging_mixin.py:190} INFO - [2024-10-08T23:34:24.009+0000] {dagbag.py:588} INFO - Filling up the DagBag from /home/airflow/.local/lib/python3.12/site-packages/airflow/example_dags/example_branch_python_dop_operator_3.py
[2024-10-08T23:34:24.017+0000] {processor.py:925} INFO - DAG(s) 'example_branch_dop_operator_v3' retrieved from /home/airflow/.local/lib/python3.12/site-packages/airflow/example_dags/example_branch_python_dop_operator_3.py
[2024-10-08T23:34:24.030+0000] {logging_mixin.py:190} INFO - [2024-10-08T23:34:24.030+0000] {dag.py:3239} INFO - Sync 1 DAGs
[2024-10-08T23:34:24.044+0000] {logging_mixin.py:190} INFO - [2024-10-08T23:34:24.044+0000] {dag.py:4180} INFO - Setting next_dagrun for example_branch_dop_operator_v3 to 2024-10-08 23:33:00+00:00, run_after=2024-10-08 23:34:00+00:00
[2024-10-08T23:34:24.054+0000] {processor.py:208} INFO - Processing /home/airflow/.local/lib/python3.12/site-packages/airflow/example_dags/example_branch_python_dop_operator_3.py took 0.051 seconds
[2024-10-08T23:34:54.584+0000] {processor.py:186} INFO - Started process (PID=242) to work on /home/airflow/.local/lib/python3.12/site-packages/airflow/example_dags/example_branch_python_dop_operator_3.py
[2024-10-08T23:34:54.585+0000] {processor.py:914} INFO - Processing file /home/airflow/.local/lib/python3.12/site-packages/airflow/example_dags/example_branch_python_dop_operator_3.py for tasks to queue
[2024-10-08T23:34:54.587+0000] {logging_mixin.py:190} INFO - [2024-10-08T23:34:54.586+0000] {dagbag.py:588} INFO - Filling up the DagBag from /home/airflow/.local/lib/python3.12/site-packages/airflow/example_dags/example_branch_python_dop_operator_3.py
[2024-10-08T23:34:54.592+0000] {processor.py:925} INFO - DAG(s) 'example_branch_dop_operator_v3' retrieved from /home/airflow/.local/lib/python3.12/site-packages/airflow/example_dags/example_branch_python_dop_operator_3.py
[2024-10-08T23:34:54.603+0000] {logging_mixin.py:190} INFO - [2024-10-08T23:34:54.602+0000] {dag.py:3239} INFO - Sync 1 DAGs
[2024-10-08T23:34:54.616+0000] {logging_mixin.py:190} INFO - [2024-10-08T23:34:54.616+0000] {dag.py:4180} INFO - Setting next_dagrun for example_branch_dop_operator_v3 to 2024-10-08 23:33:00+00:00, run_after=2024-10-08 23:34:00+00:00
[2024-10-08T23:34:54.626+0000] {processor.py:208} INFO - Processing /home/airflow/.local/lib/python3.12/site-packages/airflow/example_dags/example_branch_python_dop_operator_3.py took 0.046 seconds
[2024-10-08T23:35:25.019+0000] {processor.py:186} INFO - Started process (PID=305) to work on /home/airflow/.local/lib/python3.12/site-packages/airflow/example_dags/example_branch_python_dop_operator_3.py
[2024-10-08T23:35:25.020+0000] {processor.py:914} INFO - Processing file /home/airflow/.local/lib/python3.12/site-packages/airflow/example_dags/example_branch_python_dop_operator_3.py for tasks to queue
[2024-10-08T23:35:25.021+0000] {logging_mixin.py:190} INFO - [2024-10-08T23:35:25.021+0000] {dagbag.py:588} INFO - Filling up the DagBag from /home/airflow/.local/lib/python3.12/site-packages/airflow/example_dags/example_branch_python_dop_operator_3.py
[2024-10-08T23:35:25.027+0000] {processor.py:925} INFO - DAG(s) 'example_branch_dop_operator_v3' retrieved from /home/airflow/.local/lib/python3.12/site-packages/airflow/example_dags/example_branch_python_dop_operator_3.py
[2024-10-08T23:35:25.037+0000] {logging_mixin.py:190} INFO - [2024-10-08T23:35:25.037+0000] {dag.py:3239} INFO - Sync 1 DAGs
[2024-10-08T23:35:25.051+0000] {logging_mixin.py:190} INFO - [2024-10-08T23:35:25.051+0000] {dag.py:4180} INFO - Setting next_dagrun for example_branch_dop_operator_v3 to 2024-10-08 23:34:00+00:00, run_after=2024-10-08 23:35:00+00:00
[2024-10-08T23:35:25.061+0000] {processor.py:208} INFO - Processing /home/airflow/.local/lib/python3.12/site-packages/airflow/example_dags/example_branch_python_dop_operator_3.py took 0.045 seconds
[2024-10-08T23:35:55.249+0000] {processor.py:186} INFO - Started process (PID=368) to work on /home/airflow/.local/lib/python3.12/site-packages/airflow/example_dags/example_branch_python_dop_operator_3.py
[2024-10-08T23:35:55.250+0000] {processor.py:914} INFO - Processing file /home/airflow/.local/lib/python3.12/site-packages/airflow/example_dags/example_branch_python_dop_operator_3.py for tasks to queue
[2024-10-08T23:35:55.251+0000] {logging_mixin.py:190} INFO - [2024-10-08T23:35:55.251+0000] {dagbag.py:588} INFO - Filling up the DagBag from /home/airflow/.local/lib/python3.12/site-packages/airflow/example_dags/example_branch_python_dop_operator_3.py
[2024-10-08T23:35:55.257+0000] {processor.py:925} INFO - DAG(s) 'example_branch_dop_operator_v3' retrieved from /home/airflow/.local/lib/python3.12/site-packages/airflow/example_dags/example_branch_python_dop_operator_3.py
[2024-10-08T23:35:55.268+0000] {logging_mixin.py:190} INFO - [2024-10-08T23:35:55.268+0000] {dag.py:3239} INFO - Sync 1 DAGs
[2024-10-08T23:35:55.282+0000] {logging_mixin.py:190} INFO - [2024-10-08T23:35:55.282+0000] {dag.py:4180} INFO - Setting next_dagrun for example_branch_dop_operator_v3 to 2024-10-08 23:34:00+00:00, run_after=2024-10-08 23:35:00+00:00
[2024-10-08T23:35:55.291+0000] {processor.py:208} INFO - Processing /home/airflow/.local/lib/python3.12/site-packages/airflow/example_dags/example_branch_python_dop_operator_3.py took 0.045 seconds
[2024-10-08T23:36:25.397+0000] {processor.py:186} INFO - Started process (PID=431) to work on /home/airflow/.local/lib/python3.12/site-packages/airflow/example_dags/example_branch_python_dop_operator_3.py
[2024-10-08T23:36:25.398+0000] {processor.py:914} INFO - Processing file /home/airflow/.local/lib/python3.12/site-packages/airflow/example_dags/example_branch_python_dop_operator_3.py for tasks to queue
[2024-10-08T23:36:25.399+0000] {logging_mixin.py:190} INFO - [2024-10-08T23:36:25.399+0000] {dagbag.py:588} INFO - Filling up the DagBag from /home/airflow/.local/lib/python3.12/site-packages/airflow/example_dags/example_branch_python_dop_operator_3.py
[2024-10-08T23:36:25.404+0000] {processor.py:925} INFO - DAG(s) 'example_branch_dop_operator_v3' retrieved from /home/airflow/.local/lib/python3.12/site-packages/airflow/example_dags/example_branch_python_dop_operator_3.py
[2024-10-08T23:36:25.415+0000] {logging_mixin.py:190} INFO - [2024-10-08T23:36:25.414+0000] {dag.py:3239} INFO - Sync 1 DAGs
[2024-10-08T23:36:25.428+0000] {logging_mixin.py:190} INFO - [2024-10-08T23:36:25.428+0000] {dag.py:4180} INFO - Setting next_dagrun for example_branch_dop_operator_v3 to 2024-10-08 23:35:00+00:00, run_after=2024-10-08 23:36:00+00:00
[2024-10-08T23:36:25.438+0000] {processor.py:208} INFO - Processing /home/airflow/.local/lib/python3.12/site-packages/airflow/example_dags/example_branch_python_dop_operator_3.py took 0.044 seconds
[2024-10-08T23:36:55.601+0000] {processor.py:186} INFO - Started process (PID=494) to work on /home/airflow/.local/lib/python3.12/site-packages/airflow/example_dags/example_branch_python_dop_operator_3.py
[2024-10-08T23:36:55.601+0000] {processor.py:914} INFO - Processing file /home/airflow/.local/lib/python3.12/site-packages/airflow/example_dags/example_branch_python_dop_operator_3.py for tasks to queue
[2024-10-08T23:36:55.603+0000] {logging_mixin.py:190} INFO - [2024-10-08T23:36:55.603+0000] {dagbag.py:588} INFO - Filling up the DagBag from /home/airflow/.local/lib/python3.12/site-packages/airflow/example_dags/example_branch_python_dop_operator_3.py
[2024-10-08T23:36:55.608+0000] {processor.py:925} INFO - DAG(s) 'example_branch_dop_operator_v3' retrieved from /home/airflow/.local/lib/python3.12/site-packages/airflow/example_dags/example_branch_python_dop_operator_3.py
[2024-10-08T23:36:55.619+0000] {logging_mixin.py:190} INFO - [2024-10-08T23:36:55.619+0000] {dag.py:3239} INFO - Sync 1 DAGs
[2024-10-08T23:36:55.632+0000] {logging_mixin.py:190} INFO - [2024-10-08T23:36:55.632+0000] {dag.py:4180} INFO - Setting next_dagrun for example_branch_dop_operator_v3 to 2024-10-08 23:35:00+00:00, run_after=2024-10-08 23:36:00+00:00
[2024-10-08T23:36:55.642+0000] {processor.py:208} INFO - Processing /home/airflow/.local/lib/python3.12/site-packages/airflow/example_dags/example_branch_python_dop_operator_3.py took 0.044 seconds
[2024-10-08T23:37:25.900+0000] {processor.py:186} INFO - Started process (PID=557) to work on /home/airflow/.local/lib/python3.12/site-packages/airflow/example_dags/example_branch_python_dop_operator_3.py
[2024-10-08T23:37:25.901+0000] {processor.py:914} INFO - Processing file /home/airflow/.local/lib/python3.12/site-packages/airflow/example_dags/example_branch_python_dop_operator_3.py for tasks to queue
[2024-10-08T23:37:25.902+0000] {logging_mixin.py:190} INFO - [2024-10-08T23:37:25.902+0000] {dagbag.py:588} INFO - Filling up the DagBag from /home/airflow/.local/lib/python3.12/site-packages/airflow/example_dags/example_branch_python_dop_operator_3.py
[2024-10-08T23:37:25.908+0000] {processor.py:925} INFO - DAG(s) 'example_branch_dop_operator_v3' retrieved from /home/airflow/.local/lib/python3.12/site-packages/airflow/example_dags/example_branch_python_dop_operator_3.py
[2024-10-08T23:37:25.920+0000] {logging_mixin.py:190} INFO - [2024-10-08T23:37:25.920+0000] {dag.py:3239} INFO - Sync 1 DAGs
[2024-10-08T23:37:25.933+0000] {logging_mixin.py:190} INFO - [2024-10-08T23:37:25.933+0000] {dag.py:4180} INFO - Setting next_dagrun for example_branch_dop_operator_v3 to 2024-10-08 23:36:00+00:00, run_after=2024-10-08 23:37:00+00:00
[2024-10-08T23:37:25.943+0000] {processor.py:208} INFO - Processing /home/airflow/.local/lib/python3.12/site-packages/airflow/example_dags/example_branch_python_dop_operator_3.py took 0.047 seconds
[2024-10-08T23:37:56.265+0000] {processor.py:186} INFO - Started process (PID=620) to work on /home/airflow/.local/lib/python3.12/site-packages/airflow/example_dags/example_branch_python_dop_operator_3.py
[2024-10-08T23:37:56.266+0000] {processor.py:914} INFO - Processing file /home/airflow/.local/lib/python3.12/site-packages/airflow/example_dags/example_branch_python_dop_operator_3.py for tasks to queue
[2024-10-08T23:37:56.267+0000] {logging_mixin.py:190} INFO - [2024-10-08T23:37:56.267+0000] {dagbag.py:588} INFO - Filling up the DagBag from /home/airflow/.local/lib/python3.12/site-packages/airflow/example_dags/example_branch_python_dop_operator_3.py
[2024-10-08T23:37:56.273+0000] {processor.py:925} INFO - DAG(s) 'example_branch_dop_operator_v3' retrieved from /home/airflow/.local/lib/python3.12/site-packages/airflow/example_dags/example_branch_python_dop_operator_3.py
[2024-10-08T23:37:56.283+0000] {logging_mixin.py:190} INFO - [2024-10-08T23:37:56.283+0000] {dag.py:3239} INFO - Sync 1 DAGs
[2024-10-08T23:37:56.296+0000] {logging_mixin.py:190} INFO - [2024-10-08T23:37:56.296+0000] {dag.py:4180} INFO - Setting next_dagrun for example_branch_dop_operator_v3 to 2024-10-08 23:36:00+00:00, run_after=2024-10-08 23:37:00+00:00
[2024-10-08T23:37:56.306+0000] {processor.py:208} INFO - Processing /home/airflow/.local/lib/python3.12/site-packages/airflow/example_dags/example_branch_python_dop_operator_3.py took 0.044 seconds
[2024-10-08T23:38:26.520+0000] {processor.py:186} INFO - Started process (PID=683) to work on /home/airflow/.local/lib/python3.12/site-packages/airflow/example_dags/example_branch_python_dop_operator_3.py
[2024-10-08T23:38:26.521+0000] {processor.py:914} INFO - Processing file /home/airflow/.local/lib/python3.12/site-packages/airflow/example_dags/example_branch_python_dop_operator_3.py for tasks to queue
[2024-10-08T23:38:26.523+0000] {logging_mixin.py:190} INFO - [2024-10-08T23:38:26.522+0000] {dagbag.py:588} INFO - Filling up the DagBag from /home/airflow/.local/lib/python3.12/site-packages/airflow/example_dags/example_branch_python_dop_operator_3.py
[2024-10-08T23:38:26.528+0000] {processor.py:925} INFO - DAG(s) 'example_branch_dop_operator_v3' retrieved from /home/airflow/.local/lib/python3.12/site-packages/airflow/example_dags/example_branch_python_dop_operator_3.py
[2024-10-08T23:38:26.539+0000] {logging_mixin.py:190} INFO - [2024-10-08T23:38:26.538+0000] {dag.py:3239} INFO - Sync 1 DAGs
[2024-10-08T23:38:26.552+0000] {logging_mixin.py:190} INFO - [2024-10-08T23:38:26.552+0000] {dag.py:4180} INFO - Setting next_dagrun for example_branch_dop_operator_v3 to 2024-10-08 23:37:00+00:00, run_after=2024-10-08 23:38:00+00:00
[2024-10-08T23:38:26.562+0000] {processor.py:208} INFO - Processing /home/airflow/.local/lib/python3.12/site-packages/airflow/example_dags/example_branch_python_dop_operator_3.py took 0.045 seconds
[2024-10-08T23:38:56.671+0000] {processor.py:186} INFO - Started process (PID=746) to work on /home/airflow/.local/lib/python3.12/site-packages/airflow/example_dags/example_branch_python_dop_operator_3.py
[2024-10-08T23:38:56.672+0000] {processor.py:914} INFO - Processing file /home/airflow/.local/lib/python3.12/site-packages/airflow/example_dags/example_branch_python_dop_operator_3.py for tasks to queue
[2024-10-08T23:38:56.673+0000] {logging_mixin.py:190} INFO - [2024-10-08T23:38:56.673+0000] {dagbag.py:588} INFO - Filling up the DagBag from /home/airflow/.local/lib/python3.12/site-packages/airflow/example_dags/example_branch_python_dop_operator_3.py
[2024-10-08T23:38:56.678+0000] {processor.py:925} INFO - DAG(s) 'example_branch_dop_operator_v3' retrieved from /home/airflow/.local/lib/python3.12/site-packages/airflow/example_dags/example_branch_python_dop_operator_3.py
[2024-10-08T23:38:56.689+0000] {logging_mixin.py:190} INFO - [2024-10-08T23:38:56.689+0000] {dag.py:3239} INFO - Sync 1 DAGs
[2024-10-08T23:38:56.703+0000] {logging_mixin.py:190} INFO - [2024-10-08T23:38:56.703+0000] {dag.py:4180} INFO - Setting next_dagrun for example_branch_dop_operator_v3 to 2024-10-08 23:37:00+00:00, run_after=2024-10-08 23:38:00+00:00
[2024-10-08T23:38:56.713+0000] {processor.py:208} INFO - Processing /home/airflow/.local/lib/python3.12/site-packages/airflow/example_dags/example_branch_python_dop_operator_3.py took 0.045 seconds
[2024-10-08T23:39:39.586+0000] {processor.py:186} INFO - Started process (PID=172) to work on /home/airflow/.local/lib/python3.12/site-packages/airflow/example_dags/example_branch_python_dop_operator_3.py
[2024-10-08T23:39:39.587+0000] {processor.py:914} INFO - Processing file /home/airflow/.local/lib/python3.12/site-packages/airflow/example_dags/example_branch_python_dop_operator_3.py for tasks to queue
[2024-10-08T23:39:39.588+0000] {logging_mixin.py:190} INFO - [2024-10-08T23:39:39.588+0000] {dagbag.py:588} INFO - Filling up the DagBag from /home/airflow/.local/lib/python3.12/site-packages/airflow/example_dags/example_branch_python_dop_operator_3.py
[2024-10-08T23:39:39.594+0000] {processor.py:925} INFO - DAG(s) 'example_branch_dop_operator_v3' retrieved from /home/airflow/.local/lib/python3.12/site-packages/airflow/example_dags/example_branch_python_dop_operator_3.py
[2024-10-08T23:39:39.604+0000] {logging_mixin.py:190} INFO - [2024-10-08T23:39:39.604+0000] {dag.py:3239} INFO - Sync 1 DAGs
[2024-10-08T23:39:39.618+0000] {logging_mixin.py:190} INFO - [2024-10-08T23:39:39.618+0000] {dag.py:4180} INFO - Setting next_dagrun for example_branch_dop_operator_v3 to 2024-10-08 23:38:00+00:00, run_after=2024-10-08 23:39:00+00:00
[2024-10-08T23:39:39.628+0000] {processor.py:208} INFO - Processing /home/airflow/.local/lib/python3.12/site-packages/airflow/example_dags/example_branch_python_dop_operator_3.py took 0.045 seconds
[2024-10-08T23:40:09.696+0000] {processor.py:186} INFO - Started process (PID=235) to work on /home/airflow/.local/lib/python3.12/site-packages/airflow/example_dags/example_branch_python_dop_operator_3.py
[2024-10-08T23:40:09.696+0000] {processor.py:914} INFO - Processing file /home/airflow/.local/lib/python3.12/site-packages/airflow/example_dags/example_branch_python_dop_operator_3.py for tasks to queue
[2024-10-08T23:40:09.698+0000] {logging_mixin.py:190} INFO - [2024-10-08T23:40:09.698+0000] {dagbag.py:588} INFO - Filling up the DagBag from /home/airflow/.local/lib/python3.12/site-packages/airflow/example_dags/example_branch_python_dop_operator_3.py
[2024-10-08T23:40:09.704+0000] {processor.py:925} INFO - DAG(s) 'example_branch_dop_operator_v3' retrieved from /home/airflow/.local/lib/python3.12/site-packages/airflow/example_dags/example_branch_python_dop_operator_3.py
[2024-10-08T23:40:09.716+0000] {logging_mixin.py:190} INFO - [2024-10-08T23:40:09.715+0000] {dag.py:3239} INFO - Sync 1 DAGs
[2024-10-08T23:40:09.731+0000] {logging_mixin.py:190} INFO - [2024-10-08T23:40:09.731+0000] {dag.py:4180} INFO - Setting next_dagrun for example_branch_dop_operator_v3 to 2024-10-08 23:39:00+00:00, run_after=2024-10-08 23:40:00+00:00
[2024-10-08T23:40:09.743+0000] {processor.py:208} INFO - Processing /home/airflow/.local/lib/python3.12/site-packages/airflow/example_dags/example_branch_python_dop_operator_3.py took 0.050 seconds
[2024-10-08T23:40:40.816+0000] {processor.py:186} INFO - Started process (PID=298) to work on /home/airflow/.local/lib/python3.12/site-packages/airflow/example_dags/example_branch_python_dop_operator_3.py
[2024-10-08T23:40:40.817+0000] {processor.py:914} INFO - Processing file /home/airflow/.local/lib/python3.12/site-packages/airflow/example_dags/example_branch_python_dop_operator_3.py for tasks to queue
[2024-10-08T23:40:40.818+0000] {logging_mixin.py:190} INFO - [2024-10-08T23:40:40.818+0000] {dagbag.py:588} INFO - Filling up the DagBag from /home/airflow/.local/lib/python3.12/site-packages/airflow/example_dags/example_branch_python_dop_operator_3.py
[2024-10-08T23:40:40.824+0000] {processor.py:925} INFO - DAG(s) 'example_branch_dop_operator_v3' retrieved from /home/airflow/.local/lib/python3.12/site-packages/airflow/example_dags/example_branch_python_dop_operator_3.py
[2024-10-08T23:40:40.835+0000] {logging_mixin.py:190} INFO - [2024-10-08T23:40:40.835+0000] {dag.py:3239} INFO - Sync 1 DAGs
[2024-10-08T23:40:40.850+0000] {logging_mixin.py:190} INFO - [2024-10-08T23:40:40.850+0000] {dag.py:4180} INFO - Setting next_dagrun for example_branch_dop_operator_v3 to 2024-10-08 23:39:00+00:00, run_after=2024-10-08 23:40:00+00:00
[2024-10-08T23:40:40.860+0000] {processor.py:208} INFO - Processing /home/airflow/.local/lib/python3.12/site-packages/airflow/example_dags/example_branch_python_dop_operator_3.py took 0.047 seconds
[2024-10-08T23:41:11.099+0000] {processor.py:186} INFO - Started process (PID=361) to work on /home/airflow/.local/lib/python3.12/site-packages/airflow/example_dags/example_branch_python_dop_operator_3.py
[2024-10-08T23:41:11.100+0000] {processor.py:914} INFO - Processing file /home/airflow/.local/lib/python3.12/site-packages/airflow/example_dags/example_branch_python_dop_operator_3.py for tasks to queue
[2024-10-08T23:41:11.101+0000] {logging_mixin.py:190} INFO - [2024-10-08T23:41:11.101+0000] {dagbag.py:588} INFO - Filling up the DagBag from /home/airflow/.local/lib/python3.12/site-packages/airflow/example_dags/example_branch_python_dop_operator_3.py
[2024-10-08T23:41:11.108+0000] {processor.py:925} INFO - DAG(s) 'example_branch_dop_operator_v3' retrieved from /home/airflow/.local/lib/python3.12/site-packages/airflow/example_dags/example_branch_python_dop_operator_3.py
[2024-10-08T23:41:11.119+0000] {logging_mixin.py:190} INFO - [2024-10-08T23:41:11.119+0000] {dag.py:3239} INFO - Sync 1 DAGs
[2024-10-08T23:41:11.134+0000] {logging_mixin.py:190} INFO - [2024-10-08T23:41:11.134+0000] {dag.py:4180} INFO - Setting next_dagrun for example_branch_dop_operator_v3 to 2024-10-08 23:40:00+00:00, run_after=2024-10-08 23:41:00+00:00
[2024-10-08T23:41:11.145+0000] {processor.py:208} INFO - Processing /home/airflow/.local/lib/python3.12/site-packages/airflow/example_dags/example_branch_python_dop_operator_3.py took 0.050 seconds
[2024-10-08T23:41:41.299+0000] {processor.py:186} INFO - Started process (PID=424) to work on /home/airflow/.local/lib/python3.12/site-packages/airflow/example_dags/example_branch_python_dop_operator_3.py
[2024-10-08T23:41:41.300+0000] {processor.py:914} INFO - Processing file /home/airflow/.local/lib/python3.12/site-packages/airflow/example_dags/example_branch_python_dop_operator_3.py for tasks to queue
[2024-10-08T23:41:41.301+0000] {logging_mixin.py:190} INFO - [2024-10-08T23:41:41.301+0000] {dagbag.py:588} INFO - Filling up the DagBag from /home/airflow/.local/lib/python3.12/site-packages/airflow/example_dags/example_branch_python_dop_operator_3.py
[2024-10-08T23:41:41.307+0000] {processor.py:925} INFO - DAG(s) 'example_branch_dop_operator_v3' retrieved from /home/airflow/.local/lib/python3.12/site-packages/airflow/example_dags/example_branch_python_dop_operator_3.py
[2024-10-08T23:41:41.316+0000] {logging_mixin.py:190} INFO - [2024-10-08T23:41:41.316+0000] {dag.py:3239} INFO - Sync 1 DAGs
[2024-10-08T23:41:41.330+0000] {logging_mixin.py:190} INFO - [2024-10-08T23:41:41.330+0000] {dag.py:4180} INFO - Setting next_dagrun for example_branch_dop_operator_v3 to 2024-10-08 23:40:00+00:00, run_after=2024-10-08 23:41:00+00:00
[2024-10-08T23:41:41.339+0000] {processor.py:208} INFO - Processing /home/airflow/.local/lib/python3.12/site-packages/airflow/example_dags/example_branch_python_dop_operator_3.py took 0.043 seconds
[2024-10-08T23:42:54.010+0000] {processor.py:186} INFO - Started process (PID=172) to work on /home/airflow/.local/lib/python3.12/site-packages/airflow/example_dags/example_branch_python_dop_operator_3.py
[2024-10-08T23:42:54.011+0000] {processor.py:914} INFO - Processing file /home/airflow/.local/lib/python3.12/site-packages/airflow/example_dags/example_branch_python_dop_operator_3.py for tasks to queue
[2024-10-08T23:42:54.012+0000] {logging_mixin.py:190} INFO - [2024-10-08T23:42:54.012+0000] {dagbag.py:588} INFO - Filling up the DagBag from /home/airflow/.local/lib/python3.12/site-packages/airflow/example_dags/example_branch_python_dop_operator_3.py
[2024-10-08T23:42:54.019+0000] {processor.py:925} INFO - DAG(s) 'example_branch_dop_operator_v3' retrieved from /home/airflow/.local/lib/python3.12/site-packages/airflow/example_dags/example_branch_python_dop_operator_3.py
[2024-10-08T23:42:54.030+0000] {logging_mixin.py:190} INFO - [2024-10-08T23:42:54.030+0000] {dag.py:3239} INFO - Sync 1 DAGs
[2024-10-08T23:42:54.046+0000] {logging_mixin.py:190} INFO - [2024-10-08T23:42:54.046+0000] {dag.py:4180} INFO - Setting next_dagrun for example_branch_dop_operator_v3 to 2024-10-08 23:41:00+00:00, run_after=2024-10-08 23:42:00+00:00
[2024-10-08T23:42:54.056+0000] {processor.py:208} INFO - Processing /home/airflow/.local/lib/python3.12/site-packages/airflow/example_dags/example_branch_python_dop_operator_3.py took 0.050 seconds
[2024-10-08T23:43:24.284+0000] {processor.py:186} INFO - Started process (PID=235) to work on /home/airflow/.local/lib/python3.12/site-packages/airflow/example_dags/example_branch_python_dop_operator_3.py
[2024-10-08T23:43:24.285+0000] {processor.py:914} INFO - Processing file /home/airflow/.local/lib/python3.12/site-packages/airflow/example_dags/example_branch_python_dop_operator_3.py for tasks to queue
[2024-10-08T23:43:24.286+0000] {logging_mixin.py:190} INFO - [2024-10-08T23:43:24.286+0000] {dagbag.py:588} INFO - Filling up the DagBag from /home/airflow/.local/lib/python3.12/site-packages/airflow/example_dags/example_branch_python_dop_operator_3.py
[2024-10-08T23:43:24.292+0000] {processor.py:925} INFO - DAG(s) 'example_branch_dop_operator_v3' retrieved from /home/airflow/.local/lib/python3.12/site-packages/airflow/example_dags/example_branch_python_dop_operator_3.py
[2024-10-08T23:43:24.302+0000] {logging_mixin.py:190} INFO - [2024-10-08T23:43:24.302+0000] {dag.py:3239} INFO - Sync 1 DAGs
[2024-10-08T23:43:24.316+0000] {logging_mixin.py:190} INFO - [2024-10-08T23:43:24.315+0000] {dag.py:4180} INFO - Setting next_dagrun for example_branch_dop_operator_v3 to 2024-10-08 23:42:00+00:00, run_after=2024-10-08 23:43:00+00:00
[2024-10-08T23:43:24.326+0000] {processor.py:208} INFO - Processing /home/airflow/.local/lib/python3.12/site-packages/airflow/example_dags/example_branch_python_dop_operator_3.py took 0.045 seconds
[2024-10-08T23:44:33.139+0000] {processor.py:186} INFO - Started process (PID=179) to work on /home/airflow/.local/lib/python3.12/site-packages/airflow/example_dags/example_branch_python_dop_operator_3.py
[2024-10-08T23:44:33.140+0000] {processor.py:914} INFO - Processing file /home/airflow/.local/lib/python3.12/site-packages/airflow/example_dags/example_branch_python_dop_operator_3.py for tasks to queue
[2024-10-08T23:44:33.141+0000] {logging_mixin.py:190} INFO - [2024-10-08T23:44:33.141+0000] {dagbag.py:588} INFO - Filling up the DagBag from /home/airflow/.local/lib/python3.12/site-packages/airflow/example_dags/example_branch_python_dop_operator_3.py
[2024-10-08T23:44:33.148+0000] {processor.py:925} INFO - DAG(s) 'example_branch_dop_operator_v3' retrieved from /home/airflow/.local/lib/python3.12/site-packages/airflow/example_dags/example_branch_python_dop_operator_3.py
[2024-10-08T23:44:33.160+0000] {logging_mixin.py:190} INFO - [2024-10-08T23:44:33.160+0000] {dag.py:3239} INFO - Sync 1 DAGs
[2024-10-08T23:44:33.175+0000] {logging_mixin.py:190} INFO - [2024-10-08T23:44:33.175+0000] {dag.py:4180} INFO - Setting next_dagrun for example_branch_dop_operator_v3 to 2024-10-08 23:43:00+00:00, run_after=2024-10-08 23:44:00+00:00
[2024-10-08T23:44:33.185+0000] {processor.py:208} INFO - Processing /home/airflow/.local/lib/python3.12/site-packages/airflow/example_dags/example_branch_python_dop_operator_3.py took 0.050 seconds
[2024-10-08T23:45:03.442+0000] {processor.py:186} INFO - Started process (PID=242) to work on /home/airflow/.local/lib/python3.12/site-packages/airflow/example_dags/example_branch_python_dop_operator_3.py
[2024-10-08T23:45:03.443+0000] {processor.py:914} INFO - Processing file /home/airflow/.local/lib/python3.12/site-packages/airflow/example_dags/example_branch_python_dop_operator_3.py for tasks to queue
[2024-10-08T23:45:03.444+0000] {logging_mixin.py:190} INFO - [2024-10-08T23:45:03.444+0000] {dagbag.py:588} INFO - Filling up the DagBag from /home/airflow/.local/lib/python3.12/site-packages/airflow/example_dags/example_branch_python_dop_operator_3.py
[2024-10-08T23:45:03.451+0000] {processor.py:925} INFO - DAG(s) 'example_branch_dop_operator_v3' retrieved from /home/airflow/.local/lib/python3.12/site-packages/airflow/example_dags/example_branch_python_dop_operator_3.py
[2024-10-08T23:45:03.465+0000] {logging_mixin.py:190} INFO - [2024-10-08T23:45:03.465+0000] {dag.py:3239} INFO - Sync 1 DAGs
[2024-10-08T23:45:03.479+0000] {logging_mixin.py:190} INFO - [2024-10-08T23:45:03.478+0000] {dag.py:4180} INFO - Setting next_dagrun for example_branch_dop_operator_v3 to 2024-10-08 23:44:00+00:00, run_after=2024-10-08 23:45:00+00:00
[2024-10-08T23:45:03.488+0000] {processor.py:208} INFO - Processing /home/airflow/.local/lib/python3.12/site-packages/airflow/example_dags/example_branch_python_dop_operator_3.py took 0.050 seconds
[2024-10-08T23:45:33.678+0000] {processor.py:186} INFO - Started process (PID=305) to work on /home/airflow/.local/lib/python3.12/site-packages/airflow/example_dags/example_branch_python_dop_operator_3.py
[2024-10-08T23:45:33.679+0000] {processor.py:914} INFO - Processing file /home/airflow/.local/lib/python3.12/site-packages/airflow/example_dags/example_branch_python_dop_operator_3.py for tasks to queue
[2024-10-08T23:45:33.680+0000] {logging_mixin.py:190} INFO - [2024-10-08T23:45:33.680+0000] {dagbag.py:588} INFO - Filling up the DagBag from /home/airflow/.local/lib/python3.12/site-packages/airflow/example_dags/example_branch_python_dop_operator_3.py
[2024-10-08T23:45:33.686+0000] {processor.py:925} INFO - DAG(s) 'example_branch_dop_operator_v3' retrieved from /home/airflow/.local/lib/python3.12/site-packages/airflow/example_dags/example_branch_python_dop_operator_3.py
[2024-10-08T23:45:33.696+0000] {logging_mixin.py:190} INFO - [2024-10-08T23:45:33.695+0000] {dag.py:3239} INFO - Sync 1 DAGs
[2024-10-08T23:45:33.709+0000] {logging_mixin.py:190} INFO - [2024-10-08T23:45:33.709+0000] {dag.py:4180} INFO - Setting next_dagrun for example_branch_dop_operator_v3 to 2024-10-08 23:44:00+00:00, run_after=2024-10-08 23:45:00+00:00
[2024-10-08T23:45:33.719+0000] {processor.py:208} INFO - Processing /home/airflow/.local/lib/python3.12/site-packages/airflow/example_dags/example_branch_python_dop_operator_3.py took 0.044 seconds
[2024-10-08T23:46:03.875+0000] {processor.py:186} INFO - Started process (PID=368) to work on /home/airflow/.local/lib/python3.12/site-packages/airflow/example_dags/example_branch_python_dop_operator_3.py
[2024-10-08T23:46:03.876+0000] {processor.py:914} INFO - Processing file /home/airflow/.local/lib/python3.12/site-packages/airflow/example_dags/example_branch_python_dop_operator_3.py for tasks to queue
[2024-10-08T23:46:03.877+0000] {logging_mixin.py:190} INFO - [2024-10-08T23:46:03.877+0000] {dagbag.py:588} INFO - Filling up the DagBag from /home/airflow/.local/lib/python3.12/site-packages/airflow/example_dags/example_branch_python_dop_operator_3.py
[2024-10-08T23:46:03.883+0000] {processor.py:925} INFO - DAG(s) 'example_branch_dop_operator_v3' retrieved from /home/airflow/.local/lib/python3.12/site-packages/airflow/example_dags/example_branch_python_dop_operator_3.py
[2024-10-08T23:46:03.894+0000] {logging_mixin.py:190} INFO - [2024-10-08T23:46:03.894+0000] {dag.py:3239} INFO - Sync 1 DAGs
[2024-10-08T23:46:03.908+0000] {logging_mixin.py:190} INFO - [2024-10-08T23:46:03.908+0000] {dag.py:4180} INFO - Setting next_dagrun for example_branch_dop_operator_v3 to 2024-10-08 23:45:00+00:00, run_after=2024-10-08 23:46:00+00:00
[2024-10-08T23:46:03.918+0000] {processor.py:208} INFO - Processing /home/airflow/.local/lib/python3.12/site-packages/airflow/example_dags/example_branch_python_dop_operator_3.py took 0.046 seconds
[2024-10-08T23:46:35.131+0000] {processor.py:186} INFO - Started process (PID=431) to work on /home/airflow/.local/lib/python3.12/site-packages/airflow/example_dags/example_branch_python_dop_operator_3.py
[2024-10-08T23:46:35.132+0000] {processor.py:914} INFO - Processing file /home/airflow/.local/lib/python3.12/site-packages/airflow/example_dags/example_branch_python_dop_operator_3.py for tasks to queue
[2024-10-08T23:46:35.134+0000] {logging_mixin.py:190} INFO - [2024-10-08T23:46:35.134+0000] {dagbag.py:588} INFO - Filling up the DagBag from /home/airflow/.local/lib/python3.12/site-packages/airflow/example_dags/example_branch_python_dop_operator_3.py
[2024-10-08T23:46:35.140+0000] {processor.py:925} INFO - DAG(s) 'example_branch_dop_operator_v3' retrieved from /home/airflow/.local/lib/python3.12/site-packages/airflow/example_dags/example_branch_python_dop_operator_3.py
[2024-10-08T23:46:35.152+0000] {logging_mixin.py:190} INFO - [2024-10-08T23:46:35.152+0000] {dag.py:3239} INFO - Sync 1 DAGs
[2024-10-08T23:46:35.166+0000] {logging_mixin.py:190} INFO - [2024-10-08T23:46:35.166+0000] {dag.py:4180} INFO - Setting next_dagrun for example_branch_dop_operator_v3 to 2024-10-08 23:45:00+00:00, run_after=2024-10-08 23:46:00+00:00
[2024-10-08T23:46:35.177+0000] {processor.py:208} INFO - Processing /home/airflow/.local/lib/python3.12/site-packages/airflow/example_dags/example_branch_python_dop_operator_3.py took 0.050 seconds
[2024-10-08T23:47:05.235+0000] {processor.py:186} INFO - Started process (PID=494) to work on /home/airflow/.local/lib/python3.12/site-packages/airflow/example_dags/example_branch_python_dop_operator_3.py
[2024-10-08T23:47:05.235+0000] {processor.py:914} INFO - Processing file /home/airflow/.local/lib/python3.12/site-packages/airflow/example_dags/example_branch_python_dop_operator_3.py for tasks to queue
[2024-10-08T23:47:05.237+0000] {logging_mixin.py:190} INFO - [2024-10-08T23:47:05.236+0000] {dagbag.py:588} INFO - Filling up the DagBag from /home/airflow/.local/lib/python3.12/site-packages/airflow/example_dags/example_branch_python_dop_operator_3.py
[2024-10-08T23:47:05.242+0000] {processor.py:925} INFO - DAG(s) 'example_branch_dop_operator_v3' retrieved from /home/airflow/.local/lib/python3.12/site-packages/airflow/example_dags/example_branch_python_dop_operator_3.py
[2024-10-08T23:47:05.253+0000] {logging_mixin.py:190} INFO - [2024-10-08T23:47:05.252+0000] {dag.py:3239} INFO - Sync 1 DAGs
[2024-10-08T23:47:05.266+0000] {logging_mixin.py:190} INFO - [2024-10-08T23:47:05.266+0000] {dag.py:4180} INFO - Setting next_dagrun for example_branch_dop_operator_v3 to 2024-10-08 23:46:00+00:00, run_after=2024-10-08 23:47:00+00:00
[2024-10-08T23:47:05.277+0000] {processor.py:208} INFO - Processing /home/airflow/.local/lib/python3.12/site-packages/airflow/example_dags/example_branch_python_dop_operator_3.py took 0.045 seconds
[2024-10-08T23:47:35.421+0000] {processor.py:186} INFO - Started process (PID=557) to work on /home/airflow/.local/lib/python3.12/site-packages/airflow/example_dags/example_branch_python_dop_operator_3.py
[2024-10-08T23:47:35.422+0000] {processor.py:914} INFO - Processing file /home/airflow/.local/lib/python3.12/site-packages/airflow/example_dags/example_branch_python_dop_operator_3.py for tasks to queue
[2024-10-08T23:47:35.423+0000] {logging_mixin.py:190} INFO - [2024-10-08T23:47:35.423+0000] {dagbag.py:588} INFO - Filling up the DagBag from /home/airflow/.local/lib/python3.12/site-packages/airflow/example_dags/example_branch_python_dop_operator_3.py
[2024-10-08T23:47:35.429+0000] {processor.py:925} INFO - DAG(s) 'example_branch_dop_operator_v3' retrieved from /home/airflow/.local/lib/python3.12/site-packages/airflow/example_dags/example_branch_python_dop_operator_3.py
[2024-10-08T23:47:35.438+0000] {logging_mixin.py:190} INFO - [2024-10-08T23:47:35.438+0000] {dag.py:3239} INFO - Sync 1 DAGs
[2024-10-08T23:47:35.452+0000] {logging_mixin.py:190} INFO - [2024-10-08T23:47:35.452+0000] {dag.py:4180} INFO - Setting next_dagrun for example_branch_dop_operator_v3 to 2024-10-08 23:46:00+00:00, run_after=2024-10-08 23:47:00+00:00
[2024-10-08T23:47:35.461+0000] {processor.py:208} INFO - Processing /home/airflow/.local/lib/python3.12/site-packages/airflow/example_dags/example_branch_python_dop_operator_3.py took 0.043 seconds
[2024-10-08T23:48:05.671+0000] {processor.py:186} INFO - Started process (PID=620) to work on /home/airflow/.local/lib/python3.12/site-packages/airflow/example_dags/example_branch_python_dop_operator_3.py
[2024-10-08T23:48:05.672+0000] {processor.py:914} INFO - Processing file /home/airflow/.local/lib/python3.12/site-packages/airflow/example_dags/example_branch_python_dop_operator_3.py for tasks to queue
[2024-10-08T23:48:05.673+0000] {logging_mixin.py:190} INFO - [2024-10-08T23:48:05.673+0000] {dagbag.py:588} INFO - Filling up the DagBag from /home/airflow/.local/lib/python3.12/site-packages/airflow/example_dags/example_branch_python_dop_operator_3.py
[2024-10-08T23:48:05.679+0000] {processor.py:925} INFO - DAG(s) 'example_branch_dop_operator_v3' retrieved from /home/airflow/.local/lib/python3.12/site-packages/airflow/example_dags/example_branch_python_dop_operator_3.py
[2024-10-08T23:48:05.689+0000] {logging_mixin.py:190} INFO - [2024-10-08T23:48:05.689+0000] {dag.py:3239} INFO - Sync 1 DAGs
[2024-10-08T23:48:05.703+0000] {logging_mixin.py:190} INFO - [2024-10-08T23:48:05.703+0000] {dag.py:4180} INFO - Setting next_dagrun for example_branch_dop_operator_v3 to 2024-10-08 23:47:00+00:00, run_after=2024-10-08 23:48:00+00:00
[2024-10-08T23:48:05.713+0000] {processor.py:208} INFO - Processing /home/airflow/.local/lib/python3.12/site-packages/airflow/example_dags/example_branch_python_dop_operator_3.py took 0.045 seconds
[2024-10-08T23:48:35.830+0000] {processor.py:186} INFO - Started process (PID=683) to work on /home/airflow/.local/lib/python3.12/site-packages/airflow/example_dags/example_branch_python_dop_operator_3.py
[2024-10-08T23:48:35.831+0000] {processor.py:914} INFO - Processing file /home/airflow/.local/lib/python3.12/site-packages/airflow/example_dags/example_branch_python_dop_operator_3.py for tasks to queue
[2024-10-08T23:48:35.832+0000] {logging_mixin.py:190} INFO - [2024-10-08T23:48:35.832+0000] {dagbag.py:588} INFO - Filling up the DagBag from /home/airflow/.local/lib/python3.12/site-packages/airflow/example_dags/example_branch_python_dop_operator_3.py
[2024-10-08T23:48:35.837+0000] {processor.py:925} INFO - DAG(s) 'example_branch_dop_operator_v3' retrieved from /home/airflow/.local/lib/python3.12/site-packages/airflow/example_dags/example_branch_python_dop_operator_3.py
[2024-10-08T23:48:35.847+0000] {logging_mixin.py:190} INFO - [2024-10-08T23:48:35.847+0000] {dag.py:3239} INFO - Sync 1 DAGs
[2024-10-08T23:48:35.861+0000] {logging_mixin.py:190} INFO - [2024-10-08T23:48:35.861+0000] {dag.py:4180} INFO - Setting next_dagrun for example_branch_dop_operator_v3 to 2024-10-08 23:47:00+00:00, run_after=2024-10-08 23:48:00+00:00
[2024-10-08T23:48:35.870+0000] {processor.py:208} INFO - Processing /home/airflow/.local/lib/python3.12/site-packages/airflow/example_dags/example_branch_python_dop_operator_3.py took 0.044 seconds
[2024-10-08T23:49:06.947+0000] {processor.py:186} INFO - Started process (PID=746) to work on /home/airflow/.local/lib/python3.12/site-packages/airflow/example_dags/example_branch_python_dop_operator_3.py
[2024-10-08T23:49:06.948+0000] {processor.py:914} INFO - Processing file /home/airflow/.local/lib/python3.12/site-packages/airflow/example_dags/example_branch_python_dop_operator_3.py for tasks to queue
[2024-10-08T23:49:06.949+0000] {logging_mixin.py:190} INFO - [2024-10-08T23:49:06.949+0000] {dagbag.py:588} INFO - Filling up the DagBag from /home/airflow/.local/lib/python3.12/site-packages/airflow/example_dags/example_branch_python_dop_operator_3.py
[2024-10-08T23:49:06.955+0000] {processor.py:925} INFO - DAG(s) 'example_branch_dop_operator_v3' retrieved from /home/airflow/.local/lib/python3.12/site-packages/airflow/example_dags/example_branch_python_dop_operator_3.py
[2024-10-08T23:49:06.966+0000] {logging_mixin.py:190} INFO - [2024-10-08T23:49:06.966+0000] {dag.py:3239} INFO - Sync 1 DAGs
[2024-10-08T23:49:06.981+0000] {logging_mixin.py:190} INFO - [2024-10-08T23:49:06.981+0000] {dag.py:4180} INFO - Setting next_dagrun for example_branch_dop_operator_v3 to 2024-10-08 23:48:00+00:00, run_after=2024-10-08 23:49:00+00:00
[2024-10-08T23:49:06.992+0000] {processor.py:208} INFO - Processing /home/airflow/.local/lib/python3.12/site-packages/airflow/example_dags/example_branch_python_dop_operator_3.py took 0.048 seconds
[2024-10-08T23:49:38.198+0000] {processor.py:186} INFO - Started process (PID=809) to work on /home/airflow/.local/lib/python3.12/site-packages/airflow/example_dags/example_branch_python_dop_operator_3.py
[2024-10-08T23:49:38.199+0000] {processor.py:914} INFO - Processing file /home/airflow/.local/lib/python3.12/site-packages/airflow/example_dags/example_branch_python_dop_operator_3.py for tasks to queue
[2024-10-08T23:49:38.200+0000] {logging_mixin.py:190} INFO - [2024-10-08T23:49:38.200+0000] {dagbag.py:588} INFO - Filling up the DagBag from /home/airflow/.local/lib/python3.12/site-packages/airflow/example_dags/example_branch_python_dop_operator_3.py
[2024-10-08T23:49:38.207+0000] {processor.py:925} INFO - DAG(s) 'example_branch_dop_operator_v3' retrieved from /home/airflow/.local/lib/python3.12/site-packages/airflow/example_dags/example_branch_python_dop_operator_3.py
[2024-10-08T23:49:38.219+0000] {logging_mixin.py:190} INFO - [2024-10-08T23:49:38.219+0000] {dag.py:3239} INFO - Sync 1 DAGs
[2024-10-08T23:49:38.234+0000] {logging_mixin.py:190} INFO - [2024-10-08T23:49:38.234+0000] {dag.py:4180} INFO - Setting next_dagrun for example_branch_dop_operator_v3 to 2024-10-08 23:48:00+00:00, run_after=2024-10-08 23:49:00+00:00
[2024-10-08T23:49:38.244+0000] {processor.py:208} INFO - Processing /home/airflow/.local/lib/python3.12/site-packages/airflow/example_dags/example_branch_python_dop_operator_3.py took 0.050 seconds
[2024-10-08T23:50:08.518+0000] {processor.py:186} INFO - Started process (PID=872) to work on /home/airflow/.local/lib/python3.12/site-packages/airflow/example_dags/example_branch_python_dop_operator_3.py
[2024-10-08T23:50:08.519+0000] {processor.py:914} INFO - Processing file /home/airflow/.local/lib/python3.12/site-packages/airflow/example_dags/example_branch_python_dop_operator_3.py for tasks to queue
[2024-10-08T23:50:08.520+0000] {logging_mixin.py:190} INFO - [2024-10-08T23:50:08.520+0000] {dagbag.py:588} INFO - Filling up the DagBag from /home/airflow/.local/lib/python3.12/site-packages/airflow/example_dags/example_branch_python_dop_operator_3.py
[2024-10-08T23:50:08.526+0000] {processor.py:925} INFO - DAG(s) 'example_branch_dop_operator_v3' retrieved from /home/airflow/.local/lib/python3.12/site-packages/airflow/example_dags/example_branch_python_dop_operator_3.py
[2024-10-08T23:50:08.536+0000] {logging_mixin.py:190} INFO - [2024-10-08T23:50:08.536+0000] {dag.py:3239} INFO - Sync 1 DAGs
[2024-10-08T23:50:08.550+0000] {logging_mixin.py:190} INFO - [2024-10-08T23:50:08.550+0000] {dag.py:4180} INFO - Setting next_dagrun for example_branch_dop_operator_v3 to 2024-10-08 23:49:00+00:00, run_after=2024-10-08 23:50:00+00:00
[2024-10-08T23:50:08.561+0000] {processor.py:208} INFO - Processing /home/airflow/.local/lib/python3.12/site-packages/airflow/example_dags/example_branch_python_dop_operator_3.py took 0.046 seconds
