[2024-10-08T23:14:26.652+0000] {processor.py:186} INFO - Started process (PID=15722) to work on /home/airflow/.local/lib/python3.12/site-packages/airflow/example_dags/example_branch_operator.py
[2024-10-08T23:14:26.653+0000] {processor.py:914} INFO - Processing file /home/airflow/.local/lib/python3.12/site-packages/airflow/example_dags/example_branch_operator.py for tasks to queue
[2024-10-08T23:14:26.654+0000] {logging_mixin.py:190} INFO - [2024-10-08T23:14:26.654+0000] {dagbag.py:588} INFO - Filling up the DagBag from /home/airflow/.local/lib/python3.12/site-packages/airflow/example_dags/example_branch_operator.py
[2024-10-08T23:14:26.663+0000] {processor.py:925} INFO - DAG(s) 'example_branch_operator' retrieved from /home/airflow/.local/lib/python3.12/site-packages/airflow/example_dags/example_branch_operator.py
[2024-10-08T23:14:26.679+0000] {logging_mixin.py:190} INFO - [2024-10-08T23:14:26.679+0000] {dag.py:3239} INFO - Sync 1 DAGs
[2024-10-08T23:14:26.692+0000] {logging_mixin.py:190} INFO - [2024-10-08T23:14:26.692+0000] {dag.py:4180} INFO - Setting next_dagrun for example_branch_operator to 2024-10-07 00:00:00+00:00, run_after=2024-10-08 00:00:00+00:00
[2024-10-08T23:14:26.702+0000] {processor.py:208} INFO - Processing /home/airflow/.local/lib/python3.12/site-packages/airflow/example_dags/example_branch_operator.py took 0.053 seconds
[2024-10-08T23:34:24.119+0000] {processor.py:186} INFO - Started process (PID=182) to work on /home/airflow/.local/lib/python3.12/site-packages/airflow/example_dags/example_branch_operator.py
[2024-10-08T23:34:24.120+0000] {processor.py:914} INFO - Processing file /home/airflow/.local/lib/python3.12/site-packages/airflow/example_dags/example_branch_operator.py for tasks to queue
[2024-10-08T23:34:24.121+0000] {logging_mixin.py:190} INFO - [2024-10-08T23:34:24.121+0000] {dagbag.py:588} INFO - Filling up the DagBag from /home/airflow/.local/lib/python3.12/site-packages/airflow/example_dags/example_branch_operator.py
[2024-10-08T23:34:24.132+0000] {processor.py:925} INFO - DAG(s) 'example_branch_operator' retrieved from /home/airflow/.local/lib/python3.12/site-packages/airflow/example_dags/example_branch_operator.py
[2024-10-08T23:34:24.193+0000] {logging_mixin.py:190} INFO - [2024-10-08T23:34:24.193+0000] {dag.py:3239} INFO - Sync 1 DAGs
[2024-10-08T23:34:24.205+0000] {logging_mixin.py:190} INFO - [2024-10-08T23:34:24.205+0000] {dag.py:4180} INFO - Setting next_dagrun for example_branch_operator to 2024-10-07 00:00:00+00:00, run_after=2024-10-08 00:00:00+00:00
[2024-10-08T23:34:24.217+0000] {processor.py:208} INFO - Processing /home/airflow/.local/lib/python3.12/site-packages/airflow/example_dags/example_branch_operator.py took 0.100 seconds
[2024-10-08T23:34:54.690+0000] {processor.py:186} INFO - Started process (PID=245) to work on /home/airflow/.local/lib/python3.12/site-packages/airflow/example_dags/example_branch_operator.py
[2024-10-08T23:34:54.691+0000] {processor.py:914} INFO - Processing file /home/airflow/.local/lib/python3.12/site-packages/airflow/example_dags/example_branch_operator.py for tasks to queue
[2024-10-08T23:34:54.692+0000] {logging_mixin.py:190} INFO - [2024-10-08T23:34:54.692+0000] {dagbag.py:588} INFO - Filling up the DagBag from /home/airflow/.local/lib/python3.12/site-packages/airflow/example_dags/example_branch_operator.py
[2024-10-08T23:34:54.702+0000] {processor.py:925} INFO - DAG(s) 'example_branch_operator' retrieved from /home/airflow/.local/lib/python3.12/site-packages/airflow/example_dags/example_branch_operator.py
[2024-10-08T23:34:54.718+0000] {logging_mixin.py:190} INFO - [2024-10-08T23:34:54.718+0000] {dag.py:3239} INFO - Sync 1 DAGs
[2024-10-08T23:34:54.732+0000] {logging_mixin.py:190} INFO - [2024-10-08T23:34:54.732+0000] {dag.py:4180} INFO - Setting next_dagrun for example_branch_operator to 2024-10-07 00:00:00+00:00, run_after=2024-10-08 00:00:00+00:00
[2024-10-08T23:34:54.743+0000] {processor.py:208} INFO - Processing /home/airflow/.local/lib/python3.12/site-packages/airflow/example_dags/example_branch_operator.py took 0.057 seconds
[2024-10-08T23:35:25.127+0000] {processor.py:186} INFO - Started process (PID=308) to work on /home/airflow/.local/lib/python3.12/site-packages/airflow/example_dags/example_branch_operator.py
[2024-10-08T23:35:25.128+0000] {processor.py:914} INFO - Processing file /home/airflow/.local/lib/python3.12/site-packages/airflow/example_dags/example_branch_operator.py for tasks to queue
[2024-10-08T23:35:25.129+0000] {logging_mixin.py:190} INFO - [2024-10-08T23:35:25.129+0000] {dagbag.py:588} INFO - Filling up the DagBag from /home/airflow/.local/lib/python3.12/site-packages/airflow/example_dags/example_branch_operator.py
[2024-10-08T23:35:25.139+0000] {processor.py:925} INFO - DAG(s) 'example_branch_operator' retrieved from /home/airflow/.local/lib/python3.12/site-packages/airflow/example_dags/example_branch_operator.py
[2024-10-08T23:35:25.154+0000] {logging_mixin.py:190} INFO - [2024-10-08T23:35:25.154+0000] {dag.py:3239} INFO - Sync 1 DAGs
[2024-10-08T23:35:25.172+0000] {logging_mixin.py:190} INFO - [2024-10-08T23:35:25.171+0000] {dag.py:4180} INFO - Setting next_dagrun for example_branch_operator to 2024-10-07 00:00:00+00:00, run_after=2024-10-08 00:00:00+00:00
[2024-10-08T23:35:25.183+0000] {processor.py:208} INFO - Processing /home/airflow/.local/lib/python3.12/site-packages/airflow/example_dags/example_branch_operator.py took 0.059 seconds
[2024-10-08T23:35:55.355+0000] {processor.py:186} INFO - Started process (PID=371) to work on /home/airflow/.local/lib/python3.12/site-packages/airflow/example_dags/example_branch_operator.py
[2024-10-08T23:35:55.355+0000] {processor.py:914} INFO - Processing file /home/airflow/.local/lib/python3.12/site-packages/airflow/example_dags/example_branch_operator.py for tasks to queue
[2024-10-08T23:35:55.357+0000] {logging_mixin.py:190} INFO - [2024-10-08T23:35:55.356+0000] {dagbag.py:588} INFO - Filling up the DagBag from /home/airflow/.local/lib/python3.12/site-packages/airflow/example_dags/example_branch_operator.py
[2024-10-08T23:35:55.366+0000] {processor.py:925} INFO - DAG(s) 'example_branch_operator' retrieved from /home/airflow/.local/lib/python3.12/site-packages/airflow/example_dags/example_branch_operator.py
[2024-10-08T23:35:55.381+0000] {logging_mixin.py:190} INFO - [2024-10-08T23:35:55.381+0000] {dag.py:3239} INFO - Sync 1 DAGs
[2024-10-08T23:35:55.394+0000] {logging_mixin.py:190} INFO - [2024-10-08T23:35:55.394+0000] {dag.py:4180} INFO - Setting next_dagrun for example_branch_operator to 2024-10-07 00:00:00+00:00, run_after=2024-10-08 00:00:00+00:00
[2024-10-08T23:35:55.405+0000] {processor.py:208} INFO - Processing /home/airflow/.local/lib/python3.12/site-packages/airflow/example_dags/example_branch_operator.py took 0.053 seconds
[2024-10-08T23:36:25.502+0000] {processor.py:186} INFO - Started process (PID=434) to work on /home/airflow/.local/lib/python3.12/site-packages/airflow/example_dags/example_branch_operator.py
[2024-10-08T23:36:25.503+0000] {processor.py:914} INFO - Processing file /home/airflow/.local/lib/python3.12/site-packages/airflow/example_dags/example_branch_operator.py for tasks to queue
[2024-10-08T23:36:25.504+0000] {logging_mixin.py:190} INFO - [2024-10-08T23:36:25.504+0000] {dagbag.py:588} INFO - Filling up the DagBag from /home/airflow/.local/lib/python3.12/site-packages/airflow/example_dags/example_branch_operator.py
[2024-10-08T23:36:25.514+0000] {processor.py:925} INFO - DAG(s) 'example_branch_operator' retrieved from /home/airflow/.local/lib/python3.12/site-packages/airflow/example_dags/example_branch_operator.py
[2024-10-08T23:36:25.531+0000] {logging_mixin.py:190} INFO - [2024-10-08T23:36:25.531+0000] {dag.py:3239} INFO - Sync 1 DAGs
[2024-10-08T23:36:25.546+0000] {logging_mixin.py:190} INFO - [2024-10-08T23:36:25.545+0000] {dag.py:4180} INFO - Setting next_dagrun for example_branch_operator to 2024-10-07 00:00:00+00:00, run_after=2024-10-08 00:00:00+00:00
[2024-10-08T23:36:25.555+0000] {processor.py:208} INFO - Processing /home/airflow/.local/lib/python3.12/site-packages/airflow/example_dags/example_branch_operator.py took 0.057 seconds
[2024-10-08T23:36:55.706+0000] {processor.py:186} INFO - Started process (PID=497) to work on /home/airflow/.local/lib/python3.12/site-packages/airflow/example_dags/example_branch_operator.py
[2024-10-08T23:36:55.706+0000] {processor.py:914} INFO - Processing file /home/airflow/.local/lib/python3.12/site-packages/airflow/example_dags/example_branch_operator.py for tasks to queue
[2024-10-08T23:36:55.708+0000] {logging_mixin.py:190} INFO - [2024-10-08T23:36:55.707+0000] {dagbag.py:588} INFO - Filling up the DagBag from /home/airflow/.local/lib/python3.12/site-packages/airflow/example_dags/example_branch_operator.py
[2024-10-08T23:36:55.718+0000] {processor.py:925} INFO - DAG(s) 'example_branch_operator' retrieved from /home/airflow/.local/lib/python3.12/site-packages/airflow/example_dags/example_branch_operator.py
[2024-10-08T23:36:55.733+0000] {logging_mixin.py:190} INFO - [2024-10-08T23:36:55.733+0000] {dag.py:3239} INFO - Sync 1 DAGs
[2024-10-08T23:36:55.745+0000] {logging_mixin.py:190} INFO - [2024-10-08T23:36:55.745+0000] {dag.py:4180} INFO - Setting next_dagrun for example_branch_operator to 2024-10-07 00:00:00+00:00, run_after=2024-10-08 00:00:00+00:00
[2024-10-08T23:36:55.755+0000] {processor.py:208} INFO - Processing /home/airflow/.local/lib/python3.12/site-packages/airflow/example_dags/example_branch_operator.py took 0.052 seconds
[2024-10-08T23:37:26.004+0000] {processor.py:186} INFO - Started process (PID=560) to work on /home/airflow/.local/lib/python3.12/site-packages/airflow/example_dags/example_branch_operator.py
[2024-10-08T23:37:26.004+0000] {processor.py:914} INFO - Processing file /home/airflow/.local/lib/python3.12/site-packages/airflow/example_dags/example_branch_operator.py for tasks to queue
[2024-10-08T23:37:26.006+0000] {logging_mixin.py:190} INFO - [2024-10-08T23:37:26.005+0000] {dagbag.py:588} INFO - Filling up the DagBag from /home/airflow/.local/lib/python3.12/site-packages/airflow/example_dags/example_branch_operator.py
[2024-10-08T23:37:26.015+0000] {processor.py:925} INFO - DAG(s) 'example_branch_operator' retrieved from /home/airflow/.local/lib/python3.12/site-packages/airflow/example_dags/example_branch_operator.py
[2024-10-08T23:37:26.031+0000] {logging_mixin.py:190} INFO - [2024-10-08T23:37:26.031+0000] {dag.py:3239} INFO - Sync 1 DAGs
[2024-10-08T23:37:26.044+0000] {logging_mixin.py:190} INFO - [2024-10-08T23:37:26.044+0000] {dag.py:4180} INFO - Setting next_dagrun for example_branch_operator to 2024-10-07 00:00:00+00:00, run_after=2024-10-08 00:00:00+00:00
[2024-10-08T23:37:26.055+0000] {processor.py:208} INFO - Processing /home/airflow/.local/lib/python3.12/site-packages/airflow/example_dags/example_branch_operator.py took 0.055 seconds
[2024-10-08T23:37:56.369+0000] {processor.py:186} INFO - Started process (PID=623) to work on /home/airflow/.local/lib/python3.12/site-packages/airflow/example_dags/example_branch_operator.py
[2024-10-08T23:37:56.370+0000] {processor.py:914} INFO - Processing file /home/airflow/.local/lib/python3.12/site-packages/airflow/example_dags/example_branch_operator.py for tasks to queue
[2024-10-08T23:37:56.371+0000] {logging_mixin.py:190} INFO - [2024-10-08T23:37:56.371+0000] {dagbag.py:588} INFO - Filling up the DagBag from /home/airflow/.local/lib/python3.12/site-packages/airflow/example_dags/example_branch_operator.py
[2024-10-08T23:37:56.380+0000] {processor.py:925} INFO - DAG(s) 'example_branch_operator' retrieved from /home/airflow/.local/lib/python3.12/site-packages/airflow/example_dags/example_branch_operator.py
[2024-10-08T23:37:56.395+0000] {logging_mixin.py:190} INFO - [2024-10-08T23:37:56.395+0000] {dag.py:3239} INFO - Sync 1 DAGs
[2024-10-08T23:37:56.408+0000] {logging_mixin.py:190} INFO - [2024-10-08T23:37:56.407+0000] {dag.py:4180} INFO - Setting next_dagrun for example_branch_operator to 2024-10-07 00:00:00+00:00, run_after=2024-10-08 00:00:00+00:00
[2024-10-08T23:37:56.417+0000] {processor.py:208} INFO - Processing /home/airflow/.local/lib/python3.12/site-packages/airflow/example_dags/example_branch_operator.py took 0.051 seconds
[2024-10-08T23:38:26.628+0000] {processor.py:186} INFO - Started process (PID=686) to work on /home/airflow/.local/lib/python3.12/site-packages/airflow/example_dags/example_branch_operator.py
[2024-10-08T23:38:26.629+0000] {processor.py:914} INFO - Processing file /home/airflow/.local/lib/python3.12/site-packages/airflow/example_dags/example_branch_operator.py for tasks to queue
[2024-10-08T23:38:26.630+0000] {logging_mixin.py:190} INFO - [2024-10-08T23:38:26.630+0000] {dagbag.py:588} INFO - Filling up the DagBag from /home/airflow/.local/lib/python3.12/site-packages/airflow/example_dags/example_branch_operator.py
[2024-10-08T23:38:26.639+0000] {processor.py:925} INFO - DAG(s) 'example_branch_operator' retrieved from /home/airflow/.local/lib/python3.12/site-packages/airflow/example_dags/example_branch_operator.py
[2024-10-08T23:38:26.655+0000] {logging_mixin.py:190} INFO - [2024-10-08T23:38:26.655+0000] {dag.py:3239} INFO - Sync 1 DAGs
[2024-10-08T23:38:26.668+0000] {logging_mixin.py:190} INFO - [2024-10-08T23:38:26.668+0000] {dag.py:4180} INFO - Setting next_dagrun for example_branch_operator to 2024-10-07 00:00:00+00:00, run_after=2024-10-08 00:00:00+00:00
[2024-10-08T23:38:26.677+0000] {processor.py:208} INFO - Processing /home/airflow/.local/lib/python3.12/site-packages/airflow/example_dags/example_branch_operator.py took 0.053 seconds
[2024-10-08T23:38:56.869+0000] {processor.py:186} INFO - Started process (PID=749) to work on /home/airflow/.local/lib/python3.12/site-packages/airflow/example_dags/example_branch_operator.py
[2024-10-08T23:38:56.870+0000] {processor.py:914} INFO - Processing file /home/airflow/.local/lib/python3.12/site-packages/airflow/example_dags/example_branch_operator.py for tasks to queue
[2024-10-08T23:38:56.871+0000] {logging_mixin.py:190} INFO - [2024-10-08T23:38:56.871+0000] {dagbag.py:588} INFO - Filling up the DagBag from /home/airflow/.local/lib/python3.12/site-packages/airflow/example_dags/example_branch_operator.py
[2024-10-08T23:38:56.881+0000] {processor.py:925} INFO - DAG(s) 'example_branch_operator' retrieved from /home/airflow/.local/lib/python3.12/site-packages/airflow/example_dags/example_branch_operator.py
[2024-10-08T23:38:56.897+0000] {logging_mixin.py:190} INFO - [2024-10-08T23:38:56.897+0000] {dag.py:3239} INFO - Sync 1 DAGs
[2024-10-08T23:38:56.911+0000] {logging_mixin.py:190} INFO - [2024-10-08T23:38:56.911+0000] {dag.py:4180} INFO - Setting next_dagrun for example_branch_operator to 2024-10-07 00:00:00+00:00, run_after=2024-10-08 00:00:00+00:00
[2024-10-08T23:38:56.921+0000] {processor.py:208} INFO - Processing /home/airflow/.local/lib/python3.12/site-packages/airflow/example_dags/example_branch_operator.py took 0.056 seconds
[2024-10-08T23:39:39.693+0000] {processor.py:186} INFO - Started process (PID=175) to work on /home/airflow/.local/lib/python3.12/site-packages/airflow/example_dags/example_branch_operator.py
[2024-10-08T23:39:39.693+0000] {processor.py:914} INFO - Processing file /home/airflow/.local/lib/python3.12/site-packages/airflow/example_dags/example_branch_operator.py for tasks to queue
[2024-10-08T23:39:39.695+0000] {logging_mixin.py:190} INFO - [2024-10-08T23:39:39.694+0000] {dagbag.py:588} INFO - Filling up the DagBag from /home/airflow/.local/lib/python3.12/site-packages/airflow/example_dags/example_branch_operator.py
[2024-10-08T23:39:39.705+0000] {processor.py:925} INFO - DAG(s) 'example_branch_operator' retrieved from /home/airflow/.local/lib/python3.12/site-packages/airflow/example_dags/example_branch_operator.py
[2024-10-08T23:39:39.774+0000] {logging_mixin.py:190} INFO - [2024-10-08T23:39:39.774+0000] {dag.py:3239} INFO - Sync 1 DAGs
[2024-10-08T23:39:39.787+0000] {logging_mixin.py:190} INFO - [2024-10-08T23:39:39.787+0000] {dag.py:4180} INFO - Setting next_dagrun for example_branch_operator to 2024-10-07 00:00:00+00:00, run_after=2024-10-08 00:00:00+00:00
[2024-10-08T23:39:39.799+0000] {processor.py:208} INFO - Processing /home/airflow/.local/lib/python3.12/site-packages/airflow/example_dags/example_branch_operator.py took 0.110 seconds
[2024-10-08T23:40:10.776+0000] {processor.py:186} INFO - Started process (PID=238) to work on /home/airflow/.local/lib/python3.12/site-packages/airflow/example_dags/example_branch_operator.py
[2024-10-08T23:40:10.777+0000] {processor.py:914} INFO - Processing file /home/airflow/.local/lib/python3.12/site-packages/airflow/example_dags/example_branch_operator.py for tasks to queue
[2024-10-08T23:40:10.778+0000] {logging_mixin.py:190} INFO - [2024-10-08T23:40:10.778+0000] {dagbag.py:588} INFO - Filling up the DagBag from /home/airflow/.local/lib/python3.12/site-packages/airflow/example_dags/example_branch_operator.py
[2024-10-08T23:40:10.788+0000] {processor.py:925} INFO - DAG(s) 'example_branch_operator' retrieved from /home/airflow/.local/lib/python3.12/site-packages/airflow/example_dags/example_branch_operator.py
[2024-10-08T23:40:10.808+0000] {logging_mixin.py:190} INFO - [2024-10-08T23:40:10.808+0000] {dag.py:3239} INFO - Sync 1 DAGs
[2024-10-08T23:40:10.824+0000] {logging_mixin.py:190} INFO - [2024-10-08T23:40:10.824+0000] {dag.py:4180} INFO - Setting next_dagrun for example_branch_operator to 2024-10-07 00:00:00+00:00, run_after=2024-10-08 00:00:00+00:00
[2024-10-08T23:40:10.835+0000] {processor.py:208} INFO - Processing /home/airflow/.local/lib/python3.12/site-packages/airflow/example_dags/example_branch_operator.py took 0.063 seconds
[2024-10-08T23:40:40.899+0000] {processor.py:186} INFO - Started process (PID=301) to work on /home/airflow/.local/lib/python3.12/site-packages/airflow/example_dags/example_branch_operator.py
[2024-10-08T23:40:40.900+0000] {processor.py:914} INFO - Processing file /home/airflow/.local/lib/python3.12/site-packages/airflow/example_dags/example_branch_operator.py for tasks to queue
[2024-10-08T23:40:40.901+0000] {logging_mixin.py:190} INFO - [2024-10-08T23:40:40.901+0000] {dagbag.py:588} INFO - Filling up the DagBag from /home/airflow/.local/lib/python3.12/site-packages/airflow/example_dags/example_branch_operator.py
[2024-10-08T23:40:40.912+0000] {processor.py:925} INFO - DAG(s) 'example_branch_operator' retrieved from /home/airflow/.local/lib/python3.12/site-packages/airflow/example_dags/example_branch_operator.py
[2024-10-08T23:40:40.928+0000] {logging_mixin.py:190} INFO - [2024-10-08T23:40:40.928+0000] {dag.py:3239} INFO - Sync 1 DAGs
[2024-10-08T23:40:40.941+0000] {logging_mixin.py:190} INFO - [2024-10-08T23:40:40.941+0000] {dag.py:4180} INFO - Setting next_dagrun for example_branch_operator to 2024-10-07 00:00:00+00:00, run_after=2024-10-08 00:00:00+00:00
[2024-10-08T23:40:40.950+0000] {processor.py:208} INFO - Processing /home/airflow/.local/lib/python3.12/site-packages/airflow/example_dags/example_branch_operator.py took 0.054 seconds
[2024-10-08T23:41:11.215+0000] {processor.py:186} INFO - Started process (PID=364) to work on /home/airflow/.local/lib/python3.12/site-packages/airflow/example_dags/example_branch_operator.py
[2024-10-08T23:41:11.216+0000] {processor.py:914} INFO - Processing file /home/airflow/.local/lib/python3.12/site-packages/airflow/example_dags/example_branch_operator.py for tasks to queue
[2024-10-08T23:41:11.218+0000] {logging_mixin.py:190} INFO - [2024-10-08T23:41:11.217+0000] {dagbag.py:588} INFO - Filling up the DagBag from /home/airflow/.local/lib/python3.12/site-packages/airflow/example_dags/example_branch_operator.py
[2024-10-08T23:41:11.229+0000] {processor.py:925} INFO - DAG(s) 'example_branch_operator' retrieved from /home/airflow/.local/lib/python3.12/site-packages/airflow/example_dags/example_branch_operator.py
[2024-10-08T23:41:11.246+0000] {logging_mixin.py:190} INFO - [2024-10-08T23:41:11.245+0000] {dag.py:3239} INFO - Sync 1 DAGs
[2024-10-08T23:41:11.260+0000] {logging_mixin.py:190} INFO - [2024-10-08T23:41:11.260+0000] {dag.py:4180} INFO - Setting next_dagrun for example_branch_operator to 2024-10-07 00:00:00+00:00, run_after=2024-10-08 00:00:00+00:00
[2024-10-08T23:41:11.272+0000] {processor.py:208} INFO - Processing /home/airflow/.local/lib/python3.12/site-packages/airflow/example_dags/example_branch_operator.py took 0.060 seconds
[2024-10-08T23:41:41.405+0000] {processor.py:186} INFO - Started process (PID=427) to work on /home/airflow/.local/lib/python3.12/site-packages/airflow/example_dags/example_branch_operator.py
[2024-10-08T23:41:41.406+0000] {processor.py:914} INFO - Processing file /home/airflow/.local/lib/python3.12/site-packages/airflow/example_dags/example_branch_operator.py for tasks to queue
[2024-10-08T23:41:41.407+0000] {logging_mixin.py:190} INFO - [2024-10-08T23:41:41.407+0000] {dagbag.py:588} INFO - Filling up the DagBag from /home/airflow/.local/lib/python3.12/site-packages/airflow/example_dags/example_branch_operator.py
[2024-10-08T23:41:41.418+0000] {processor.py:925} INFO - DAG(s) 'example_branch_operator' retrieved from /home/airflow/.local/lib/python3.12/site-packages/airflow/example_dags/example_branch_operator.py
[2024-10-08T23:41:41.433+0000] {logging_mixin.py:190} INFO - [2024-10-08T23:41:41.433+0000] {dag.py:3239} INFO - Sync 1 DAGs
[2024-10-08T23:41:41.446+0000] {logging_mixin.py:190} INFO - [2024-10-08T23:41:41.446+0000] {dag.py:4180} INFO - Setting next_dagrun for example_branch_operator to 2024-10-07 00:00:00+00:00, run_after=2024-10-08 00:00:00+00:00
[2024-10-08T23:41:41.456+0000] {processor.py:208} INFO - Processing /home/airflow/.local/lib/python3.12/site-packages/airflow/example_dags/example_branch_operator.py took 0.055 seconds
[2024-10-08T23:42:54.156+0000] {processor.py:186} INFO - Started process (PID=175) to work on /home/airflow/.local/lib/python3.12/site-packages/airflow/example_dags/example_branch_operator.py
[2024-10-08T23:42:54.157+0000] {processor.py:914} INFO - Processing file /home/airflow/.local/lib/python3.12/site-packages/airflow/example_dags/example_branch_operator.py for tasks to queue
[2024-10-08T23:42:54.158+0000] {logging_mixin.py:190} INFO - [2024-10-08T23:42:54.158+0000] {dagbag.py:588} INFO - Filling up the DagBag from /home/airflow/.local/lib/python3.12/site-packages/airflow/example_dags/example_branch_operator.py
[2024-10-08T23:42:54.169+0000] {processor.py:925} INFO - DAG(s) 'example_branch_operator' retrieved from /home/airflow/.local/lib/python3.12/site-packages/airflow/example_dags/example_branch_operator.py
[2024-10-08T23:42:54.231+0000] {logging_mixin.py:190} INFO - [2024-10-08T23:42:54.231+0000] {dag.py:3239} INFO - Sync 1 DAGs
[2024-10-08T23:42:54.242+0000] {logging_mixin.py:190} INFO - [2024-10-08T23:42:54.242+0000] {dag.py:4180} INFO - Setting next_dagrun for example_branch_operator to 2024-10-07 00:00:00+00:00, run_after=2024-10-08 00:00:00+00:00
[2024-10-08T23:42:54.253+0000] {processor.py:208} INFO - Processing /home/airflow/.local/lib/python3.12/site-packages/airflow/example_dags/example_branch_operator.py took 0.100 seconds
[2024-10-08T23:43:24.387+0000] {processor.py:186} INFO - Started process (PID=238) to work on /home/airflow/.local/lib/python3.12/site-packages/airflow/example_dags/example_branch_operator.py
[2024-10-08T23:43:24.388+0000] {processor.py:914} INFO - Processing file /home/airflow/.local/lib/python3.12/site-packages/airflow/example_dags/example_branch_operator.py for tasks to queue
[2024-10-08T23:43:24.389+0000] {logging_mixin.py:190} INFO - [2024-10-08T23:43:24.389+0000] {dagbag.py:588} INFO - Filling up the DagBag from /home/airflow/.local/lib/python3.12/site-packages/airflow/example_dags/example_branch_operator.py
[2024-10-08T23:43:24.398+0000] {processor.py:925} INFO - DAG(s) 'example_branch_operator' retrieved from /home/airflow/.local/lib/python3.12/site-packages/airflow/example_dags/example_branch_operator.py
[2024-10-08T23:43:24.414+0000] {logging_mixin.py:190} INFO - [2024-10-08T23:43:24.413+0000] {dag.py:3239} INFO - Sync 1 DAGs
[2024-10-08T23:43:24.426+0000] {logging_mixin.py:190} INFO - [2024-10-08T23:43:24.426+0000] {dag.py:4180} INFO - Setting next_dagrun for example_branch_operator to 2024-10-07 00:00:00+00:00, run_after=2024-10-08 00:00:00+00:00
[2024-10-08T23:43:24.435+0000] {processor.py:208} INFO - Processing /home/airflow/.local/lib/python3.12/site-packages/airflow/example_dags/example_branch_operator.py took 0.051 seconds
[2024-10-08T23:44:33.250+0000] {processor.py:186} INFO - Started process (PID=182) to work on /home/airflow/.local/lib/python3.12/site-packages/airflow/example_dags/example_branch_operator.py
[2024-10-08T23:44:33.250+0000] {processor.py:914} INFO - Processing file /home/airflow/.local/lib/python3.12/site-packages/airflow/example_dags/example_branch_operator.py for tasks to queue
[2024-10-08T23:44:33.252+0000] {logging_mixin.py:190} INFO - [2024-10-08T23:44:33.251+0000] {dagbag.py:588} INFO - Filling up the DagBag from /home/airflow/.local/lib/python3.12/site-packages/airflow/example_dags/example_branch_operator.py
[2024-10-08T23:44:33.262+0000] {processor.py:925} INFO - DAG(s) 'example_branch_operator' retrieved from /home/airflow/.local/lib/python3.12/site-packages/airflow/example_dags/example_branch_operator.py
[2024-10-08T23:44:33.331+0000] {logging_mixin.py:190} INFO - [2024-10-08T23:44:33.331+0000] {dag.py:3239} INFO - Sync 1 DAGs
[2024-10-08T23:44:33.345+0000] {logging_mixin.py:190} INFO - [2024-10-08T23:44:33.345+0000] {dag.py:4180} INFO - Setting next_dagrun for example_branch_operator to 2024-10-07 00:00:00+00:00, run_after=2024-10-08 00:00:00+00:00
[2024-10-08T23:44:33.356+0000] {processor.py:208} INFO - Processing /home/airflow/.local/lib/python3.12/site-packages/airflow/example_dags/example_branch_operator.py took 0.110 seconds
[2024-10-08T23:45:03.560+0000] {processor.py:186} INFO - Started process (PID=245) to work on /home/airflow/.local/lib/python3.12/site-packages/airflow/example_dags/example_branch_operator.py
[2024-10-08T23:45:03.561+0000] {processor.py:914} INFO - Processing file /home/airflow/.local/lib/python3.12/site-packages/airflow/example_dags/example_branch_operator.py for tasks to queue
[2024-10-08T23:45:03.562+0000] {logging_mixin.py:190} INFO - [2024-10-08T23:45:03.562+0000] {dagbag.py:588} INFO - Filling up the DagBag from /home/airflow/.local/lib/python3.12/site-packages/airflow/example_dags/example_branch_operator.py
[2024-10-08T23:45:03.572+0000] {processor.py:925} INFO - DAG(s) 'example_branch_operator' retrieved from /home/airflow/.local/lib/python3.12/site-packages/airflow/example_dags/example_branch_operator.py
[2024-10-08T23:45:03.588+0000] {logging_mixin.py:190} INFO - [2024-10-08T23:45:03.588+0000] {dag.py:3239} INFO - Sync 1 DAGs
[2024-10-08T23:45:03.602+0000] {logging_mixin.py:190} INFO - [2024-10-08T23:45:03.602+0000] {dag.py:4180} INFO - Setting next_dagrun for example_branch_operator to 2024-10-07 00:00:00+00:00, run_after=2024-10-08 00:00:00+00:00
[2024-10-08T23:45:03.612+0000] {processor.py:208} INFO - Processing /home/airflow/.local/lib/python3.12/site-packages/airflow/example_dags/example_branch_operator.py took 0.056 seconds
[2024-10-08T23:45:33.781+0000] {processor.py:186} INFO - Started process (PID=308) to work on /home/airflow/.local/lib/python3.12/site-packages/airflow/example_dags/example_branch_operator.py
[2024-10-08T23:45:33.781+0000] {processor.py:914} INFO - Processing file /home/airflow/.local/lib/python3.12/site-packages/airflow/example_dags/example_branch_operator.py for tasks to queue
[2024-10-08T23:45:33.782+0000] {logging_mixin.py:190} INFO - [2024-10-08T23:45:33.782+0000] {dagbag.py:588} INFO - Filling up the DagBag from /home/airflow/.local/lib/python3.12/site-packages/airflow/example_dags/example_branch_operator.py
[2024-10-08T23:45:33.792+0000] {processor.py:925} INFO - DAG(s) 'example_branch_operator' retrieved from /home/airflow/.local/lib/python3.12/site-packages/airflow/example_dags/example_branch_operator.py
[2024-10-08T23:45:33.807+0000] {logging_mixin.py:190} INFO - [2024-10-08T23:45:33.807+0000] {dag.py:3239} INFO - Sync 1 DAGs
[2024-10-08T23:45:33.820+0000] {logging_mixin.py:190} INFO - [2024-10-08T23:45:33.820+0000] {dag.py:4180} INFO - Setting next_dagrun for example_branch_operator to 2024-10-07 00:00:00+00:00, run_after=2024-10-08 00:00:00+00:00
[2024-10-08T23:45:33.830+0000] {processor.py:208} INFO - Processing /home/airflow/.local/lib/python3.12/site-packages/airflow/example_dags/example_branch_operator.py took 0.053 seconds
[2024-10-08T23:46:03.985+0000] {processor.py:186} INFO - Started process (PID=371) to work on /home/airflow/.local/lib/python3.12/site-packages/airflow/example_dags/example_branch_operator.py
[2024-10-08T23:46:03.985+0000] {processor.py:914} INFO - Processing file /home/airflow/.local/lib/python3.12/site-packages/airflow/example_dags/example_branch_operator.py for tasks to queue
[2024-10-08T23:46:03.987+0000] {logging_mixin.py:190} INFO - [2024-10-08T23:46:03.987+0000] {dagbag.py:588} INFO - Filling up the DagBag from /home/airflow/.local/lib/python3.12/site-packages/airflow/example_dags/example_branch_operator.py
[2024-10-08T23:46:03.996+0000] {processor.py:925} INFO - DAG(s) 'example_branch_operator' retrieved from /home/airflow/.local/lib/python3.12/site-packages/airflow/example_dags/example_branch_operator.py
[2024-10-08T23:46:04.011+0000] {logging_mixin.py:190} INFO - [2024-10-08T23:46:04.011+0000] {dag.py:3239} INFO - Sync 1 DAGs
[2024-10-08T23:46:04.024+0000] {logging_mixin.py:190} INFO - [2024-10-08T23:46:04.024+0000] {dag.py:4180} INFO - Setting next_dagrun for example_branch_operator to 2024-10-07 00:00:00+00:00, run_after=2024-10-08 00:00:00+00:00
[2024-10-08T23:46:04.034+0000] {processor.py:208} INFO - Processing /home/airflow/.local/lib/python3.12/site-packages/airflow/example_dags/example_branch_operator.py took 0.053 seconds
[2024-10-08T23:46:35.237+0000] {processor.py:186} INFO - Started process (PID=434) to work on /home/airflow/.local/lib/python3.12/site-packages/airflow/example_dags/example_branch_operator.py
[2024-10-08T23:46:35.237+0000] {processor.py:914} INFO - Processing file /home/airflow/.local/lib/python3.12/site-packages/airflow/example_dags/example_branch_operator.py for tasks to queue
[2024-10-08T23:46:35.239+0000] {logging_mixin.py:190} INFO - [2024-10-08T23:46:35.238+0000] {dagbag.py:588} INFO - Filling up the DagBag from /home/airflow/.local/lib/python3.12/site-packages/airflow/example_dags/example_branch_operator.py
[2024-10-08T23:46:35.249+0000] {processor.py:925} INFO - DAG(s) 'example_branch_operator' retrieved from /home/airflow/.local/lib/python3.12/site-packages/airflow/example_dags/example_branch_operator.py
[2024-10-08T23:46:35.265+0000] {logging_mixin.py:190} INFO - [2024-10-08T23:46:35.265+0000] {dag.py:3239} INFO - Sync 1 DAGs
[2024-10-08T23:46:35.278+0000] {logging_mixin.py:190} INFO - [2024-10-08T23:46:35.278+0000] {dag.py:4180} INFO - Setting next_dagrun for example_branch_operator to 2024-10-07 00:00:00+00:00, run_after=2024-10-08 00:00:00+00:00
[2024-10-08T23:46:35.288+0000] {processor.py:208} INFO - Processing /home/airflow/.local/lib/python3.12/site-packages/airflow/example_dags/example_branch_operator.py took 0.055 seconds
[2024-10-08T23:47:05.342+0000] {processor.py:186} INFO - Started process (PID=497) to work on /home/airflow/.local/lib/python3.12/site-packages/airflow/example_dags/example_branch_operator.py
[2024-10-08T23:47:05.342+0000] {processor.py:914} INFO - Processing file /home/airflow/.local/lib/python3.12/site-packages/airflow/example_dags/example_branch_operator.py for tasks to queue
[2024-10-08T23:47:05.344+0000] {logging_mixin.py:190} INFO - [2024-10-08T23:47:05.344+0000] {dagbag.py:588} INFO - Filling up the DagBag from /home/airflow/.local/lib/python3.12/site-packages/airflow/example_dags/example_branch_operator.py
[2024-10-08T23:47:05.353+0000] {processor.py:925} INFO - DAG(s) 'example_branch_operator' retrieved from /home/airflow/.local/lib/python3.12/site-packages/airflow/example_dags/example_branch_operator.py
[2024-10-08T23:47:05.369+0000] {logging_mixin.py:190} INFO - [2024-10-08T23:47:05.369+0000] {dag.py:3239} INFO - Sync 1 DAGs
[2024-10-08T23:47:05.382+0000] {logging_mixin.py:190} INFO - [2024-10-08T23:47:05.382+0000] {dag.py:4180} INFO - Setting next_dagrun for example_branch_operator to 2024-10-07 00:00:00+00:00, run_after=2024-10-08 00:00:00+00:00
[2024-10-08T23:47:05.392+0000] {processor.py:208} INFO - Processing /home/airflow/.local/lib/python3.12/site-packages/airflow/example_dags/example_branch_operator.py took 0.054 seconds
[2024-10-08T23:47:35.531+0000] {processor.py:186} INFO - Started process (PID=560) to work on /home/airflow/.local/lib/python3.12/site-packages/airflow/example_dags/example_branch_operator.py
[2024-10-08T23:47:35.531+0000] {processor.py:914} INFO - Processing file /home/airflow/.local/lib/python3.12/site-packages/airflow/example_dags/example_branch_operator.py for tasks to queue
[2024-10-08T23:47:35.533+0000] {logging_mixin.py:190} INFO - [2024-10-08T23:47:35.533+0000] {dagbag.py:588} INFO - Filling up the DagBag from /home/airflow/.local/lib/python3.12/site-packages/airflow/example_dags/example_branch_operator.py
[2024-10-08T23:47:35.543+0000] {processor.py:925} INFO - DAG(s) 'example_branch_operator' retrieved from /home/airflow/.local/lib/python3.12/site-packages/airflow/example_dags/example_branch_operator.py
[2024-10-08T23:47:35.559+0000] {logging_mixin.py:190} INFO - [2024-10-08T23:47:35.559+0000] {dag.py:3239} INFO - Sync 1 DAGs
[2024-10-08T23:47:35.572+0000] {logging_mixin.py:190} INFO - [2024-10-08T23:47:35.572+0000] {dag.py:4180} INFO - Setting next_dagrun for example_branch_operator to 2024-10-07 00:00:00+00:00, run_after=2024-10-08 00:00:00+00:00
[2024-10-08T23:47:35.582+0000] {processor.py:208} INFO - Processing /home/airflow/.local/lib/python3.12/site-packages/airflow/example_dags/example_branch_operator.py took 0.055 seconds
[2024-10-08T23:48:05.799+0000] {processor.py:186} INFO - Started process (PID=623) to work on /home/airflow/.local/lib/python3.12/site-packages/airflow/example_dags/example_branch_operator.py
[2024-10-08T23:48:05.800+0000] {processor.py:914} INFO - Processing file /home/airflow/.local/lib/python3.12/site-packages/airflow/example_dags/example_branch_operator.py for tasks to queue
[2024-10-08T23:48:05.802+0000] {logging_mixin.py:190} INFO - [2024-10-08T23:48:05.801+0000] {dagbag.py:588} INFO - Filling up the DagBag from /home/airflow/.local/lib/python3.12/site-packages/airflow/example_dags/example_branch_operator.py
[2024-10-08T23:48:05.813+0000] {processor.py:925} INFO - DAG(s) 'example_branch_operator' retrieved from /home/airflow/.local/lib/python3.12/site-packages/airflow/example_dags/example_branch_operator.py
[2024-10-08T23:48:05.832+0000] {logging_mixin.py:190} INFO - [2024-10-08T23:48:05.832+0000] {dag.py:3239} INFO - Sync 1 DAGs
[2024-10-08T23:48:05.846+0000] {logging_mixin.py:190} INFO - [2024-10-08T23:48:05.845+0000] {dag.py:4180} INFO - Setting next_dagrun for example_branch_operator to 2024-10-07 00:00:00+00:00, run_after=2024-10-08 00:00:00+00:00
[2024-10-08T23:48:05.856+0000] {processor.py:208} INFO - Processing /home/airflow/.local/lib/python3.12/site-packages/airflow/example_dags/example_branch_operator.py took 0.062 seconds
[2024-10-08T23:48:35.944+0000] {processor.py:186} INFO - Started process (PID=686) to work on /home/airflow/.local/lib/python3.12/site-packages/airflow/example_dags/example_branch_operator.py
[2024-10-08T23:48:35.945+0000] {processor.py:914} INFO - Processing file /home/airflow/.local/lib/python3.12/site-packages/airflow/example_dags/example_branch_operator.py for tasks to queue
[2024-10-08T23:48:35.946+0000] {logging_mixin.py:190} INFO - [2024-10-08T23:48:35.946+0000] {dagbag.py:588} INFO - Filling up the DagBag from /home/airflow/.local/lib/python3.12/site-packages/airflow/example_dags/example_branch_operator.py
[2024-10-08T23:48:35.955+0000] {processor.py:925} INFO - DAG(s) 'example_branch_operator' retrieved from /home/airflow/.local/lib/python3.12/site-packages/airflow/example_dags/example_branch_operator.py
[2024-10-08T23:48:35.970+0000] {logging_mixin.py:190} INFO - [2024-10-08T23:48:35.970+0000] {dag.py:3239} INFO - Sync 1 DAGs
[2024-10-08T23:48:35.983+0000] {logging_mixin.py:190} INFO - [2024-10-08T23:48:35.983+0000] {dag.py:4180} INFO - Setting next_dagrun for example_branch_operator to 2024-10-07 00:00:00+00:00, run_after=2024-10-08 00:00:00+00:00
[2024-10-08T23:48:35.992+0000] {processor.py:208} INFO - Processing /home/airflow/.local/lib/python3.12/site-packages/airflow/example_dags/example_branch_operator.py took 0.052 seconds
[2024-10-08T23:49:07.099+0000] {processor.py:186} INFO - Started process (PID=749) to work on /home/airflow/.local/lib/python3.12/site-packages/airflow/example_dags/example_branch_operator.py
[2024-10-08T23:49:07.099+0000] {processor.py:914} INFO - Processing file /home/airflow/.local/lib/python3.12/site-packages/airflow/example_dags/example_branch_operator.py for tasks to queue
[2024-10-08T23:49:07.101+0000] {logging_mixin.py:190} INFO - [2024-10-08T23:49:07.100+0000] {dagbag.py:588} INFO - Filling up the DagBag from /home/airflow/.local/lib/python3.12/site-packages/airflow/example_dags/example_branch_operator.py
[2024-10-08T23:49:07.111+0000] {processor.py:925} INFO - DAG(s) 'example_branch_operator' retrieved from /home/airflow/.local/lib/python3.12/site-packages/airflow/example_dags/example_branch_operator.py
[2024-10-08T23:49:07.126+0000] {logging_mixin.py:190} INFO - [2024-10-08T23:49:07.126+0000] {dag.py:3239} INFO - Sync 1 DAGs
[2024-10-08T23:49:07.140+0000] {logging_mixin.py:190} INFO - [2024-10-08T23:49:07.140+0000] {dag.py:4180} INFO - Setting next_dagrun for example_branch_operator to 2024-10-07 00:00:00+00:00, run_after=2024-10-08 00:00:00+00:00
[2024-10-08T23:49:07.152+0000] {processor.py:208} INFO - Processing /home/airflow/.local/lib/python3.12/site-packages/airflow/example_dags/example_branch_operator.py took 0.056 seconds
[2024-10-08T23:49:38.362+0000] {processor.py:186} INFO - Started process (PID=812) to work on /home/airflow/.local/lib/python3.12/site-packages/airflow/example_dags/example_branch_operator.py
[2024-10-08T23:49:38.362+0000] {processor.py:914} INFO - Processing file /home/airflow/.local/lib/python3.12/site-packages/airflow/example_dags/example_branch_operator.py for tasks to queue
[2024-10-08T23:49:38.364+0000] {logging_mixin.py:190} INFO - [2024-10-08T23:49:38.364+0000] {dagbag.py:588} INFO - Filling up the DagBag from /home/airflow/.local/lib/python3.12/site-packages/airflow/example_dags/example_branch_operator.py
[2024-10-08T23:49:38.375+0000] {processor.py:925} INFO - DAG(s) 'example_branch_operator' retrieved from /home/airflow/.local/lib/python3.12/site-packages/airflow/example_dags/example_branch_operator.py
[2024-10-08T23:49:38.392+0000] {logging_mixin.py:190} INFO - [2024-10-08T23:49:38.391+0000] {dag.py:3239} INFO - Sync 1 DAGs
[2024-10-08T23:49:38.406+0000] {logging_mixin.py:190} INFO - [2024-10-08T23:49:38.406+0000] {dag.py:4180} INFO - Setting next_dagrun for example_branch_operator to 2024-10-07 00:00:00+00:00, run_after=2024-10-08 00:00:00+00:00
[2024-10-08T23:49:38.416+0000] {processor.py:208} INFO - Processing /home/airflow/.local/lib/python3.12/site-packages/airflow/example_dags/example_branch_operator.py took 0.058 seconds
[2024-10-08T23:50:08.630+0000] {processor.py:186} INFO - Started process (PID=875) to work on /home/airflow/.local/lib/python3.12/site-packages/airflow/example_dags/example_branch_operator.py
[2024-10-08T23:50:08.631+0000] {processor.py:914} INFO - Processing file /home/airflow/.local/lib/python3.12/site-packages/airflow/example_dags/example_branch_operator.py for tasks to queue
[2024-10-08T23:50:08.632+0000] {logging_mixin.py:190} INFO - [2024-10-08T23:50:08.632+0000] {dagbag.py:588} INFO - Filling up the DagBag from /home/airflow/.local/lib/python3.12/site-packages/airflow/example_dags/example_branch_operator.py
[2024-10-08T23:50:08.643+0000] {processor.py:925} INFO - DAG(s) 'example_branch_operator' retrieved from /home/airflow/.local/lib/python3.12/site-packages/airflow/example_dags/example_branch_operator.py
[2024-10-08T23:50:08.660+0000] {logging_mixin.py:190} INFO - [2024-10-08T23:50:08.660+0000] {dag.py:3239} INFO - Sync 1 DAGs
[2024-10-08T23:50:08.674+0000] {logging_mixin.py:190} INFO - [2024-10-08T23:50:08.674+0000] {dag.py:4180} INFO - Setting next_dagrun for example_branch_operator to 2024-10-07 00:00:00+00:00, run_after=2024-10-08 00:00:00+00:00
[2024-10-08T23:50:08.685+0000] {processor.py:208} INFO - Processing /home/airflow/.local/lib/python3.12/site-packages/airflow/example_dags/example_branch_operator.py took 0.059 seconds
