[2024-10-08T23:14:23.933+0000] {processor.py:186} INFO - Started process (PID=15705) to work on /home/airflow/.local/lib/python3.12/site-packages/airflow/example_dags/example_branch_labels.py
[2024-10-08T23:14:23.934+0000] {processor.py:914} INFO - Processing file /home/airflow/.local/lib/python3.12/site-packages/airflow/example_dags/example_branch_labels.py for tasks to queue
[2024-10-08T23:14:23.936+0000] {logging_mixin.py:190} INFO - [2024-10-08T23:14:23.936+0000] {dagbag.py:588} INFO - Filling up the DagBag from /home/airflow/.local/lib/python3.12/site-packages/airflow/example_dags/example_branch_labels.py
[2024-10-08T23:14:23.942+0000] {processor.py:925} INFO - DAG(s) 'example_branch_labels' retrieved from /home/airflow/.local/lib/python3.12/site-packages/airflow/example_dags/example_branch_labels.py
[2024-10-08T23:14:23.954+0000] {logging_mixin.py:190} INFO - [2024-10-08T23:14:23.954+0000] {dag.py:3239} INFO - Sync 1 DAGs
[2024-10-08T23:14:23.967+0000] {logging_mixin.py:190} INFO - [2024-10-08T23:14:23.967+0000] {dag.py:4180} INFO - Setting next_dagrun for example_branch_labels to 2024-10-07 00:00:00+00:00, run_after=2024-10-08 00:00:00+00:00
[2024-10-08T23:14:23.978+0000] {processor.py:208} INFO - Processing /home/airflow/.local/lib/python3.12/site-packages/airflow/example_dags/example_branch_labels.py took 0.049 seconds
[2024-10-08T23:34:23.443+0000] {processor.py:186} INFO - Started process (PID=166) to work on /home/airflow/.local/lib/python3.12/site-packages/airflow/example_dags/example_branch_labels.py
[2024-10-08T23:34:23.444+0000] {processor.py:914} INFO - Processing file /home/airflow/.local/lib/python3.12/site-packages/airflow/example_dags/example_branch_labels.py for tasks to queue
[2024-10-08T23:34:23.445+0000] {logging_mixin.py:190} INFO - [2024-10-08T23:34:23.445+0000] {dagbag.py:588} INFO - Filling up the DagBag from /home/airflow/.local/lib/python3.12/site-packages/airflow/example_dags/example_branch_labels.py
[2024-10-08T23:34:23.450+0000] {processor.py:925} INFO - DAG(s) 'example_branch_labels' retrieved from /home/airflow/.local/lib/python3.12/site-packages/airflow/example_dags/example_branch_labels.py
[2024-10-08T23:34:23.462+0000] {logging_mixin.py:190} INFO - [2024-10-08T23:34:23.462+0000] {dag.py:3239} INFO - Sync 1 DAGs
[2024-10-08T23:34:23.475+0000] {logging_mixin.py:190} INFO - [2024-10-08T23:34:23.474+0000] {dag.py:4180} INFO - Setting next_dagrun for example_branch_labels to 2024-10-07 00:00:00+00:00, run_after=2024-10-08 00:00:00+00:00
[2024-10-08T23:34:23.484+0000] {processor.py:208} INFO - Processing /home/airflow/.local/lib/python3.12/site-packages/airflow/example_dags/example_branch_labels.py took 0.045 seconds
[2024-10-08T23:34:54.030+0000] {processor.py:186} INFO - Started process (PID=229) to work on /home/airflow/.local/lib/python3.12/site-packages/airflow/example_dags/example_branch_labels.py
[2024-10-08T23:34:54.031+0000] {processor.py:914} INFO - Processing file /home/airflow/.local/lib/python3.12/site-packages/airflow/example_dags/example_branch_labels.py for tasks to queue
[2024-10-08T23:34:54.032+0000] {logging_mixin.py:190} INFO - [2024-10-08T23:34:54.032+0000] {dagbag.py:588} INFO - Filling up the DagBag from /home/airflow/.local/lib/python3.12/site-packages/airflow/example_dags/example_branch_labels.py
[2024-10-08T23:34:54.038+0000] {processor.py:925} INFO - DAG(s) 'example_branch_labels' retrieved from /home/airflow/.local/lib/python3.12/site-packages/airflow/example_dags/example_branch_labels.py
[2024-10-08T23:34:54.049+0000] {logging_mixin.py:190} INFO - [2024-10-08T23:34:54.049+0000] {dag.py:3239} INFO - Sync 1 DAGs
[2024-10-08T23:34:54.063+0000] {logging_mixin.py:190} INFO - [2024-10-08T23:34:54.063+0000] {dag.py:4180} INFO - Setting next_dagrun for example_branch_labels to 2024-10-07 00:00:00+00:00, run_after=2024-10-08 00:00:00+00:00
[2024-10-08T23:34:54.078+0000] {processor.py:208} INFO - Processing /home/airflow/.local/lib/python3.12/site-packages/airflow/example_dags/example_branch_labels.py took 0.052 seconds
[2024-10-08T23:35:24.616+0000] {processor.py:186} INFO - Started process (PID=292) to work on /home/airflow/.local/lib/python3.12/site-packages/airflow/example_dags/example_branch_labels.py
[2024-10-08T23:35:24.617+0000] {processor.py:914} INFO - Processing file /home/airflow/.local/lib/python3.12/site-packages/airflow/example_dags/example_branch_labels.py for tasks to queue
[2024-10-08T23:35:24.618+0000] {logging_mixin.py:190} INFO - [2024-10-08T23:35:24.618+0000] {dagbag.py:588} INFO - Filling up the DagBag from /home/airflow/.local/lib/python3.12/site-packages/airflow/example_dags/example_branch_labels.py
[2024-10-08T23:35:24.624+0000] {processor.py:925} INFO - DAG(s) 'example_branch_labels' retrieved from /home/airflow/.local/lib/python3.12/site-packages/airflow/example_dags/example_branch_labels.py
[2024-10-08T23:35:24.636+0000] {logging_mixin.py:190} INFO - [2024-10-08T23:35:24.636+0000] {dag.py:3239} INFO - Sync 1 DAGs
[2024-10-08T23:35:24.650+0000] {logging_mixin.py:190} INFO - [2024-10-08T23:35:24.649+0000] {dag.py:4180} INFO - Setting next_dagrun for example_branch_labels to 2024-10-07 00:00:00+00:00, run_after=2024-10-08 00:00:00+00:00
[2024-10-08T23:35:24.660+0000] {processor.py:208} INFO - Processing /home/airflow/.local/lib/python3.12/site-packages/airflow/example_dags/example_branch_labels.py took 0.047 seconds
[2024-10-08T23:35:54.846+0000] {processor.py:186} INFO - Started process (PID=355) to work on /home/airflow/.local/lib/python3.12/site-packages/airflow/example_dags/example_branch_labels.py
[2024-10-08T23:35:54.847+0000] {processor.py:914} INFO - Processing file /home/airflow/.local/lib/python3.12/site-packages/airflow/example_dags/example_branch_labels.py for tasks to queue
[2024-10-08T23:35:54.848+0000] {logging_mixin.py:190} INFO - [2024-10-08T23:35:54.848+0000] {dagbag.py:588} INFO - Filling up the DagBag from /home/airflow/.local/lib/python3.12/site-packages/airflow/example_dags/example_branch_labels.py
[2024-10-08T23:35:54.853+0000] {processor.py:925} INFO - DAG(s) 'example_branch_labels' retrieved from /home/airflow/.local/lib/python3.12/site-packages/airflow/example_dags/example_branch_labels.py
[2024-10-08T23:35:54.864+0000] {logging_mixin.py:190} INFO - [2024-10-08T23:35:54.864+0000] {dag.py:3239} INFO - Sync 1 DAGs
[2024-10-08T23:35:54.877+0000] {logging_mixin.py:190} INFO - [2024-10-08T23:35:54.876+0000] {dag.py:4180} INFO - Setting next_dagrun for example_branch_labels to 2024-10-07 00:00:00+00:00, run_after=2024-10-08 00:00:00+00:00
[2024-10-08T23:35:54.886+0000] {processor.py:208} INFO - Processing /home/airflow/.local/lib/python3.12/site-packages/airflow/example_dags/example_branch_labels.py took 0.043 seconds
[2024-10-08T23:36:24.998+0000] {processor.py:186} INFO - Started process (PID=418) to work on /home/airflow/.local/lib/python3.12/site-packages/airflow/example_dags/example_branch_labels.py
[2024-10-08T23:36:24.998+0000] {processor.py:914} INFO - Processing file /home/airflow/.local/lib/python3.12/site-packages/airflow/example_dags/example_branch_labels.py for tasks to queue
[2024-10-08T23:36:25.000+0000] {logging_mixin.py:190} INFO - [2024-10-08T23:36:25.000+0000] {dagbag.py:588} INFO - Filling up the DagBag from /home/airflow/.local/lib/python3.12/site-packages/airflow/example_dags/example_branch_labels.py
[2024-10-08T23:36:25.005+0000] {processor.py:925} INFO - DAG(s) 'example_branch_labels' retrieved from /home/airflow/.local/lib/python3.12/site-packages/airflow/example_dags/example_branch_labels.py
[2024-10-08T23:36:25.016+0000] {logging_mixin.py:190} INFO - [2024-10-08T23:36:25.015+0000] {dag.py:3239} INFO - Sync 1 DAGs
[2024-10-08T23:36:25.029+0000] {logging_mixin.py:190} INFO - [2024-10-08T23:36:25.028+0000] {dag.py:4180} INFO - Setting next_dagrun for example_branch_labels to 2024-10-07 00:00:00+00:00, run_after=2024-10-08 00:00:00+00:00
[2024-10-08T23:36:25.038+0000] {processor.py:208} INFO - Processing /home/airflow/.local/lib/python3.12/site-packages/airflow/example_dags/example_branch_labels.py took 0.043 seconds
[2024-10-08T23:36:55.176+0000] {processor.py:186} INFO - Started process (PID=481) to work on /home/airflow/.local/lib/python3.12/site-packages/airflow/example_dags/example_branch_labels.py
[2024-10-08T23:36:55.176+0000] {processor.py:914} INFO - Processing file /home/airflow/.local/lib/python3.12/site-packages/airflow/example_dags/example_branch_labels.py for tasks to queue
[2024-10-08T23:36:55.177+0000] {logging_mixin.py:190} INFO - [2024-10-08T23:36:55.177+0000] {dagbag.py:588} INFO - Filling up the DagBag from /home/airflow/.local/lib/python3.12/site-packages/airflow/example_dags/example_branch_labels.py
[2024-10-08T23:36:55.183+0000] {processor.py:925} INFO - DAG(s) 'example_branch_labels' retrieved from /home/airflow/.local/lib/python3.12/site-packages/airflow/example_dags/example_branch_labels.py
[2024-10-08T23:36:55.194+0000] {logging_mixin.py:190} INFO - [2024-10-08T23:36:55.194+0000] {dag.py:3239} INFO - Sync 1 DAGs
[2024-10-08T23:36:55.208+0000] {logging_mixin.py:190} INFO - [2024-10-08T23:36:55.207+0000] {dag.py:4180} INFO - Setting next_dagrun for example_branch_labels to 2024-10-07 00:00:00+00:00, run_after=2024-10-08 00:00:00+00:00
[2024-10-08T23:36:55.217+0000] {processor.py:208} INFO - Processing /home/airflow/.local/lib/python3.12/site-packages/airflow/example_dags/example_branch_labels.py took 0.045 seconds
[2024-10-08T23:37:25.423+0000] {processor.py:186} INFO - Started process (PID=544) to work on /home/airflow/.local/lib/python3.12/site-packages/airflow/example_dags/example_branch_labels.py
[2024-10-08T23:37:25.424+0000] {processor.py:914} INFO - Processing file /home/airflow/.local/lib/python3.12/site-packages/airflow/example_dags/example_branch_labels.py for tasks to queue
[2024-10-08T23:37:25.425+0000] {logging_mixin.py:190} INFO - [2024-10-08T23:37:25.425+0000] {dagbag.py:588} INFO - Filling up the DagBag from /home/airflow/.local/lib/python3.12/site-packages/airflow/example_dags/example_branch_labels.py
[2024-10-08T23:37:25.431+0000] {processor.py:925} INFO - DAG(s) 'example_branch_labels' retrieved from /home/airflow/.local/lib/python3.12/site-packages/airflow/example_dags/example_branch_labels.py
[2024-10-08T23:37:25.442+0000] {logging_mixin.py:190} INFO - [2024-10-08T23:37:25.442+0000] {dag.py:3239} INFO - Sync 1 DAGs
[2024-10-08T23:37:25.455+0000] {logging_mixin.py:190} INFO - [2024-10-08T23:37:25.455+0000] {dag.py:4180} INFO - Setting next_dagrun for example_branch_labels to 2024-10-07 00:00:00+00:00, run_after=2024-10-08 00:00:00+00:00
[2024-10-08T23:37:25.465+0000] {processor.py:208} INFO - Processing /home/airflow/.local/lib/python3.12/site-packages/airflow/example_dags/example_branch_labels.py took 0.045 seconds
[2024-10-08T23:37:55.771+0000] {processor.py:186} INFO - Started process (PID=607) to work on /home/airflow/.local/lib/python3.12/site-packages/airflow/example_dags/example_branch_labels.py
[2024-10-08T23:37:55.771+0000] {processor.py:914} INFO - Processing file /home/airflow/.local/lib/python3.12/site-packages/airflow/example_dags/example_branch_labels.py for tasks to queue
[2024-10-08T23:37:55.772+0000] {logging_mixin.py:190} INFO - [2024-10-08T23:37:55.772+0000] {dagbag.py:588} INFO - Filling up the DagBag from /home/airflow/.local/lib/python3.12/site-packages/airflow/example_dags/example_branch_labels.py
[2024-10-08T23:37:55.778+0000] {processor.py:925} INFO - DAG(s) 'example_branch_labels' retrieved from /home/airflow/.local/lib/python3.12/site-packages/airflow/example_dags/example_branch_labels.py
[2024-10-08T23:37:55.788+0000] {logging_mixin.py:190} INFO - [2024-10-08T23:37:55.788+0000] {dag.py:3239} INFO - Sync 1 DAGs
[2024-10-08T23:37:55.801+0000] {logging_mixin.py:190} INFO - [2024-10-08T23:37:55.801+0000] {dag.py:4180} INFO - Setting next_dagrun for example_branch_labels to 2024-10-07 00:00:00+00:00, run_after=2024-10-08 00:00:00+00:00
[2024-10-08T23:37:55.810+0000] {processor.py:208} INFO - Processing /home/airflow/.local/lib/python3.12/site-packages/airflow/example_dags/example_branch_labels.py took 0.043 seconds
[2024-10-08T23:38:26.148+0000] {processor.py:186} INFO - Started process (PID=670) to work on /home/airflow/.local/lib/python3.12/site-packages/airflow/example_dags/example_branch_labels.py
[2024-10-08T23:38:26.149+0000] {processor.py:914} INFO - Processing file /home/airflow/.local/lib/python3.12/site-packages/airflow/example_dags/example_branch_labels.py for tasks to queue
[2024-10-08T23:38:26.150+0000] {logging_mixin.py:190} INFO - [2024-10-08T23:38:26.150+0000] {dagbag.py:588} INFO - Filling up the DagBag from /home/airflow/.local/lib/python3.12/site-packages/airflow/example_dags/example_branch_labels.py
[2024-10-08T23:38:26.156+0000] {processor.py:925} INFO - DAG(s) 'example_branch_labels' retrieved from /home/airflow/.local/lib/python3.12/site-packages/airflow/example_dags/example_branch_labels.py
[2024-10-08T23:38:26.166+0000] {logging_mixin.py:190} INFO - [2024-10-08T23:38:26.166+0000] {dag.py:3239} INFO - Sync 1 DAGs
[2024-10-08T23:38:26.179+0000] {logging_mixin.py:190} INFO - [2024-10-08T23:38:26.179+0000] {dag.py:4180} INFO - Setting next_dagrun for example_branch_labels to 2024-10-07 00:00:00+00:00, run_after=2024-10-08 00:00:00+00:00
[2024-10-08T23:38:26.189+0000] {processor.py:208} INFO - Processing /home/airflow/.local/lib/python3.12/site-packages/airflow/example_dags/example_branch_labels.py took 0.044 seconds
[2024-10-08T23:38:56.266+0000] {processor.py:186} INFO - Started process (PID=733) to work on /home/airflow/.local/lib/python3.12/site-packages/airflow/example_dags/example_branch_labels.py
[2024-10-08T23:38:56.267+0000] {processor.py:914} INFO - Processing file /home/airflow/.local/lib/python3.12/site-packages/airflow/example_dags/example_branch_labels.py for tasks to queue
[2024-10-08T23:38:56.268+0000] {logging_mixin.py:190} INFO - [2024-10-08T23:38:56.268+0000] {dagbag.py:588} INFO - Filling up the DagBag from /home/airflow/.local/lib/python3.12/site-packages/airflow/example_dags/example_branch_labels.py
[2024-10-08T23:38:56.273+0000] {processor.py:925} INFO - DAG(s) 'example_branch_labels' retrieved from /home/airflow/.local/lib/python3.12/site-packages/airflow/example_dags/example_branch_labels.py
[2024-10-08T23:38:56.284+0000] {logging_mixin.py:190} INFO - [2024-10-08T23:38:56.284+0000] {dag.py:3239} INFO - Sync 1 DAGs
[2024-10-08T23:38:56.297+0000] {logging_mixin.py:190} INFO - [2024-10-08T23:38:56.297+0000] {dag.py:4180} INFO - Setting next_dagrun for example_branch_labels to 2024-10-07 00:00:00+00:00, run_after=2024-10-08 00:00:00+00:00
[2024-10-08T23:38:56.307+0000] {processor.py:208} INFO - Processing /home/airflow/.local/lib/python3.12/site-packages/airflow/example_dags/example_branch_labels.py took 0.044 seconds
[2024-10-08T23:39:39.109+0000] {processor.py:186} INFO - Started process (PID=159) to work on /home/airflow/.local/lib/python3.12/site-packages/airflow/example_dags/example_branch_labels.py
[2024-10-08T23:39:39.109+0000] {processor.py:914} INFO - Processing file /home/airflow/.local/lib/python3.12/site-packages/airflow/example_dags/example_branch_labels.py for tasks to queue
[2024-10-08T23:39:39.111+0000] {logging_mixin.py:190} INFO - [2024-10-08T23:39:39.111+0000] {dagbag.py:588} INFO - Filling up the DagBag from /home/airflow/.local/lib/python3.12/site-packages/airflow/example_dags/example_branch_labels.py
[2024-10-08T23:39:39.116+0000] {processor.py:925} INFO - DAG(s) 'example_branch_labels' retrieved from /home/airflow/.local/lib/python3.12/site-packages/airflow/example_dags/example_branch_labels.py
[2024-10-08T23:39:39.127+0000] {logging_mixin.py:190} INFO - [2024-10-08T23:39:39.127+0000] {dag.py:3239} INFO - Sync 1 DAGs
[2024-10-08T23:39:39.141+0000] {logging_mixin.py:190} INFO - [2024-10-08T23:39:39.140+0000] {dag.py:4180} INFO - Setting next_dagrun for example_branch_labels to 2024-10-07 00:00:00+00:00, run_after=2024-10-08 00:00:00+00:00
[2024-10-08T23:39:39.150+0000] {processor.py:208} INFO - Processing /home/airflow/.local/lib/python3.12/site-packages/airflow/example_dags/example_branch_labels.py took 0.044 seconds
[2024-10-08T23:40:09.289+0000] {processor.py:186} INFO - Started process (PID=222) to work on /home/airflow/.local/lib/python3.12/site-packages/airflow/example_dags/example_branch_labels.py
[2024-10-08T23:40:09.289+0000] {processor.py:914} INFO - Processing file /home/airflow/.local/lib/python3.12/site-packages/airflow/example_dags/example_branch_labels.py for tasks to queue
[2024-10-08T23:40:09.291+0000] {logging_mixin.py:190} INFO - [2024-10-08T23:40:09.291+0000] {dagbag.py:588} INFO - Filling up the DagBag from /home/airflow/.local/lib/python3.12/site-packages/airflow/example_dags/example_branch_labels.py
[2024-10-08T23:40:09.296+0000] {processor.py:925} INFO - DAG(s) 'example_branch_labels' retrieved from /home/airflow/.local/lib/python3.12/site-packages/airflow/example_dags/example_branch_labels.py
[2024-10-08T23:40:09.307+0000] {logging_mixin.py:190} INFO - [2024-10-08T23:40:09.307+0000] {dag.py:3239} INFO - Sync 1 DAGs
[2024-10-08T23:40:09.320+0000] {logging_mixin.py:190} INFO - [2024-10-08T23:40:09.320+0000] {dag.py:4180} INFO - Setting next_dagrun for example_branch_labels to 2024-10-07 00:00:00+00:00, run_after=2024-10-08 00:00:00+00:00
[2024-10-08T23:40:09.330+0000] {processor.py:208} INFO - Processing /home/airflow/.local/lib/python3.12/site-packages/airflow/example_dags/example_branch_labels.py took 0.044 seconds
[2024-10-08T23:40:40.388+0000] {processor.py:186} INFO - Started process (PID=285) to work on /home/airflow/.local/lib/python3.12/site-packages/airflow/example_dags/example_branch_labels.py
[2024-10-08T23:40:40.389+0000] {processor.py:914} INFO - Processing file /home/airflow/.local/lib/python3.12/site-packages/airflow/example_dags/example_branch_labels.py for tasks to queue
[2024-10-08T23:40:40.390+0000] {logging_mixin.py:190} INFO - [2024-10-08T23:40:40.390+0000] {dagbag.py:588} INFO - Filling up the DagBag from /home/airflow/.local/lib/python3.12/site-packages/airflow/example_dags/example_branch_labels.py
[2024-10-08T23:40:40.395+0000] {processor.py:925} INFO - DAG(s) 'example_branch_labels' retrieved from /home/airflow/.local/lib/python3.12/site-packages/airflow/example_dags/example_branch_labels.py
[2024-10-08T23:40:40.406+0000] {logging_mixin.py:190} INFO - [2024-10-08T23:40:40.406+0000] {dag.py:3239} INFO - Sync 1 DAGs
[2024-10-08T23:40:40.419+0000] {logging_mixin.py:190} INFO - [2024-10-08T23:40:40.419+0000] {dag.py:4180} INFO - Setting next_dagrun for example_branch_labels to 2024-10-07 00:00:00+00:00, run_after=2024-10-08 00:00:00+00:00
[2024-10-08T23:40:40.428+0000] {processor.py:208} INFO - Processing /home/airflow/.local/lib/python3.12/site-packages/airflow/example_dags/example_branch_labels.py took 0.043 seconds
[2024-10-08T23:41:10.624+0000] {processor.py:186} INFO - Started process (PID=348) to work on /home/airflow/.local/lib/python3.12/site-packages/airflow/example_dags/example_branch_labels.py
[2024-10-08T23:41:10.624+0000] {processor.py:914} INFO - Processing file /home/airflow/.local/lib/python3.12/site-packages/airflow/example_dags/example_branch_labels.py for tasks to queue
[2024-10-08T23:41:10.626+0000] {logging_mixin.py:190} INFO - [2024-10-08T23:41:10.625+0000] {dagbag.py:588} INFO - Filling up the DagBag from /home/airflow/.local/lib/python3.12/site-packages/airflow/example_dags/example_branch_labels.py
[2024-10-08T23:41:10.631+0000] {processor.py:925} INFO - DAG(s) 'example_branch_labels' retrieved from /home/airflow/.local/lib/python3.12/site-packages/airflow/example_dags/example_branch_labels.py
[2024-10-08T23:41:10.643+0000] {logging_mixin.py:190} INFO - [2024-10-08T23:41:10.642+0000] {dag.py:3239} INFO - Sync 1 DAGs
[2024-10-08T23:41:10.656+0000] {logging_mixin.py:190} INFO - [2024-10-08T23:41:10.656+0000] {dag.py:4180} INFO - Setting next_dagrun for example_branch_labels to 2024-10-07 00:00:00+00:00, run_after=2024-10-08 00:00:00+00:00
[2024-10-08T23:41:10.667+0000] {processor.py:208} INFO - Processing /home/airflow/.local/lib/python3.12/site-packages/airflow/example_dags/example_branch_labels.py took 0.046 seconds
[2024-10-08T23:41:40.906+0000] {processor.py:186} INFO - Started process (PID=411) to work on /home/airflow/.local/lib/python3.12/site-packages/airflow/example_dags/example_branch_labels.py
[2024-10-08T23:41:40.906+0000] {processor.py:914} INFO - Processing file /home/airflow/.local/lib/python3.12/site-packages/airflow/example_dags/example_branch_labels.py for tasks to queue
[2024-10-08T23:41:40.908+0000] {logging_mixin.py:190} INFO - [2024-10-08T23:41:40.907+0000] {dagbag.py:588} INFO - Filling up the DagBag from /home/airflow/.local/lib/python3.12/site-packages/airflow/example_dags/example_branch_labels.py
[2024-10-08T23:41:40.913+0000] {processor.py:925} INFO - DAG(s) 'example_branch_labels' retrieved from /home/airflow/.local/lib/python3.12/site-packages/airflow/example_dags/example_branch_labels.py
[2024-10-08T23:41:40.923+0000] {logging_mixin.py:190} INFO - [2024-10-08T23:41:40.923+0000] {dag.py:3239} INFO - Sync 1 DAGs
[2024-10-08T23:41:40.936+0000] {logging_mixin.py:190} INFO - [2024-10-08T23:41:40.936+0000] {dag.py:4180} INFO - Setting next_dagrun for example_branch_labels to 2024-10-07 00:00:00+00:00, run_after=2024-10-08 00:00:00+00:00
[2024-10-08T23:41:40.946+0000] {processor.py:208} INFO - Processing /home/airflow/.local/lib/python3.12/site-packages/airflow/example_dags/example_branch_labels.py took 0.043 seconds
[2024-10-08T23:42:53.597+0000] {processor.py:186} INFO - Started process (PID=159) to work on /home/airflow/.local/lib/python3.12/site-packages/airflow/example_dags/example_branch_labels.py
[2024-10-08T23:42:53.598+0000] {processor.py:914} INFO - Processing file /home/airflow/.local/lib/python3.12/site-packages/airflow/example_dags/example_branch_labels.py for tasks to queue
[2024-10-08T23:42:53.600+0000] {logging_mixin.py:190} INFO - [2024-10-08T23:42:53.600+0000] {dagbag.py:588} INFO - Filling up the DagBag from /home/airflow/.local/lib/python3.12/site-packages/airflow/example_dags/example_branch_labels.py
[2024-10-08T23:42:53.607+0000] {processor.py:925} INFO - DAG(s) 'example_branch_labels' retrieved from /home/airflow/.local/lib/python3.12/site-packages/airflow/example_dags/example_branch_labels.py
[2024-10-08T23:42:53.622+0000] {logging_mixin.py:190} INFO - [2024-10-08T23:42:53.622+0000] {dag.py:3239} INFO - Sync 1 DAGs
[2024-10-08T23:42:53.638+0000] {logging_mixin.py:190} INFO - [2024-10-08T23:42:53.638+0000] {dag.py:4180} INFO - Setting next_dagrun for example_branch_labels to 2024-10-07 00:00:00+00:00, run_after=2024-10-08 00:00:00+00:00
[2024-10-08T23:42:53.649+0000] {processor.py:208} INFO - Processing /home/airflow/.local/lib/python3.12/site-packages/airflow/example_dags/example_branch_labels.py took 0.056 seconds
[2024-10-08T23:43:23.758+0000] {processor.py:186} INFO - Started process (PID=222) to work on /home/airflow/.local/lib/python3.12/site-packages/airflow/example_dags/example_branch_labels.py
[2024-10-08T23:43:23.759+0000] {processor.py:914} INFO - Processing file /home/airflow/.local/lib/python3.12/site-packages/airflow/example_dags/example_branch_labels.py for tasks to queue
[2024-10-08T23:43:23.760+0000] {logging_mixin.py:190} INFO - [2024-10-08T23:43:23.760+0000] {dagbag.py:588} INFO - Filling up the DagBag from /home/airflow/.local/lib/python3.12/site-packages/airflow/example_dags/example_branch_labels.py
[2024-10-08T23:43:23.765+0000] {processor.py:925} INFO - DAG(s) 'example_branch_labels' retrieved from /home/airflow/.local/lib/python3.12/site-packages/airflow/example_dags/example_branch_labels.py
[2024-10-08T23:43:23.776+0000] {logging_mixin.py:190} INFO - [2024-10-08T23:43:23.776+0000] {dag.py:3239} INFO - Sync 1 DAGs
[2024-10-08T23:43:23.791+0000] {logging_mixin.py:190} INFO - [2024-10-08T23:43:23.791+0000] {dag.py:4180} INFO - Setting next_dagrun for example_branch_labels to 2024-10-07 00:00:00+00:00, run_after=2024-10-08 00:00:00+00:00
[2024-10-08T23:43:23.802+0000] {processor.py:208} INFO - Processing /home/airflow/.local/lib/python3.12/site-packages/airflow/example_dags/example_branch_labels.py took 0.047 seconds
[2024-10-08T23:44:32.574+0000] {processor.py:186} INFO - Started process (PID=166) to work on /home/airflow/.local/lib/python3.12/site-packages/airflow/example_dags/example_branch_labels.py
[2024-10-08T23:44:32.574+0000] {processor.py:914} INFO - Processing file /home/airflow/.local/lib/python3.12/site-packages/airflow/example_dags/example_branch_labels.py for tasks to queue
[2024-10-08T23:44:32.576+0000] {logging_mixin.py:190} INFO - [2024-10-08T23:44:32.576+0000] {dagbag.py:588} INFO - Filling up the DagBag from /home/airflow/.local/lib/python3.12/site-packages/airflow/example_dags/example_branch_labels.py
[2024-10-08T23:44:32.583+0000] {processor.py:925} INFO - DAG(s) 'example_branch_labels' retrieved from /home/airflow/.local/lib/python3.12/site-packages/airflow/example_dags/example_branch_labels.py
[2024-10-08T23:44:32.597+0000] {logging_mixin.py:190} INFO - [2024-10-08T23:44:32.596+0000] {dag.py:3239} INFO - Sync 1 DAGs
[2024-10-08T23:44:32.615+0000] {logging_mixin.py:190} INFO - [2024-10-08T23:44:32.614+0000] {dag.py:4180} INFO - Setting next_dagrun for example_branch_labels to 2024-10-07 00:00:00+00:00, run_after=2024-10-08 00:00:00+00:00
[2024-10-08T23:44:32.627+0000] {processor.py:208} INFO - Processing /home/airflow/.local/lib/python3.12/site-packages/airflow/example_dags/example_branch_labels.py took 0.058 seconds
[2024-10-08T23:45:03.000+0000] {processor.py:186} INFO - Started process (PID=229) to work on /home/airflow/.local/lib/python3.12/site-packages/airflow/example_dags/example_branch_labels.py
[2024-10-08T23:45:03.000+0000] {processor.py:914} INFO - Processing file /home/airflow/.local/lib/python3.12/site-packages/airflow/example_dags/example_branch_labels.py for tasks to queue
[2024-10-08T23:45:03.002+0000] {logging_mixin.py:190} INFO - [2024-10-08T23:45:03.001+0000] {dagbag.py:588} INFO - Filling up the DagBag from /home/airflow/.local/lib/python3.12/site-packages/airflow/example_dags/example_branch_labels.py
[2024-10-08T23:45:03.007+0000] {processor.py:925} INFO - DAG(s) 'example_branch_labels' retrieved from /home/airflow/.local/lib/python3.12/site-packages/airflow/example_dags/example_branch_labels.py
[2024-10-08T23:45:03.018+0000] {logging_mixin.py:190} INFO - [2024-10-08T23:45:03.017+0000] {dag.py:3239} INFO - Sync 1 DAGs
[2024-10-08T23:45:03.031+0000] {logging_mixin.py:190} INFO - [2024-10-08T23:45:03.031+0000] {dag.py:4180} INFO - Setting next_dagrun for example_branch_labels to 2024-10-07 00:00:00+00:00, run_after=2024-10-08 00:00:00+00:00
[2024-10-08T23:45:03.041+0000] {processor.py:208} INFO - Processing /home/airflow/.local/lib/python3.12/site-packages/airflow/example_dags/example_branch_labels.py took 0.045 seconds
[2024-10-08T23:45:33.267+0000] {processor.py:186} INFO - Started process (PID=292) to work on /home/airflow/.local/lib/python3.12/site-packages/airflow/example_dags/example_branch_labels.py
[2024-10-08T23:45:33.268+0000] {processor.py:914} INFO - Processing file /home/airflow/.local/lib/python3.12/site-packages/airflow/example_dags/example_branch_labels.py for tasks to queue
[2024-10-08T23:45:33.269+0000] {logging_mixin.py:190} INFO - [2024-10-08T23:45:33.269+0000] {dagbag.py:588} INFO - Filling up the DagBag from /home/airflow/.local/lib/python3.12/site-packages/airflow/example_dags/example_branch_labels.py
[2024-10-08T23:45:33.274+0000] {processor.py:925} INFO - DAG(s) 'example_branch_labels' retrieved from /home/airflow/.local/lib/python3.12/site-packages/airflow/example_dags/example_branch_labels.py
[2024-10-08T23:45:33.285+0000] {logging_mixin.py:190} INFO - [2024-10-08T23:45:33.285+0000] {dag.py:3239} INFO - Sync 1 DAGs
[2024-10-08T23:45:33.297+0000] {logging_mixin.py:190} INFO - [2024-10-08T23:45:33.297+0000] {dag.py:4180} INFO - Setting next_dagrun for example_branch_labels to 2024-10-07 00:00:00+00:00, run_after=2024-10-08 00:00:00+00:00
[2024-10-08T23:45:33.307+0000] {processor.py:208} INFO - Processing /home/airflow/.local/lib/python3.12/site-packages/airflow/example_dags/example_branch_labels.py took 0.043 seconds
[2024-10-08T23:46:03.470+0000] {processor.py:186} INFO - Started process (PID=355) to work on /home/airflow/.local/lib/python3.12/site-packages/airflow/example_dags/example_branch_labels.py
[2024-10-08T23:46:03.470+0000] {processor.py:914} INFO - Processing file /home/airflow/.local/lib/python3.12/site-packages/airflow/example_dags/example_branch_labels.py for tasks to queue
[2024-10-08T23:46:03.472+0000] {logging_mixin.py:190} INFO - [2024-10-08T23:46:03.471+0000] {dagbag.py:588} INFO - Filling up the DagBag from /home/airflow/.local/lib/python3.12/site-packages/airflow/example_dags/example_branch_labels.py
[2024-10-08T23:46:03.478+0000] {processor.py:925} INFO - DAG(s) 'example_branch_labels' retrieved from /home/airflow/.local/lib/python3.12/site-packages/airflow/example_dags/example_branch_labels.py
[2024-10-08T23:46:03.490+0000] {logging_mixin.py:190} INFO - [2024-10-08T23:46:03.490+0000] {dag.py:3239} INFO - Sync 1 DAGs
[2024-10-08T23:46:03.503+0000] {logging_mixin.py:190} INFO - [2024-10-08T23:46:03.503+0000] {dag.py:4180} INFO - Setting next_dagrun for example_branch_labels to 2024-10-07 00:00:00+00:00, run_after=2024-10-08 00:00:00+00:00
[2024-10-08T23:46:03.514+0000] {processor.py:208} INFO - Processing /home/airflow/.local/lib/python3.12/site-packages/airflow/example_dags/example_branch_labels.py took 0.048 seconds
[2024-10-08T23:46:34.575+0000] {processor.py:186} INFO - Started process (PID=418) to work on /home/airflow/.local/lib/python3.12/site-packages/airflow/example_dags/example_branch_labels.py
[2024-10-08T23:46:34.576+0000] {processor.py:914} INFO - Processing file /home/airflow/.local/lib/python3.12/site-packages/airflow/example_dags/example_branch_labels.py for tasks to queue
[2024-10-08T23:46:34.577+0000] {logging_mixin.py:190} INFO - [2024-10-08T23:46:34.577+0000] {dagbag.py:588} INFO - Filling up the DagBag from /home/airflow/.local/lib/python3.12/site-packages/airflow/example_dags/example_branch_labels.py
[2024-10-08T23:46:34.583+0000] {processor.py:925} INFO - DAG(s) 'example_branch_labels' retrieved from /home/airflow/.local/lib/python3.12/site-packages/airflow/example_dags/example_branch_labels.py
[2024-10-08T23:46:34.594+0000] {logging_mixin.py:190} INFO - [2024-10-08T23:46:34.594+0000] {dag.py:3239} INFO - Sync 1 DAGs
[2024-10-08T23:46:34.608+0000] {logging_mixin.py:190} INFO - [2024-10-08T23:46:34.607+0000] {dag.py:4180} INFO - Setting next_dagrun for example_branch_labels to 2024-10-07 00:00:00+00:00, run_after=2024-10-08 00:00:00+00:00
[2024-10-08T23:46:34.618+0000] {processor.py:208} INFO - Processing /home/airflow/.local/lib/python3.12/site-packages/airflow/example_dags/example_branch_labels.py took 0.046 seconds
[2024-10-08T23:47:04.844+0000] {processor.py:186} INFO - Started process (PID=481) to work on /home/airflow/.local/lib/python3.12/site-packages/airflow/example_dags/example_branch_labels.py
[2024-10-08T23:47:04.845+0000] {processor.py:914} INFO - Processing file /home/airflow/.local/lib/python3.12/site-packages/airflow/example_dags/example_branch_labels.py for tasks to queue
[2024-10-08T23:47:04.846+0000] {logging_mixin.py:190} INFO - [2024-10-08T23:47:04.846+0000] {dagbag.py:588} INFO - Filling up the DagBag from /home/airflow/.local/lib/python3.12/site-packages/airflow/example_dags/example_branch_labels.py
[2024-10-08T23:47:04.853+0000] {processor.py:925} INFO - DAG(s) 'example_branch_labels' retrieved from /home/airflow/.local/lib/python3.12/site-packages/airflow/example_dags/example_branch_labels.py
[2024-10-08T23:47:04.865+0000] {logging_mixin.py:190} INFO - [2024-10-08T23:47:04.865+0000] {dag.py:3239} INFO - Sync 1 DAGs
[2024-10-08T23:47:04.879+0000] {logging_mixin.py:190} INFO - [2024-10-08T23:47:04.879+0000] {dag.py:4180} INFO - Setting next_dagrun for example_branch_labels to 2024-10-07 00:00:00+00:00, run_after=2024-10-08 00:00:00+00:00
[2024-10-08T23:47:04.889+0000] {processor.py:208} INFO - Processing /home/airflow/.local/lib/python3.12/site-packages/airflow/example_dags/example_branch_labels.py took 0.050 seconds
[2024-10-08T23:47:35.031+0000] {processor.py:186} INFO - Started process (PID=544) to work on /home/airflow/.local/lib/python3.12/site-packages/airflow/example_dags/example_branch_labels.py
[2024-10-08T23:47:35.032+0000] {processor.py:914} INFO - Processing file /home/airflow/.local/lib/python3.12/site-packages/airflow/example_dags/example_branch_labels.py for tasks to queue
[2024-10-08T23:47:35.034+0000] {logging_mixin.py:190} INFO - [2024-10-08T23:47:35.034+0000] {dagbag.py:588} INFO - Filling up the DagBag from /home/airflow/.local/lib/python3.12/site-packages/airflow/example_dags/example_branch_labels.py
[2024-10-08T23:47:35.043+0000] {processor.py:925} INFO - DAG(s) 'example_branch_labels' retrieved from /home/airflow/.local/lib/python3.12/site-packages/airflow/example_dags/example_branch_labels.py
[2024-10-08T23:47:35.060+0000] {logging_mixin.py:190} INFO - [2024-10-08T23:47:35.060+0000] {dag.py:3239} INFO - Sync 1 DAGs
[2024-10-08T23:47:35.073+0000] {logging_mixin.py:190} INFO - [2024-10-08T23:47:35.073+0000] {dag.py:4180} INFO - Setting next_dagrun for example_branch_labels to 2024-10-07 00:00:00+00:00, run_after=2024-10-08 00:00:00+00:00
[2024-10-08T23:47:35.084+0000] {processor.py:208} INFO - Processing /home/airflow/.local/lib/python3.12/site-packages/airflow/example_dags/example_branch_labels.py took 0.057 seconds
[2024-10-08T23:48:05.230+0000] {processor.py:186} INFO - Started process (PID=607) to work on /home/airflow/.local/lib/python3.12/site-packages/airflow/example_dags/example_branch_labels.py
[2024-10-08T23:48:05.231+0000] {processor.py:914} INFO - Processing file /home/airflow/.local/lib/python3.12/site-packages/airflow/example_dags/example_branch_labels.py for tasks to queue
[2024-10-08T23:48:05.232+0000] {logging_mixin.py:190} INFO - [2024-10-08T23:48:05.232+0000] {dagbag.py:588} INFO - Filling up the DagBag from /home/airflow/.local/lib/python3.12/site-packages/airflow/example_dags/example_branch_labels.py
[2024-10-08T23:48:05.238+0000] {processor.py:925} INFO - DAG(s) 'example_branch_labels' retrieved from /home/airflow/.local/lib/python3.12/site-packages/airflow/example_dags/example_branch_labels.py
[2024-10-08T23:48:05.249+0000] {logging_mixin.py:190} INFO - [2024-10-08T23:48:05.249+0000] {dag.py:3239} INFO - Sync 1 DAGs
[2024-10-08T23:48:05.261+0000] {logging_mixin.py:190} INFO - [2024-10-08T23:48:05.261+0000] {dag.py:4180} INFO - Setting next_dagrun for example_branch_labels to 2024-10-07 00:00:00+00:00, run_after=2024-10-08 00:00:00+00:00
[2024-10-08T23:48:05.271+0000] {processor.py:208} INFO - Processing /home/airflow/.local/lib/python3.12/site-packages/airflow/example_dags/example_branch_labels.py took 0.044 seconds
[2024-10-08T23:48:35.446+0000] {processor.py:186} INFO - Started process (PID=670) to work on /home/airflow/.local/lib/python3.12/site-packages/airflow/example_dags/example_branch_labels.py
[2024-10-08T23:48:35.446+0000] {processor.py:914} INFO - Processing file /home/airflow/.local/lib/python3.12/site-packages/airflow/example_dags/example_branch_labels.py for tasks to queue
[2024-10-08T23:48:35.448+0000] {logging_mixin.py:190} INFO - [2024-10-08T23:48:35.448+0000] {dagbag.py:588} INFO - Filling up the DagBag from /home/airflow/.local/lib/python3.12/site-packages/airflow/example_dags/example_branch_labels.py
[2024-10-08T23:48:35.453+0000] {processor.py:925} INFO - DAG(s) 'example_branch_labels' retrieved from /home/airflow/.local/lib/python3.12/site-packages/airflow/example_dags/example_branch_labels.py
[2024-10-08T23:48:35.465+0000] {logging_mixin.py:190} INFO - [2024-10-08T23:48:35.465+0000] {dag.py:3239} INFO - Sync 1 DAGs
[2024-10-08T23:48:35.478+0000] {logging_mixin.py:190} INFO - [2024-10-08T23:48:35.478+0000] {dag.py:4180} INFO - Setting next_dagrun for example_branch_labels to 2024-10-07 00:00:00+00:00, run_after=2024-10-08 00:00:00+00:00
[2024-10-08T23:48:35.488+0000] {processor.py:208} INFO - Processing /home/airflow/.local/lib/python3.12/site-packages/airflow/example_dags/example_branch_labels.py took 0.046 seconds
[2024-10-08T23:49:06.569+0000] {processor.py:186} INFO - Started process (PID=733) to work on /home/airflow/.local/lib/python3.12/site-packages/airflow/example_dags/example_branch_labels.py
[2024-10-08T23:49:06.569+0000] {processor.py:914} INFO - Processing file /home/airflow/.local/lib/python3.12/site-packages/airflow/example_dags/example_branch_labels.py for tasks to queue
[2024-10-08T23:49:06.571+0000] {logging_mixin.py:190} INFO - [2024-10-08T23:49:06.571+0000] {dagbag.py:588} INFO - Filling up the DagBag from /home/airflow/.local/lib/python3.12/site-packages/airflow/example_dags/example_branch_labels.py
[2024-10-08T23:49:06.576+0000] {processor.py:925} INFO - DAG(s) 'example_branch_labels' retrieved from /home/airflow/.local/lib/python3.12/site-packages/airflow/example_dags/example_branch_labels.py
[2024-10-08T23:49:06.588+0000] {logging_mixin.py:190} INFO - [2024-10-08T23:49:06.587+0000] {dag.py:3239} INFO - Sync 1 DAGs
[2024-10-08T23:49:06.601+0000] {logging_mixin.py:190} INFO - [2024-10-08T23:49:06.600+0000] {dag.py:4180} INFO - Setting next_dagrun for example_branch_labels to 2024-10-07 00:00:00+00:00, run_after=2024-10-08 00:00:00+00:00
[2024-10-08T23:49:06.611+0000] {processor.py:208} INFO - Processing /home/airflow/.local/lib/python3.12/site-packages/airflow/example_dags/example_branch_labels.py took 0.045 seconds
[2024-10-08T23:49:37.800+0000] {processor.py:186} INFO - Started process (PID=796) to work on /home/airflow/.local/lib/python3.12/site-packages/airflow/example_dags/example_branch_labels.py
[2024-10-08T23:49:37.800+0000] {processor.py:914} INFO - Processing file /home/airflow/.local/lib/python3.12/site-packages/airflow/example_dags/example_branch_labels.py for tasks to queue
[2024-10-08T23:49:37.802+0000] {logging_mixin.py:190} INFO - [2024-10-08T23:49:37.801+0000] {dagbag.py:588} INFO - Filling up the DagBag from /home/airflow/.local/lib/python3.12/site-packages/airflow/example_dags/example_branch_labels.py
[2024-10-08T23:49:37.807+0000] {processor.py:925} INFO - DAG(s) 'example_branch_labels' retrieved from /home/airflow/.local/lib/python3.12/site-packages/airflow/example_dags/example_branch_labels.py
[2024-10-08T23:49:37.818+0000] {logging_mixin.py:190} INFO - [2024-10-08T23:49:37.818+0000] {dag.py:3239} INFO - Sync 1 DAGs
[2024-10-08T23:49:37.831+0000] {logging_mixin.py:190} INFO - [2024-10-08T23:49:37.831+0000] {dag.py:4180} INFO - Setting next_dagrun for example_branch_labels to 2024-10-07 00:00:00+00:00, run_after=2024-10-08 00:00:00+00:00
[2024-10-08T23:49:37.841+0000] {processor.py:208} INFO - Processing /home/airflow/.local/lib/python3.12/site-packages/airflow/example_dags/example_branch_labels.py took 0.045 seconds
[2024-10-08T23:50:08.059+0000] {processor.py:186} INFO - Started process (PID=859) to work on /home/airflow/.local/lib/python3.12/site-packages/airflow/example_dags/example_branch_labels.py
[2024-10-08T23:50:08.060+0000] {processor.py:914} INFO - Processing file /home/airflow/.local/lib/python3.12/site-packages/airflow/example_dags/example_branch_labels.py for tasks to queue
[2024-10-08T23:50:08.061+0000] {logging_mixin.py:190} INFO - [2024-10-08T23:50:08.061+0000] {dagbag.py:588} INFO - Filling up the DagBag from /home/airflow/.local/lib/python3.12/site-packages/airflow/example_dags/example_branch_labels.py
[2024-10-08T23:50:08.067+0000] {processor.py:925} INFO - DAG(s) 'example_branch_labels' retrieved from /home/airflow/.local/lib/python3.12/site-packages/airflow/example_dags/example_branch_labels.py
[2024-10-08T23:50:08.079+0000] {logging_mixin.py:190} INFO - [2024-10-08T23:50:08.079+0000] {dag.py:3239} INFO - Sync 1 DAGs
[2024-10-08T23:50:08.095+0000] {logging_mixin.py:190} INFO - [2024-10-08T23:50:08.094+0000] {dag.py:4180} INFO - Setting next_dagrun for example_branch_labels to 2024-10-07 00:00:00+00:00, run_after=2024-10-08 00:00:00+00:00
[2024-10-08T23:50:08.106+0000] {processor.py:208} INFO - Processing /home/airflow/.local/lib/python3.12/site-packages/airflow/example_dags/example_branch_labels.py took 0.050 seconds
