[2024-10-08T23:14:24.168+0000] {processor.py:186} INFO - Started process (PID=15710) to work on /home/airflow/.local/lib/python3.12/site-packages/airflow/example_dags/example_latest_only_with_trigger.py
[2024-10-08T23:14:24.169+0000] {processor.py:914} INFO - Processing file /home/airflow/.local/lib/python3.12/site-packages/airflow/example_dags/example_latest_only_with_trigger.py for tasks to queue
[2024-10-08T23:14:24.170+0000] {logging_mixin.py:190} INFO - [2024-10-08T23:14:24.170+0000] {dagbag.py:588} INFO - Filling up the DagBag from /home/airflow/.local/lib/python3.12/site-packages/airflow/example_dags/example_latest_only_with_trigger.py
[2024-10-08T23:14:24.175+0000] {processor.py:925} INFO - DAG(s) 'latest_only_with_trigger' retrieved from /home/airflow/.local/lib/python3.12/site-packages/airflow/example_dags/example_latest_only_with_trigger.py
[2024-10-08T23:14:24.186+0000] {logging_mixin.py:190} INFO - [2024-10-08T23:14:24.185+0000] {dag.py:3239} INFO - Sync 1 DAGs
[2024-10-08T23:14:24.198+0000] {logging_mixin.py:190} INFO - [2024-10-08T23:14:24.198+0000] {dag.py:4180} INFO - Setting next_dagrun for latest_only_with_trigger to 2024-10-08 16:00:00+00:00, run_after=2024-10-08 20:00:00+00:00
[2024-10-08T23:14:24.209+0000] {processor.py:208} INFO - Processing /home/airflow/.local/lib/python3.12/site-packages/airflow/example_dags/example_latest_only_with_trigger.py took 0.045 seconds
[2024-10-08T23:34:23.552+0000] {processor.py:186} INFO - Started process (PID=170) to work on /home/airflow/.local/lib/python3.12/site-packages/airflow/example_dags/example_latest_only_with_trigger.py
[2024-10-08T23:34:23.553+0000] {processor.py:914} INFO - Processing file /home/airflow/.local/lib/python3.12/site-packages/airflow/example_dags/example_latest_only_with_trigger.py for tasks to queue
[2024-10-08T23:34:23.555+0000] {logging_mixin.py:190} INFO - [2024-10-08T23:34:23.554+0000] {dagbag.py:588} INFO - Filling up the DagBag from /home/airflow/.local/lib/python3.12/site-packages/airflow/example_dags/example_latest_only_with_trigger.py
[2024-10-08T23:34:23.559+0000] {processor.py:925} INFO - DAG(s) 'latest_only_with_trigger' retrieved from /home/airflow/.local/lib/python3.12/site-packages/airflow/example_dags/example_latest_only_with_trigger.py
[2024-10-08T23:34:23.571+0000] {logging_mixin.py:190} INFO - [2024-10-08T23:34:23.571+0000] {dag.py:3239} INFO - Sync 1 DAGs
[2024-10-08T23:34:23.589+0000] {logging_mixin.py:190} INFO - [2024-10-08T23:34:23.589+0000] {dag.py:4180} INFO - Setting next_dagrun for latest_only_with_trigger to 2024-10-08 16:00:00+00:00, run_after=2024-10-08 20:00:00+00:00
[2024-10-08T23:34:23.603+0000] {processor.py:208} INFO - Processing /home/airflow/.local/lib/python3.12/site-packages/airflow/example_dags/example_latest_only_with_trigger.py took 0.054 seconds
[2024-10-08T23:34:54.174+0000] {processor.py:186} INFO - Started process (PID=233) to work on /home/airflow/.local/lib/python3.12/site-packages/airflow/example_dags/example_latest_only_with_trigger.py
[2024-10-08T23:34:54.179+0000] {processor.py:914} INFO - Processing file /home/airflow/.local/lib/python3.12/site-packages/airflow/example_dags/example_latest_only_with_trigger.py for tasks to queue
[2024-10-08T23:34:54.181+0000] {logging_mixin.py:190} INFO - [2024-10-08T23:34:54.181+0000] {dagbag.py:588} INFO - Filling up the DagBag from /home/airflow/.local/lib/python3.12/site-packages/airflow/example_dags/example_latest_only_with_trigger.py
[2024-10-08T23:34:54.187+0000] {processor.py:925} INFO - DAG(s) 'latest_only_with_trigger' retrieved from /home/airflow/.local/lib/python3.12/site-packages/airflow/example_dags/example_latest_only_with_trigger.py
[2024-10-08T23:34:54.206+0000] {logging_mixin.py:190} INFO - [2024-10-08T23:34:54.206+0000] {dag.py:3239} INFO - Sync 1 DAGs
[2024-10-08T23:34:54.226+0000] {logging_mixin.py:190} INFO - [2024-10-08T23:34:54.226+0000] {dag.py:4180} INFO - Setting next_dagrun for latest_only_with_trigger to 2024-10-08 16:00:00+00:00, run_after=2024-10-08 20:00:00+00:00
[2024-10-08T23:34:54.241+0000] {processor.py:208} INFO - Processing /home/airflow/.local/lib/python3.12/site-packages/airflow/example_dags/example_latest_only_with_trigger.py took 0.071 seconds
[2024-10-08T23:35:24.726+0000] {processor.py:186} INFO - Started process (PID=296) to work on /home/airflow/.local/lib/python3.12/site-packages/airflow/example_dags/example_latest_only_with_trigger.py
[2024-10-08T23:35:24.727+0000] {processor.py:914} INFO - Processing file /home/airflow/.local/lib/python3.12/site-packages/airflow/example_dags/example_latest_only_with_trigger.py for tasks to queue
[2024-10-08T23:35:24.728+0000] {logging_mixin.py:190} INFO - [2024-10-08T23:35:24.728+0000] {dagbag.py:588} INFO - Filling up the DagBag from /home/airflow/.local/lib/python3.12/site-packages/airflow/example_dags/example_latest_only_with_trigger.py
[2024-10-08T23:35:24.732+0000] {processor.py:925} INFO - DAG(s) 'latest_only_with_trigger' retrieved from /home/airflow/.local/lib/python3.12/site-packages/airflow/example_dags/example_latest_only_with_trigger.py
[2024-10-08T23:35:24.744+0000] {logging_mixin.py:190} INFO - [2024-10-08T23:35:24.744+0000] {dag.py:3239} INFO - Sync 1 DAGs
[2024-10-08T23:35:24.757+0000] {logging_mixin.py:190} INFO - [2024-10-08T23:35:24.757+0000] {dag.py:4180} INFO - Setting next_dagrun for latest_only_with_trigger to 2024-10-08 16:00:00+00:00, run_after=2024-10-08 20:00:00+00:00
[2024-10-08T23:35:24.767+0000] {processor.py:208} INFO - Processing /home/airflow/.local/lib/python3.12/site-packages/airflow/example_dags/example_latest_only_with_trigger.py took 0.045 seconds
[2024-10-08T23:35:54.949+0000] {processor.py:186} INFO - Started process (PID=359) to work on /home/airflow/.local/lib/python3.12/site-packages/airflow/example_dags/example_latest_only_with_trigger.py
[2024-10-08T23:35:54.949+0000] {processor.py:914} INFO - Processing file /home/airflow/.local/lib/python3.12/site-packages/airflow/example_dags/example_latest_only_with_trigger.py for tasks to queue
[2024-10-08T23:35:54.951+0000] {logging_mixin.py:190} INFO - [2024-10-08T23:35:54.950+0000] {dagbag.py:588} INFO - Filling up the DagBag from /home/airflow/.local/lib/python3.12/site-packages/airflow/example_dags/example_latest_only_with_trigger.py
[2024-10-08T23:35:54.955+0000] {processor.py:925} INFO - DAG(s) 'latest_only_with_trigger' retrieved from /home/airflow/.local/lib/python3.12/site-packages/airflow/example_dags/example_latest_only_with_trigger.py
[2024-10-08T23:35:54.965+0000] {logging_mixin.py:190} INFO - [2024-10-08T23:35:54.965+0000] {dag.py:3239} INFO - Sync 1 DAGs
[2024-10-08T23:35:54.977+0000] {logging_mixin.py:190} INFO - [2024-10-08T23:35:54.977+0000] {dag.py:4180} INFO - Setting next_dagrun for latest_only_with_trigger to 2024-10-08 16:00:00+00:00, run_after=2024-10-08 20:00:00+00:00
[2024-10-08T23:35:54.987+0000] {processor.py:208} INFO - Processing /home/airflow/.local/lib/python3.12/site-packages/airflow/example_dags/example_latest_only_with_trigger.py took 0.042 seconds
[2024-10-08T23:36:25.104+0000] {processor.py:186} INFO - Started process (PID=422) to work on /home/airflow/.local/lib/python3.12/site-packages/airflow/example_dags/example_latest_only_with_trigger.py
[2024-10-08T23:36:25.105+0000] {processor.py:914} INFO - Processing file /home/airflow/.local/lib/python3.12/site-packages/airflow/example_dags/example_latest_only_with_trigger.py for tasks to queue
[2024-10-08T23:36:25.106+0000] {logging_mixin.py:190} INFO - [2024-10-08T23:36:25.106+0000] {dagbag.py:588} INFO - Filling up the DagBag from /home/airflow/.local/lib/python3.12/site-packages/airflow/example_dags/example_latest_only_with_trigger.py
[2024-10-08T23:36:25.110+0000] {processor.py:925} INFO - DAG(s) 'latest_only_with_trigger' retrieved from /home/airflow/.local/lib/python3.12/site-packages/airflow/example_dags/example_latest_only_with_trigger.py
[2024-10-08T23:36:25.121+0000] {logging_mixin.py:190} INFO - [2024-10-08T23:36:25.121+0000] {dag.py:3239} INFO - Sync 1 DAGs
[2024-10-08T23:36:25.133+0000] {logging_mixin.py:190} INFO - [2024-10-08T23:36:25.133+0000] {dag.py:4180} INFO - Setting next_dagrun for latest_only_with_trigger to 2024-10-08 16:00:00+00:00, run_after=2024-10-08 20:00:00+00:00
[2024-10-08T23:36:25.144+0000] {processor.py:208} INFO - Processing /home/airflow/.local/lib/python3.12/site-packages/airflow/example_dags/example_latest_only_with_trigger.py took 0.043 seconds
[2024-10-08T23:36:55.280+0000] {processor.py:186} INFO - Started process (PID=485) to work on /home/airflow/.local/lib/python3.12/site-packages/airflow/example_dags/example_latest_only_with_trigger.py
[2024-10-08T23:36:55.280+0000] {processor.py:914} INFO - Processing file /home/airflow/.local/lib/python3.12/site-packages/airflow/example_dags/example_latest_only_with_trigger.py for tasks to queue
[2024-10-08T23:36:55.282+0000] {logging_mixin.py:190} INFO - [2024-10-08T23:36:55.281+0000] {dagbag.py:588} INFO - Filling up the DagBag from /home/airflow/.local/lib/python3.12/site-packages/airflow/example_dags/example_latest_only_with_trigger.py
[2024-10-08T23:36:55.286+0000] {processor.py:925} INFO - DAG(s) 'latest_only_with_trigger' retrieved from /home/airflow/.local/lib/python3.12/site-packages/airflow/example_dags/example_latest_only_with_trigger.py
[2024-10-08T23:36:55.297+0000] {logging_mixin.py:190} INFO - [2024-10-08T23:36:55.297+0000] {dag.py:3239} INFO - Sync 1 DAGs
[2024-10-08T23:36:55.310+0000] {logging_mixin.py:190} INFO - [2024-10-08T23:36:55.310+0000] {dag.py:4180} INFO - Setting next_dagrun for latest_only_with_trigger to 2024-10-08 16:00:00+00:00, run_after=2024-10-08 20:00:00+00:00
[2024-10-08T23:36:55.319+0000] {processor.py:208} INFO - Processing /home/airflow/.local/lib/python3.12/site-packages/airflow/example_dags/example_latest_only_with_trigger.py took 0.043 seconds
[2024-10-08T23:37:25.533+0000] {processor.py:186} INFO - Started process (PID=548) to work on /home/airflow/.local/lib/python3.12/site-packages/airflow/example_dags/example_latest_only_with_trigger.py
[2024-10-08T23:37:25.534+0000] {processor.py:914} INFO - Processing file /home/airflow/.local/lib/python3.12/site-packages/airflow/example_dags/example_latest_only_with_trigger.py for tasks to queue
[2024-10-08T23:37:25.535+0000] {logging_mixin.py:190} INFO - [2024-10-08T23:37:25.535+0000] {dagbag.py:588} INFO - Filling up the DagBag from /home/airflow/.local/lib/python3.12/site-packages/airflow/example_dags/example_latest_only_with_trigger.py
[2024-10-08T23:37:25.540+0000] {processor.py:925} INFO - DAG(s) 'latest_only_with_trigger' retrieved from /home/airflow/.local/lib/python3.12/site-packages/airflow/example_dags/example_latest_only_with_trigger.py
[2024-10-08T23:37:25.551+0000] {logging_mixin.py:190} INFO - [2024-10-08T23:37:25.551+0000] {dag.py:3239} INFO - Sync 1 DAGs
[2024-10-08T23:37:25.564+0000] {logging_mixin.py:190} INFO - [2024-10-08T23:37:25.564+0000] {dag.py:4180} INFO - Setting next_dagrun for latest_only_with_trigger to 2024-10-08 16:00:00+00:00, run_after=2024-10-08 20:00:00+00:00
[2024-10-08T23:37:25.574+0000] {processor.py:208} INFO - Processing /home/airflow/.local/lib/python3.12/site-packages/airflow/example_dags/example_latest_only_with_trigger.py took 0.044 seconds
[2024-10-08T23:37:55.873+0000] {processor.py:186} INFO - Started process (PID=611) to work on /home/airflow/.local/lib/python3.12/site-packages/airflow/example_dags/example_latest_only_with_trigger.py
[2024-10-08T23:37:55.874+0000] {processor.py:914} INFO - Processing file /home/airflow/.local/lib/python3.12/site-packages/airflow/example_dags/example_latest_only_with_trigger.py for tasks to queue
[2024-10-08T23:37:55.875+0000] {logging_mixin.py:190} INFO - [2024-10-08T23:37:55.875+0000] {dagbag.py:588} INFO - Filling up the DagBag from /home/airflow/.local/lib/python3.12/site-packages/airflow/example_dags/example_latest_only_with_trigger.py
[2024-10-08T23:37:55.880+0000] {processor.py:925} INFO - DAG(s) 'latest_only_with_trigger' retrieved from /home/airflow/.local/lib/python3.12/site-packages/airflow/example_dags/example_latest_only_with_trigger.py
[2024-10-08T23:37:55.890+0000] {logging_mixin.py:190} INFO - [2024-10-08T23:37:55.890+0000] {dag.py:3239} INFO - Sync 1 DAGs
[2024-10-08T23:37:55.902+0000] {logging_mixin.py:190} INFO - [2024-10-08T23:37:55.902+0000] {dag.py:4180} INFO - Setting next_dagrun for latest_only_with_trigger to 2024-10-08 16:00:00+00:00, run_after=2024-10-08 20:00:00+00:00
[2024-10-08T23:37:55.913+0000] {processor.py:208} INFO - Processing /home/airflow/.local/lib/python3.12/site-packages/airflow/example_dags/example_latest_only_with_trigger.py took 0.043 seconds
[2024-10-08T23:38:26.251+0000] {processor.py:186} INFO - Started process (PID=674) to work on /home/airflow/.local/lib/python3.12/site-packages/airflow/example_dags/example_latest_only_with_trigger.py
[2024-10-08T23:38:26.252+0000] {processor.py:914} INFO - Processing file /home/airflow/.local/lib/python3.12/site-packages/airflow/example_dags/example_latest_only_with_trigger.py for tasks to queue
[2024-10-08T23:38:26.253+0000] {logging_mixin.py:190} INFO - [2024-10-08T23:38:26.253+0000] {dagbag.py:588} INFO - Filling up the DagBag from /home/airflow/.local/lib/python3.12/site-packages/airflow/example_dags/example_latest_only_with_trigger.py
[2024-10-08T23:38:26.257+0000] {processor.py:925} INFO - DAG(s) 'latest_only_with_trigger' retrieved from /home/airflow/.local/lib/python3.12/site-packages/airflow/example_dags/example_latest_only_with_trigger.py
[2024-10-08T23:38:26.267+0000] {logging_mixin.py:190} INFO - [2024-10-08T23:38:26.267+0000] {dag.py:3239} INFO - Sync 1 DAGs
[2024-10-08T23:38:26.280+0000] {logging_mixin.py:190} INFO - [2024-10-08T23:38:26.279+0000] {dag.py:4180} INFO - Setting next_dagrun for latest_only_with_trigger to 2024-10-08 16:00:00+00:00, run_after=2024-10-08 20:00:00+00:00
[2024-10-08T23:38:26.289+0000] {processor.py:208} INFO - Processing /home/airflow/.local/lib/python3.12/site-packages/airflow/example_dags/example_latest_only_with_trigger.py took 0.042 seconds
[2024-10-08T23:38:56.369+0000] {processor.py:186} INFO - Started process (PID=737) to work on /home/airflow/.local/lib/python3.12/site-packages/airflow/example_dags/example_latest_only_with_trigger.py
[2024-10-08T23:38:56.371+0000] {processor.py:914} INFO - Processing file /home/airflow/.local/lib/python3.12/site-packages/airflow/example_dags/example_latest_only_with_trigger.py for tasks to queue
[2024-10-08T23:38:56.372+0000] {logging_mixin.py:190} INFO - [2024-10-08T23:38:56.372+0000] {dagbag.py:588} INFO - Filling up the DagBag from /home/airflow/.local/lib/python3.12/site-packages/airflow/example_dags/example_latest_only_with_trigger.py
[2024-10-08T23:38:56.376+0000] {processor.py:925} INFO - DAG(s) 'latest_only_with_trigger' retrieved from /home/airflow/.local/lib/python3.12/site-packages/airflow/example_dags/example_latest_only_with_trigger.py
[2024-10-08T23:38:56.387+0000] {logging_mixin.py:190} INFO - [2024-10-08T23:38:56.387+0000] {dag.py:3239} INFO - Sync 1 DAGs
[2024-10-08T23:38:56.400+0000] {logging_mixin.py:190} INFO - [2024-10-08T23:38:56.399+0000] {dag.py:4180} INFO - Setting next_dagrun for latest_only_with_trigger to 2024-10-08 16:00:00+00:00, run_after=2024-10-08 20:00:00+00:00
[2024-10-08T23:38:56.410+0000] {processor.py:208} INFO - Processing /home/airflow/.local/lib/python3.12/site-packages/airflow/example_dags/example_latest_only_with_trigger.py took 0.044 seconds
[2024-10-08T23:39:39.232+0000] {processor.py:186} INFO - Started process (PID=163) to work on /home/airflow/.local/lib/python3.12/site-packages/airflow/example_dags/example_latest_only_with_trigger.py
[2024-10-08T23:39:39.233+0000] {processor.py:914} INFO - Processing file /home/airflow/.local/lib/python3.12/site-packages/airflow/example_dags/example_latest_only_with_trigger.py for tasks to queue
[2024-10-08T23:39:39.234+0000] {logging_mixin.py:190} INFO - [2024-10-08T23:39:39.234+0000] {dagbag.py:588} INFO - Filling up the DagBag from /home/airflow/.local/lib/python3.12/site-packages/airflow/example_dags/example_latest_only_with_trigger.py
[2024-10-08T23:39:39.239+0000] {processor.py:925} INFO - DAG(s) 'latest_only_with_trigger' retrieved from /home/airflow/.local/lib/python3.12/site-packages/airflow/example_dags/example_latest_only_with_trigger.py
[2024-10-08T23:39:39.252+0000] {logging_mixin.py:190} INFO - [2024-10-08T23:39:39.252+0000] {dag.py:3239} INFO - Sync 1 DAGs
[2024-10-08T23:39:39.265+0000] {logging_mixin.py:190} INFO - [2024-10-08T23:39:39.265+0000] {dag.py:4180} INFO - Setting next_dagrun for latest_only_with_trigger to 2024-10-08 16:00:00+00:00, run_after=2024-10-08 20:00:00+00:00
[2024-10-08T23:39:39.276+0000] {processor.py:208} INFO - Processing /home/airflow/.local/lib/python3.12/site-packages/airflow/example_dags/example_latest_only_with_trigger.py took 0.048 seconds
[2024-10-08T23:40:09.393+0000] {processor.py:186} INFO - Started process (PID=226) to work on /home/airflow/.local/lib/python3.12/site-packages/airflow/example_dags/example_latest_only_with_trigger.py
[2024-10-08T23:40:09.394+0000] {processor.py:914} INFO - Processing file /home/airflow/.local/lib/python3.12/site-packages/airflow/example_dags/example_latest_only_with_trigger.py for tasks to queue
[2024-10-08T23:40:09.395+0000] {logging_mixin.py:190} INFO - [2024-10-08T23:40:09.395+0000] {dagbag.py:588} INFO - Filling up the DagBag from /home/airflow/.local/lib/python3.12/site-packages/airflow/example_dags/example_latest_only_with_trigger.py
[2024-10-08T23:40:09.399+0000] {processor.py:925} INFO - DAG(s) 'latest_only_with_trigger' retrieved from /home/airflow/.local/lib/python3.12/site-packages/airflow/example_dags/example_latest_only_with_trigger.py
[2024-10-08T23:40:09.410+0000] {logging_mixin.py:190} INFO - [2024-10-08T23:40:09.410+0000] {dag.py:3239} INFO - Sync 1 DAGs
[2024-10-08T23:40:09.422+0000] {logging_mixin.py:190} INFO - [2024-10-08T23:40:09.422+0000] {dag.py:4180} INFO - Setting next_dagrun for latest_only_with_trigger to 2024-10-08 16:00:00+00:00, run_after=2024-10-08 20:00:00+00:00
[2024-10-08T23:40:09.431+0000] {processor.py:208} INFO - Processing /home/airflow/.local/lib/python3.12/site-packages/airflow/example_dags/example_latest_only_with_trigger.py took 0.041 seconds
[2024-10-08T23:40:40.489+0000] {processor.py:186} INFO - Started process (PID=289) to work on /home/airflow/.local/lib/python3.12/site-packages/airflow/example_dags/example_latest_only_with_trigger.py
[2024-10-08T23:40:40.489+0000] {processor.py:914} INFO - Processing file /home/airflow/.local/lib/python3.12/site-packages/airflow/example_dags/example_latest_only_with_trigger.py for tasks to queue
[2024-10-08T23:40:40.490+0000] {logging_mixin.py:190} INFO - [2024-10-08T23:40:40.490+0000] {dagbag.py:588} INFO - Filling up the DagBag from /home/airflow/.local/lib/python3.12/site-packages/airflow/example_dags/example_latest_only_with_trigger.py
[2024-10-08T23:40:40.494+0000] {processor.py:925} INFO - DAG(s) 'latest_only_with_trigger' retrieved from /home/airflow/.local/lib/python3.12/site-packages/airflow/example_dags/example_latest_only_with_trigger.py
[2024-10-08T23:40:40.505+0000] {logging_mixin.py:190} INFO - [2024-10-08T23:40:40.505+0000] {dag.py:3239} INFO - Sync 1 DAGs
[2024-10-08T23:40:40.516+0000] {logging_mixin.py:190} INFO - [2024-10-08T23:40:40.516+0000] {dag.py:4180} INFO - Setting next_dagrun for latest_only_with_trigger to 2024-10-08 16:00:00+00:00, run_after=2024-10-08 20:00:00+00:00
[2024-10-08T23:40:40.526+0000] {processor.py:208} INFO - Processing /home/airflow/.local/lib/python3.12/site-packages/airflow/example_dags/example_latest_only_with_trigger.py took 0.041 seconds
[2024-10-08T23:41:10.742+0000] {processor.py:186} INFO - Started process (PID=352) to work on /home/airflow/.local/lib/python3.12/site-packages/airflow/example_dags/example_latest_only_with_trigger.py
[2024-10-08T23:41:10.742+0000] {processor.py:914} INFO - Processing file /home/airflow/.local/lib/python3.12/site-packages/airflow/example_dags/example_latest_only_with_trigger.py for tasks to queue
[2024-10-08T23:41:10.743+0000] {logging_mixin.py:190} INFO - [2024-10-08T23:41:10.743+0000] {dagbag.py:588} INFO - Filling up the DagBag from /home/airflow/.local/lib/python3.12/site-packages/airflow/example_dags/example_latest_only_with_trigger.py
[2024-10-08T23:41:10.748+0000] {processor.py:925} INFO - DAG(s) 'latest_only_with_trigger' retrieved from /home/airflow/.local/lib/python3.12/site-packages/airflow/example_dags/example_latest_only_with_trigger.py
[2024-10-08T23:41:10.759+0000] {logging_mixin.py:190} INFO - [2024-10-08T23:41:10.759+0000] {dag.py:3239} INFO - Sync 1 DAGs
[2024-10-08T23:41:10.772+0000] {logging_mixin.py:190} INFO - [2024-10-08T23:41:10.772+0000] {dag.py:4180} INFO - Setting next_dagrun for latest_only_with_trigger to 2024-10-08 16:00:00+00:00, run_after=2024-10-08 20:00:00+00:00
[2024-10-08T23:41:10.782+0000] {processor.py:208} INFO - Processing /home/airflow/.local/lib/python3.12/site-packages/airflow/example_dags/example_latest_only_with_trigger.py took 0.043 seconds
[2024-10-08T23:41:41.013+0000] {processor.py:186} INFO - Started process (PID=415) to work on /home/airflow/.local/lib/python3.12/site-packages/airflow/example_dags/example_latest_only_with_trigger.py
[2024-10-08T23:41:41.014+0000] {processor.py:914} INFO - Processing file /home/airflow/.local/lib/python3.12/site-packages/airflow/example_dags/example_latest_only_with_trigger.py for tasks to queue
[2024-10-08T23:41:41.015+0000] {logging_mixin.py:190} INFO - [2024-10-08T23:41:41.015+0000] {dagbag.py:588} INFO - Filling up the DagBag from /home/airflow/.local/lib/python3.12/site-packages/airflow/example_dags/example_latest_only_with_trigger.py
[2024-10-08T23:41:41.019+0000] {processor.py:925} INFO - DAG(s) 'latest_only_with_trigger' retrieved from /home/airflow/.local/lib/python3.12/site-packages/airflow/example_dags/example_latest_only_with_trigger.py
[2024-10-08T23:41:41.030+0000] {logging_mixin.py:190} INFO - [2024-10-08T23:41:41.030+0000] {dag.py:3239} INFO - Sync 1 DAGs
[2024-10-08T23:41:41.042+0000] {logging_mixin.py:190} INFO - [2024-10-08T23:41:41.042+0000] {dag.py:4180} INFO - Setting next_dagrun for latest_only_with_trigger to 2024-10-08 16:00:00+00:00, run_after=2024-10-08 20:00:00+00:00
[2024-10-08T23:41:41.051+0000] {processor.py:208} INFO - Processing /home/airflow/.local/lib/python3.12/site-packages/airflow/example_dags/example_latest_only_with_trigger.py took 0.041 seconds
[2024-10-08T23:42:53.713+0000] {processor.py:186} INFO - Started process (PID=163) to work on /home/airflow/.local/lib/python3.12/site-packages/airflow/example_dags/example_latest_only_with_trigger.py
[2024-10-08T23:42:53.714+0000] {processor.py:914} INFO - Processing file /home/airflow/.local/lib/python3.12/site-packages/airflow/example_dags/example_latest_only_with_trigger.py for tasks to queue
[2024-10-08T23:42:53.716+0000] {logging_mixin.py:190} INFO - [2024-10-08T23:42:53.715+0000] {dagbag.py:588} INFO - Filling up the DagBag from /home/airflow/.local/lib/python3.12/site-packages/airflow/example_dags/example_latest_only_with_trigger.py
[2024-10-08T23:42:53.720+0000] {processor.py:925} INFO - DAG(s) 'latest_only_with_trigger' retrieved from /home/airflow/.local/lib/python3.12/site-packages/airflow/example_dags/example_latest_only_with_trigger.py
[2024-10-08T23:42:53.733+0000] {logging_mixin.py:190} INFO - [2024-10-08T23:42:53.733+0000] {dag.py:3239} INFO - Sync 1 DAGs
[2024-10-08T23:42:53.747+0000] {logging_mixin.py:190} INFO - [2024-10-08T23:42:53.747+0000] {dag.py:4180} INFO - Setting next_dagrun for latest_only_with_trigger to 2024-10-08 16:00:00+00:00, run_after=2024-10-08 20:00:00+00:00
[2024-10-08T23:42:53.758+0000] {processor.py:208} INFO - Processing /home/airflow/.local/lib/python3.12/site-packages/airflow/example_dags/example_latest_only_with_trigger.py took 0.049 seconds
[2024-10-08T23:43:23.877+0000] {processor.py:186} INFO - Started process (PID=226) to work on /home/airflow/.local/lib/python3.12/site-packages/airflow/example_dags/example_latest_only_with_trigger.py
[2024-10-08T23:43:23.878+0000] {processor.py:914} INFO - Processing file /home/airflow/.local/lib/python3.12/site-packages/airflow/example_dags/example_latest_only_with_trigger.py for tasks to queue
[2024-10-08T23:43:23.880+0000] {logging_mixin.py:190} INFO - [2024-10-08T23:43:23.880+0000] {dagbag.py:588} INFO - Filling up the DagBag from /home/airflow/.local/lib/python3.12/site-packages/airflow/example_dags/example_latest_only_with_trigger.py
[2024-10-08T23:43:23.885+0000] {processor.py:925} INFO - DAG(s) 'latest_only_with_trigger' retrieved from /home/airflow/.local/lib/python3.12/site-packages/airflow/example_dags/example_latest_only_with_trigger.py
[2024-10-08T23:43:23.896+0000] {logging_mixin.py:190} INFO - [2024-10-08T23:43:23.896+0000] {dag.py:3239} INFO - Sync 1 DAGs
[2024-10-08T23:43:23.908+0000] {logging_mixin.py:190} INFO - [2024-10-08T23:43:23.908+0000] {dag.py:4180} INFO - Setting next_dagrun for latest_only_with_trigger to 2024-10-08 16:00:00+00:00, run_after=2024-10-08 20:00:00+00:00
[2024-10-08T23:43:23.918+0000] {processor.py:208} INFO - Processing /home/airflow/.local/lib/python3.12/site-packages/airflow/example_dags/example_latest_only_with_trigger.py took 0.045 seconds
[2024-10-08T23:44:32.704+0000] {processor.py:186} INFO - Started process (PID=170) to work on /home/airflow/.local/lib/python3.12/site-packages/airflow/example_dags/example_latest_only_with_trigger.py
[2024-10-08T23:44:32.704+0000] {processor.py:914} INFO - Processing file /home/airflow/.local/lib/python3.12/site-packages/airflow/example_dags/example_latest_only_with_trigger.py for tasks to queue
[2024-10-08T23:44:32.706+0000] {logging_mixin.py:190} INFO - [2024-10-08T23:44:32.706+0000] {dagbag.py:588} INFO - Filling up the DagBag from /home/airflow/.local/lib/python3.12/site-packages/airflow/example_dags/example_latest_only_with_trigger.py
[2024-10-08T23:44:32.711+0000] {processor.py:925} INFO - DAG(s) 'latest_only_with_trigger' retrieved from /home/airflow/.local/lib/python3.12/site-packages/airflow/example_dags/example_latest_only_with_trigger.py
[2024-10-08T23:44:32.725+0000] {logging_mixin.py:190} INFO - [2024-10-08T23:44:32.725+0000] {dag.py:3239} INFO - Sync 1 DAGs
[2024-10-08T23:44:32.740+0000] {logging_mixin.py:190} INFO - [2024-10-08T23:44:32.740+0000] {dag.py:4180} INFO - Setting next_dagrun for latest_only_with_trigger to 2024-10-08 16:00:00+00:00, run_after=2024-10-08 20:00:00+00:00
[2024-10-08T23:44:32.753+0000] {processor.py:208} INFO - Processing /home/airflow/.local/lib/python3.12/site-packages/airflow/example_dags/example_latest_only_with_trigger.py took 0.053 seconds
[2024-10-08T23:45:03.111+0000] {processor.py:186} INFO - Started process (PID=233) to work on /home/airflow/.local/lib/python3.12/site-packages/airflow/example_dags/example_latest_only_with_trigger.py
[2024-10-08T23:45:03.111+0000] {processor.py:914} INFO - Processing file /home/airflow/.local/lib/python3.12/site-packages/airflow/example_dags/example_latest_only_with_trigger.py for tasks to queue
[2024-10-08T23:45:03.113+0000] {logging_mixin.py:190} INFO - [2024-10-08T23:45:03.113+0000] {dagbag.py:588} INFO - Filling up the DagBag from /home/airflow/.local/lib/python3.12/site-packages/airflow/example_dags/example_latest_only_with_trigger.py
[2024-10-08T23:45:03.117+0000] {processor.py:925} INFO - DAG(s) 'latest_only_with_trigger' retrieved from /home/airflow/.local/lib/python3.12/site-packages/airflow/example_dags/example_latest_only_with_trigger.py
[2024-10-08T23:45:03.128+0000] {logging_mixin.py:190} INFO - [2024-10-08T23:45:03.128+0000] {dag.py:3239} INFO - Sync 1 DAGs
[2024-10-08T23:45:03.143+0000] {logging_mixin.py:190} INFO - [2024-10-08T23:45:03.142+0000] {dag.py:4180} INFO - Setting next_dagrun for latest_only_with_trigger to 2024-10-08 16:00:00+00:00, run_after=2024-10-08 20:00:00+00:00
[2024-10-08T23:45:03.152+0000] {processor.py:208} INFO - Processing /home/airflow/.local/lib/python3.12/site-packages/airflow/example_dags/example_latest_only_with_trigger.py took 0.045 seconds
[2024-10-08T23:45:33.371+0000] {processor.py:186} INFO - Started process (PID=296) to work on /home/airflow/.local/lib/python3.12/site-packages/airflow/example_dags/example_latest_only_with_trigger.py
[2024-10-08T23:45:33.371+0000] {processor.py:914} INFO - Processing file /home/airflow/.local/lib/python3.12/site-packages/airflow/example_dags/example_latest_only_with_trigger.py for tasks to queue
[2024-10-08T23:45:33.372+0000] {logging_mixin.py:190} INFO - [2024-10-08T23:45:33.372+0000] {dagbag.py:588} INFO - Filling up the DagBag from /home/airflow/.local/lib/python3.12/site-packages/airflow/example_dags/example_latest_only_with_trigger.py
[2024-10-08T23:45:33.376+0000] {processor.py:925} INFO - DAG(s) 'latest_only_with_trigger' retrieved from /home/airflow/.local/lib/python3.12/site-packages/airflow/example_dags/example_latest_only_with_trigger.py
[2024-10-08T23:45:33.389+0000] {logging_mixin.py:190} INFO - [2024-10-08T23:45:33.389+0000] {dag.py:3239} INFO - Sync 1 DAGs
[2024-10-08T23:45:33.401+0000] {logging_mixin.py:190} INFO - [2024-10-08T23:45:33.401+0000] {dag.py:4180} INFO - Setting next_dagrun for latest_only_with_trigger to 2024-10-08 16:00:00+00:00, run_after=2024-10-08 20:00:00+00:00
[2024-10-08T23:45:33.411+0000] {processor.py:208} INFO - Processing /home/airflow/.local/lib/python3.12/site-packages/airflow/example_dags/example_latest_only_with_trigger.py took 0.044 seconds
[2024-10-08T23:46:03.573+0000] {processor.py:186} INFO - Started process (PID=359) to work on /home/airflow/.local/lib/python3.12/site-packages/airflow/example_dags/example_latest_only_with_trigger.py
[2024-10-08T23:46:03.574+0000] {processor.py:914} INFO - Processing file /home/airflow/.local/lib/python3.12/site-packages/airflow/example_dags/example_latest_only_with_trigger.py for tasks to queue
[2024-10-08T23:46:03.575+0000] {logging_mixin.py:190} INFO - [2024-10-08T23:46:03.575+0000] {dagbag.py:588} INFO - Filling up the DagBag from /home/airflow/.local/lib/python3.12/site-packages/airflow/example_dags/example_latest_only_with_trigger.py
[2024-10-08T23:46:03.580+0000] {processor.py:925} INFO - DAG(s) 'latest_only_with_trigger' retrieved from /home/airflow/.local/lib/python3.12/site-packages/airflow/example_dags/example_latest_only_with_trigger.py
[2024-10-08T23:46:03.591+0000] {logging_mixin.py:190} INFO - [2024-10-08T23:46:03.591+0000] {dag.py:3239} INFO - Sync 1 DAGs
[2024-10-08T23:46:03.604+0000] {logging_mixin.py:190} INFO - [2024-10-08T23:46:03.604+0000] {dag.py:4180} INFO - Setting next_dagrun for latest_only_with_trigger to 2024-10-08 16:00:00+00:00, run_after=2024-10-08 20:00:00+00:00
[2024-10-08T23:46:03.614+0000] {processor.py:208} INFO - Processing /home/airflow/.local/lib/python3.12/site-packages/airflow/example_dags/example_latest_only_with_trigger.py took 0.045 seconds
[2024-10-08T23:46:34.696+0000] {processor.py:186} INFO - Started process (PID=422) to work on /home/airflow/.local/lib/python3.12/site-packages/airflow/example_dags/example_latest_only_with_trigger.py
[2024-10-08T23:46:34.697+0000] {processor.py:914} INFO - Processing file /home/airflow/.local/lib/python3.12/site-packages/airflow/example_dags/example_latest_only_with_trigger.py for tasks to queue
[2024-10-08T23:46:34.699+0000] {logging_mixin.py:190} INFO - [2024-10-08T23:46:34.698+0000] {dagbag.py:588} INFO - Filling up the DagBag from /home/airflow/.local/lib/python3.12/site-packages/airflow/example_dags/example_latest_only_with_trigger.py
[2024-10-08T23:46:34.704+0000] {processor.py:925} INFO - DAG(s) 'latest_only_with_trigger' retrieved from /home/airflow/.local/lib/python3.12/site-packages/airflow/example_dags/example_latest_only_with_trigger.py
[2024-10-08T23:46:34.717+0000] {logging_mixin.py:190} INFO - [2024-10-08T23:46:34.717+0000] {dag.py:3239} INFO - Sync 1 DAGs
[2024-10-08T23:46:34.733+0000] {logging_mixin.py:190} INFO - [2024-10-08T23:46:34.733+0000] {dag.py:4180} INFO - Setting next_dagrun for latest_only_with_trigger to 2024-10-08 16:00:00+00:00, run_after=2024-10-08 20:00:00+00:00
[2024-10-08T23:46:34.747+0000] {processor.py:208} INFO - Processing /home/airflow/.local/lib/python3.12/site-packages/airflow/example_dags/example_latest_only_with_trigger.py took 0.055 seconds
[2024-10-08T23:47:04.953+0000] {processor.py:186} INFO - Started process (PID=485) to work on /home/airflow/.local/lib/python3.12/site-packages/airflow/example_dags/example_latest_only_with_trigger.py
[2024-10-08T23:47:04.954+0000] {processor.py:914} INFO - Processing file /home/airflow/.local/lib/python3.12/site-packages/airflow/example_dags/example_latest_only_with_trigger.py for tasks to queue
[2024-10-08T23:47:04.955+0000] {logging_mixin.py:190} INFO - [2024-10-08T23:47:04.955+0000] {dagbag.py:588} INFO - Filling up the DagBag from /home/airflow/.local/lib/python3.12/site-packages/airflow/example_dags/example_latest_only_with_trigger.py
[2024-10-08T23:47:04.960+0000] {processor.py:925} INFO - DAG(s) 'latest_only_with_trigger' retrieved from /home/airflow/.local/lib/python3.12/site-packages/airflow/example_dags/example_latest_only_with_trigger.py
[2024-10-08T23:47:04.970+0000] {logging_mixin.py:190} INFO - [2024-10-08T23:47:04.970+0000] {dag.py:3239} INFO - Sync 1 DAGs
[2024-10-08T23:47:04.983+0000] {logging_mixin.py:190} INFO - [2024-10-08T23:47:04.982+0000] {dag.py:4180} INFO - Setting next_dagrun for latest_only_with_trigger to 2024-10-08 16:00:00+00:00, run_after=2024-10-08 20:00:00+00:00
[2024-10-08T23:47:04.992+0000] {processor.py:208} INFO - Processing /home/airflow/.local/lib/python3.12/site-packages/airflow/example_dags/example_latest_only_with_trigger.py took 0.042 seconds
[2024-10-08T23:47:35.149+0000] {processor.py:186} INFO - Started process (PID=548) to work on /home/airflow/.local/lib/python3.12/site-packages/airflow/example_dags/example_latest_only_with_trigger.py
[2024-10-08T23:47:35.150+0000] {processor.py:914} INFO - Processing file /home/airflow/.local/lib/python3.12/site-packages/airflow/example_dags/example_latest_only_with_trigger.py for tasks to queue
[2024-10-08T23:47:35.151+0000] {logging_mixin.py:190} INFO - [2024-10-08T23:47:35.151+0000] {dagbag.py:588} INFO - Filling up the DagBag from /home/airflow/.local/lib/python3.12/site-packages/airflow/example_dags/example_latest_only_with_trigger.py
[2024-10-08T23:47:35.155+0000] {processor.py:925} INFO - DAG(s) 'latest_only_with_trigger' retrieved from /home/airflow/.local/lib/python3.12/site-packages/airflow/example_dags/example_latest_only_with_trigger.py
[2024-10-08T23:47:35.166+0000] {logging_mixin.py:190} INFO - [2024-10-08T23:47:35.165+0000] {dag.py:3239} INFO - Sync 1 DAGs
[2024-10-08T23:47:35.178+0000] {logging_mixin.py:190} INFO - [2024-10-08T23:47:35.178+0000] {dag.py:4180} INFO - Setting next_dagrun for latest_only_with_trigger to 2024-10-08 16:00:00+00:00, run_after=2024-10-08 20:00:00+00:00
[2024-10-08T23:47:35.188+0000] {processor.py:208} INFO - Processing /home/airflow/.local/lib/python3.12/site-packages/airflow/example_dags/example_latest_only_with_trigger.py took 0.042 seconds
[2024-10-08T23:48:05.338+0000] {processor.py:186} INFO - Started process (PID=611) to work on /home/airflow/.local/lib/python3.12/site-packages/airflow/example_dags/example_latest_only_with_trigger.py
[2024-10-08T23:48:05.339+0000] {processor.py:914} INFO - Processing file /home/airflow/.local/lib/python3.12/site-packages/airflow/example_dags/example_latest_only_with_trigger.py for tasks to queue
[2024-10-08T23:48:05.340+0000] {logging_mixin.py:190} INFO - [2024-10-08T23:48:05.340+0000] {dagbag.py:588} INFO - Filling up the DagBag from /home/airflow/.local/lib/python3.12/site-packages/airflow/example_dags/example_latest_only_with_trigger.py
[2024-10-08T23:48:05.344+0000] {processor.py:925} INFO - DAG(s) 'latest_only_with_trigger' retrieved from /home/airflow/.local/lib/python3.12/site-packages/airflow/example_dags/example_latest_only_with_trigger.py
[2024-10-08T23:48:05.356+0000] {logging_mixin.py:190} INFO - [2024-10-08T23:48:05.356+0000] {dag.py:3239} INFO - Sync 1 DAGs
[2024-10-08T23:48:05.368+0000] {logging_mixin.py:190} INFO - [2024-10-08T23:48:05.368+0000] {dag.py:4180} INFO - Setting next_dagrun for latest_only_with_trigger to 2024-10-08 16:00:00+00:00, run_after=2024-10-08 20:00:00+00:00
[2024-10-08T23:48:05.378+0000] {processor.py:208} INFO - Processing /home/airflow/.local/lib/python3.12/site-packages/airflow/example_dags/example_latest_only_with_trigger.py took 0.043 seconds
[2024-10-08T23:48:35.553+0000] {processor.py:186} INFO - Started process (PID=674) to work on /home/airflow/.local/lib/python3.12/site-packages/airflow/example_dags/example_latest_only_with_trigger.py
[2024-10-08T23:48:35.554+0000] {processor.py:914} INFO - Processing file /home/airflow/.local/lib/python3.12/site-packages/airflow/example_dags/example_latest_only_with_trigger.py for tasks to queue
[2024-10-08T23:48:35.555+0000] {logging_mixin.py:190} INFO - [2024-10-08T23:48:35.555+0000] {dagbag.py:588} INFO - Filling up the DagBag from /home/airflow/.local/lib/python3.12/site-packages/airflow/example_dags/example_latest_only_with_trigger.py
[2024-10-08T23:48:35.559+0000] {processor.py:925} INFO - DAG(s) 'latest_only_with_trigger' retrieved from /home/airflow/.local/lib/python3.12/site-packages/airflow/example_dags/example_latest_only_with_trigger.py
[2024-10-08T23:48:35.571+0000] {logging_mixin.py:190} INFO - [2024-10-08T23:48:35.571+0000] {dag.py:3239} INFO - Sync 1 DAGs
[2024-10-08T23:48:35.584+0000] {logging_mixin.py:190} INFO - [2024-10-08T23:48:35.584+0000] {dag.py:4180} INFO - Setting next_dagrun for latest_only_with_trigger to 2024-10-08 16:00:00+00:00, run_after=2024-10-08 20:00:00+00:00
[2024-10-08T23:48:35.594+0000] {processor.py:208} INFO - Processing /home/airflow/.local/lib/python3.12/site-packages/airflow/example_dags/example_latest_only_with_trigger.py took 0.044 seconds
[2024-10-08T23:49:06.676+0000] {processor.py:186} INFO - Started process (PID=737) to work on /home/airflow/.local/lib/python3.12/site-packages/airflow/example_dags/example_latest_only_with_trigger.py
[2024-10-08T23:49:06.677+0000] {processor.py:914} INFO - Processing file /home/airflow/.local/lib/python3.12/site-packages/airflow/example_dags/example_latest_only_with_trigger.py for tasks to queue
[2024-10-08T23:49:06.678+0000] {logging_mixin.py:190} INFO - [2024-10-08T23:49:06.678+0000] {dagbag.py:588} INFO - Filling up the DagBag from /home/airflow/.local/lib/python3.12/site-packages/airflow/example_dags/example_latest_only_with_trigger.py
[2024-10-08T23:49:06.683+0000] {processor.py:925} INFO - DAG(s) 'latest_only_with_trigger' retrieved from /home/airflow/.local/lib/python3.12/site-packages/airflow/example_dags/example_latest_only_with_trigger.py
[2024-10-08T23:49:06.695+0000] {logging_mixin.py:190} INFO - [2024-10-08T23:49:06.695+0000] {dag.py:3239} INFO - Sync 1 DAGs
[2024-10-08T23:49:06.710+0000] {logging_mixin.py:190} INFO - [2024-10-08T23:49:06.710+0000] {dag.py:4180} INFO - Setting next_dagrun for latest_only_with_trigger to 2024-10-08 16:00:00+00:00, run_after=2024-10-08 20:00:00+00:00
[2024-10-08T23:49:06.722+0000] {processor.py:208} INFO - Processing /home/airflow/.local/lib/python3.12/site-packages/airflow/example_dags/example_latest_only_with_trigger.py took 0.049 seconds
[2024-10-08T23:49:37.909+0000] {processor.py:186} INFO - Started process (PID=800) to work on /home/airflow/.local/lib/python3.12/site-packages/airflow/example_dags/example_latest_only_with_trigger.py
[2024-10-08T23:49:37.909+0000] {processor.py:914} INFO - Processing file /home/airflow/.local/lib/python3.12/site-packages/airflow/example_dags/example_latest_only_with_trigger.py for tasks to queue
[2024-10-08T23:49:37.911+0000] {logging_mixin.py:190} INFO - [2024-10-08T23:49:37.910+0000] {dagbag.py:588} INFO - Filling up the DagBag from /home/airflow/.local/lib/python3.12/site-packages/airflow/example_dags/example_latest_only_with_trigger.py
[2024-10-08T23:49:37.915+0000] {processor.py:925} INFO - DAG(s) 'latest_only_with_trigger' retrieved from /home/airflow/.local/lib/python3.12/site-packages/airflow/example_dags/example_latest_only_with_trigger.py
[2024-10-08T23:49:37.926+0000] {logging_mixin.py:190} INFO - [2024-10-08T23:49:37.926+0000] {dag.py:3239} INFO - Sync 1 DAGs
[2024-10-08T23:49:37.938+0000] {logging_mixin.py:190} INFO - [2024-10-08T23:49:37.938+0000] {dag.py:4180} INFO - Setting next_dagrun for latest_only_with_trigger to 2024-10-08 16:00:00+00:00, run_after=2024-10-08 20:00:00+00:00
[2024-10-08T23:49:37.949+0000] {processor.py:208} INFO - Processing /home/airflow/.local/lib/python3.12/site-packages/airflow/example_dags/example_latest_only_with_trigger.py took 0.044 seconds
[2024-10-08T23:50:08.229+0000] {processor.py:186} INFO - Started process (PID=863) to work on /home/airflow/.local/lib/python3.12/site-packages/airflow/example_dags/example_latest_only_with_trigger.py
[2024-10-08T23:50:08.230+0000] {processor.py:914} INFO - Processing file /home/airflow/.local/lib/python3.12/site-packages/airflow/example_dags/example_latest_only_with_trigger.py for tasks to queue
[2024-10-08T23:50:08.231+0000] {logging_mixin.py:190} INFO - [2024-10-08T23:50:08.231+0000] {dagbag.py:588} INFO - Filling up the DagBag from /home/airflow/.local/lib/python3.12/site-packages/airflow/example_dags/example_latest_only_with_trigger.py
[2024-10-08T23:50:08.236+0000] {processor.py:925} INFO - DAG(s) 'latest_only_with_trigger' retrieved from /home/airflow/.local/lib/python3.12/site-packages/airflow/example_dags/example_latest_only_with_trigger.py
[2024-10-08T23:50:08.248+0000] {logging_mixin.py:190} INFO - [2024-10-08T23:50:08.248+0000] {dag.py:3239} INFO - Sync 1 DAGs
[2024-10-08T23:50:08.261+0000] {logging_mixin.py:190} INFO - [2024-10-08T23:50:08.261+0000] {dag.py:4180} INFO - Setting next_dagrun for latest_only_with_trigger to 2024-10-08 16:00:00+00:00, run_after=2024-10-08 20:00:00+00:00
[2024-10-08T23:50:08.271+0000] {processor.py:208} INFO - Processing /home/airflow/.local/lib/python3.12/site-packages/airflow/example_dags/example_latest_only_with_trigger.py took 0.046 seconds
