[2024-10-08T23:14:23.973+0000] {processor.py:186} INFO - Started process (PID=15706) to work on /home/airflow/.local/lib/python3.12/site-packages/airflow/example_dags/example_dataset_alias.py
[2024-10-08T23:14:23.974+0000] {processor.py:914} INFO - Processing file /home/airflow/.local/lib/python3.12/site-packages/airflow/example_dags/example_dataset_alias.py for tasks to queue
[2024-10-08T23:14:23.975+0000] {logging_mixin.py:190} INFO - [2024-10-08T23:14:23.975+0000] {dagbag.py:588} INFO - Filling up the DagBag from /home/airflow/.local/lib/python3.12/site-packages/airflow/example_dags/example_dataset_alias.py
[2024-10-08T23:14:24.177+0000] {processor.py:925} INFO - DAG(s) 'dataset_alias_example_alias_consumer', 'dataset_s3_bucket_consumer', 'dataset_s3_bucket_producer', 'dataset_alias_example_alias_producer' retrieved from /home/airflow/.local/lib/python3.12/site-packages/airflow/example_dags/example_dataset_alias.py
[2024-10-08T23:14:24.188+0000] {logging_mixin.py:190} INFO - [2024-10-08T23:14:24.188+0000] {dag.py:3239} INFO - Sync 4 DAGs
[2024-10-08T23:14:24.198+0000] {logging_mixin.py:190} INFO - [2024-10-08T23:14:24.198+0000] {dag.py:4180} INFO - Setting next_dagrun for dataset_alias_example_alias_consumer to None, run_after=None
[2024-10-08T23:14:24.200+0000] {logging_mixin.py:190} INFO - [2024-10-08T23:14:24.199+0000] {dag.py:4180} INFO - Setting next_dagrun for dataset_alias_example_alias_producer to None, run_after=None
[2024-10-08T23:14:24.200+0000] {logging_mixin.py:190} INFO - [2024-10-08T23:14:24.200+0000] {dag.py:4180} INFO - Setting next_dagrun for dataset_s3_bucket_consumer to None, run_after=None
[2024-10-08T23:14:24.201+0000] {logging_mixin.py:190} INFO - [2024-10-08T23:14:24.201+0000] {dag.py:4180} INFO - Setting next_dagrun for dataset_s3_bucket_producer to None, run_after=None
[2024-10-08T23:14:24.211+0000] {processor.py:208} INFO - Processing /home/airflow/.local/lib/python3.12/site-packages/airflow/example_dags/example_dataset_alias.py took 0.241 seconds
[2024-10-08T23:34:22.409+0000] {processor.py:186} INFO - Started process (PID=140) to work on /home/airflow/.local/lib/python3.12/site-packages/airflow/example_dags/example_dataset_alias.py
[2024-10-08T23:34:22.410+0000] {processor.py:914} INFO - Processing file /home/airflow/.local/lib/python3.12/site-packages/airflow/example_dags/example_dataset_alias.py for tasks to queue
[2024-10-08T23:34:22.412+0000] {logging_mixin.py:190} INFO - [2024-10-08T23:34:22.412+0000] {dagbag.py:588} INFO - Filling up the DagBag from /home/airflow/.local/lib/python3.12/site-packages/airflow/example_dags/example_dataset_alias.py
[2024-10-08T23:34:22.525+0000] {processor.py:925} INFO - DAG(s) 'dataset_s3_bucket_producer', 'dataset_alias_example_alias_consumer', 'dataset_alias_example_alias_producer', 'dataset_s3_bucket_consumer' retrieved from /home/airflow/.local/lib/python3.12/site-packages/airflow/example_dags/example_dataset_alias.py
[2024-10-08T23:34:22.543+0000] {logging_mixin.py:190} INFO - [2024-10-08T23:34:22.543+0000] {dag.py:3239} INFO - Sync 4 DAGs
[2024-10-08T23:34:22.561+0000] {logging_mixin.py:190} INFO - [2024-10-08T23:34:22.561+0000] {dag.py:4180} INFO - Setting next_dagrun for dataset_alias_example_alias_consumer to None, run_after=None
[2024-10-08T23:34:22.563+0000] {logging_mixin.py:190} INFO - [2024-10-08T23:34:22.563+0000] {dag.py:4180} INFO - Setting next_dagrun for dataset_alias_example_alias_producer to None, run_after=None
[2024-10-08T23:34:22.564+0000] {logging_mixin.py:190} INFO - [2024-10-08T23:34:22.564+0000] {dag.py:4180} INFO - Setting next_dagrun for dataset_s3_bucket_consumer to None, run_after=None
[2024-10-08T23:34:22.564+0000] {logging_mixin.py:190} INFO - [2024-10-08T23:34:22.564+0000] {dag.py:4180} INFO - Setting next_dagrun for dataset_s3_bucket_producer to None, run_after=None
[2024-10-08T23:34:22.578+0000] {processor.py:208} INFO - Processing /home/airflow/.local/lib/python3.12/site-packages/airflow/example_dags/example_dataset_alias.py took 0.174 seconds
[2024-10-08T23:34:53.188+0000] {processor.py:186} INFO - Started process (PID=209) to work on /home/airflow/.local/lib/python3.12/site-packages/airflow/example_dags/example_dataset_alias.py
[2024-10-08T23:34:53.188+0000] {processor.py:914} INFO - Processing file /home/airflow/.local/lib/python3.12/site-packages/airflow/example_dags/example_dataset_alias.py for tasks to queue
[2024-10-08T23:34:53.190+0000] {logging_mixin.py:190} INFO - [2024-10-08T23:34:53.189+0000] {dagbag.py:588} INFO - Filling up the DagBag from /home/airflow/.local/lib/python3.12/site-packages/airflow/example_dags/example_dataset_alias.py
[2024-10-08T23:34:53.274+0000] {processor.py:925} INFO - DAG(s) 'dataset_alias_example_alias_producer', 'dataset_alias_example_alias_consumer', 'dataset_s3_bucket_producer', 'dataset_s3_bucket_consumer' retrieved from /home/airflow/.local/lib/python3.12/site-packages/airflow/example_dags/example_dataset_alias.py
[2024-10-08T23:34:53.286+0000] {logging_mixin.py:190} INFO - [2024-10-08T23:34:53.285+0000] {dag.py:3239} INFO - Sync 4 DAGs
[2024-10-08T23:34:53.298+0000] {logging_mixin.py:190} INFO - [2024-10-08T23:34:53.298+0000] {dag.py:4180} INFO - Setting next_dagrun for dataset_alias_example_alias_consumer to None, run_after=None
[2024-10-08T23:34:53.300+0000] {logging_mixin.py:190} INFO - [2024-10-08T23:34:53.300+0000] {dag.py:4180} INFO - Setting next_dagrun for dataset_alias_example_alias_producer to None, run_after=None
[2024-10-08T23:34:53.301+0000] {logging_mixin.py:190} INFO - [2024-10-08T23:34:53.300+0000] {dag.py:4180} INFO - Setting next_dagrun for dataset_s3_bucket_consumer to None, run_after=None
[2024-10-08T23:34:53.301+0000] {logging_mixin.py:190} INFO - [2024-10-08T23:34:53.301+0000] {dag.py:4180} INFO - Setting next_dagrun for dataset_s3_bucket_producer to None, run_after=None
[2024-10-08T23:34:53.313+0000] {processor.py:208} INFO - Processing /home/airflow/.local/lib/python3.12/site-packages/airflow/example_dags/example_dataset_alias.py took 0.129 seconds
[2024-10-08T23:35:23.782+0000] {processor.py:186} INFO - Started process (PID=272) to work on /home/airflow/.local/lib/python3.12/site-packages/airflow/example_dags/example_dataset_alias.py
[2024-10-08T23:35:23.782+0000] {processor.py:914} INFO - Processing file /home/airflow/.local/lib/python3.12/site-packages/airflow/example_dags/example_dataset_alias.py for tasks to queue
[2024-10-08T23:35:23.783+0000] {logging_mixin.py:190} INFO - [2024-10-08T23:35:23.783+0000] {dagbag.py:588} INFO - Filling up the DagBag from /home/airflow/.local/lib/python3.12/site-packages/airflow/example_dags/example_dataset_alias.py
[2024-10-08T23:35:23.862+0000] {processor.py:925} INFO - DAG(s) 'dataset_alias_example_alias_consumer', 'dataset_s3_bucket_producer', 'dataset_s3_bucket_consumer', 'dataset_alias_example_alias_producer' retrieved from /home/airflow/.local/lib/python3.12/site-packages/airflow/example_dags/example_dataset_alias.py
[2024-10-08T23:35:23.877+0000] {logging_mixin.py:190} INFO - [2024-10-08T23:35:23.877+0000] {dag.py:3239} INFO - Sync 4 DAGs
[2024-10-08T23:35:23.892+0000] {logging_mixin.py:190} INFO - [2024-10-08T23:35:23.891+0000] {dag.py:4180} INFO - Setting next_dagrun for dataset_alias_example_alias_consumer to None, run_after=None
[2024-10-08T23:35:23.893+0000] {logging_mixin.py:190} INFO - [2024-10-08T23:35:23.893+0000] {dag.py:4180} INFO - Setting next_dagrun for dataset_alias_example_alias_producer to None, run_after=None
[2024-10-08T23:35:23.894+0000] {logging_mixin.py:190} INFO - [2024-10-08T23:35:23.894+0000] {dag.py:4180} INFO - Setting next_dagrun for dataset_s3_bucket_consumer to None, run_after=None
[2024-10-08T23:35:23.894+0000] {logging_mixin.py:190} INFO - [2024-10-08T23:35:23.894+0000] {dag.py:4180} INFO - Setting next_dagrun for dataset_s3_bucket_producer to None, run_after=None
[2024-10-08T23:35:23.905+0000] {processor.py:208} INFO - Processing /home/airflow/.local/lib/python3.12/site-packages/airflow/example_dags/example_dataset_alias.py took 0.127 seconds
[2024-10-08T23:35:54.131+0000] {processor.py:186} INFO - Started process (PID=335) to work on /home/airflow/.local/lib/python3.12/site-packages/airflow/example_dags/example_dataset_alias.py
[2024-10-08T23:35:54.132+0000] {processor.py:914} INFO - Processing file /home/airflow/.local/lib/python3.12/site-packages/airflow/example_dags/example_dataset_alias.py for tasks to queue
[2024-10-08T23:35:54.133+0000] {logging_mixin.py:190} INFO - [2024-10-08T23:35:54.133+0000] {dagbag.py:588} INFO - Filling up the DagBag from /home/airflow/.local/lib/python3.12/site-packages/airflow/example_dags/example_dataset_alias.py
[2024-10-08T23:35:54.211+0000] {processor.py:925} INFO - DAG(s) 'dataset_alias_example_alias_producer', 'dataset_alias_example_alias_consumer', 'dataset_s3_bucket_producer', 'dataset_s3_bucket_consumer' retrieved from /home/airflow/.local/lib/python3.12/site-packages/airflow/example_dags/example_dataset_alias.py
[2024-10-08T23:35:54.222+0000] {logging_mixin.py:190} INFO - [2024-10-08T23:35:54.222+0000] {dag.py:3239} INFO - Sync 4 DAGs
[2024-10-08T23:35:54.234+0000] {logging_mixin.py:190} INFO - [2024-10-08T23:35:54.234+0000] {dag.py:4180} INFO - Setting next_dagrun for dataset_alias_example_alias_consumer to None, run_after=None
[2024-10-08T23:35:54.235+0000] {logging_mixin.py:190} INFO - [2024-10-08T23:35:54.235+0000] {dag.py:4180} INFO - Setting next_dagrun for dataset_alias_example_alias_producer to None, run_after=None
[2024-10-08T23:35:54.236+0000] {logging_mixin.py:190} INFO - [2024-10-08T23:35:54.236+0000] {dag.py:4180} INFO - Setting next_dagrun for dataset_s3_bucket_consumer to None, run_after=None
[2024-10-08T23:35:54.237+0000] {logging_mixin.py:190} INFO - [2024-10-08T23:35:54.236+0000] {dag.py:4180} INFO - Setting next_dagrun for dataset_s3_bucket_producer to None, run_after=None
[2024-10-08T23:35:54.249+0000] {processor.py:208} INFO - Processing /home/airflow/.local/lib/python3.12/site-packages/airflow/example_dags/example_dataset_alias.py took 0.121 seconds
[2024-10-08T23:36:24.305+0000] {processor.py:186} INFO - Started process (PID=398) to work on /home/airflow/.local/lib/python3.12/site-packages/airflow/example_dags/example_dataset_alias.py
[2024-10-08T23:36:24.306+0000] {processor.py:914} INFO - Processing file /home/airflow/.local/lib/python3.12/site-packages/airflow/example_dags/example_dataset_alias.py for tasks to queue
[2024-10-08T23:36:24.307+0000] {logging_mixin.py:190} INFO - [2024-10-08T23:36:24.307+0000] {dagbag.py:588} INFO - Filling up the DagBag from /home/airflow/.local/lib/python3.12/site-packages/airflow/example_dags/example_dataset_alias.py
[2024-10-08T23:36:24.385+0000] {processor.py:925} INFO - DAG(s) 'dataset_alias_example_alias_producer', 'dataset_alias_example_alias_consumer', 'dataset_s3_bucket_producer', 'dataset_s3_bucket_consumer' retrieved from /home/airflow/.local/lib/python3.12/site-packages/airflow/example_dags/example_dataset_alias.py
[2024-10-08T23:36:24.395+0000] {logging_mixin.py:190} INFO - [2024-10-08T23:36:24.395+0000] {dag.py:3239} INFO - Sync 4 DAGs
[2024-10-08T23:36:24.407+0000] {logging_mixin.py:190} INFO - [2024-10-08T23:36:24.407+0000] {dag.py:4180} INFO - Setting next_dagrun for dataset_alias_example_alias_consumer to None, run_after=None
[2024-10-08T23:36:24.408+0000] {logging_mixin.py:190} INFO - [2024-10-08T23:36:24.408+0000] {dag.py:4180} INFO - Setting next_dagrun for dataset_alias_example_alias_producer to None, run_after=None
[2024-10-08T23:36:24.409+0000] {logging_mixin.py:190} INFO - [2024-10-08T23:36:24.409+0000] {dag.py:4180} INFO - Setting next_dagrun for dataset_s3_bucket_consumer to None, run_after=None
[2024-10-08T23:36:24.410+0000] {logging_mixin.py:190} INFO - [2024-10-08T23:36:24.410+0000] {dag.py:4180} INFO - Setting next_dagrun for dataset_s3_bucket_producer to None, run_after=None
[2024-10-08T23:36:24.420+0000] {processor.py:208} INFO - Processing /home/airflow/.local/lib/python3.12/site-packages/airflow/example_dags/example_dataset_alias.py took 0.118 seconds
[2024-10-08T23:36:54.469+0000] {processor.py:186} INFO - Started process (PID=461) to work on /home/airflow/.local/lib/python3.12/site-packages/airflow/example_dags/example_dataset_alias.py
[2024-10-08T23:36:54.469+0000] {processor.py:914} INFO - Processing file /home/airflow/.local/lib/python3.12/site-packages/airflow/example_dags/example_dataset_alias.py for tasks to queue
[2024-10-08T23:36:54.471+0000] {logging_mixin.py:190} INFO - [2024-10-08T23:36:54.470+0000] {dagbag.py:588} INFO - Filling up the DagBag from /home/airflow/.local/lib/python3.12/site-packages/airflow/example_dags/example_dataset_alias.py
[2024-10-08T23:36:54.549+0000] {processor.py:925} INFO - DAG(s) 'dataset_alias_example_alias_consumer', 'dataset_s3_bucket_producer', 'dataset_s3_bucket_consumer', 'dataset_alias_example_alias_producer' retrieved from /home/airflow/.local/lib/python3.12/site-packages/airflow/example_dags/example_dataset_alias.py
[2024-10-08T23:36:54.560+0000] {logging_mixin.py:190} INFO - [2024-10-08T23:36:54.560+0000] {dag.py:3239} INFO - Sync 4 DAGs
[2024-10-08T23:36:54.572+0000] {logging_mixin.py:190} INFO - [2024-10-08T23:36:54.571+0000] {dag.py:4180} INFO - Setting next_dagrun for dataset_alias_example_alias_consumer to None, run_after=None
[2024-10-08T23:36:54.573+0000] {logging_mixin.py:190} INFO - [2024-10-08T23:36:54.573+0000] {dag.py:4180} INFO - Setting next_dagrun for dataset_alias_example_alias_producer to None, run_after=None
[2024-10-08T23:36:54.574+0000] {logging_mixin.py:190} INFO - [2024-10-08T23:36:54.574+0000] {dag.py:4180} INFO - Setting next_dagrun for dataset_s3_bucket_consumer to None, run_after=None
[2024-10-08T23:36:54.574+0000] {logging_mixin.py:190} INFO - [2024-10-08T23:36:54.574+0000] {dag.py:4180} INFO - Setting next_dagrun for dataset_s3_bucket_producer to None, run_after=None
[2024-10-08T23:36:54.585+0000] {processor.py:208} INFO - Processing /home/airflow/.local/lib/python3.12/site-packages/airflow/example_dags/example_dataset_alias.py took 0.120 seconds
[2024-10-08T23:37:24.657+0000] {processor.py:186} INFO - Started process (PID=524) to work on /home/airflow/.local/lib/python3.12/site-packages/airflow/example_dags/example_dataset_alias.py
[2024-10-08T23:37:24.658+0000] {processor.py:914} INFO - Processing file /home/airflow/.local/lib/python3.12/site-packages/airflow/example_dags/example_dataset_alias.py for tasks to queue
[2024-10-08T23:37:24.659+0000] {logging_mixin.py:190} INFO - [2024-10-08T23:37:24.659+0000] {dagbag.py:588} INFO - Filling up the DagBag from /home/airflow/.local/lib/python3.12/site-packages/airflow/example_dags/example_dataset_alias.py
[2024-10-08T23:37:24.737+0000] {processor.py:925} INFO - DAG(s) 'dataset_alias_example_alias_producer', 'dataset_s3_bucket_producer', 'dataset_alias_example_alias_consumer', 'dataset_s3_bucket_consumer' retrieved from /home/airflow/.local/lib/python3.12/site-packages/airflow/example_dags/example_dataset_alias.py
[2024-10-08T23:37:24.747+0000] {logging_mixin.py:190} INFO - [2024-10-08T23:37:24.747+0000] {dag.py:3239} INFO - Sync 4 DAGs
[2024-10-08T23:37:24.759+0000] {logging_mixin.py:190} INFO - [2024-10-08T23:37:24.759+0000] {dag.py:4180} INFO - Setting next_dagrun for dataset_alias_example_alias_consumer to None, run_after=None
[2024-10-08T23:37:24.760+0000] {logging_mixin.py:190} INFO - [2024-10-08T23:37:24.760+0000] {dag.py:4180} INFO - Setting next_dagrun for dataset_alias_example_alias_producer to None, run_after=None
[2024-10-08T23:37:24.761+0000] {logging_mixin.py:190} INFO - [2024-10-08T23:37:24.761+0000] {dag.py:4180} INFO - Setting next_dagrun for dataset_s3_bucket_consumer to None, run_after=None
[2024-10-08T23:37:24.762+0000] {logging_mixin.py:190} INFO - [2024-10-08T23:37:24.761+0000] {dag.py:4180} INFO - Setting next_dagrun for dataset_s3_bucket_producer to None, run_after=None
[2024-10-08T23:37:24.773+0000] {processor.py:208} INFO - Processing /home/airflow/.local/lib/python3.12/site-packages/airflow/example_dags/example_dataset_alias.py took 0.119 seconds
[2024-10-08T23:37:55.125+0000] {processor.py:186} INFO - Started process (PID=587) to work on /home/airflow/.local/lib/python3.12/site-packages/airflow/example_dags/example_dataset_alias.py
[2024-10-08T23:37:55.125+0000] {processor.py:914} INFO - Processing file /home/airflow/.local/lib/python3.12/site-packages/airflow/example_dags/example_dataset_alias.py for tasks to queue
[2024-10-08T23:37:55.127+0000] {logging_mixin.py:190} INFO - [2024-10-08T23:37:55.127+0000] {dagbag.py:588} INFO - Filling up the DagBag from /home/airflow/.local/lib/python3.12/site-packages/airflow/example_dags/example_dataset_alias.py
[2024-10-08T23:37:55.205+0000] {processor.py:925} INFO - DAG(s) 'dataset_alias_example_alias_producer', 'dataset_s3_bucket_consumer', 'dataset_alias_example_alias_consumer', 'dataset_s3_bucket_producer' retrieved from /home/airflow/.local/lib/python3.12/site-packages/airflow/example_dags/example_dataset_alias.py
[2024-10-08T23:37:55.216+0000] {logging_mixin.py:190} INFO - [2024-10-08T23:37:55.215+0000] {dag.py:3239} INFO - Sync 4 DAGs
[2024-10-08T23:37:55.229+0000] {logging_mixin.py:190} INFO - [2024-10-08T23:37:55.228+0000] {dag.py:4180} INFO - Setting next_dagrun for dataset_alias_example_alias_consumer to None, run_after=None
[2024-10-08T23:37:55.230+0000] {logging_mixin.py:190} INFO - [2024-10-08T23:37:55.230+0000] {dag.py:4180} INFO - Setting next_dagrun for dataset_alias_example_alias_producer to None, run_after=None
[2024-10-08T23:37:55.231+0000] {logging_mixin.py:190} INFO - [2024-10-08T23:37:55.231+0000] {dag.py:4180} INFO - Setting next_dagrun for dataset_s3_bucket_consumer to None, run_after=None
[2024-10-08T23:37:55.231+0000] {logging_mixin.py:190} INFO - [2024-10-08T23:37:55.231+0000] {dag.py:4180} INFO - Setting next_dagrun for dataset_s3_bucket_producer to None, run_after=None
[2024-10-08T23:37:55.244+0000] {processor.py:208} INFO - Processing /home/airflow/.local/lib/python3.12/site-packages/airflow/example_dags/example_dataset_alias.py took 0.122 seconds
[2024-10-08T23:38:25.377+0000] {processor.py:186} INFO - Started process (PID=650) to work on /home/airflow/.local/lib/python3.12/site-packages/airflow/example_dags/example_dataset_alias.py
[2024-10-08T23:38:25.378+0000] {processor.py:914} INFO - Processing file /home/airflow/.local/lib/python3.12/site-packages/airflow/example_dags/example_dataset_alias.py for tasks to queue
[2024-10-08T23:38:25.379+0000] {logging_mixin.py:190} INFO - [2024-10-08T23:38:25.379+0000] {dagbag.py:588} INFO - Filling up the DagBag from /home/airflow/.local/lib/python3.12/site-packages/airflow/example_dags/example_dataset_alias.py
[2024-10-08T23:38:25.456+0000] {processor.py:925} INFO - DAG(s) 'dataset_alias_example_alias_producer', 'dataset_alias_example_alias_consumer', 'dataset_s3_bucket_producer', 'dataset_s3_bucket_consumer' retrieved from /home/airflow/.local/lib/python3.12/site-packages/airflow/example_dags/example_dataset_alias.py
[2024-10-08T23:38:25.467+0000] {logging_mixin.py:190} INFO - [2024-10-08T23:38:25.467+0000] {dag.py:3239} INFO - Sync 4 DAGs
[2024-10-08T23:38:25.479+0000] {logging_mixin.py:190} INFO - [2024-10-08T23:38:25.479+0000] {dag.py:4180} INFO - Setting next_dagrun for dataset_alias_example_alias_consumer to None, run_after=None
[2024-10-08T23:38:25.480+0000] {logging_mixin.py:190} INFO - [2024-10-08T23:38:25.480+0000] {dag.py:4180} INFO - Setting next_dagrun for dataset_alias_example_alias_producer to None, run_after=None
[2024-10-08T23:38:25.481+0000] {logging_mixin.py:190} INFO - [2024-10-08T23:38:25.481+0000] {dag.py:4180} INFO - Setting next_dagrun for dataset_s3_bucket_consumer to None, run_after=None
[2024-10-08T23:38:25.481+0000] {logging_mixin.py:190} INFO - [2024-10-08T23:38:25.481+0000] {dag.py:4180} INFO - Setting next_dagrun for dataset_s3_bucket_producer to None, run_after=None
[2024-10-08T23:38:25.493+0000] {processor.py:208} INFO - Processing /home/airflow/.local/lib/python3.12/site-packages/airflow/example_dags/example_dataset_alias.py took 0.119 seconds
[2024-10-08T23:38:55.559+0000] {processor.py:186} INFO - Started process (PID=713) to work on /home/airflow/.local/lib/python3.12/site-packages/airflow/example_dags/example_dataset_alias.py
[2024-10-08T23:38:55.560+0000] {processor.py:914} INFO - Processing file /home/airflow/.local/lib/python3.12/site-packages/airflow/example_dags/example_dataset_alias.py for tasks to queue
[2024-10-08T23:38:55.561+0000] {logging_mixin.py:190} INFO - [2024-10-08T23:38:55.561+0000] {dagbag.py:588} INFO - Filling up the DagBag from /home/airflow/.local/lib/python3.12/site-packages/airflow/example_dags/example_dataset_alias.py
[2024-10-08T23:38:55.642+0000] {processor.py:925} INFO - DAG(s) 'dataset_s3_bucket_consumer', 'dataset_alias_example_alias_producer', 'dataset_s3_bucket_producer', 'dataset_alias_example_alias_consumer' retrieved from /home/airflow/.local/lib/python3.12/site-packages/airflow/example_dags/example_dataset_alias.py
[2024-10-08T23:38:55.653+0000] {logging_mixin.py:190} INFO - [2024-10-08T23:38:55.653+0000] {dag.py:3239} INFO - Sync 4 DAGs
[2024-10-08T23:38:55.666+0000] {logging_mixin.py:190} INFO - [2024-10-08T23:38:55.666+0000] {dag.py:4180} INFO - Setting next_dagrun for dataset_alias_example_alias_consumer to None, run_after=None
[2024-10-08T23:38:55.668+0000] {logging_mixin.py:190} INFO - [2024-10-08T23:38:55.668+0000] {dag.py:4180} INFO - Setting next_dagrun for dataset_alias_example_alias_producer to None, run_after=None
[2024-10-08T23:38:55.668+0000] {logging_mixin.py:190} INFO - [2024-10-08T23:38:55.668+0000] {dag.py:4180} INFO - Setting next_dagrun for dataset_s3_bucket_consumer to None, run_after=None
[2024-10-08T23:38:55.669+0000] {logging_mixin.py:190} INFO - [2024-10-08T23:38:55.669+0000] {dag.py:4180} INFO - Setting next_dagrun for dataset_s3_bucket_producer to None, run_after=None
[2024-10-08T23:38:55.681+0000] {processor.py:208} INFO - Processing /home/airflow/.local/lib/python3.12/site-packages/airflow/example_dags/example_dataset_alias.py took 0.124 seconds
[2024-10-08T23:39:38.382+0000] {processor.py:186} INFO - Started process (PID=139) to work on /home/airflow/.local/lib/python3.12/site-packages/airflow/example_dags/example_dataset_alias.py
[2024-10-08T23:39:38.383+0000] {processor.py:914} INFO - Processing file /home/airflow/.local/lib/python3.12/site-packages/airflow/example_dags/example_dataset_alias.py for tasks to queue
[2024-10-08T23:39:38.384+0000] {logging_mixin.py:190} INFO - [2024-10-08T23:39:38.384+0000] {dagbag.py:588} INFO - Filling up the DagBag from /home/airflow/.local/lib/python3.12/site-packages/airflow/example_dags/example_dataset_alias.py
[2024-10-08T23:39:38.471+0000] {processor.py:925} INFO - DAG(s) 'dataset_alias_example_alias_consumer', 'dataset_s3_bucket_consumer', 'dataset_alias_example_alias_producer', 'dataset_s3_bucket_producer' retrieved from /home/airflow/.local/lib/python3.12/site-packages/airflow/example_dags/example_dataset_alias.py
[2024-10-08T23:39:38.485+0000] {logging_mixin.py:190} INFO - [2024-10-08T23:39:38.485+0000] {dag.py:3239} INFO - Sync 4 DAGs
[2024-10-08T23:39:38.498+0000] {logging_mixin.py:190} INFO - [2024-10-08T23:39:38.498+0000] {dag.py:4180} INFO - Setting next_dagrun for dataset_alias_example_alias_consumer to None, run_after=None
[2024-10-08T23:39:38.500+0000] {logging_mixin.py:190} INFO - [2024-10-08T23:39:38.500+0000] {dag.py:4180} INFO - Setting next_dagrun for dataset_alias_example_alias_producer to None, run_after=None
[2024-10-08T23:39:38.500+0000] {logging_mixin.py:190} INFO - [2024-10-08T23:39:38.500+0000] {dag.py:4180} INFO - Setting next_dagrun for dataset_s3_bucket_consumer to None, run_after=None
[2024-10-08T23:39:38.501+0000] {logging_mixin.py:190} INFO - [2024-10-08T23:39:38.501+0000] {dag.py:4180} INFO - Setting next_dagrun for dataset_s3_bucket_producer to None, run_after=None
[2024-10-08T23:39:38.513+0000] {processor.py:208} INFO - Processing /home/airflow/.local/lib/python3.12/site-packages/airflow/example_dags/example_dataset_alias.py took 0.134 seconds
[2024-10-08T23:40:08.655+0000] {processor.py:186} INFO - Started process (PID=202) to work on /home/airflow/.local/lib/python3.12/site-packages/airflow/example_dags/example_dataset_alias.py
[2024-10-08T23:40:08.656+0000] {processor.py:914} INFO - Processing file /home/airflow/.local/lib/python3.12/site-packages/airflow/example_dags/example_dataset_alias.py for tasks to queue
[2024-10-08T23:40:08.657+0000] {logging_mixin.py:190} INFO - [2024-10-08T23:40:08.657+0000] {dagbag.py:588} INFO - Filling up the DagBag from /home/airflow/.local/lib/python3.12/site-packages/airflow/example_dags/example_dataset_alias.py
[2024-10-08T23:40:08.737+0000] {processor.py:925} INFO - DAG(s) 'dataset_alias_example_alias_producer', 'dataset_s3_bucket_consumer', 'dataset_s3_bucket_producer', 'dataset_alias_example_alias_consumer' retrieved from /home/airflow/.local/lib/python3.12/site-packages/airflow/example_dags/example_dataset_alias.py
[2024-10-08T23:40:08.749+0000] {logging_mixin.py:190} INFO - [2024-10-08T23:40:08.749+0000] {dag.py:3239} INFO - Sync 4 DAGs
[2024-10-08T23:40:08.761+0000] {logging_mixin.py:190} INFO - [2024-10-08T23:40:08.761+0000] {dag.py:4180} INFO - Setting next_dagrun for dataset_alias_example_alias_consumer to None, run_after=None
[2024-10-08T23:40:08.764+0000] {logging_mixin.py:190} INFO - [2024-10-08T23:40:08.763+0000] {dag.py:4180} INFO - Setting next_dagrun for dataset_alias_example_alias_producer to None, run_after=None
[2024-10-08T23:40:08.764+0000] {logging_mixin.py:190} INFO - [2024-10-08T23:40:08.764+0000] {dag.py:4180} INFO - Setting next_dagrun for dataset_s3_bucket_consumer to None, run_after=None
[2024-10-08T23:40:08.765+0000] {logging_mixin.py:190} INFO - [2024-10-08T23:40:08.765+0000] {dag.py:4180} INFO - Setting next_dagrun for dataset_s3_bucket_producer to None, run_after=None
[2024-10-08T23:40:08.776+0000] {processor.py:208} INFO - Processing /home/airflow/.local/lib/python3.12/site-packages/airflow/example_dags/example_dataset_alias.py took 0.123 seconds
[2024-10-08T23:40:39.683+0000] {processor.py:186} INFO - Started process (PID=265) to work on /home/airflow/.local/lib/python3.12/site-packages/airflow/example_dags/example_dataset_alias.py
[2024-10-08T23:40:39.683+0000] {processor.py:914} INFO - Processing file /home/airflow/.local/lib/python3.12/site-packages/airflow/example_dags/example_dataset_alias.py for tasks to queue
[2024-10-08T23:40:39.685+0000] {logging_mixin.py:190} INFO - [2024-10-08T23:40:39.684+0000] {dagbag.py:588} INFO - Filling up the DagBag from /home/airflow/.local/lib/python3.12/site-packages/airflow/example_dags/example_dataset_alias.py
[2024-10-08T23:40:39.761+0000] {processor.py:925} INFO - DAG(s) 'dataset_s3_bucket_consumer', 'dataset_alias_example_alias_consumer', 'dataset_s3_bucket_producer', 'dataset_alias_example_alias_producer' retrieved from /home/airflow/.local/lib/python3.12/site-packages/airflow/example_dags/example_dataset_alias.py
[2024-10-08T23:40:39.771+0000] {logging_mixin.py:190} INFO - [2024-10-08T23:40:39.771+0000] {dag.py:3239} INFO - Sync 4 DAGs
[2024-10-08T23:40:39.783+0000] {logging_mixin.py:190} INFO - [2024-10-08T23:40:39.783+0000] {dag.py:4180} INFO - Setting next_dagrun for dataset_alias_example_alias_consumer to None, run_after=None
[2024-10-08T23:40:39.784+0000] {logging_mixin.py:190} INFO - [2024-10-08T23:40:39.784+0000] {dag.py:4180} INFO - Setting next_dagrun for dataset_alias_example_alias_producer to None, run_after=None
[2024-10-08T23:40:39.785+0000] {logging_mixin.py:190} INFO - [2024-10-08T23:40:39.785+0000] {dag.py:4180} INFO - Setting next_dagrun for dataset_s3_bucket_consumer to None, run_after=None
[2024-10-08T23:40:39.785+0000] {logging_mixin.py:190} INFO - [2024-10-08T23:40:39.785+0000] {dag.py:4180} INFO - Setting next_dagrun for dataset_s3_bucket_producer to None, run_after=None
[2024-10-08T23:40:39.798+0000] {processor.py:208} INFO - Processing /home/airflow/.local/lib/python3.12/site-packages/airflow/example_dags/example_dataset_alias.py took 0.118 seconds
[2024-10-08T23:41:09.896+0000] {processor.py:186} INFO - Started process (PID=328) to work on /home/airflow/.local/lib/python3.12/site-packages/airflow/example_dags/example_dataset_alias.py
[2024-10-08T23:41:09.896+0000] {processor.py:914} INFO - Processing file /home/airflow/.local/lib/python3.12/site-packages/airflow/example_dags/example_dataset_alias.py for tasks to queue
[2024-10-08T23:41:09.898+0000] {logging_mixin.py:190} INFO - [2024-10-08T23:41:09.897+0000] {dagbag.py:588} INFO - Filling up the DagBag from /home/airflow/.local/lib/python3.12/site-packages/airflow/example_dags/example_dataset_alias.py
[2024-10-08T23:41:09.977+0000] {processor.py:925} INFO - DAG(s) 'dataset_s3_bucket_consumer', 'dataset_s3_bucket_producer', 'dataset_alias_example_alias_consumer', 'dataset_alias_example_alias_producer' retrieved from /home/airflow/.local/lib/python3.12/site-packages/airflow/example_dags/example_dataset_alias.py
[2024-10-08T23:41:09.989+0000] {logging_mixin.py:190} INFO - [2024-10-08T23:41:09.989+0000] {dag.py:3239} INFO - Sync 4 DAGs
[2024-10-08T23:41:10.003+0000] {logging_mixin.py:190} INFO - [2024-10-08T23:41:10.003+0000] {dag.py:4180} INFO - Setting next_dagrun for dataset_alias_example_alias_consumer to None, run_after=None
[2024-10-08T23:41:10.005+0000] {logging_mixin.py:190} INFO - [2024-10-08T23:41:10.005+0000] {dag.py:4180} INFO - Setting next_dagrun for dataset_alias_example_alias_producer to None, run_after=None
[2024-10-08T23:41:10.005+0000] {logging_mixin.py:190} INFO - [2024-10-08T23:41:10.005+0000] {dag.py:4180} INFO - Setting next_dagrun for dataset_s3_bucket_consumer to None, run_after=None
[2024-10-08T23:41:10.006+0000] {logging_mixin.py:190} INFO - [2024-10-08T23:41:10.006+0000] {dag.py:4180} INFO - Setting next_dagrun for dataset_s3_bucket_producer to None, run_after=None
[2024-10-08T23:41:10.018+0000] {processor.py:208} INFO - Processing /home/airflow/.local/lib/python3.12/site-packages/airflow/example_dags/example_dataset_alias.py took 0.125 seconds
[2024-10-08T23:41:40.281+0000] {processor.py:186} INFO - Started process (PID=391) to work on /home/airflow/.local/lib/python3.12/site-packages/airflow/example_dags/example_dataset_alias.py
[2024-10-08T23:41:40.282+0000] {processor.py:914} INFO - Processing file /home/airflow/.local/lib/python3.12/site-packages/airflow/example_dags/example_dataset_alias.py for tasks to queue
[2024-10-08T23:41:40.283+0000] {logging_mixin.py:190} INFO - [2024-10-08T23:41:40.283+0000] {dagbag.py:588} INFO - Filling up the DagBag from /home/airflow/.local/lib/python3.12/site-packages/airflow/example_dags/example_dataset_alias.py
[2024-10-08T23:41:40.363+0000] {processor.py:925} INFO - DAG(s) 'dataset_alias_example_alias_producer', 'dataset_s3_bucket_consumer', 'dataset_s3_bucket_producer', 'dataset_alias_example_alias_consumer' retrieved from /home/airflow/.local/lib/python3.12/site-packages/airflow/example_dags/example_dataset_alias.py
[2024-10-08T23:41:40.373+0000] {logging_mixin.py:190} INFO - [2024-10-08T23:41:40.373+0000] {dag.py:3239} INFO - Sync 4 DAGs
[2024-10-08T23:41:40.386+0000] {logging_mixin.py:190} INFO - [2024-10-08T23:41:40.385+0000] {dag.py:4180} INFO - Setting next_dagrun for dataset_alias_example_alias_consumer to None, run_after=None
[2024-10-08T23:41:40.387+0000] {logging_mixin.py:190} INFO - [2024-10-08T23:41:40.387+0000] {dag.py:4180} INFO - Setting next_dagrun for dataset_alias_example_alias_producer to None, run_after=None
[2024-10-08T23:41:40.388+0000] {logging_mixin.py:190} INFO - [2024-10-08T23:41:40.388+0000] {dag.py:4180} INFO - Setting next_dagrun for dataset_s3_bucket_consumer to None, run_after=None
[2024-10-08T23:41:40.389+0000] {logging_mixin.py:190} INFO - [2024-10-08T23:41:40.389+0000] {dag.py:4180} INFO - Setting next_dagrun for dataset_s3_bucket_producer to None, run_after=None
[2024-10-08T23:41:40.406+0000] {processor.py:208} INFO - Processing /home/airflow/.local/lib/python3.12/site-packages/airflow/example_dags/example_dataset_alias.py took 0.129 seconds
[2024-10-08T23:42:52.521+0000] {processor.py:186} INFO - Started process (PID=139) to work on /home/airflow/.local/lib/python3.12/site-packages/airflow/example_dags/example_dataset_alias.py
[2024-10-08T23:42:52.522+0000] {processor.py:914} INFO - Processing file /home/airflow/.local/lib/python3.12/site-packages/airflow/example_dags/example_dataset_alias.py for tasks to queue
[2024-10-08T23:42:52.523+0000] {logging_mixin.py:190} INFO - [2024-10-08T23:42:52.523+0000] {dagbag.py:588} INFO - Filling up the DagBag from /home/airflow/.local/lib/python3.12/site-packages/airflow/example_dags/example_dataset_alias.py
[2024-10-08T23:42:52.620+0000] {processor.py:925} INFO - DAG(s) 'dataset_s3_bucket_producer', 'dataset_alias_example_alias_consumer', 'dataset_s3_bucket_consumer', 'dataset_alias_example_alias_producer' retrieved from /home/airflow/.local/lib/python3.12/site-packages/airflow/example_dags/example_dataset_alias.py
[2024-10-08T23:42:52.635+0000] {logging_mixin.py:190} INFO - [2024-10-08T23:42:52.635+0000] {dag.py:3239} INFO - Sync 4 DAGs
[2024-10-08T23:42:52.653+0000] {logging_mixin.py:190} INFO - [2024-10-08T23:42:52.653+0000] {dag.py:4180} INFO - Setting next_dagrun for dataset_alias_example_alias_consumer to None, run_after=None
[2024-10-08T23:42:52.655+0000] {logging_mixin.py:190} INFO - [2024-10-08T23:42:52.655+0000] {dag.py:4180} INFO - Setting next_dagrun for dataset_alias_example_alias_producer to None, run_after=None
[2024-10-08T23:42:52.656+0000] {logging_mixin.py:190} INFO - [2024-10-08T23:42:52.656+0000] {dag.py:4180} INFO - Setting next_dagrun for dataset_s3_bucket_consumer to None, run_after=None
[2024-10-08T23:42:52.657+0000] {logging_mixin.py:190} INFO - [2024-10-08T23:42:52.657+0000] {dag.py:4180} INFO - Setting next_dagrun for dataset_s3_bucket_producer to None, run_after=None
[2024-10-08T23:42:52.674+0000] {processor.py:208} INFO - Processing /home/airflow/.local/lib/python3.12/site-packages/airflow/example_dags/example_dataset_alias.py took 0.156 seconds
[2024-10-08T23:43:23.081+0000] {processor.py:186} INFO - Started process (PID=202) to work on /home/airflow/.local/lib/python3.12/site-packages/airflow/example_dags/example_dataset_alias.py
[2024-10-08T23:43:23.081+0000] {processor.py:914} INFO - Processing file /home/airflow/.local/lib/python3.12/site-packages/airflow/example_dags/example_dataset_alias.py for tasks to queue
[2024-10-08T23:43:23.083+0000] {logging_mixin.py:190} INFO - [2024-10-08T23:43:23.082+0000] {dagbag.py:588} INFO - Filling up the DagBag from /home/airflow/.local/lib/python3.12/site-packages/airflow/example_dags/example_dataset_alias.py
[2024-10-08T23:43:23.162+0000] {processor.py:925} INFO - DAG(s) 'dataset_s3_bucket_producer', 'dataset_alias_example_alias_producer', 'dataset_s3_bucket_consumer', 'dataset_alias_example_alias_consumer' retrieved from /home/airflow/.local/lib/python3.12/site-packages/airflow/example_dags/example_dataset_alias.py
[2024-10-08T23:43:23.173+0000] {logging_mixin.py:190} INFO - [2024-10-08T23:43:23.173+0000] {dag.py:3239} INFO - Sync 4 DAGs
[2024-10-08T23:43:23.185+0000] {logging_mixin.py:190} INFO - [2024-10-08T23:43:23.184+0000] {dag.py:4180} INFO - Setting next_dagrun for dataset_alias_example_alias_consumer to None, run_after=None
[2024-10-08T23:43:23.187+0000] {logging_mixin.py:190} INFO - [2024-10-08T23:43:23.187+0000] {dag.py:4180} INFO - Setting next_dagrun for dataset_alias_example_alias_producer to None, run_after=None
[2024-10-08T23:43:23.187+0000] {logging_mixin.py:190} INFO - [2024-10-08T23:43:23.187+0000] {dag.py:4180} INFO - Setting next_dagrun for dataset_s3_bucket_consumer to None, run_after=None
[2024-10-08T23:43:23.188+0000] {logging_mixin.py:190} INFO - [2024-10-08T23:43:23.188+0000] {dag.py:4180} INFO - Setting next_dagrun for dataset_s3_bucket_producer to None, run_after=None
[2024-10-08T23:43:23.200+0000] {processor.py:208} INFO - Processing /home/airflow/.local/lib/python3.12/site-packages/airflow/example_dags/example_dataset_alias.py took 0.123 seconds
[2024-10-08T23:44:31.450+0000] {processor.py:186} INFO - Started process (PID=140) to work on /home/airflow/.local/lib/python3.12/site-packages/airflow/example_dags/example_dataset_alias.py
[2024-10-08T23:44:31.450+0000] {processor.py:914} INFO - Processing file /home/airflow/.local/lib/python3.12/site-packages/airflow/example_dags/example_dataset_alias.py for tasks to queue
[2024-10-08T23:44:31.452+0000] {logging_mixin.py:190} INFO - [2024-10-08T23:44:31.452+0000] {dagbag.py:588} INFO - Filling up the DagBag from /home/airflow/.local/lib/python3.12/site-packages/airflow/example_dags/example_dataset_alias.py
[2024-10-08T23:44:31.555+0000] {processor.py:925} INFO - DAG(s) 'dataset_alias_example_alias_producer', 'dataset_s3_bucket_consumer', 'dataset_alias_example_alias_consumer', 'dataset_s3_bucket_producer' retrieved from /home/airflow/.local/lib/python3.12/site-packages/airflow/example_dags/example_dataset_alias.py
[2024-10-08T23:44:31.571+0000] {logging_mixin.py:190} INFO - [2024-10-08T23:44:31.571+0000] {dag.py:3239} INFO - Sync 4 DAGs
[2024-10-08T23:44:31.586+0000] {logging_mixin.py:190} INFO - [2024-10-08T23:44:31.586+0000] {dag.py:4180} INFO - Setting next_dagrun for dataset_alias_example_alias_consumer to None, run_after=None
[2024-10-08T23:44:31.588+0000] {logging_mixin.py:190} INFO - [2024-10-08T23:44:31.588+0000] {dag.py:4180} INFO - Setting next_dagrun for dataset_alias_example_alias_producer to None, run_after=None
[2024-10-08T23:44:31.588+0000] {logging_mixin.py:190} INFO - [2024-10-08T23:44:31.588+0000] {dag.py:4180} INFO - Setting next_dagrun for dataset_s3_bucket_consumer to None, run_after=None
[2024-10-08T23:44:31.589+0000] {logging_mixin.py:190} INFO - [2024-10-08T23:44:31.589+0000] {dag.py:4180} INFO - Setting next_dagrun for dataset_s3_bucket_producer to None, run_after=None
[2024-10-08T23:44:31.602+0000] {processor.py:208} INFO - Processing /home/airflow/.local/lib/python3.12/site-packages/airflow/example_dags/example_dataset_alias.py took 0.157 seconds
[2024-10-08T23:45:02.258+0000] {processor.py:186} INFO - Started process (PID=203) to work on /home/airflow/.local/lib/python3.12/site-packages/airflow/example_dags/example_dataset_alias.py
[2024-10-08T23:45:02.259+0000] {processor.py:914} INFO - Processing file /home/airflow/.local/lib/python3.12/site-packages/airflow/example_dags/example_dataset_alias.py for tasks to queue
[2024-10-08T23:45:02.260+0000] {logging_mixin.py:190} INFO - [2024-10-08T23:45:02.260+0000] {dagbag.py:588} INFO - Filling up the DagBag from /home/airflow/.local/lib/python3.12/site-packages/airflow/example_dags/example_dataset_alias.py
[2024-10-08T23:45:02.340+0000] {processor.py:925} INFO - DAG(s) 'dataset_s3_bucket_consumer', 'dataset_s3_bucket_producer', 'dataset_alias_example_alias_consumer', 'dataset_alias_example_alias_producer' retrieved from /home/airflow/.local/lib/python3.12/site-packages/airflow/example_dags/example_dataset_alias.py
[2024-10-08T23:45:02.350+0000] {logging_mixin.py:190} INFO - [2024-10-08T23:45:02.350+0000] {dag.py:3239} INFO - Sync 4 DAGs
[2024-10-08T23:45:02.362+0000] {logging_mixin.py:190} INFO - [2024-10-08T23:45:02.362+0000] {dag.py:4180} INFO - Setting next_dagrun for dataset_alias_example_alias_consumer to None, run_after=None
[2024-10-08T23:45:02.363+0000] {logging_mixin.py:190} INFO - [2024-10-08T23:45:02.363+0000] {dag.py:4180} INFO - Setting next_dagrun for dataset_alias_example_alias_producer to None, run_after=None
[2024-10-08T23:45:02.364+0000] {logging_mixin.py:190} INFO - [2024-10-08T23:45:02.364+0000] {dag.py:4180} INFO - Setting next_dagrun for dataset_s3_bucket_consumer to None, run_after=None
[2024-10-08T23:45:02.365+0000] {logging_mixin.py:190} INFO - [2024-10-08T23:45:02.364+0000] {dag.py:4180} INFO - Setting next_dagrun for dataset_s3_bucket_producer to None, run_after=None
[2024-10-08T23:45:02.375+0000] {processor.py:208} INFO - Processing /home/airflow/.local/lib/python3.12/site-packages/airflow/example_dags/example_dataset_alias.py took 0.121 seconds
[2024-10-08T23:45:32.464+0000] {processor.py:186} INFO - Started process (PID=266) to work on /home/airflow/.local/lib/python3.12/site-packages/airflow/example_dags/example_dataset_alias.py
[2024-10-08T23:45:32.465+0000] {processor.py:914} INFO - Processing file /home/airflow/.local/lib/python3.12/site-packages/airflow/example_dags/example_dataset_alias.py for tasks to queue
[2024-10-08T23:45:32.468+0000] {logging_mixin.py:190} INFO - [2024-10-08T23:45:32.467+0000] {dagbag.py:588} INFO - Filling up the DagBag from /home/airflow/.local/lib/python3.12/site-packages/airflow/example_dags/example_dataset_alias.py
[2024-10-08T23:45:32.562+0000] {processor.py:925} INFO - DAG(s) 'dataset_s3_bucket_consumer', 'dataset_alias_example_alias_producer', 'dataset_alias_example_alias_consumer', 'dataset_s3_bucket_producer' retrieved from /home/airflow/.local/lib/python3.12/site-packages/airflow/example_dags/example_dataset_alias.py
[2024-10-08T23:45:32.574+0000] {logging_mixin.py:190} INFO - [2024-10-08T23:45:32.574+0000] {dag.py:3239} INFO - Sync 4 DAGs
[2024-10-08T23:45:32.592+0000] {logging_mixin.py:190} INFO - [2024-10-08T23:45:32.592+0000] {dag.py:4180} INFO - Setting next_dagrun for dataset_alias_example_alias_consumer to None, run_after=None
[2024-10-08T23:45:32.595+0000] {logging_mixin.py:190} INFO - [2024-10-08T23:45:32.595+0000] {dag.py:4180} INFO - Setting next_dagrun for dataset_alias_example_alias_producer to None, run_after=None
[2024-10-08T23:45:32.596+0000] {logging_mixin.py:190} INFO - [2024-10-08T23:45:32.596+0000] {dag.py:4180} INFO - Setting next_dagrun for dataset_s3_bucket_consumer to None, run_after=None
[2024-10-08T23:45:32.597+0000] {logging_mixin.py:190} INFO - [2024-10-08T23:45:32.597+0000] {dag.py:4180} INFO - Setting next_dagrun for dataset_s3_bucket_producer to None, run_after=None
[2024-10-08T23:45:32.612+0000] {processor.py:208} INFO - Processing /home/airflow/.local/lib/python3.12/site-packages/airflow/example_dags/example_dataset_alias.py took 0.154 seconds
[2024-10-08T23:46:02.715+0000] {processor.py:186} INFO - Started process (PID=329) to work on /home/airflow/.local/lib/python3.12/site-packages/airflow/example_dags/example_dataset_alias.py
[2024-10-08T23:46:02.715+0000] {processor.py:914} INFO - Processing file /home/airflow/.local/lib/python3.12/site-packages/airflow/example_dags/example_dataset_alias.py for tasks to queue
[2024-10-08T23:46:02.717+0000] {logging_mixin.py:190} INFO - [2024-10-08T23:46:02.716+0000] {dagbag.py:588} INFO - Filling up the DagBag from /home/airflow/.local/lib/python3.12/site-packages/airflow/example_dags/example_dataset_alias.py
[2024-10-08T23:46:02.799+0000] {processor.py:925} INFO - DAG(s) 'dataset_alias_example_alias_consumer', 'dataset_alias_example_alias_producer', 'dataset_s3_bucket_consumer', 'dataset_s3_bucket_producer' retrieved from /home/airflow/.local/lib/python3.12/site-packages/airflow/example_dags/example_dataset_alias.py
[2024-10-08T23:46:02.810+0000] {logging_mixin.py:190} INFO - [2024-10-08T23:46:02.810+0000] {dag.py:3239} INFO - Sync 4 DAGs
[2024-10-08T23:46:02.822+0000] {logging_mixin.py:190} INFO - [2024-10-08T23:46:02.822+0000] {dag.py:4180} INFO - Setting next_dagrun for dataset_alias_example_alias_consumer to None, run_after=None
[2024-10-08T23:46:02.824+0000] {logging_mixin.py:190} INFO - [2024-10-08T23:46:02.823+0000] {dag.py:4180} INFO - Setting next_dagrun for dataset_alias_example_alias_producer to None, run_after=None
[2024-10-08T23:46:02.824+0000] {logging_mixin.py:190} INFO - [2024-10-08T23:46:02.824+0000] {dag.py:4180} INFO - Setting next_dagrun for dataset_s3_bucket_consumer to None, run_after=None
[2024-10-08T23:46:02.825+0000] {logging_mixin.py:190} INFO - [2024-10-08T23:46:02.824+0000] {dag.py:4180} INFO - Setting next_dagrun for dataset_s3_bucket_producer to None, run_after=None
[2024-10-08T23:46:02.837+0000] {processor.py:208} INFO - Processing /home/airflow/.local/lib/python3.12/site-packages/airflow/example_dags/example_dataset_alias.py took 0.125 seconds
[2024-10-08T23:46:33.810+0000] {processor.py:186} INFO - Started process (PID=398) to work on /home/airflow/.local/lib/python3.12/site-packages/airflow/example_dags/example_dataset_alias.py
[2024-10-08T23:46:33.811+0000] {processor.py:914} INFO - Processing file /home/airflow/.local/lib/python3.12/site-packages/airflow/example_dags/example_dataset_alias.py for tasks to queue
[2024-10-08T23:46:33.813+0000] {logging_mixin.py:190} INFO - [2024-10-08T23:46:33.813+0000] {dagbag.py:588} INFO - Filling up the DagBag from /home/airflow/.local/lib/python3.12/site-packages/airflow/example_dags/example_dataset_alias.py
[2024-10-08T23:46:33.896+0000] {processor.py:925} INFO - DAG(s) 'dataset_s3_bucket_producer', 'dataset_alias_example_alias_consumer', 'dataset_alias_example_alias_producer', 'dataset_s3_bucket_consumer' retrieved from /home/airflow/.local/lib/python3.12/site-packages/airflow/example_dags/example_dataset_alias.py
[2024-10-08T23:46:33.908+0000] {logging_mixin.py:190} INFO - [2024-10-08T23:46:33.907+0000] {dag.py:3239} INFO - Sync 4 DAGs
[2024-10-08T23:46:33.920+0000] {logging_mixin.py:190} INFO - [2024-10-08T23:46:33.920+0000] {dag.py:4180} INFO - Setting next_dagrun for dataset_alias_example_alias_consumer to None, run_after=None
[2024-10-08T23:46:33.921+0000] {logging_mixin.py:190} INFO - [2024-10-08T23:46:33.921+0000] {dag.py:4180} INFO - Setting next_dagrun for dataset_alias_example_alias_producer to None, run_after=None
[2024-10-08T23:46:33.922+0000] {logging_mixin.py:190} INFO - [2024-10-08T23:46:33.922+0000] {dag.py:4180} INFO - Setting next_dagrun for dataset_s3_bucket_consumer to None, run_after=None
[2024-10-08T23:46:33.923+0000] {logging_mixin.py:190} INFO - [2024-10-08T23:46:33.923+0000] {dag.py:4180} INFO - Setting next_dagrun for dataset_s3_bucket_producer to None, run_after=None
[2024-10-08T23:46:33.935+0000] {processor.py:208} INFO - Processing /home/airflow/.local/lib/python3.12/site-packages/airflow/example_dags/example_dataset_alias.py took 0.129 seconds
[2024-10-08T23:47:04.085+0000] {processor.py:186} INFO - Started process (PID=461) to work on /home/airflow/.local/lib/python3.12/site-packages/airflow/example_dags/example_dataset_alias.py
[2024-10-08T23:47:04.085+0000] {processor.py:914} INFO - Processing file /home/airflow/.local/lib/python3.12/site-packages/airflow/example_dags/example_dataset_alias.py for tasks to queue
[2024-10-08T23:47:04.087+0000] {logging_mixin.py:190} INFO - [2024-10-08T23:47:04.086+0000] {dagbag.py:588} INFO - Filling up the DagBag from /home/airflow/.local/lib/python3.12/site-packages/airflow/example_dags/example_dataset_alias.py
[2024-10-08T23:47:04.170+0000] {processor.py:925} INFO - DAG(s) 'dataset_s3_bucket_consumer', 'dataset_alias_example_alias_consumer', 'dataset_s3_bucket_producer', 'dataset_alias_example_alias_producer' retrieved from /home/airflow/.local/lib/python3.12/site-packages/airflow/example_dags/example_dataset_alias.py
[2024-10-08T23:47:04.180+0000] {logging_mixin.py:190} INFO - [2024-10-08T23:47:04.180+0000] {dag.py:3239} INFO - Sync 4 DAGs
[2024-10-08T23:47:04.192+0000] {logging_mixin.py:190} INFO - [2024-10-08T23:47:04.192+0000] {dag.py:4180} INFO - Setting next_dagrun for dataset_alias_example_alias_consumer to None, run_after=None
[2024-10-08T23:47:04.193+0000] {logging_mixin.py:190} INFO - [2024-10-08T23:47:04.193+0000] {dag.py:4180} INFO - Setting next_dagrun for dataset_alias_example_alias_producer to None, run_after=None
[2024-10-08T23:47:04.194+0000] {logging_mixin.py:190} INFO - [2024-10-08T23:47:04.194+0000] {dag.py:4180} INFO - Setting next_dagrun for dataset_s3_bucket_consumer to None, run_after=None
[2024-10-08T23:47:04.194+0000] {logging_mixin.py:190} INFO - [2024-10-08T23:47:04.194+0000] {dag.py:4180} INFO - Setting next_dagrun for dataset_s3_bucket_producer to None, run_after=None
[2024-10-08T23:47:04.206+0000] {processor.py:208} INFO - Processing /home/airflow/.local/lib/python3.12/site-packages/airflow/example_dags/example_dataset_alias.py took 0.125 seconds
[2024-10-08T23:47:34.237+0000] {processor.py:186} INFO - Started process (PID=523) to work on /home/airflow/.local/lib/python3.12/site-packages/airflow/example_dags/example_dataset_alias.py
[2024-10-08T23:47:34.238+0000] {processor.py:914} INFO - Processing file /home/airflow/.local/lib/python3.12/site-packages/airflow/example_dags/example_dataset_alias.py for tasks to queue
[2024-10-08T23:47:34.239+0000] {logging_mixin.py:190} INFO - [2024-10-08T23:47:34.239+0000] {dagbag.py:588} INFO - Filling up the DagBag from /home/airflow/.local/lib/python3.12/site-packages/airflow/example_dags/example_dataset_alias.py
[2024-10-08T23:47:34.320+0000] {processor.py:925} INFO - DAG(s) 'dataset_s3_bucket_producer', 'dataset_alias_example_alias_consumer', 'dataset_alias_example_alias_producer', 'dataset_s3_bucket_consumer' retrieved from /home/airflow/.local/lib/python3.12/site-packages/airflow/example_dags/example_dataset_alias.py
[2024-10-08T23:47:34.330+0000] {logging_mixin.py:190} INFO - [2024-10-08T23:47:34.330+0000] {dag.py:3239} INFO - Sync 4 DAGs
[2024-10-08T23:47:34.341+0000] {logging_mixin.py:190} INFO - [2024-10-08T23:47:34.341+0000] {dag.py:4180} INFO - Setting next_dagrun for dataset_alias_example_alias_consumer to None, run_after=None
[2024-10-08T23:47:34.343+0000] {logging_mixin.py:190} INFO - [2024-10-08T23:47:34.342+0000] {dag.py:4180} INFO - Setting next_dagrun for dataset_alias_example_alias_producer to None, run_after=None
[2024-10-08T23:47:34.343+0000] {logging_mixin.py:190} INFO - [2024-10-08T23:47:34.343+0000] {dag.py:4180} INFO - Setting next_dagrun for dataset_s3_bucket_consumer to None, run_after=None
[2024-10-08T23:47:34.344+0000] {logging_mixin.py:190} INFO - [2024-10-08T23:47:34.344+0000] {dag.py:4180} INFO - Setting next_dagrun for dataset_s3_bucket_producer to None, run_after=None
[2024-10-08T23:47:34.354+0000] {processor.py:208} INFO - Processing /home/airflow/.local/lib/python3.12/site-packages/airflow/example_dags/example_dataset_alias.py took 0.121 seconds
[2024-10-08T23:48:04.399+0000] {processor.py:186} INFO - Started process (PID=586) to work on /home/airflow/.local/lib/python3.12/site-packages/airflow/example_dags/example_dataset_alias.py
[2024-10-08T23:48:04.400+0000] {processor.py:914} INFO - Processing file /home/airflow/.local/lib/python3.12/site-packages/airflow/example_dags/example_dataset_alias.py for tasks to queue
[2024-10-08T23:48:04.402+0000] {logging_mixin.py:190} INFO - [2024-10-08T23:48:04.402+0000] {dagbag.py:588} INFO - Filling up the DagBag from /home/airflow/.local/lib/python3.12/site-packages/airflow/example_dags/example_dataset_alias.py
[2024-10-08T23:48:04.492+0000] {processor.py:925} INFO - DAG(s) 'dataset_alias_example_alias_producer', 'dataset_s3_bucket_producer', 'dataset_s3_bucket_consumer', 'dataset_alias_example_alias_consumer' retrieved from /home/airflow/.local/lib/python3.12/site-packages/airflow/example_dags/example_dataset_alias.py
[2024-10-08T23:48:04.505+0000] {logging_mixin.py:190} INFO - [2024-10-08T23:48:04.504+0000] {dag.py:3239} INFO - Sync 4 DAGs
[2024-10-08T23:48:04.520+0000] {logging_mixin.py:190} INFO - [2024-10-08T23:48:04.519+0000] {dag.py:4180} INFO - Setting next_dagrun for dataset_alias_example_alias_consumer to None, run_after=None
[2024-10-08T23:48:04.523+0000] {logging_mixin.py:190} INFO - [2024-10-08T23:48:04.522+0000] {dag.py:4180} INFO - Setting next_dagrun for dataset_alias_example_alias_producer to None, run_after=None
[2024-10-08T23:48:04.523+0000] {logging_mixin.py:190} INFO - [2024-10-08T23:48:04.523+0000] {dag.py:4180} INFO - Setting next_dagrun for dataset_s3_bucket_consumer to None, run_after=None
[2024-10-08T23:48:04.524+0000] {logging_mixin.py:190} INFO - [2024-10-08T23:48:04.524+0000] {dag.py:4180} INFO - Setting next_dagrun for dataset_s3_bucket_producer to None, run_after=None
[2024-10-08T23:48:04.538+0000] {processor.py:208} INFO - Processing /home/airflow/.local/lib/python3.12/site-packages/airflow/example_dags/example_dataset_alias.py took 0.143 seconds
[2024-10-08T23:48:34.760+0000] {processor.py:186} INFO - Started process (PID=650) to work on /home/airflow/.local/lib/python3.12/site-packages/airflow/example_dags/example_dataset_alias.py
[2024-10-08T23:48:34.760+0000] {processor.py:914} INFO - Processing file /home/airflow/.local/lib/python3.12/site-packages/airflow/example_dags/example_dataset_alias.py for tasks to queue
[2024-10-08T23:48:34.762+0000] {logging_mixin.py:190} INFO - [2024-10-08T23:48:34.762+0000] {dagbag.py:588} INFO - Filling up the DagBag from /home/airflow/.local/lib/python3.12/site-packages/airflow/example_dags/example_dataset_alias.py
[2024-10-08T23:48:34.840+0000] {processor.py:925} INFO - DAG(s) 'dataset_s3_bucket_consumer', 'dataset_alias_example_alias_consumer', 'dataset_s3_bucket_producer', 'dataset_alias_example_alias_producer' retrieved from /home/airflow/.local/lib/python3.12/site-packages/airflow/example_dags/example_dataset_alias.py
[2024-10-08T23:48:34.852+0000] {logging_mixin.py:190} INFO - [2024-10-08T23:48:34.852+0000] {dag.py:3239} INFO - Sync 4 DAGs
[2024-10-08T23:48:34.864+0000] {logging_mixin.py:190} INFO - [2024-10-08T23:48:34.864+0000] {dag.py:4180} INFO - Setting next_dagrun for dataset_alias_example_alias_consumer to None, run_after=None
[2024-10-08T23:48:34.865+0000] {logging_mixin.py:190} INFO - [2024-10-08T23:48:34.865+0000] {dag.py:4180} INFO - Setting next_dagrun for dataset_alias_example_alias_producer to None, run_after=None
[2024-10-08T23:48:34.866+0000] {logging_mixin.py:190} INFO - [2024-10-08T23:48:34.866+0000] {dag.py:4180} INFO - Setting next_dagrun for dataset_s3_bucket_consumer to None, run_after=None
[2024-10-08T23:48:34.866+0000] {logging_mixin.py:190} INFO - [2024-10-08T23:48:34.866+0000] {dag.py:4180} INFO - Setting next_dagrun for dataset_s3_bucket_producer to None, run_after=None
[2024-10-08T23:48:34.877+0000] {processor.py:208} INFO - Processing /home/airflow/.local/lib/python3.12/site-packages/airflow/example_dags/example_dataset_alias.py took 0.121 seconds
[2024-10-08T23:49:05.842+0000] {processor.py:186} INFO - Started process (PID=713) to work on /home/airflow/.local/lib/python3.12/site-packages/airflow/example_dags/example_dataset_alias.py
[2024-10-08T23:49:05.843+0000] {processor.py:914} INFO - Processing file /home/airflow/.local/lib/python3.12/site-packages/airflow/example_dags/example_dataset_alias.py for tasks to queue
[2024-10-08T23:49:05.844+0000] {logging_mixin.py:190} INFO - [2024-10-08T23:49:05.844+0000] {dagbag.py:588} INFO - Filling up the DagBag from /home/airflow/.local/lib/python3.12/site-packages/airflow/example_dags/example_dataset_alias.py
[2024-10-08T23:49:05.922+0000] {processor.py:925} INFO - DAG(s) 'dataset_s3_bucket_consumer', 'dataset_alias_example_alias_consumer', 'dataset_s3_bucket_producer', 'dataset_alias_example_alias_producer' retrieved from /home/airflow/.local/lib/python3.12/site-packages/airflow/example_dags/example_dataset_alias.py
[2024-10-08T23:49:05.935+0000] {logging_mixin.py:190} INFO - [2024-10-08T23:49:05.934+0000] {dag.py:3239} INFO - Sync 4 DAGs
[2024-10-08T23:49:05.947+0000] {logging_mixin.py:190} INFO - [2024-10-08T23:49:05.947+0000] {dag.py:4180} INFO - Setting next_dagrun for dataset_alias_example_alias_consumer to None, run_after=None
[2024-10-08T23:49:05.948+0000] {logging_mixin.py:190} INFO - [2024-10-08T23:49:05.948+0000] {dag.py:4180} INFO - Setting next_dagrun for dataset_alias_example_alias_producer to None, run_after=None
[2024-10-08T23:49:05.949+0000] {logging_mixin.py:190} INFO - [2024-10-08T23:49:05.949+0000] {dag.py:4180} INFO - Setting next_dagrun for dataset_s3_bucket_consumer to None, run_after=None
[2024-10-08T23:49:05.949+0000] {logging_mixin.py:190} INFO - [2024-10-08T23:49:05.949+0000] {dag.py:4180} INFO - Setting next_dagrun for dataset_s3_bucket_producer to None, run_after=None
[2024-10-08T23:49:05.963+0000] {processor.py:208} INFO - Processing /home/airflow/.local/lib/python3.12/site-packages/airflow/example_dags/example_dataset_alias.py took 0.124 seconds
[2024-10-08T23:49:36.962+0000] {processor.py:186} INFO - Started process (PID=776) to work on /home/airflow/.local/lib/python3.12/site-packages/airflow/example_dags/example_dataset_alias.py
[2024-10-08T23:49:36.962+0000] {processor.py:914} INFO - Processing file /home/airflow/.local/lib/python3.12/site-packages/airflow/example_dags/example_dataset_alias.py for tasks to queue
[2024-10-08T23:49:36.964+0000] {logging_mixin.py:190} INFO - [2024-10-08T23:49:36.964+0000] {dagbag.py:588} INFO - Filling up the DagBag from /home/airflow/.local/lib/python3.12/site-packages/airflow/example_dags/example_dataset_alias.py
[2024-10-08T23:49:37.045+0000] {processor.py:925} INFO - DAG(s) 'dataset_s3_bucket_consumer', 'dataset_alias_example_alias_producer', 'dataset_s3_bucket_producer', 'dataset_alias_example_alias_consumer' retrieved from /home/airflow/.local/lib/python3.12/site-packages/airflow/example_dags/example_dataset_alias.py
[2024-10-08T23:49:37.056+0000] {logging_mixin.py:190} INFO - [2024-10-08T23:49:37.056+0000] {dag.py:3239} INFO - Sync 4 DAGs
[2024-10-08T23:49:37.067+0000] {logging_mixin.py:190} INFO - [2024-10-08T23:49:37.067+0000] {dag.py:4180} INFO - Setting next_dagrun for dataset_alias_example_alias_consumer to None, run_after=None
[2024-10-08T23:49:37.069+0000] {logging_mixin.py:190} INFO - [2024-10-08T23:49:37.068+0000] {dag.py:4180} INFO - Setting next_dagrun for dataset_alias_example_alias_producer to None, run_after=None
[2024-10-08T23:49:37.069+0000] {logging_mixin.py:190} INFO - [2024-10-08T23:49:37.069+0000] {dag.py:4180} INFO - Setting next_dagrun for dataset_s3_bucket_consumer to None, run_after=None
[2024-10-08T23:49:37.070+0000] {logging_mixin.py:190} INFO - [2024-10-08T23:49:37.070+0000] {dag.py:4180} INFO - Setting next_dagrun for dataset_s3_bucket_producer to None, run_after=None
[2024-10-08T23:49:37.080+0000] {processor.py:208} INFO - Processing /home/airflow/.local/lib/python3.12/site-packages/airflow/example_dags/example_dataset_alias.py took 0.124 seconds
[2024-10-08T23:50:07.130+0000] {processor.py:186} INFO - Started process (PID=839) to work on /home/airflow/.local/lib/python3.12/site-packages/airflow/example_dags/example_dataset_alias.py
[2024-10-08T23:50:07.131+0000] {processor.py:914} INFO - Processing file /home/airflow/.local/lib/python3.12/site-packages/airflow/example_dags/example_dataset_alias.py for tasks to queue
[2024-10-08T23:50:07.132+0000] {logging_mixin.py:190} INFO - [2024-10-08T23:50:07.132+0000] {dagbag.py:588} INFO - Filling up the DagBag from /home/airflow/.local/lib/python3.12/site-packages/airflow/example_dags/example_dataset_alias.py
[2024-10-08T23:50:07.214+0000] {processor.py:925} INFO - DAG(s) 'dataset_s3_bucket_producer', 'dataset_alias_example_alias_consumer', 'dataset_s3_bucket_consumer', 'dataset_alias_example_alias_producer' retrieved from /home/airflow/.local/lib/python3.12/site-packages/airflow/example_dags/example_dataset_alias.py
[2024-10-08T23:50:07.225+0000] {logging_mixin.py:190} INFO - [2024-10-08T23:50:07.225+0000] {dag.py:3239} INFO - Sync 4 DAGs
[2024-10-08T23:50:07.237+0000] {logging_mixin.py:190} INFO - [2024-10-08T23:50:07.237+0000] {dag.py:4180} INFO - Setting next_dagrun for dataset_alias_example_alias_consumer to None, run_after=None
[2024-10-08T23:50:07.239+0000] {logging_mixin.py:190} INFO - [2024-10-08T23:50:07.238+0000] {dag.py:4180} INFO - Setting next_dagrun for dataset_alias_example_alias_producer to None, run_after=None
[2024-10-08T23:50:07.239+0000] {logging_mixin.py:190} INFO - [2024-10-08T23:50:07.239+0000] {dag.py:4180} INFO - Setting next_dagrun for dataset_s3_bucket_consumer to None, run_after=None
[2024-10-08T23:50:07.240+0000] {logging_mixin.py:190} INFO - [2024-10-08T23:50:07.240+0000] {dag.py:4180} INFO - Setting next_dagrun for dataset_s3_bucket_producer to None, run_after=None
[2024-10-08T23:50:07.251+0000] {processor.py:208} INFO - Processing /home/airflow/.local/lib/python3.12/site-packages/airflow/example_dags/example_dataset_alias.py took 0.124 seconds
