[2024-10-08T23:14:30.262+0000] {processor.py:186} INFO - Started process (PID=15733) to work on /home/airflow/.local/lib/python3.12/site-packages/airflow/example_dags/example_inlet_event_extra.py
[2024-10-08T23:14:30.263+0000] {processor.py:914} INFO - Processing file /home/airflow/.local/lib/python3.12/site-packages/airflow/example_dags/example_inlet_event_extra.py for tasks to queue
[2024-10-08T23:14:30.264+0000] {logging_mixin.py:190} INFO - [2024-10-08T23:14:30.264+0000] {dagbag.py:588} INFO - Filling up the DagBag from /home/airflow/.local/lib/python3.12/site-packages/airflow/example_dags/example_inlet_event_extra.py
[2024-10-08T23:14:30.439+0000] {processor.py:925} INFO - DAG(s) 'read_dataset_event', 'read_dataset_event_from_classic' retrieved from /home/airflow/.local/lib/python3.12/site-packages/airflow/example_dags/example_inlet_event_extra.py
[2024-10-08T23:14:30.448+0000] {logging_mixin.py:190} INFO - [2024-10-08T23:14:30.448+0000] {dag.py:3239} INFO - Sync 2 DAGs
[2024-10-08T23:14:30.459+0000] {logging_mixin.py:190} INFO - [2024-10-08T23:14:30.458+0000] {dag.py:4180} INFO - Setting next_dagrun for read_dataset_event to 2024-10-07 00:00:00+00:00, run_after=2024-10-08 00:00:00+00:00
[2024-10-08T23:14:30.461+0000] {logging_mixin.py:190} INFO - [2024-10-08T23:14:30.461+0000] {dag.py:4180} INFO - Setting next_dagrun for read_dataset_event_from_classic to 2024-10-07 00:00:00+00:00, run_after=2024-10-08 00:00:00+00:00
[2024-10-08T23:14:30.469+0000] {processor.py:208} INFO - Processing /home/airflow/.local/lib/python3.12/site-packages/airflow/example_dags/example_inlet_event_extra.py took 0.210 seconds
[2024-10-08T23:34:24.154+0000] {processor.py:186} INFO - Started process (PID=183) to work on /home/airflow/.local/lib/python3.12/site-packages/airflow/example_dags/example_inlet_event_extra.py
[2024-10-08T23:34:24.155+0000] {processor.py:914} INFO - Processing file /home/airflow/.local/lib/python3.12/site-packages/airflow/example_dags/example_inlet_event_extra.py for tasks to queue
[2024-10-08T23:34:24.156+0000] {logging_mixin.py:190} INFO - [2024-10-08T23:34:24.156+0000] {dagbag.py:588} INFO - Filling up the DagBag from /home/airflow/.local/lib/python3.12/site-packages/airflow/example_dags/example_inlet_event_extra.py
[2024-10-08T23:34:24.229+0000] {processor.py:925} INFO - DAG(s) 'read_dataset_event', 'read_dataset_event_from_classic' retrieved from /home/airflow/.local/lib/python3.12/site-packages/airflow/example_dags/example_inlet_event_extra.py
[2024-10-08T23:34:24.240+0000] {logging_mixin.py:190} INFO - [2024-10-08T23:34:24.240+0000] {dag.py:3239} INFO - Sync 2 DAGs
[2024-10-08T23:34:24.253+0000] {logging_mixin.py:190} INFO - [2024-10-08T23:34:24.253+0000] {dag.py:4180} INFO - Setting next_dagrun for read_dataset_event to 2024-10-07 00:00:00+00:00, run_after=2024-10-08 00:00:00+00:00
[2024-10-08T23:34:24.256+0000] {logging_mixin.py:190} INFO - [2024-10-08T23:34:24.256+0000] {dag.py:4180} INFO - Setting next_dagrun for read_dataset_event_from_classic to 2024-10-07 00:00:00+00:00, run_after=2024-10-08 00:00:00+00:00
[2024-10-08T23:34:24.264+0000] {processor.py:208} INFO - Processing /home/airflow/.local/lib/python3.12/site-packages/airflow/example_dags/example_inlet_event_extra.py took 0.113 seconds
[2024-10-08T23:34:54.758+0000] {processor.py:186} INFO - Started process (PID=246) to work on /home/airflow/.local/lib/python3.12/site-packages/airflow/example_dags/example_inlet_event_extra.py
[2024-10-08T23:34:54.759+0000] {processor.py:914} INFO - Processing file /home/airflow/.local/lib/python3.12/site-packages/airflow/example_dags/example_inlet_event_extra.py for tasks to queue
[2024-10-08T23:34:54.760+0000] {logging_mixin.py:190} INFO - [2024-10-08T23:34:54.760+0000] {dagbag.py:588} INFO - Filling up the DagBag from /home/airflow/.local/lib/python3.12/site-packages/airflow/example_dags/example_inlet_event_extra.py
[2024-10-08T23:34:54.837+0000] {processor.py:925} INFO - DAG(s) 'read_dataset_event', 'read_dataset_event_from_classic' retrieved from /home/airflow/.local/lib/python3.12/site-packages/airflow/example_dags/example_inlet_event_extra.py
[2024-10-08T23:34:54.850+0000] {logging_mixin.py:190} INFO - [2024-10-08T23:34:54.850+0000] {dag.py:3239} INFO - Sync 2 DAGs
[2024-10-08T23:34:54.864+0000] {logging_mixin.py:190} INFO - [2024-10-08T23:34:54.864+0000] {dag.py:4180} INFO - Setting next_dagrun for read_dataset_event to 2024-10-07 00:00:00+00:00, run_after=2024-10-08 00:00:00+00:00
[2024-10-08T23:34:54.867+0000] {logging_mixin.py:190} INFO - [2024-10-08T23:34:54.867+0000] {dag.py:4180} INFO - Setting next_dagrun for read_dataset_event_from_classic to 2024-10-07 00:00:00+00:00, run_after=2024-10-08 00:00:00+00:00
[2024-10-08T23:34:54.876+0000] {processor.py:208} INFO - Processing /home/airflow/.local/lib/python3.12/site-packages/airflow/example_dags/example_inlet_event_extra.py took 0.122 seconds
[2024-10-08T23:35:25.159+0000] {processor.py:186} INFO - Started process (PID=309) to work on /home/airflow/.local/lib/python3.12/site-packages/airflow/example_dags/example_inlet_event_extra.py
[2024-10-08T23:35:25.160+0000] {processor.py:914} INFO - Processing file /home/airflow/.local/lib/python3.12/site-packages/airflow/example_dags/example_inlet_event_extra.py for tasks to queue
[2024-10-08T23:35:25.162+0000] {logging_mixin.py:190} INFO - [2024-10-08T23:35:25.162+0000] {dagbag.py:588} INFO - Filling up the DagBag from /home/airflow/.local/lib/python3.12/site-packages/airflow/example_dags/example_inlet_event_extra.py
[2024-10-08T23:35:25.238+0000] {processor.py:925} INFO - DAG(s) 'read_dataset_event_from_classic', 'read_dataset_event' retrieved from /home/airflow/.local/lib/python3.12/site-packages/airflow/example_dags/example_inlet_event_extra.py
[2024-10-08T23:35:25.250+0000] {logging_mixin.py:190} INFO - [2024-10-08T23:35:25.250+0000] {dag.py:3239} INFO - Sync 2 DAGs
[2024-10-08T23:35:25.264+0000] {logging_mixin.py:190} INFO - [2024-10-08T23:35:25.264+0000] {dag.py:4180} INFO - Setting next_dagrun for read_dataset_event to 2024-10-07 00:00:00+00:00, run_after=2024-10-08 00:00:00+00:00
[2024-10-08T23:35:25.266+0000] {logging_mixin.py:190} INFO - [2024-10-08T23:35:25.266+0000] {dag.py:4180} INFO - Setting next_dagrun for read_dataset_event_from_classic to 2024-10-07 00:00:00+00:00, run_after=2024-10-08 00:00:00+00:00
[2024-10-08T23:35:25.275+0000] {processor.py:208} INFO - Processing /home/airflow/.local/lib/python3.12/site-packages/airflow/example_dags/example_inlet_event_extra.py took 0.120 seconds
[2024-10-08T23:35:55.372+0000] {processor.py:186} INFO - Started process (PID=372) to work on /home/airflow/.local/lib/python3.12/site-packages/airflow/example_dags/example_inlet_event_extra.py
[2024-10-08T23:35:55.373+0000] {processor.py:914} INFO - Processing file /home/airflow/.local/lib/python3.12/site-packages/airflow/example_dags/example_inlet_event_extra.py for tasks to queue
[2024-10-08T23:35:55.374+0000] {logging_mixin.py:190} INFO - [2024-10-08T23:35:55.374+0000] {dagbag.py:588} INFO - Filling up the DagBag from /home/airflow/.local/lib/python3.12/site-packages/airflow/example_dags/example_inlet_event_extra.py
[2024-10-08T23:35:55.447+0000] {processor.py:925} INFO - DAG(s) 'read_dataset_event', 'read_dataset_event_from_classic' retrieved from /home/airflow/.local/lib/python3.12/site-packages/airflow/example_dags/example_inlet_event_extra.py
[2024-10-08T23:35:55.458+0000] {logging_mixin.py:190} INFO - [2024-10-08T23:35:55.458+0000] {dag.py:3239} INFO - Sync 2 DAGs
[2024-10-08T23:35:55.471+0000] {logging_mixin.py:190} INFO - [2024-10-08T23:35:55.471+0000] {dag.py:4180} INFO - Setting next_dagrun for read_dataset_event to 2024-10-07 00:00:00+00:00, run_after=2024-10-08 00:00:00+00:00
[2024-10-08T23:35:55.473+0000] {logging_mixin.py:190} INFO - [2024-10-08T23:35:55.473+0000] {dag.py:4180} INFO - Setting next_dagrun for read_dataset_event_from_classic to 2024-10-07 00:00:00+00:00, run_after=2024-10-08 00:00:00+00:00
[2024-10-08T23:35:55.482+0000] {processor.py:208} INFO - Processing /home/airflow/.local/lib/python3.12/site-packages/airflow/example_dags/example_inlet_event_extra.py took 0.113 seconds
[2024-10-08T23:36:25.511+0000] {processor.py:186} INFO - Started process (PID=435) to work on /home/airflow/.local/lib/python3.12/site-packages/airflow/example_dags/example_inlet_event_extra.py
[2024-10-08T23:36:25.511+0000] {processor.py:914} INFO - Processing file /home/airflow/.local/lib/python3.12/site-packages/airflow/example_dags/example_inlet_event_extra.py for tasks to queue
[2024-10-08T23:36:25.513+0000] {logging_mixin.py:190} INFO - [2024-10-08T23:36:25.513+0000] {dagbag.py:588} INFO - Filling up the DagBag from /home/airflow/.local/lib/python3.12/site-packages/airflow/example_dags/example_inlet_event_extra.py
[2024-10-08T23:36:25.587+0000] {processor.py:925} INFO - DAG(s) 'read_dataset_event', 'read_dataset_event_from_classic' retrieved from /home/airflow/.local/lib/python3.12/site-packages/airflow/example_dags/example_inlet_event_extra.py
[2024-10-08T23:36:25.598+0000] {logging_mixin.py:190} INFO - [2024-10-08T23:36:25.598+0000] {dag.py:3239} INFO - Sync 2 DAGs
[2024-10-08T23:36:25.610+0000] {logging_mixin.py:190} INFO - [2024-10-08T23:36:25.610+0000] {dag.py:4180} INFO - Setting next_dagrun for read_dataset_event to 2024-10-07 00:00:00+00:00, run_after=2024-10-08 00:00:00+00:00
[2024-10-08T23:36:25.612+0000] {logging_mixin.py:190} INFO - [2024-10-08T23:36:25.612+0000] {dag.py:4180} INFO - Setting next_dagrun for read_dataset_event_from_classic to 2024-10-07 00:00:00+00:00, run_after=2024-10-08 00:00:00+00:00
[2024-10-08T23:36:25.620+0000] {processor.py:208} INFO - Processing /home/airflow/.local/lib/python3.12/site-packages/airflow/example_dags/example_inlet_event_extra.py took 0.113 seconds
[2024-10-08T23:36:55.715+0000] {processor.py:186} INFO - Started process (PID=498) to work on /home/airflow/.local/lib/python3.12/site-packages/airflow/example_dags/example_inlet_event_extra.py
[2024-10-08T23:36:55.715+0000] {processor.py:914} INFO - Processing file /home/airflow/.local/lib/python3.12/site-packages/airflow/example_dags/example_inlet_event_extra.py for tasks to queue
[2024-10-08T23:36:55.717+0000] {logging_mixin.py:190} INFO - [2024-10-08T23:36:55.716+0000] {dagbag.py:588} INFO - Filling up the DagBag from /home/airflow/.local/lib/python3.12/site-packages/airflow/example_dags/example_inlet_event_extra.py
[2024-10-08T23:36:55.788+0000] {processor.py:925} INFO - DAG(s) 'read_dataset_event', 'read_dataset_event_from_classic' retrieved from /home/airflow/.local/lib/python3.12/site-packages/airflow/example_dags/example_inlet_event_extra.py
[2024-10-08T23:36:55.798+0000] {logging_mixin.py:190} INFO - [2024-10-08T23:36:55.798+0000] {dag.py:3239} INFO - Sync 2 DAGs
[2024-10-08T23:36:55.811+0000] {logging_mixin.py:190} INFO - [2024-10-08T23:36:55.811+0000] {dag.py:4180} INFO - Setting next_dagrun for read_dataset_event to 2024-10-07 00:00:00+00:00, run_after=2024-10-08 00:00:00+00:00
[2024-10-08T23:36:55.814+0000] {logging_mixin.py:190} INFO - [2024-10-08T23:36:55.813+0000] {dag.py:4180} INFO - Setting next_dagrun for read_dataset_event_from_classic to 2024-10-07 00:00:00+00:00, run_after=2024-10-08 00:00:00+00:00
[2024-10-08T23:36:55.822+0000] {processor.py:208} INFO - Processing /home/airflow/.local/lib/python3.12/site-packages/airflow/example_dags/example_inlet_event_extra.py took 0.110 seconds
[2024-10-08T23:37:26.070+0000] {processor.py:186} INFO - Started process (PID=561) to work on /home/airflow/.local/lib/python3.12/site-packages/airflow/example_dags/example_inlet_event_extra.py
[2024-10-08T23:37:26.071+0000] {processor.py:914} INFO - Processing file /home/airflow/.local/lib/python3.12/site-packages/airflow/example_dags/example_inlet_event_extra.py for tasks to queue
[2024-10-08T23:37:26.073+0000] {logging_mixin.py:190} INFO - [2024-10-08T23:37:26.072+0000] {dagbag.py:588} INFO - Filling up the DagBag from /home/airflow/.local/lib/python3.12/site-packages/airflow/example_dags/example_inlet_event_extra.py
[2024-10-08T23:37:26.146+0000] {processor.py:925} INFO - DAG(s) 'read_dataset_event_from_classic', 'read_dataset_event' retrieved from /home/airflow/.local/lib/python3.12/site-packages/airflow/example_dags/example_inlet_event_extra.py
[2024-10-08T23:37:26.157+0000] {logging_mixin.py:190} INFO - [2024-10-08T23:37:26.157+0000] {dag.py:3239} INFO - Sync 2 DAGs
[2024-10-08T23:37:26.171+0000] {logging_mixin.py:190} INFO - [2024-10-08T23:37:26.171+0000] {dag.py:4180} INFO - Setting next_dagrun for read_dataset_event to 2024-10-07 00:00:00+00:00, run_after=2024-10-08 00:00:00+00:00
[2024-10-08T23:37:26.175+0000] {logging_mixin.py:190} INFO - [2024-10-08T23:37:26.175+0000] {dag.py:4180} INFO - Setting next_dagrun for read_dataset_event_from_classic to 2024-10-07 00:00:00+00:00, run_after=2024-10-08 00:00:00+00:00
[2024-10-08T23:37:26.184+0000] {processor.py:208} INFO - Processing /home/airflow/.local/lib/python3.12/site-packages/airflow/example_dags/example_inlet_event_extra.py took 0.118 seconds
[2024-10-08T23:37:56.430+0000] {processor.py:186} INFO - Started process (PID=624) to work on /home/airflow/.local/lib/python3.12/site-packages/airflow/example_dags/example_inlet_event_extra.py
[2024-10-08T23:37:56.431+0000] {processor.py:914} INFO - Processing file /home/airflow/.local/lib/python3.12/site-packages/airflow/example_dags/example_inlet_event_extra.py for tasks to queue
[2024-10-08T23:37:56.432+0000] {logging_mixin.py:190} INFO - [2024-10-08T23:37:56.432+0000] {dagbag.py:588} INFO - Filling up the DagBag from /home/airflow/.local/lib/python3.12/site-packages/airflow/example_dags/example_inlet_event_extra.py
[2024-10-08T23:37:56.505+0000] {processor.py:925} INFO - DAG(s) 'read_dataset_event', 'read_dataset_event_from_classic' retrieved from /home/airflow/.local/lib/python3.12/site-packages/airflow/example_dags/example_inlet_event_extra.py
[2024-10-08T23:37:56.517+0000] {logging_mixin.py:190} INFO - [2024-10-08T23:37:56.516+0000] {dag.py:3239} INFO - Sync 2 DAGs
[2024-10-08T23:37:56.530+0000] {logging_mixin.py:190} INFO - [2024-10-08T23:37:56.530+0000] {dag.py:4180} INFO - Setting next_dagrun for read_dataset_event to 2024-10-07 00:00:00+00:00, run_after=2024-10-08 00:00:00+00:00
[2024-10-08T23:37:56.532+0000] {logging_mixin.py:190} INFO - [2024-10-08T23:37:56.532+0000] {dag.py:4180} INFO - Setting next_dagrun for read_dataset_event_from_classic to 2024-10-07 00:00:00+00:00, run_after=2024-10-08 00:00:00+00:00
[2024-10-08T23:37:56.541+0000] {processor.py:208} INFO - Processing /home/airflow/.local/lib/python3.12/site-packages/airflow/example_dags/example_inlet_event_extra.py took 0.114 seconds
[2024-10-08T23:38:26.663+0000] {processor.py:186} INFO - Started process (PID=687) to work on /home/airflow/.local/lib/python3.12/site-packages/airflow/example_dags/example_inlet_event_extra.py
[2024-10-08T23:38:26.664+0000] {processor.py:914} INFO - Processing file /home/airflow/.local/lib/python3.12/site-packages/airflow/example_dags/example_inlet_event_extra.py for tasks to queue
[2024-10-08T23:38:26.665+0000] {logging_mixin.py:190} INFO - [2024-10-08T23:38:26.665+0000] {dagbag.py:588} INFO - Filling up the DagBag from /home/airflow/.local/lib/python3.12/site-packages/airflow/example_dags/example_inlet_event_extra.py
[2024-10-08T23:38:26.739+0000] {processor.py:925} INFO - DAG(s) 'read_dataset_event_from_classic', 'read_dataset_event' retrieved from /home/airflow/.local/lib/python3.12/site-packages/airflow/example_dags/example_inlet_event_extra.py
[2024-10-08T23:38:26.750+0000] {logging_mixin.py:190} INFO - [2024-10-08T23:38:26.750+0000] {dag.py:3239} INFO - Sync 2 DAGs
[2024-10-08T23:38:26.765+0000] {logging_mixin.py:190} INFO - [2024-10-08T23:38:26.765+0000] {dag.py:4180} INFO - Setting next_dagrun for read_dataset_event to 2024-10-07 00:00:00+00:00, run_after=2024-10-08 00:00:00+00:00
[2024-10-08T23:38:26.768+0000] {logging_mixin.py:190} INFO - [2024-10-08T23:38:26.768+0000] {dag.py:4180} INFO - Setting next_dagrun for read_dataset_event_from_classic to 2024-10-07 00:00:00+00:00, run_after=2024-10-08 00:00:00+00:00
[2024-10-08T23:38:26.777+0000] {processor.py:208} INFO - Processing /home/airflow/.local/lib/python3.12/site-packages/airflow/example_dags/example_inlet_event_extra.py took 0.117 seconds
[2024-10-08T23:38:56.872+0000] {processor.py:186} INFO - Started process (PID=750) to work on /home/airflow/.local/lib/python3.12/site-packages/airflow/example_dags/example_inlet_event_extra.py
[2024-10-08T23:38:56.873+0000] {processor.py:914} INFO - Processing file /home/airflow/.local/lib/python3.12/site-packages/airflow/example_dags/example_inlet_event_extra.py for tasks to queue
[2024-10-08T23:38:56.874+0000] {logging_mixin.py:190} INFO - [2024-10-08T23:38:56.874+0000] {dagbag.py:588} INFO - Filling up the DagBag from /home/airflow/.local/lib/python3.12/site-packages/airflow/example_dags/example_inlet_event_extra.py
[2024-10-08T23:38:56.947+0000] {processor.py:925} INFO - DAG(s) 'read_dataset_event_from_classic', 'read_dataset_event' retrieved from /home/airflow/.local/lib/python3.12/site-packages/airflow/example_dags/example_inlet_event_extra.py
[2024-10-08T23:38:56.957+0000] {logging_mixin.py:190} INFO - [2024-10-08T23:38:56.957+0000] {dag.py:3239} INFO - Sync 2 DAGs
[2024-10-08T23:38:56.970+0000] {logging_mixin.py:190} INFO - [2024-10-08T23:38:56.970+0000] {dag.py:4180} INFO - Setting next_dagrun for read_dataset_event to 2024-10-07 00:00:00+00:00, run_after=2024-10-08 00:00:00+00:00
[2024-10-08T23:38:56.973+0000] {logging_mixin.py:190} INFO - [2024-10-08T23:38:56.973+0000] {dag.py:4180} INFO - Setting next_dagrun for read_dataset_event_from_classic to 2024-10-07 00:00:00+00:00, run_after=2024-10-08 00:00:00+00:00
[2024-10-08T23:38:56.982+0000] {processor.py:208} INFO - Processing /home/airflow/.local/lib/python3.12/site-packages/airflow/example_dags/example_inlet_event_extra.py took 0.114 seconds
[2024-10-08T23:39:39.727+0000] {processor.py:186} INFO - Started process (PID=176) to work on /home/airflow/.local/lib/python3.12/site-packages/airflow/example_dags/example_inlet_event_extra.py
[2024-10-08T23:39:39.728+0000] {processor.py:914} INFO - Processing file /home/airflow/.local/lib/python3.12/site-packages/airflow/example_dags/example_inlet_event_extra.py for tasks to queue
[2024-10-08T23:39:39.729+0000] {logging_mixin.py:190} INFO - [2024-10-08T23:39:39.729+0000] {dagbag.py:588} INFO - Filling up the DagBag from /home/airflow/.local/lib/python3.12/site-packages/airflow/example_dags/example_inlet_event_extra.py
[2024-10-08T23:39:39.807+0000] {processor.py:925} INFO - DAG(s) 'read_dataset_event', 'read_dataset_event_from_classic' retrieved from /home/airflow/.local/lib/python3.12/site-packages/airflow/example_dags/example_inlet_event_extra.py
[2024-10-08T23:39:39.819+0000] {logging_mixin.py:190} INFO - [2024-10-08T23:39:39.819+0000] {dag.py:3239} INFO - Sync 2 DAGs
[2024-10-08T23:39:39.831+0000] {logging_mixin.py:190} INFO - [2024-10-08T23:39:39.831+0000] {dag.py:4180} INFO - Setting next_dagrun for read_dataset_event to 2024-10-07 00:00:00+00:00, run_after=2024-10-08 00:00:00+00:00
[2024-10-08T23:39:39.834+0000] {logging_mixin.py:190} INFO - [2024-10-08T23:39:39.834+0000] {dag.py:4180} INFO - Setting next_dagrun for read_dataset_event_from_classic to 2024-10-07 00:00:00+00:00, run_after=2024-10-08 00:00:00+00:00
[2024-10-08T23:39:39.843+0000] {processor.py:208} INFO - Processing /home/airflow/.local/lib/python3.12/site-packages/airflow/example_dags/example_inlet_event_extra.py took 0.119 seconds
[2024-10-08T23:40:10.780+0000] {processor.py:186} INFO - Started process (PID=239) to work on /home/airflow/.local/lib/python3.12/site-packages/airflow/example_dags/example_inlet_event_extra.py
[2024-10-08T23:40:10.780+0000] {processor.py:914} INFO - Processing file /home/airflow/.local/lib/python3.12/site-packages/airflow/example_dags/example_inlet_event_extra.py for tasks to queue
[2024-10-08T23:40:10.781+0000] {logging_mixin.py:190} INFO - [2024-10-08T23:40:10.781+0000] {dagbag.py:588} INFO - Filling up the DagBag from /home/airflow/.local/lib/python3.12/site-packages/airflow/example_dags/example_inlet_event_extra.py
[2024-10-08T23:40:10.860+0000] {processor.py:925} INFO - DAG(s) 'read_dataset_event', 'read_dataset_event_from_classic' retrieved from /home/airflow/.local/lib/python3.12/site-packages/airflow/example_dags/example_inlet_event_extra.py
[2024-10-08T23:40:10.871+0000] {logging_mixin.py:190} INFO - [2024-10-08T23:40:10.870+0000] {dag.py:3239} INFO - Sync 2 DAGs
[2024-10-08T23:40:10.883+0000] {logging_mixin.py:190} INFO - [2024-10-08T23:40:10.883+0000] {dag.py:4180} INFO - Setting next_dagrun for read_dataset_event to 2024-10-07 00:00:00+00:00, run_after=2024-10-08 00:00:00+00:00
[2024-10-08T23:40:10.885+0000] {logging_mixin.py:190} INFO - [2024-10-08T23:40:10.885+0000] {dag.py:4180} INFO - Setting next_dagrun for read_dataset_event_from_classic to 2024-10-07 00:00:00+00:00, run_after=2024-10-08 00:00:00+00:00
[2024-10-08T23:40:10.894+0000] {processor.py:208} INFO - Processing /home/airflow/.local/lib/python3.12/site-packages/airflow/example_dags/example_inlet_event_extra.py took 0.117 seconds
[2024-10-08T23:40:40.927+0000] {processor.py:186} INFO - Started process (PID=302) to work on /home/airflow/.local/lib/python3.12/site-packages/airflow/example_dags/example_inlet_event_extra.py
[2024-10-08T23:40:40.928+0000] {processor.py:914} INFO - Processing file /home/airflow/.local/lib/python3.12/site-packages/airflow/example_dags/example_inlet_event_extra.py for tasks to queue
[2024-10-08T23:40:40.929+0000] {logging_mixin.py:190} INFO - [2024-10-08T23:40:40.929+0000] {dagbag.py:588} INFO - Filling up the DagBag from /home/airflow/.local/lib/python3.12/site-packages/airflow/example_dags/example_inlet_event_extra.py
[2024-10-08T23:40:41.001+0000] {processor.py:925} INFO - DAG(s) 'read_dataset_event_from_classic', 'read_dataset_event' retrieved from /home/airflow/.local/lib/python3.12/site-packages/airflow/example_dags/example_inlet_event_extra.py
[2024-10-08T23:40:41.012+0000] {logging_mixin.py:190} INFO - [2024-10-08T23:40:41.012+0000] {dag.py:3239} INFO - Sync 2 DAGs
[2024-10-08T23:40:41.025+0000] {logging_mixin.py:190} INFO - [2024-10-08T23:40:41.025+0000] {dag.py:4180} INFO - Setting next_dagrun for read_dataset_event to 2024-10-07 00:00:00+00:00, run_after=2024-10-08 00:00:00+00:00
[2024-10-08T23:40:41.028+0000] {logging_mixin.py:190} INFO - [2024-10-08T23:40:41.028+0000] {dag.py:4180} INFO - Setting next_dagrun for read_dataset_event_from_classic to 2024-10-07 00:00:00+00:00, run_after=2024-10-08 00:00:00+00:00
[2024-10-08T23:40:41.036+0000] {processor.py:208} INFO - Processing /home/airflow/.local/lib/python3.12/site-packages/airflow/example_dags/example_inlet_event_extra.py took 0.113 seconds
[2024-10-08T23:41:11.236+0000] {processor.py:186} INFO - Started process (PID=365) to work on /home/airflow/.local/lib/python3.12/site-packages/airflow/example_dags/example_inlet_event_extra.py
[2024-10-08T23:41:11.236+0000] {processor.py:914} INFO - Processing file /home/airflow/.local/lib/python3.12/site-packages/airflow/example_dags/example_inlet_event_extra.py for tasks to queue
[2024-10-08T23:41:11.238+0000] {logging_mixin.py:190} INFO - [2024-10-08T23:41:11.238+0000] {dagbag.py:588} INFO - Filling up the DagBag from /home/airflow/.local/lib/python3.12/site-packages/airflow/example_dags/example_inlet_event_extra.py
[2024-10-08T23:41:11.316+0000] {processor.py:925} INFO - DAG(s) 'read_dataset_event_from_classic', 'read_dataset_event' retrieved from /home/airflow/.local/lib/python3.12/site-packages/airflow/example_dags/example_inlet_event_extra.py
[2024-10-08T23:41:11.328+0000] {logging_mixin.py:190} INFO - [2024-10-08T23:41:11.328+0000] {dag.py:3239} INFO - Sync 2 DAGs
[2024-10-08T23:41:11.341+0000] {logging_mixin.py:190} INFO - [2024-10-08T23:41:11.341+0000] {dag.py:4180} INFO - Setting next_dagrun for read_dataset_event to 2024-10-07 00:00:00+00:00, run_after=2024-10-08 00:00:00+00:00
[2024-10-08T23:41:11.343+0000] {logging_mixin.py:190} INFO - [2024-10-08T23:41:11.343+0000] {dag.py:4180} INFO - Setting next_dagrun for read_dataset_event_from_classic to 2024-10-07 00:00:00+00:00, run_after=2024-10-08 00:00:00+00:00
[2024-10-08T23:41:11.353+0000] {processor.py:208} INFO - Processing /home/airflow/.local/lib/python3.12/site-packages/airflow/example_dags/example_inlet_event_extra.py took 0.121 seconds
[2024-10-08T23:41:41.438+0000] {processor.py:186} INFO - Started process (PID=428) to work on /home/airflow/.local/lib/python3.12/site-packages/airflow/example_dags/example_inlet_event_extra.py
[2024-10-08T23:41:41.439+0000] {processor.py:914} INFO - Processing file /home/airflow/.local/lib/python3.12/site-packages/airflow/example_dags/example_inlet_event_extra.py for tasks to queue
[2024-10-08T23:41:41.440+0000] {logging_mixin.py:190} INFO - [2024-10-08T23:41:41.440+0000] {dagbag.py:588} INFO - Filling up the DagBag from /home/airflow/.local/lib/python3.12/site-packages/airflow/example_dags/example_inlet_event_extra.py
[2024-10-08T23:41:41.510+0000] {processor.py:925} INFO - DAG(s) 'read_dataset_event', 'read_dataset_event_from_classic' retrieved from /home/airflow/.local/lib/python3.12/site-packages/airflow/example_dags/example_inlet_event_extra.py
[2024-10-08T23:41:41.522+0000] {logging_mixin.py:190} INFO - [2024-10-08T23:41:41.522+0000] {dag.py:3239} INFO - Sync 2 DAGs
[2024-10-08T23:41:41.535+0000] {logging_mixin.py:190} INFO - [2024-10-08T23:41:41.535+0000] {dag.py:4180} INFO - Setting next_dagrun for read_dataset_event to 2024-10-07 00:00:00+00:00, run_after=2024-10-08 00:00:00+00:00
[2024-10-08T23:41:41.538+0000] {logging_mixin.py:190} INFO - [2024-10-08T23:41:41.538+0000] {dag.py:4180} INFO - Setting next_dagrun for read_dataset_event_from_classic to 2024-10-07 00:00:00+00:00, run_after=2024-10-08 00:00:00+00:00
[2024-10-08T23:41:41.548+0000] {processor.py:208} INFO - Processing /home/airflow/.local/lib/python3.12/site-packages/airflow/example_dags/example_inlet_event_extra.py took 0.113 seconds
[2024-10-08T23:42:54.175+0000] {processor.py:186} INFO - Started process (PID=176) to work on /home/airflow/.local/lib/python3.12/site-packages/airflow/example_dags/example_inlet_event_extra.py
[2024-10-08T23:42:54.175+0000] {processor.py:914} INFO - Processing file /home/airflow/.local/lib/python3.12/site-packages/airflow/example_dags/example_inlet_event_extra.py for tasks to queue
[2024-10-08T23:42:54.177+0000] {logging_mixin.py:190} INFO - [2024-10-08T23:42:54.177+0000] {dagbag.py:588} INFO - Filling up the DagBag from /home/airflow/.local/lib/python3.12/site-packages/airflow/example_dags/example_inlet_event_extra.py
[2024-10-08T23:42:54.249+0000] {processor.py:925} INFO - DAG(s) 'read_dataset_event', 'read_dataset_event_from_classic' retrieved from /home/airflow/.local/lib/python3.12/site-packages/airflow/example_dags/example_inlet_event_extra.py
[2024-10-08T23:42:54.261+0000] {logging_mixin.py:190} INFO - [2024-10-08T23:42:54.261+0000] {dag.py:3239} INFO - Sync 2 DAGs
[2024-10-08T23:42:54.275+0000] {logging_mixin.py:190} INFO - [2024-10-08T23:42:54.275+0000] {dag.py:4180} INFO - Setting next_dagrun for read_dataset_event to 2024-10-07 00:00:00+00:00, run_after=2024-10-08 00:00:00+00:00
[2024-10-08T23:42:54.278+0000] {logging_mixin.py:190} INFO - [2024-10-08T23:42:54.277+0000] {dag.py:4180} INFO - Setting next_dagrun for read_dataset_event_from_classic to 2024-10-07 00:00:00+00:00, run_after=2024-10-08 00:00:00+00:00
[2024-10-08T23:42:54.286+0000] {processor.py:208} INFO - Processing /home/airflow/.local/lib/python3.12/site-packages/airflow/example_dags/example_inlet_event_extra.py took 0.115 seconds
[2024-10-08T23:43:24.448+0000] {processor.py:186} INFO - Started process (PID=239) to work on /home/airflow/.local/lib/python3.12/site-packages/airflow/example_dags/example_inlet_event_extra.py
[2024-10-08T23:43:24.448+0000] {processor.py:914} INFO - Processing file /home/airflow/.local/lib/python3.12/site-packages/airflow/example_dags/example_inlet_event_extra.py for tasks to queue
[2024-10-08T23:43:24.450+0000] {logging_mixin.py:190} INFO - [2024-10-08T23:43:24.450+0000] {dagbag.py:588} INFO - Filling up the DagBag from /home/airflow/.local/lib/python3.12/site-packages/airflow/example_dags/example_inlet_event_extra.py
[2024-10-08T23:43:24.521+0000] {processor.py:925} INFO - DAG(s) 'read_dataset_event', 'read_dataset_event_from_classic' retrieved from /home/airflow/.local/lib/python3.12/site-packages/airflow/example_dags/example_inlet_event_extra.py
[2024-10-08T23:43:24.532+0000] {logging_mixin.py:190} INFO - [2024-10-08T23:43:24.532+0000] {dag.py:3239} INFO - Sync 2 DAGs
[2024-10-08T23:43:24.544+0000] {logging_mixin.py:190} INFO - [2024-10-08T23:43:24.544+0000] {dag.py:4180} INFO - Setting next_dagrun for read_dataset_event to 2024-10-07 00:00:00+00:00, run_after=2024-10-08 00:00:00+00:00
[2024-10-08T23:43:24.547+0000] {logging_mixin.py:190} INFO - [2024-10-08T23:43:24.547+0000] {dag.py:4180} INFO - Setting next_dagrun for read_dataset_event_from_classic to 2024-10-07 00:00:00+00:00, run_after=2024-10-08 00:00:00+00:00
[2024-10-08T23:43:24.556+0000] {processor.py:208} INFO - Processing /home/airflow/.local/lib/python3.12/site-packages/airflow/example_dags/example_inlet_event_extra.py took 0.111 seconds
[2024-10-08T23:44:33.287+0000] {processor.py:186} INFO - Started process (PID=183) to work on /home/airflow/.local/lib/python3.12/site-packages/airflow/example_dags/example_inlet_event_extra.py
[2024-10-08T23:44:33.288+0000] {processor.py:914} INFO - Processing file /home/airflow/.local/lib/python3.12/site-packages/airflow/example_dags/example_inlet_event_extra.py for tasks to queue
[2024-10-08T23:44:33.290+0000] {logging_mixin.py:190} INFO - [2024-10-08T23:44:33.290+0000] {dagbag.py:588} INFO - Filling up the DagBag from /home/airflow/.local/lib/python3.12/site-packages/airflow/example_dags/example_inlet_event_extra.py
[2024-10-08T23:44:33.365+0000] {processor.py:925} INFO - DAG(s) 'read_dataset_event', 'read_dataset_event_from_classic' retrieved from /home/airflow/.local/lib/python3.12/site-packages/airflow/example_dags/example_inlet_event_extra.py
[2024-10-08T23:44:33.377+0000] {logging_mixin.py:190} INFO - [2024-10-08T23:44:33.377+0000] {dag.py:3239} INFO - Sync 2 DAGs
[2024-10-08T23:44:33.391+0000] {logging_mixin.py:190} INFO - [2024-10-08T23:44:33.390+0000] {dag.py:4180} INFO - Setting next_dagrun for read_dataset_event to 2024-10-07 00:00:00+00:00, run_after=2024-10-08 00:00:00+00:00
[2024-10-08T23:44:33.393+0000] {logging_mixin.py:190} INFO - [2024-10-08T23:44:33.393+0000] {dag.py:4180} INFO - Setting next_dagrun for read_dataset_event_from_classic to 2024-10-07 00:00:00+00:00, run_after=2024-10-08 00:00:00+00:00
[2024-10-08T23:44:33.402+0000] {processor.py:208} INFO - Processing /home/airflow/.local/lib/python3.12/site-packages/airflow/example_dags/example_inlet_event_extra.py took 0.118 seconds
[2024-10-08T23:45:03.590+0000] {processor.py:186} INFO - Started process (PID=246) to work on /home/airflow/.local/lib/python3.12/site-packages/airflow/example_dags/example_inlet_event_extra.py
[2024-10-08T23:45:03.591+0000] {processor.py:914} INFO - Processing file /home/airflow/.local/lib/python3.12/site-packages/airflow/example_dags/example_inlet_event_extra.py for tasks to queue
[2024-10-08T23:45:03.592+0000] {logging_mixin.py:190} INFO - [2024-10-08T23:45:03.592+0000] {dagbag.py:588} INFO - Filling up the DagBag from /home/airflow/.local/lib/python3.12/site-packages/airflow/example_dags/example_inlet_event_extra.py
[2024-10-08T23:45:03.670+0000] {processor.py:925} INFO - DAG(s) 'read_dataset_event', 'read_dataset_event_from_classic' retrieved from /home/airflow/.local/lib/python3.12/site-packages/airflow/example_dags/example_inlet_event_extra.py
[2024-10-08T23:45:03.682+0000] {logging_mixin.py:190} INFO - [2024-10-08T23:45:03.682+0000] {dag.py:3239} INFO - Sync 2 DAGs
[2024-10-08T23:45:03.696+0000] {logging_mixin.py:190} INFO - [2024-10-08T23:45:03.695+0000] {dag.py:4180} INFO - Setting next_dagrun for read_dataset_event to 2024-10-07 00:00:00+00:00, run_after=2024-10-08 00:00:00+00:00
[2024-10-08T23:45:03.698+0000] {logging_mixin.py:190} INFO - [2024-10-08T23:45:03.698+0000] {dag.py:4180} INFO - Setting next_dagrun for read_dataset_event_from_classic to 2024-10-07 00:00:00+00:00, run_after=2024-10-08 00:00:00+00:00
[2024-10-08T23:45:03.707+0000] {processor.py:208} INFO - Processing /home/airflow/.local/lib/python3.12/site-packages/airflow/example_dags/example_inlet_event_extra.py took 0.121 seconds
[2024-10-08T23:45:33.843+0000] {processor.py:186} INFO - Started process (PID=309) to work on /home/airflow/.local/lib/python3.12/site-packages/airflow/example_dags/example_inlet_event_extra.py
[2024-10-08T23:45:33.844+0000] {processor.py:914} INFO - Processing file /home/airflow/.local/lib/python3.12/site-packages/airflow/example_dags/example_inlet_event_extra.py for tasks to queue
[2024-10-08T23:45:33.846+0000] {logging_mixin.py:190} INFO - [2024-10-08T23:45:33.846+0000] {dagbag.py:588} INFO - Filling up the DagBag from /home/airflow/.local/lib/python3.12/site-packages/airflow/example_dags/example_inlet_event_extra.py
[2024-10-08T23:45:33.920+0000] {processor.py:925} INFO - DAG(s) 'read_dataset_event', 'read_dataset_event_from_classic' retrieved from /home/airflow/.local/lib/python3.12/site-packages/airflow/example_dags/example_inlet_event_extra.py
[2024-10-08T23:45:33.931+0000] {logging_mixin.py:190} INFO - [2024-10-08T23:45:33.931+0000] {dag.py:3239} INFO - Sync 2 DAGs
[2024-10-08T23:45:33.943+0000] {logging_mixin.py:190} INFO - [2024-10-08T23:45:33.943+0000] {dag.py:4180} INFO - Setting next_dagrun for read_dataset_event to 2024-10-07 00:00:00+00:00, run_after=2024-10-08 00:00:00+00:00
[2024-10-08T23:45:33.946+0000] {logging_mixin.py:190} INFO - [2024-10-08T23:45:33.946+0000] {dag.py:4180} INFO - Setting next_dagrun for read_dataset_event_from_classic to 2024-10-07 00:00:00+00:00, run_after=2024-10-08 00:00:00+00:00
[2024-10-08T23:45:33.955+0000] {processor.py:208} INFO - Processing /home/airflow/.local/lib/python3.12/site-packages/airflow/example_dags/example_inlet_event_extra.py took 0.115 seconds
[2024-10-08T23:46:04.030+0000] {processor.py:186} INFO - Started process (PID=372) to work on /home/airflow/.local/lib/python3.12/site-packages/airflow/example_dags/example_inlet_event_extra.py
[2024-10-08T23:46:04.031+0000] {processor.py:914} INFO - Processing file /home/airflow/.local/lib/python3.12/site-packages/airflow/example_dags/example_inlet_event_extra.py for tasks to queue
[2024-10-08T23:46:04.033+0000] {logging_mixin.py:190} INFO - [2024-10-08T23:46:04.032+0000] {dagbag.py:588} INFO - Filling up the DagBag from /home/airflow/.local/lib/python3.12/site-packages/airflow/example_dags/example_inlet_event_extra.py
[2024-10-08T23:46:04.105+0000] {processor.py:925} INFO - DAG(s) 'read_dataset_event', 'read_dataset_event_from_classic' retrieved from /home/airflow/.local/lib/python3.12/site-packages/airflow/example_dags/example_inlet_event_extra.py
[2024-10-08T23:46:04.119+0000] {logging_mixin.py:190} INFO - [2024-10-08T23:46:04.119+0000] {dag.py:3239} INFO - Sync 2 DAGs
[2024-10-08T23:46:04.132+0000] {logging_mixin.py:190} INFO - [2024-10-08T23:46:04.132+0000] {dag.py:4180} INFO - Setting next_dagrun for read_dataset_event to 2024-10-07 00:00:00+00:00, run_after=2024-10-08 00:00:00+00:00
[2024-10-08T23:46:04.135+0000] {logging_mixin.py:190} INFO - [2024-10-08T23:46:04.135+0000] {dag.py:4180} INFO - Setting next_dagrun for read_dataset_event_from_classic to 2024-10-07 00:00:00+00:00, run_after=2024-10-08 00:00:00+00:00
[2024-10-08T23:46:04.144+0000] {processor.py:208} INFO - Processing /home/airflow/.local/lib/python3.12/site-packages/airflow/example_dags/example_inlet_event_extra.py took 0.117 seconds
[2024-10-08T23:46:35.244+0000] {processor.py:186} INFO - Started process (PID=435) to work on /home/airflow/.local/lib/python3.12/site-packages/airflow/example_dags/example_inlet_event_extra.py
[2024-10-08T23:46:35.245+0000] {processor.py:914} INFO - Processing file /home/airflow/.local/lib/python3.12/site-packages/airflow/example_dags/example_inlet_event_extra.py for tasks to queue
[2024-10-08T23:46:35.246+0000] {logging_mixin.py:190} INFO - [2024-10-08T23:46:35.246+0000] {dagbag.py:588} INFO - Filling up the DagBag from /home/airflow/.local/lib/python3.12/site-packages/airflow/example_dags/example_inlet_event_extra.py
[2024-10-08T23:46:35.326+0000] {processor.py:925} INFO - DAG(s) 'read_dataset_event_from_classic', 'read_dataset_event' retrieved from /home/airflow/.local/lib/python3.12/site-packages/airflow/example_dags/example_inlet_event_extra.py
[2024-10-08T23:46:35.339+0000] {logging_mixin.py:190} INFO - [2024-10-08T23:46:35.339+0000] {dag.py:3239} INFO - Sync 2 DAGs
[2024-10-08T23:46:35.354+0000] {logging_mixin.py:190} INFO - [2024-10-08T23:46:35.354+0000] {dag.py:4180} INFO - Setting next_dagrun for read_dataset_event to 2024-10-07 00:00:00+00:00, run_after=2024-10-08 00:00:00+00:00
[2024-10-08T23:46:35.356+0000] {logging_mixin.py:190} INFO - [2024-10-08T23:46:35.356+0000] {dag.py:4180} INFO - Setting next_dagrun for read_dataset_event_from_classic to 2024-10-07 00:00:00+00:00, run_after=2024-10-08 00:00:00+00:00
[2024-10-08T23:46:35.366+0000] {processor.py:208} INFO - Processing /home/airflow/.local/lib/python3.12/site-packages/airflow/example_dags/example_inlet_event_extra.py took 0.126 seconds
[2024-10-08T23:47:05.406+0000] {processor.py:186} INFO - Started process (PID=499) to work on /home/airflow/.local/lib/python3.12/site-packages/airflow/example_dags/example_inlet_event_extra.py
[2024-10-08T23:47:05.407+0000] {processor.py:914} INFO - Processing file /home/airflow/.local/lib/python3.12/site-packages/airflow/example_dags/example_inlet_event_extra.py for tasks to queue
[2024-10-08T23:47:05.409+0000] {logging_mixin.py:190} INFO - [2024-10-08T23:47:05.408+0000] {dagbag.py:588} INFO - Filling up the DagBag from /home/airflow/.local/lib/python3.12/site-packages/airflow/example_dags/example_inlet_event_extra.py
[2024-10-08T23:47:05.481+0000] {processor.py:925} INFO - DAG(s) 'read_dataset_event', 'read_dataset_event_from_classic' retrieved from /home/airflow/.local/lib/python3.12/site-packages/airflow/example_dags/example_inlet_event_extra.py
[2024-10-08T23:47:05.492+0000] {logging_mixin.py:190} INFO - [2024-10-08T23:47:05.492+0000] {dag.py:3239} INFO - Sync 2 DAGs
[2024-10-08T23:47:05.506+0000] {logging_mixin.py:190} INFO - [2024-10-08T23:47:05.506+0000] {dag.py:4180} INFO - Setting next_dagrun for read_dataset_event to 2024-10-07 00:00:00+00:00, run_after=2024-10-08 00:00:00+00:00
[2024-10-08T23:47:05.509+0000] {logging_mixin.py:190} INFO - [2024-10-08T23:47:05.509+0000] {dag.py:4180} INFO - Setting next_dagrun for read_dataset_event_from_classic to 2024-10-07 00:00:00+00:00, run_after=2024-10-08 00:00:00+00:00
[2024-10-08T23:47:05.518+0000] {processor.py:208} INFO - Processing /home/airflow/.local/lib/python3.12/site-packages/airflow/example_dags/example_inlet_event_extra.py took 0.115 seconds
[2024-10-08T23:47:35.654+0000] {processor.py:186} INFO - Started process (PID=562) to work on /home/airflow/.local/lib/python3.12/site-packages/airflow/example_dags/example_inlet_event_extra.py
[2024-10-08T23:47:35.654+0000] {processor.py:914} INFO - Processing file /home/airflow/.local/lib/python3.12/site-packages/airflow/example_dags/example_inlet_event_extra.py for tasks to queue
[2024-10-08T23:47:35.656+0000] {logging_mixin.py:190} INFO - [2024-10-08T23:47:35.656+0000] {dagbag.py:588} INFO - Filling up the DagBag from /home/airflow/.local/lib/python3.12/site-packages/airflow/example_dags/example_inlet_event_extra.py
[2024-10-08T23:47:35.731+0000] {processor.py:925} INFO - DAG(s) 'read_dataset_event_from_classic', 'read_dataset_event' retrieved from /home/airflow/.local/lib/python3.12/site-packages/airflow/example_dags/example_inlet_event_extra.py
[2024-10-08T23:47:35.743+0000] {logging_mixin.py:190} INFO - [2024-10-08T23:47:35.743+0000] {dag.py:3239} INFO - Sync 2 DAGs
[2024-10-08T23:47:35.757+0000] {logging_mixin.py:190} INFO - [2024-10-08T23:47:35.757+0000] {dag.py:4180} INFO - Setting next_dagrun for read_dataset_event to 2024-10-07 00:00:00+00:00, run_after=2024-10-08 00:00:00+00:00
[2024-10-08T23:47:35.760+0000] {logging_mixin.py:190} INFO - [2024-10-08T23:47:35.760+0000] {dag.py:4180} INFO - Setting next_dagrun for read_dataset_event_from_classic to 2024-10-07 00:00:00+00:00, run_after=2024-10-08 00:00:00+00:00
[2024-10-08T23:47:35.770+0000] {processor.py:208} INFO - Processing /home/airflow/.local/lib/python3.12/site-packages/airflow/example_dags/example_inlet_event_extra.py took 0.120 seconds
[2024-10-08T23:48:05.812+0000] {processor.py:186} INFO - Started process (PID=624) to work on /home/airflow/.local/lib/python3.12/site-packages/airflow/example_dags/example_inlet_event_extra.py
[2024-10-08T23:48:05.813+0000] {processor.py:914} INFO - Processing file /home/airflow/.local/lib/python3.12/site-packages/airflow/example_dags/example_inlet_event_extra.py for tasks to queue
[2024-10-08T23:48:05.814+0000] {logging_mixin.py:190} INFO - [2024-10-08T23:48:05.814+0000] {dagbag.py:588} INFO - Filling up the DagBag from /home/airflow/.local/lib/python3.12/site-packages/airflow/example_dags/example_inlet_event_extra.py
[2024-10-08T23:48:05.894+0000] {processor.py:925} INFO - DAG(s) 'read_dataset_event', 'read_dataset_event_from_classic' retrieved from /home/airflow/.local/lib/python3.12/site-packages/airflow/example_dags/example_inlet_event_extra.py
[2024-10-08T23:48:05.906+0000] {logging_mixin.py:190} INFO - [2024-10-08T23:48:05.906+0000] {dag.py:3239} INFO - Sync 2 DAGs
[2024-10-08T23:48:05.920+0000] {logging_mixin.py:190} INFO - [2024-10-08T23:48:05.920+0000] {dag.py:4180} INFO - Setting next_dagrun for read_dataset_event to 2024-10-07 00:00:00+00:00, run_after=2024-10-08 00:00:00+00:00
[2024-10-08T23:48:05.923+0000] {logging_mixin.py:190} INFO - [2024-10-08T23:48:05.923+0000] {dag.py:4180} INFO - Setting next_dagrun for read_dataset_event_from_classic to 2024-10-07 00:00:00+00:00, run_after=2024-10-08 00:00:00+00:00
[2024-10-08T23:48:05.931+0000] {processor.py:208} INFO - Processing /home/airflow/.local/lib/python3.12/site-packages/airflow/example_dags/example_inlet_event_extra.py took 0.124 seconds
[2024-10-08T23:48:35.984+0000] {processor.py:186} INFO - Started process (PID=687) to work on /home/airflow/.local/lib/python3.12/site-packages/airflow/example_dags/example_inlet_event_extra.py
[2024-10-08T23:48:35.985+0000] {processor.py:914} INFO - Processing file /home/airflow/.local/lib/python3.12/site-packages/airflow/example_dags/example_inlet_event_extra.py for tasks to queue
[2024-10-08T23:48:35.986+0000] {logging_mixin.py:190} INFO - [2024-10-08T23:48:35.986+0000] {dagbag.py:588} INFO - Filling up the DagBag from /home/airflow/.local/lib/python3.12/site-packages/airflow/example_dags/example_inlet_event_extra.py
[2024-10-08T23:48:36.058+0000] {processor.py:925} INFO - DAG(s) 'read_dataset_event', 'read_dataset_event_from_classic' retrieved from /home/airflow/.local/lib/python3.12/site-packages/airflow/example_dags/example_inlet_event_extra.py
[2024-10-08T23:48:36.070+0000] {logging_mixin.py:190} INFO - [2024-10-08T23:48:36.070+0000] {dag.py:3239} INFO - Sync 2 DAGs
[2024-10-08T23:48:36.083+0000] {logging_mixin.py:190} INFO - [2024-10-08T23:48:36.083+0000] {dag.py:4180} INFO - Setting next_dagrun for read_dataset_event to 2024-10-07 00:00:00+00:00, run_after=2024-10-08 00:00:00+00:00
[2024-10-08T23:48:36.086+0000] {logging_mixin.py:190} INFO - [2024-10-08T23:48:36.086+0000] {dag.py:4180} INFO - Setting next_dagrun for read_dataset_event_from_classic to 2024-10-07 00:00:00+00:00, run_after=2024-10-08 00:00:00+00:00
[2024-10-08T23:48:36.095+0000] {processor.py:208} INFO - Processing /home/airflow/.local/lib/python3.12/site-packages/airflow/example_dags/example_inlet_event_extra.py took 0.114 seconds
[2024-10-08T23:49:07.107+0000] {processor.py:186} INFO - Started process (PID=750) to work on /home/airflow/.local/lib/python3.12/site-packages/airflow/example_dags/example_inlet_event_extra.py
[2024-10-08T23:49:07.108+0000] {processor.py:914} INFO - Processing file /home/airflow/.local/lib/python3.12/site-packages/airflow/example_dags/example_inlet_event_extra.py for tasks to queue
[2024-10-08T23:49:07.109+0000] {logging_mixin.py:190} INFO - [2024-10-08T23:49:07.109+0000] {dagbag.py:588} INFO - Filling up the DagBag from /home/airflow/.local/lib/python3.12/site-packages/airflow/example_dags/example_inlet_event_extra.py
[2024-10-08T23:49:07.183+0000] {processor.py:925} INFO - DAG(s) 'read_dataset_event', 'read_dataset_event_from_classic' retrieved from /home/airflow/.local/lib/python3.12/site-packages/airflow/example_dags/example_inlet_event_extra.py
[2024-10-08T23:49:07.194+0000] {logging_mixin.py:190} INFO - [2024-10-08T23:49:07.194+0000] {dag.py:3239} INFO - Sync 2 DAGs
[2024-10-08T23:49:07.207+0000] {logging_mixin.py:190} INFO - [2024-10-08T23:49:07.207+0000] {dag.py:4180} INFO - Setting next_dagrun for read_dataset_event to 2024-10-07 00:00:00+00:00, run_after=2024-10-08 00:00:00+00:00
[2024-10-08T23:49:07.209+0000] {logging_mixin.py:190} INFO - [2024-10-08T23:49:07.209+0000] {dag.py:4180} INFO - Setting next_dagrun for read_dataset_event_from_classic to 2024-10-07 00:00:00+00:00, run_after=2024-10-08 00:00:00+00:00
[2024-10-08T23:49:07.219+0000] {processor.py:208} INFO - Processing /home/airflow/.local/lib/python3.12/site-packages/airflow/example_dags/example_inlet_event_extra.py took 0.115 seconds
[2024-10-08T23:49:38.411+0000] {processor.py:186} INFO - Started process (PID=813) to work on /home/airflow/.local/lib/python3.12/site-packages/airflow/example_dags/example_inlet_event_extra.py
[2024-10-08T23:49:38.412+0000] {processor.py:914} INFO - Processing file /home/airflow/.local/lib/python3.12/site-packages/airflow/example_dags/example_inlet_event_extra.py for tasks to queue
[2024-10-08T23:49:38.414+0000] {logging_mixin.py:190} INFO - [2024-10-08T23:49:38.414+0000] {dagbag.py:588} INFO - Filling up the DagBag from /home/airflow/.local/lib/python3.12/site-packages/airflow/example_dags/example_inlet_event_extra.py
[2024-10-08T23:49:38.491+0000] {processor.py:925} INFO - DAG(s) 'read_dataset_event_from_classic', 'read_dataset_event' retrieved from /home/airflow/.local/lib/python3.12/site-packages/airflow/example_dags/example_inlet_event_extra.py
[2024-10-08T23:49:38.503+0000] {logging_mixin.py:190} INFO - [2024-10-08T23:49:38.503+0000] {dag.py:3239} INFO - Sync 2 DAGs
[2024-10-08T23:49:38.517+0000] {logging_mixin.py:190} INFO - [2024-10-08T23:49:38.517+0000] {dag.py:4180} INFO - Setting next_dagrun for read_dataset_event to 2024-10-07 00:00:00+00:00, run_after=2024-10-08 00:00:00+00:00
[2024-10-08T23:49:38.520+0000] {logging_mixin.py:190} INFO - [2024-10-08T23:49:38.519+0000] {dag.py:4180} INFO - Setting next_dagrun for read_dataset_event_from_classic to 2024-10-07 00:00:00+00:00, run_after=2024-10-08 00:00:00+00:00
[2024-10-08T23:49:38.529+0000] {processor.py:208} INFO - Processing /home/airflow/.local/lib/python3.12/site-packages/airflow/example_dags/example_inlet_event_extra.py took 0.121 seconds
[2024-10-08T23:50:08.659+0000] {processor.py:186} INFO - Started process (PID=876) to work on /home/airflow/.local/lib/python3.12/site-packages/airflow/example_dags/example_inlet_event_extra.py
[2024-10-08T23:50:08.660+0000] {processor.py:914} INFO - Processing file /home/airflow/.local/lib/python3.12/site-packages/airflow/example_dags/example_inlet_event_extra.py for tasks to queue
[2024-10-08T23:50:08.661+0000] {logging_mixin.py:190} INFO - [2024-10-08T23:50:08.661+0000] {dagbag.py:588} INFO - Filling up the DagBag from /home/airflow/.local/lib/python3.12/site-packages/airflow/example_dags/example_inlet_event_extra.py
[2024-10-08T23:50:08.740+0000] {processor.py:925} INFO - DAG(s) 'read_dataset_event', 'read_dataset_event_from_classic' retrieved from /home/airflow/.local/lib/python3.12/site-packages/airflow/example_dags/example_inlet_event_extra.py
[2024-10-08T23:50:08.752+0000] {logging_mixin.py:190} INFO - [2024-10-08T23:50:08.752+0000] {dag.py:3239} INFO - Sync 2 DAGs
[2024-10-08T23:50:08.766+0000] {logging_mixin.py:190} INFO - [2024-10-08T23:50:08.765+0000] {dag.py:4180} INFO - Setting next_dagrun for read_dataset_event to 2024-10-07 00:00:00+00:00, run_after=2024-10-08 00:00:00+00:00
[2024-10-08T23:50:08.768+0000] {logging_mixin.py:190} INFO - [2024-10-08T23:50:08.768+0000] {dag.py:4180} INFO - Setting next_dagrun for read_dataset_event_from_classic to 2024-10-07 00:00:00+00:00, run_after=2024-10-08 00:00:00+00:00
[2024-10-08T23:50:08.778+0000] {processor.py:208} INFO - Processing /home/airflow/.local/lib/python3.12/site-packages/airflow/example_dags/example_inlet_event_extra.py took 0.122 seconds
