[2024-10-08T23:14:23.814+0000] {processor.py:186} INFO - Started process (PID=15701) to work on /home/airflow/.local/lib/python3.12/site-packages/airflow/example_dags/example_external_task_marker_dag.py
[2024-10-08T23:14:23.815+0000] {processor.py:914} INFO - Processing file /home/airflow/.local/lib/python3.12/site-packages/airflow/example_dags/example_external_task_marker_dag.py for tasks to queue
[2024-10-08T23:14:23.816+0000] {logging_mixin.py:190} INFO - [2024-10-08T23:14:23.816+0000] {dagbag.py:588} INFO - Filling up the DagBag from /home/airflow/.local/lib/python3.12/site-packages/airflow/example_dags/example_external_task_marker_dag.py
[2024-10-08T23:14:23.821+0000] {processor.py:925} INFO - DAG(s) 'example_external_task_marker_parent', 'example_external_task_marker_child' retrieved from /home/airflow/.local/lib/python3.12/site-packages/airflow/example_dags/example_external_task_marker_dag.py
[2024-10-08T23:14:23.834+0000] {logging_mixin.py:190} INFO - [2024-10-08T23:14:23.834+0000] {dag.py:3239} INFO - Sync 2 DAGs
[2024-10-08T23:14:23.843+0000] {logging_mixin.py:190} INFO - [2024-10-08T23:14:23.843+0000] {dag.py:4180} INFO - Setting next_dagrun for example_external_task_marker_child to None, run_after=None
[2024-10-08T23:14:23.845+0000] {logging_mixin.py:190} INFO - [2024-10-08T23:14:23.845+0000] {dag.py:4180} INFO - Setting next_dagrun for example_external_task_marker_parent to None, run_after=None
[2024-10-08T23:14:23.856+0000] {processor.py:208} INFO - Processing /home/airflow/.local/lib/python3.12/site-packages/airflow/example_dags/example_external_task_marker_dag.py took 0.045 seconds
[2024-10-08T23:34:23.264+0000] {processor.py:186} INFO - Started process (PID=161) to work on /home/airflow/.local/lib/python3.12/site-packages/airflow/example_dags/example_external_task_marker_dag.py
[2024-10-08T23:34:23.265+0000] {processor.py:914} INFO - Processing file /home/airflow/.local/lib/python3.12/site-packages/airflow/example_dags/example_external_task_marker_dag.py for tasks to queue
[2024-10-08T23:34:23.268+0000] {logging_mixin.py:190} INFO - [2024-10-08T23:34:23.267+0000] {dagbag.py:588} INFO - Filling up the DagBag from /home/airflow/.local/lib/python3.12/site-packages/airflow/example_dags/example_external_task_marker_dag.py
[2024-10-08T23:34:23.272+0000] {processor.py:925} INFO - DAG(s) 'example_external_task_marker_parent', 'example_external_task_marker_child' retrieved from /home/airflow/.local/lib/python3.12/site-packages/airflow/example_dags/example_external_task_marker_dag.py
[2024-10-08T23:34:23.285+0000] {logging_mixin.py:190} INFO - [2024-10-08T23:34:23.285+0000] {dag.py:3239} INFO - Sync 2 DAGs
[2024-10-08T23:34:23.293+0000] {logging_mixin.py:190} INFO - [2024-10-08T23:34:23.293+0000] {dag.py:4180} INFO - Setting next_dagrun for example_external_task_marker_child to None, run_after=None
[2024-10-08T23:34:23.295+0000] {logging_mixin.py:190} INFO - [2024-10-08T23:34:23.295+0000] {dag.py:4180} INFO - Setting next_dagrun for example_external_task_marker_parent to None, run_after=None
[2024-10-08T23:34:23.304+0000] {processor.py:208} INFO - Processing /home/airflow/.local/lib/python3.12/site-packages/airflow/example_dags/example_external_task_marker_dag.py took 0.043 seconds
[2024-10-08T23:34:53.859+0000] {processor.py:186} INFO - Started process (PID=224) to work on /home/airflow/.local/lib/python3.12/site-packages/airflow/example_dags/example_external_task_marker_dag.py
[2024-10-08T23:34:53.859+0000] {processor.py:914} INFO - Processing file /home/airflow/.local/lib/python3.12/site-packages/airflow/example_dags/example_external_task_marker_dag.py for tasks to queue
[2024-10-08T23:34:53.861+0000] {logging_mixin.py:190} INFO - [2024-10-08T23:34:53.860+0000] {dagbag.py:588} INFO - Filling up the DagBag from /home/airflow/.local/lib/python3.12/site-packages/airflow/example_dags/example_external_task_marker_dag.py
[2024-10-08T23:34:53.865+0000] {processor.py:925} INFO - DAG(s) 'example_external_task_marker_child', 'example_external_task_marker_parent' retrieved from /home/airflow/.local/lib/python3.12/site-packages/airflow/example_dags/example_external_task_marker_dag.py
[2024-10-08T23:34:53.878+0000] {logging_mixin.py:190} INFO - [2024-10-08T23:34:53.878+0000] {dag.py:3239} INFO - Sync 2 DAGs
[2024-10-08T23:34:53.887+0000] {logging_mixin.py:190} INFO - [2024-10-08T23:34:53.887+0000] {dag.py:4180} INFO - Setting next_dagrun for example_external_task_marker_child to None, run_after=None
[2024-10-08T23:34:53.890+0000] {logging_mixin.py:190} INFO - [2024-10-08T23:34:53.890+0000] {dag.py:4180} INFO - Setting next_dagrun for example_external_task_marker_parent to None, run_after=None
[2024-10-08T23:34:53.899+0000] {processor.py:208} INFO - Processing /home/airflow/.local/lib/python3.12/site-packages/airflow/example_dags/example_external_task_marker_dag.py took 0.043 seconds
[2024-10-08T23:35:24.450+0000] {processor.py:186} INFO - Started process (PID=287) to work on /home/airflow/.local/lib/python3.12/site-packages/airflow/example_dags/example_external_task_marker_dag.py
[2024-10-08T23:35:24.451+0000] {processor.py:914} INFO - Processing file /home/airflow/.local/lib/python3.12/site-packages/airflow/example_dags/example_external_task_marker_dag.py for tasks to queue
[2024-10-08T23:35:24.452+0000] {logging_mixin.py:190} INFO - [2024-10-08T23:35:24.452+0000] {dagbag.py:588} INFO - Filling up the DagBag from /home/airflow/.local/lib/python3.12/site-packages/airflow/example_dags/example_external_task_marker_dag.py
[2024-10-08T23:35:24.457+0000] {processor.py:925} INFO - DAG(s) 'example_external_task_marker_child', 'example_external_task_marker_parent' retrieved from /home/airflow/.local/lib/python3.12/site-packages/airflow/example_dags/example_external_task_marker_dag.py
[2024-10-08T23:35:24.469+0000] {logging_mixin.py:190} INFO - [2024-10-08T23:35:24.469+0000] {dag.py:3239} INFO - Sync 2 DAGs
[2024-10-08T23:35:24.477+0000] {logging_mixin.py:190} INFO - [2024-10-08T23:35:24.477+0000] {dag.py:4180} INFO - Setting next_dagrun for example_external_task_marker_child to None, run_after=None
[2024-10-08T23:35:24.479+0000] {logging_mixin.py:190} INFO - [2024-10-08T23:35:24.479+0000] {dag.py:4180} INFO - Setting next_dagrun for example_external_task_marker_parent to None, run_after=None
[2024-10-08T23:35:24.488+0000] {processor.py:208} INFO - Processing /home/airflow/.local/lib/python3.12/site-packages/airflow/example_dags/example_external_task_marker_dag.py took 0.042 seconds
[2024-10-08T23:35:54.715+0000] {processor.py:186} INFO - Started process (PID=350) to work on /home/airflow/.local/lib/python3.12/site-packages/airflow/example_dags/example_external_task_marker_dag.py
[2024-10-08T23:35:54.716+0000] {processor.py:914} INFO - Processing file /home/airflow/.local/lib/python3.12/site-packages/airflow/example_dags/example_external_task_marker_dag.py for tasks to queue
[2024-10-08T23:35:54.717+0000] {logging_mixin.py:190} INFO - [2024-10-08T23:35:54.717+0000] {dagbag.py:588} INFO - Filling up the DagBag from /home/airflow/.local/lib/python3.12/site-packages/airflow/example_dags/example_external_task_marker_dag.py
[2024-10-08T23:35:54.721+0000] {processor.py:925} INFO - DAG(s) 'example_external_task_marker_child', 'example_external_task_marker_parent' retrieved from /home/airflow/.local/lib/python3.12/site-packages/airflow/example_dags/example_external_task_marker_dag.py
[2024-10-08T23:35:54.733+0000] {logging_mixin.py:190} INFO - [2024-10-08T23:35:54.733+0000] {dag.py:3239} INFO - Sync 2 DAGs
[2024-10-08T23:35:54.741+0000] {logging_mixin.py:190} INFO - [2024-10-08T23:35:54.741+0000] {dag.py:4180} INFO - Setting next_dagrun for example_external_task_marker_child to None, run_after=None
[2024-10-08T23:35:54.743+0000] {logging_mixin.py:190} INFO - [2024-10-08T23:35:54.743+0000] {dag.py:4180} INFO - Setting next_dagrun for example_external_task_marker_parent to None, run_after=None
[2024-10-08T23:35:54.753+0000] {processor.py:208} INFO - Processing /home/airflow/.local/lib/python3.12/site-packages/airflow/example_dags/example_external_task_marker_dag.py took 0.041 seconds
[2024-10-08T23:36:24.865+0000] {processor.py:186} INFO - Started process (PID=413) to work on /home/airflow/.local/lib/python3.12/site-packages/airflow/example_dags/example_external_task_marker_dag.py
[2024-10-08T23:36:24.866+0000] {processor.py:914} INFO - Processing file /home/airflow/.local/lib/python3.12/site-packages/airflow/example_dags/example_external_task_marker_dag.py for tasks to queue
[2024-10-08T23:36:24.867+0000] {logging_mixin.py:190} INFO - [2024-10-08T23:36:24.867+0000] {dagbag.py:588} INFO - Filling up the DagBag from /home/airflow/.local/lib/python3.12/site-packages/airflow/example_dags/example_external_task_marker_dag.py
[2024-10-08T23:36:24.871+0000] {processor.py:925} INFO - DAG(s) 'example_external_task_marker_parent', 'example_external_task_marker_child' retrieved from /home/airflow/.local/lib/python3.12/site-packages/airflow/example_dags/example_external_task_marker_dag.py
[2024-10-08T23:36:24.884+0000] {logging_mixin.py:190} INFO - [2024-10-08T23:36:24.884+0000] {dag.py:3239} INFO - Sync 2 DAGs
[2024-10-08T23:36:24.892+0000] {logging_mixin.py:190} INFO - [2024-10-08T23:36:24.892+0000] {dag.py:4180} INFO - Setting next_dagrun for example_external_task_marker_child to None, run_after=None
[2024-10-08T23:36:24.894+0000] {logging_mixin.py:190} INFO - [2024-10-08T23:36:24.894+0000] {dag.py:4180} INFO - Setting next_dagrun for example_external_task_marker_parent to None, run_after=None
[2024-10-08T23:36:24.903+0000] {processor.py:208} INFO - Processing /home/airflow/.local/lib/python3.12/site-packages/airflow/example_dags/example_external_task_marker_dag.py took 0.041 seconds
[2024-10-08T23:36:55.028+0000] {processor.py:186} INFO - Started process (PID=476) to work on /home/airflow/.local/lib/python3.12/site-packages/airflow/example_dags/example_external_task_marker_dag.py
[2024-10-08T23:36:55.029+0000] {processor.py:914} INFO - Processing file /home/airflow/.local/lib/python3.12/site-packages/airflow/example_dags/example_external_task_marker_dag.py for tasks to queue
[2024-10-08T23:36:55.030+0000] {logging_mixin.py:190} INFO - [2024-10-08T23:36:55.030+0000] {dagbag.py:588} INFO - Filling up the DagBag from /home/airflow/.local/lib/python3.12/site-packages/airflow/example_dags/example_external_task_marker_dag.py
[2024-10-08T23:36:55.034+0000] {processor.py:925} INFO - DAG(s) 'example_external_task_marker_parent', 'example_external_task_marker_child' retrieved from /home/airflow/.local/lib/python3.12/site-packages/airflow/example_dags/example_external_task_marker_dag.py
[2024-10-08T23:36:55.047+0000] {logging_mixin.py:190} INFO - [2024-10-08T23:36:55.047+0000] {dag.py:3239} INFO - Sync 2 DAGs
[2024-10-08T23:36:55.055+0000] {logging_mixin.py:190} INFO - [2024-10-08T23:36:55.055+0000] {dag.py:4180} INFO - Setting next_dagrun for example_external_task_marker_child to None, run_after=None
[2024-10-08T23:36:55.057+0000] {logging_mixin.py:190} INFO - [2024-10-08T23:36:55.057+0000] {dag.py:4180} INFO - Setting next_dagrun for example_external_task_marker_parent to None, run_after=None
[2024-10-08T23:36:55.066+0000] {processor.py:208} INFO - Processing /home/airflow/.local/lib/python3.12/site-packages/airflow/example_dags/example_external_task_marker_dag.py took 0.042 seconds
[2024-10-08T23:37:25.263+0000] {processor.py:186} INFO - Started process (PID=539) to work on /home/airflow/.local/lib/python3.12/site-packages/airflow/example_dags/example_external_task_marker_dag.py
[2024-10-08T23:37:25.263+0000] {processor.py:914} INFO - Processing file /home/airflow/.local/lib/python3.12/site-packages/airflow/example_dags/example_external_task_marker_dag.py for tasks to queue
[2024-10-08T23:37:25.264+0000] {logging_mixin.py:190} INFO - [2024-10-08T23:37:25.264+0000] {dagbag.py:588} INFO - Filling up the DagBag from /home/airflow/.local/lib/python3.12/site-packages/airflow/example_dags/example_external_task_marker_dag.py
[2024-10-08T23:37:25.269+0000] {processor.py:925} INFO - DAG(s) 'example_external_task_marker_child', 'example_external_task_marker_parent' retrieved from /home/airflow/.local/lib/python3.12/site-packages/airflow/example_dags/example_external_task_marker_dag.py
[2024-10-08T23:37:25.280+0000] {logging_mixin.py:190} INFO - [2024-10-08T23:37:25.280+0000] {dag.py:3239} INFO - Sync 2 DAGs
[2024-10-08T23:37:25.288+0000] {logging_mixin.py:190} INFO - [2024-10-08T23:37:25.288+0000] {dag.py:4180} INFO - Setting next_dagrun for example_external_task_marker_child to None, run_after=None
[2024-10-08T23:37:25.291+0000] {logging_mixin.py:190} INFO - [2024-10-08T23:37:25.291+0000] {dag.py:4180} INFO - Setting next_dagrun for example_external_task_marker_parent to None, run_after=None
[2024-10-08T23:37:25.299+0000] {processor.py:208} INFO - Processing /home/airflow/.local/lib/python3.12/site-packages/airflow/example_dags/example_external_task_marker_dag.py took 0.040 seconds
[2024-10-08T23:37:55.604+0000] {processor.py:186} INFO - Started process (PID=602) to work on /home/airflow/.local/lib/python3.12/site-packages/airflow/example_dags/example_external_task_marker_dag.py
[2024-10-08T23:37:55.605+0000] {processor.py:914} INFO - Processing file /home/airflow/.local/lib/python3.12/site-packages/airflow/example_dags/example_external_task_marker_dag.py for tasks to queue
[2024-10-08T23:37:55.606+0000] {logging_mixin.py:190} INFO - [2024-10-08T23:37:55.606+0000] {dagbag.py:588} INFO - Filling up the DagBag from /home/airflow/.local/lib/python3.12/site-packages/airflow/example_dags/example_external_task_marker_dag.py
[2024-10-08T23:37:55.611+0000] {processor.py:925} INFO - DAG(s) 'example_external_task_marker_parent', 'example_external_task_marker_child' retrieved from /home/airflow/.local/lib/python3.12/site-packages/airflow/example_dags/example_external_task_marker_dag.py
[2024-10-08T23:37:55.623+0000] {logging_mixin.py:190} INFO - [2024-10-08T23:37:55.623+0000] {dag.py:3239} INFO - Sync 2 DAGs
[2024-10-08T23:37:55.631+0000] {logging_mixin.py:190} INFO - [2024-10-08T23:37:55.631+0000] {dag.py:4180} INFO - Setting next_dagrun for example_external_task_marker_child to None, run_after=None
[2024-10-08T23:37:55.633+0000] {logging_mixin.py:190} INFO - [2024-10-08T23:37:55.633+0000] {dag.py:4180} INFO - Setting next_dagrun for example_external_task_marker_parent to None, run_after=None
[2024-10-08T23:37:55.642+0000] {processor.py:208} INFO - Processing /home/airflow/.local/lib/python3.12/site-packages/airflow/example_dags/example_external_task_marker_dag.py took 0.041 seconds
[2024-10-08T23:38:25.991+0000] {processor.py:186} INFO - Started process (PID=665) to work on /home/airflow/.local/lib/python3.12/site-packages/airflow/example_dags/example_external_task_marker_dag.py
[2024-10-08T23:38:25.992+0000] {processor.py:914} INFO - Processing file /home/airflow/.local/lib/python3.12/site-packages/airflow/example_dags/example_external_task_marker_dag.py for tasks to queue
[2024-10-08T23:38:25.993+0000] {logging_mixin.py:190} INFO - [2024-10-08T23:38:25.993+0000] {dagbag.py:588} INFO - Filling up the DagBag from /home/airflow/.local/lib/python3.12/site-packages/airflow/example_dags/example_external_task_marker_dag.py
[2024-10-08T23:38:25.997+0000] {processor.py:925} INFO - DAG(s) 'example_external_task_marker_parent', 'example_external_task_marker_child' retrieved from /home/airflow/.local/lib/python3.12/site-packages/airflow/example_dags/example_external_task_marker_dag.py
[2024-10-08T23:38:26.009+0000] {logging_mixin.py:190} INFO - [2024-10-08T23:38:26.009+0000] {dag.py:3239} INFO - Sync 2 DAGs
[2024-10-08T23:38:26.017+0000] {logging_mixin.py:190} INFO - [2024-10-08T23:38:26.017+0000] {dag.py:4180} INFO - Setting next_dagrun for example_external_task_marker_child to None, run_after=None
[2024-10-08T23:38:26.019+0000] {logging_mixin.py:190} INFO - [2024-10-08T23:38:26.019+0000] {dag.py:4180} INFO - Setting next_dagrun for example_external_task_marker_parent to None, run_after=None
[2024-10-08T23:38:26.028+0000] {processor.py:208} INFO - Processing /home/airflow/.local/lib/python3.12/site-packages/airflow/example_dags/example_external_task_marker_dag.py took 0.040 seconds
[2024-10-08T23:38:56.119+0000] {processor.py:186} INFO - Started process (PID=728) to work on /home/airflow/.local/lib/python3.12/site-packages/airflow/example_dags/example_external_task_marker_dag.py
[2024-10-08T23:38:56.119+0000] {processor.py:914} INFO - Processing file /home/airflow/.local/lib/python3.12/site-packages/airflow/example_dags/example_external_task_marker_dag.py for tasks to queue
[2024-10-08T23:38:56.121+0000] {logging_mixin.py:190} INFO - [2024-10-08T23:38:56.121+0000] {dagbag.py:588} INFO - Filling up the DagBag from /home/airflow/.local/lib/python3.12/site-packages/airflow/example_dags/example_external_task_marker_dag.py
[2024-10-08T23:38:56.125+0000] {processor.py:925} INFO - DAG(s) 'example_external_task_marker_child', 'example_external_task_marker_parent' retrieved from /home/airflow/.local/lib/python3.12/site-packages/airflow/example_dags/example_external_task_marker_dag.py
[2024-10-08T23:38:56.137+0000] {logging_mixin.py:190} INFO - [2024-10-08T23:38:56.136+0000] {dag.py:3239} INFO - Sync 2 DAGs
[2024-10-08T23:38:56.144+0000] {logging_mixin.py:190} INFO - [2024-10-08T23:38:56.144+0000] {dag.py:4180} INFO - Setting next_dagrun for example_external_task_marker_child to None, run_after=None
[2024-10-08T23:38:56.146+0000] {logging_mixin.py:190} INFO - [2024-10-08T23:38:56.146+0000] {dag.py:4180} INFO - Setting next_dagrun for example_external_task_marker_parent to None, run_after=None
[2024-10-08T23:38:56.155+0000] {processor.py:208} INFO - Processing /home/airflow/.local/lib/python3.12/site-packages/airflow/example_dags/example_external_task_marker_dag.py took 0.039 seconds
[2024-10-08T23:39:38.953+0000] {processor.py:186} INFO - Started process (PID=154) to work on /home/airflow/.local/lib/python3.12/site-packages/airflow/example_dags/example_external_task_marker_dag.py
[2024-10-08T23:39:38.954+0000] {processor.py:914} INFO - Processing file /home/airflow/.local/lib/python3.12/site-packages/airflow/example_dags/example_external_task_marker_dag.py for tasks to queue
[2024-10-08T23:39:38.956+0000] {logging_mixin.py:190} INFO - [2024-10-08T23:39:38.955+0000] {dagbag.py:588} INFO - Filling up the DagBag from /home/airflow/.local/lib/python3.12/site-packages/airflow/example_dags/example_external_task_marker_dag.py
[2024-10-08T23:39:38.960+0000] {processor.py:925} INFO - DAG(s) 'example_external_task_marker_child', 'example_external_task_marker_parent' retrieved from /home/airflow/.local/lib/python3.12/site-packages/airflow/example_dags/example_external_task_marker_dag.py
[2024-10-08T23:39:38.972+0000] {logging_mixin.py:190} INFO - [2024-10-08T23:39:38.971+0000] {dag.py:3239} INFO - Sync 2 DAGs
[2024-10-08T23:39:38.979+0000] {logging_mixin.py:190} INFO - [2024-10-08T23:39:38.979+0000] {dag.py:4180} INFO - Setting next_dagrun for example_external_task_marker_child to None, run_after=None
[2024-10-08T23:39:38.981+0000] {logging_mixin.py:190} INFO - [2024-10-08T23:39:38.981+0000] {dag.py:4180} INFO - Setting next_dagrun for example_external_task_marker_parent to None, run_after=None
[2024-10-08T23:39:38.989+0000] {processor.py:208} INFO - Processing /home/airflow/.local/lib/python3.12/site-packages/airflow/example_dags/example_external_task_marker_dag.py took 0.039 seconds
[2024-10-08T23:40:09.150+0000] {processor.py:186} INFO - Started process (PID=217) to work on /home/airflow/.local/lib/python3.12/site-packages/airflow/example_dags/example_external_task_marker_dag.py
[2024-10-08T23:40:09.150+0000] {processor.py:914} INFO - Processing file /home/airflow/.local/lib/python3.12/site-packages/airflow/example_dags/example_external_task_marker_dag.py for tasks to queue
[2024-10-08T23:40:09.151+0000] {logging_mixin.py:190} INFO - [2024-10-08T23:40:09.151+0000] {dagbag.py:588} INFO - Filling up the DagBag from /home/airflow/.local/lib/python3.12/site-packages/airflow/example_dags/example_external_task_marker_dag.py
[2024-10-08T23:40:09.156+0000] {processor.py:925} INFO - DAG(s) 'example_external_task_marker_child', 'example_external_task_marker_parent' retrieved from /home/airflow/.local/lib/python3.12/site-packages/airflow/example_dags/example_external_task_marker_dag.py
[2024-10-08T23:40:09.168+0000] {logging_mixin.py:190} INFO - [2024-10-08T23:40:09.168+0000] {dag.py:3239} INFO - Sync 2 DAGs
[2024-10-08T23:40:09.176+0000] {logging_mixin.py:190} INFO - [2024-10-08T23:40:09.176+0000] {dag.py:4180} INFO - Setting next_dagrun for example_external_task_marker_child to None, run_after=None
[2024-10-08T23:40:09.178+0000] {logging_mixin.py:190} INFO - [2024-10-08T23:40:09.178+0000] {dag.py:4180} INFO - Setting next_dagrun for example_external_task_marker_parent to None, run_after=None
[2024-10-08T23:40:09.187+0000] {processor.py:208} INFO - Processing /home/airflow/.local/lib/python3.12/site-packages/airflow/example_dags/example_external_task_marker_dag.py took 0.040 seconds
[2024-10-08T23:40:40.274+0000] {processor.py:186} INFO - Started process (PID=280) to work on /home/airflow/.local/lib/python3.12/site-packages/airflow/example_dags/example_external_task_marker_dag.py
[2024-10-08T23:40:40.274+0000] {processor.py:914} INFO - Processing file /home/airflow/.local/lib/python3.12/site-packages/airflow/example_dags/example_external_task_marker_dag.py for tasks to queue
[2024-10-08T23:40:40.276+0000] {logging_mixin.py:190} INFO - [2024-10-08T23:40:40.275+0000] {dagbag.py:588} INFO - Filling up the DagBag from /home/airflow/.local/lib/python3.12/site-packages/airflow/example_dags/example_external_task_marker_dag.py
[2024-10-08T23:40:40.280+0000] {processor.py:925} INFO - DAG(s) 'example_external_task_marker_child', 'example_external_task_marker_parent' retrieved from /home/airflow/.local/lib/python3.12/site-packages/airflow/example_dags/example_external_task_marker_dag.py
[2024-10-08T23:40:40.293+0000] {logging_mixin.py:190} INFO - [2024-10-08T23:40:40.292+0000] {dag.py:3239} INFO - Sync 2 DAGs
[2024-10-08T23:40:40.301+0000] {logging_mixin.py:190} INFO - [2024-10-08T23:40:40.300+0000] {dag.py:4180} INFO - Setting next_dagrun for example_external_task_marker_child to None, run_after=None
[2024-10-08T23:40:40.303+0000] {logging_mixin.py:190} INFO - [2024-10-08T23:40:40.302+0000] {dag.py:4180} INFO - Setting next_dagrun for example_external_task_marker_parent to None, run_after=None
[2024-10-08T23:40:40.311+0000] {processor.py:208} INFO - Processing /home/airflow/.local/lib/python3.12/site-packages/airflow/example_dags/example_external_task_marker_dag.py took 0.041 seconds
[2024-10-08T23:41:10.456+0000] {processor.py:186} INFO - Started process (PID=343) to work on /home/airflow/.local/lib/python3.12/site-packages/airflow/example_dags/example_external_task_marker_dag.py
[2024-10-08T23:41:10.457+0000] {processor.py:914} INFO - Processing file /home/airflow/.local/lib/python3.12/site-packages/airflow/example_dags/example_external_task_marker_dag.py for tasks to queue
[2024-10-08T23:41:10.458+0000] {logging_mixin.py:190} INFO - [2024-10-08T23:41:10.458+0000] {dagbag.py:588} INFO - Filling up the DagBag from /home/airflow/.local/lib/python3.12/site-packages/airflow/example_dags/example_external_task_marker_dag.py
[2024-10-08T23:41:10.463+0000] {processor.py:925} INFO - DAG(s) 'example_external_task_marker_child', 'example_external_task_marker_parent' retrieved from /home/airflow/.local/lib/python3.12/site-packages/airflow/example_dags/example_external_task_marker_dag.py
[2024-10-08T23:41:10.476+0000] {logging_mixin.py:190} INFO - [2024-10-08T23:41:10.476+0000] {dag.py:3239} INFO - Sync 2 DAGs
[2024-10-08T23:41:10.486+0000] {logging_mixin.py:190} INFO - [2024-10-08T23:41:10.486+0000] {dag.py:4180} INFO - Setting next_dagrun for example_external_task_marker_child to None, run_after=None
[2024-10-08T23:41:10.488+0000] {logging_mixin.py:190} INFO - [2024-10-08T23:41:10.488+0000] {dag.py:4180} INFO - Setting next_dagrun for example_external_task_marker_parent to None, run_after=None
[2024-10-08T23:41:10.498+0000] {processor.py:208} INFO - Processing /home/airflow/.local/lib/python3.12/site-packages/airflow/example_dags/example_external_task_marker_dag.py took 0.047 seconds
[2024-10-08T23:41:40.776+0000] {processor.py:186} INFO - Started process (PID=406) to work on /home/airflow/.local/lib/python3.12/site-packages/airflow/example_dags/example_external_task_marker_dag.py
[2024-10-08T23:41:40.777+0000] {processor.py:914} INFO - Processing file /home/airflow/.local/lib/python3.12/site-packages/airflow/example_dags/example_external_task_marker_dag.py for tasks to queue
[2024-10-08T23:41:40.778+0000] {logging_mixin.py:190} INFO - [2024-10-08T23:41:40.778+0000] {dagbag.py:588} INFO - Filling up the DagBag from /home/airflow/.local/lib/python3.12/site-packages/airflow/example_dags/example_external_task_marker_dag.py
[2024-10-08T23:41:40.782+0000] {processor.py:925} INFO - DAG(s) 'example_external_task_marker_parent', 'example_external_task_marker_child' retrieved from /home/airflow/.local/lib/python3.12/site-packages/airflow/example_dags/example_external_task_marker_dag.py
[2024-10-08T23:41:40.795+0000] {logging_mixin.py:190} INFO - [2024-10-08T23:41:40.795+0000] {dag.py:3239} INFO - Sync 2 DAGs
[2024-10-08T23:41:40.804+0000] {logging_mixin.py:190} INFO - [2024-10-08T23:41:40.804+0000] {dag.py:4180} INFO - Setting next_dagrun for example_external_task_marker_child to None, run_after=None
[2024-10-08T23:41:40.806+0000] {logging_mixin.py:190} INFO - [2024-10-08T23:41:40.806+0000] {dag.py:4180} INFO - Setting next_dagrun for example_external_task_marker_parent to None, run_after=None
[2024-10-08T23:41:40.815+0000] {processor.py:208} INFO - Processing /home/airflow/.local/lib/python3.12/site-packages/airflow/example_dags/example_external_task_marker_dag.py took 0.043 seconds
[2024-10-08T23:42:53.349+0000] {processor.py:186} INFO - Started process (PID=154) to work on /home/airflow/.local/lib/python3.12/site-packages/airflow/example_dags/example_external_task_marker_dag.py
[2024-10-08T23:42:53.350+0000] {processor.py:914} INFO - Processing file /home/airflow/.local/lib/python3.12/site-packages/airflow/example_dags/example_external_task_marker_dag.py for tasks to queue
[2024-10-08T23:42:53.351+0000] {logging_mixin.py:190} INFO - [2024-10-08T23:42:53.351+0000] {dagbag.py:588} INFO - Filling up the DagBag from /home/airflow/.local/lib/python3.12/site-packages/airflow/example_dags/example_external_task_marker_dag.py
[2024-10-08T23:42:53.356+0000] {processor.py:925} INFO - DAG(s) 'example_external_task_marker_child', 'example_external_task_marker_parent' retrieved from /home/airflow/.local/lib/python3.12/site-packages/airflow/example_dags/example_external_task_marker_dag.py
[2024-10-08T23:42:53.370+0000] {logging_mixin.py:190} INFO - [2024-10-08T23:42:53.370+0000] {dag.py:3239} INFO - Sync 2 DAGs
[2024-10-08T23:42:53.380+0000] {logging_mixin.py:190} INFO - [2024-10-08T23:42:53.380+0000] {dag.py:4180} INFO - Setting next_dagrun for example_external_task_marker_child to None, run_after=None
[2024-10-08T23:42:53.382+0000] {logging_mixin.py:190} INFO - [2024-10-08T23:42:53.382+0000] {dag.py:4180} INFO - Setting next_dagrun for example_external_task_marker_parent to None, run_after=None
[2024-10-08T23:42:53.392+0000] {processor.py:208} INFO - Processing /home/airflow/.local/lib/python3.12/site-packages/airflow/example_dags/example_external_task_marker_dag.py took 0.047 seconds
[2024-10-08T23:43:23.619+0000] {processor.py:186} INFO - Started process (PID=217) to work on /home/airflow/.local/lib/python3.12/site-packages/airflow/example_dags/example_external_task_marker_dag.py
[2024-10-08T23:43:23.619+0000] {processor.py:914} INFO - Processing file /home/airflow/.local/lib/python3.12/site-packages/airflow/example_dags/example_external_task_marker_dag.py for tasks to queue
[2024-10-08T23:43:23.620+0000] {logging_mixin.py:190} INFO - [2024-10-08T23:43:23.620+0000] {dagbag.py:588} INFO - Filling up the DagBag from /home/airflow/.local/lib/python3.12/site-packages/airflow/example_dags/example_external_task_marker_dag.py
[2024-10-08T23:43:23.625+0000] {processor.py:925} INFO - DAG(s) 'example_external_task_marker_child', 'example_external_task_marker_parent' retrieved from /home/airflow/.local/lib/python3.12/site-packages/airflow/example_dags/example_external_task_marker_dag.py
[2024-10-08T23:43:23.643+0000] {logging_mixin.py:190} INFO - [2024-10-08T23:43:23.643+0000] {dag.py:3239} INFO - Sync 2 DAGs
[2024-10-08T23:43:23.657+0000] {logging_mixin.py:190} INFO - [2024-10-08T23:43:23.657+0000] {dag.py:4180} INFO - Setting next_dagrun for example_external_task_marker_child to None, run_after=None
[2024-10-08T23:43:23.659+0000] {logging_mixin.py:190} INFO - [2024-10-08T23:43:23.659+0000] {dag.py:4180} INFO - Setting next_dagrun for example_external_task_marker_parent to None, run_after=None
[2024-10-08T23:43:23.668+0000] {processor.py:208} INFO - Processing /home/airflow/.local/lib/python3.12/site-packages/airflow/example_dags/example_external_task_marker_dag.py took 0.053 seconds
[2024-10-08T23:44:32.358+0000] {processor.py:186} INFO - Started process (PID=155) to work on /home/airflow/.local/lib/python3.12/site-packages/airflow/example_dags/example_external_task_marker_dag.py
[2024-10-08T23:44:32.358+0000] {processor.py:914} INFO - Processing file /home/airflow/.local/lib/python3.12/site-packages/airflow/example_dags/example_external_task_marker_dag.py for tasks to queue
[2024-10-08T23:44:32.361+0000] {logging_mixin.py:190} INFO - [2024-10-08T23:44:32.360+0000] {dagbag.py:588} INFO - Filling up the DagBag from /home/airflow/.local/lib/python3.12/site-packages/airflow/example_dags/example_external_task_marker_dag.py
[2024-10-08T23:44:32.366+0000] {processor.py:925} INFO - DAG(s) 'example_external_task_marker_child', 'example_external_task_marker_parent' retrieved from /home/airflow/.local/lib/python3.12/site-packages/airflow/example_dags/example_external_task_marker_dag.py
[2024-10-08T23:44:32.382+0000] {logging_mixin.py:190} INFO - [2024-10-08T23:44:32.382+0000] {dag.py:3239} INFO - Sync 2 DAGs
[2024-10-08T23:44:32.392+0000] {logging_mixin.py:190} INFO - [2024-10-08T23:44:32.392+0000] {dag.py:4180} INFO - Setting next_dagrun for example_external_task_marker_child to None, run_after=None
[2024-10-08T23:44:32.394+0000] {logging_mixin.py:190} INFO - [2024-10-08T23:44:32.394+0000] {dag.py:4180} INFO - Setting next_dagrun for example_external_task_marker_parent to None, run_after=None
[2024-10-08T23:44:32.406+0000] {processor.py:208} INFO - Processing /home/airflow/.local/lib/python3.12/site-packages/airflow/example_dags/example_external_task_marker_dag.py took 0.052 seconds
[2024-10-08T23:45:02.821+0000] {processor.py:186} INFO - Started process (PID=224) to work on /home/airflow/.local/lib/python3.12/site-packages/airflow/example_dags/example_external_task_marker_dag.py
[2024-10-08T23:45:02.821+0000] {processor.py:914} INFO - Processing file /home/airflow/.local/lib/python3.12/site-packages/airflow/example_dags/example_external_task_marker_dag.py for tasks to queue
[2024-10-08T23:45:02.823+0000] {logging_mixin.py:190} INFO - [2024-10-08T23:45:02.822+0000] {dagbag.py:588} INFO - Filling up the DagBag from /home/airflow/.local/lib/python3.12/site-packages/airflow/example_dags/example_external_task_marker_dag.py
[2024-10-08T23:45:02.827+0000] {processor.py:925} INFO - DAG(s) 'example_external_task_marker_parent', 'example_external_task_marker_child' retrieved from /home/airflow/.local/lib/python3.12/site-packages/airflow/example_dags/example_external_task_marker_dag.py
[2024-10-08T23:45:02.839+0000] {logging_mixin.py:190} INFO - [2024-10-08T23:45:02.838+0000] {dag.py:3239} INFO - Sync 2 DAGs
[2024-10-08T23:45:02.846+0000] {logging_mixin.py:190} INFO - [2024-10-08T23:45:02.846+0000] {dag.py:4180} INFO - Setting next_dagrun for example_external_task_marker_child to None, run_after=None
[2024-10-08T23:45:02.848+0000] {logging_mixin.py:190} INFO - [2024-10-08T23:45:02.848+0000] {dag.py:4180} INFO - Setting next_dagrun for example_external_task_marker_parent to None, run_after=None
[2024-10-08T23:45:02.858+0000] {processor.py:208} INFO - Processing /home/airflow/.local/lib/python3.12/site-packages/airflow/example_dags/example_external_task_marker_dag.py took 0.041 seconds
[2024-10-08T23:45:33.107+0000] {processor.py:186} INFO - Started process (PID=287) to work on /home/airflow/.local/lib/python3.12/site-packages/airflow/example_dags/example_external_task_marker_dag.py
[2024-10-08T23:45:33.107+0000] {processor.py:914} INFO - Processing file /home/airflow/.local/lib/python3.12/site-packages/airflow/example_dags/example_external_task_marker_dag.py for tasks to queue
[2024-10-08T23:45:33.109+0000] {logging_mixin.py:190} INFO - [2024-10-08T23:45:33.108+0000] {dagbag.py:588} INFO - Filling up the DagBag from /home/airflow/.local/lib/python3.12/site-packages/airflow/example_dags/example_external_task_marker_dag.py
[2024-10-08T23:45:33.113+0000] {processor.py:925} INFO - DAG(s) 'example_external_task_marker_parent', 'example_external_task_marker_child' retrieved from /home/airflow/.local/lib/python3.12/site-packages/airflow/example_dags/example_external_task_marker_dag.py
[2024-10-08T23:45:33.126+0000] {logging_mixin.py:190} INFO - [2024-10-08T23:45:33.125+0000] {dag.py:3239} INFO - Sync 2 DAGs
[2024-10-08T23:45:33.134+0000] {logging_mixin.py:190} INFO - [2024-10-08T23:45:33.134+0000] {dag.py:4180} INFO - Setting next_dagrun for example_external_task_marker_child to None, run_after=None
[2024-10-08T23:45:33.136+0000] {logging_mixin.py:190} INFO - [2024-10-08T23:45:33.135+0000] {dag.py:4180} INFO - Setting next_dagrun for example_external_task_marker_parent to None, run_after=None
[2024-10-08T23:45:33.145+0000] {processor.py:208} INFO - Processing /home/airflow/.local/lib/python3.12/site-packages/airflow/example_dags/example_external_task_marker_dag.py took 0.043 seconds
[2024-10-08T23:46:03.254+0000] {processor.py:186} INFO - Started process (PID=349) to work on /home/airflow/.local/lib/python3.12/site-packages/airflow/example_dags/example_external_task_marker_dag.py
[2024-10-08T23:46:03.255+0000] {processor.py:914} INFO - Processing file /home/airflow/.local/lib/python3.12/site-packages/airflow/example_dags/example_external_task_marker_dag.py for tasks to queue
[2024-10-08T23:46:03.256+0000] {logging_mixin.py:190} INFO - [2024-10-08T23:46:03.256+0000] {dagbag.py:588} INFO - Filling up the DagBag from /home/airflow/.local/lib/python3.12/site-packages/airflow/example_dags/example_external_task_marker_dag.py
[2024-10-08T23:46:03.261+0000] {processor.py:925} INFO - DAG(s) 'example_external_task_marker_child', 'example_external_task_marker_parent' retrieved from /home/airflow/.local/lib/python3.12/site-packages/airflow/example_dags/example_external_task_marker_dag.py
[2024-10-08T23:46:03.273+0000] {logging_mixin.py:190} INFO - [2024-10-08T23:46:03.273+0000] {dag.py:3239} INFO - Sync 2 DAGs
[2024-10-08T23:46:03.281+0000] {logging_mixin.py:190} INFO - [2024-10-08T23:46:03.281+0000] {dag.py:4180} INFO - Setting next_dagrun for example_external_task_marker_child to None, run_after=None
[2024-10-08T23:46:03.283+0000] {logging_mixin.py:190} INFO - [2024-10-08T23:46:03.283+0000] {dag.py:4180} INFO - Setting next_dagrun for example_external_task_marker_parent to None, run_after=None
[2024-10-08T23:46:03.292+0000] {processor.py:208} INFO - Processing /home/airflow/.local/lib/python3.12/site-packages/airflow/example_dags/example_external_task_marker_dag.py took 0.041 seconds
[2024-10-08T23:46:34.419+0000] {processor.py:186} INFO - Started process (PID=413) to work on /home/airflow/.local/lib/python3.12/site-packages/airflow/example_dags/example_external_task_marker_dag.py
[2024-10-08T23:46:34.419+0000] {processor.py:914} INFO - Processing file /home/airflow/.local/lib/python3.12/site-packages/airflow/example_dags/example_external_task_marker_dag.py for tasks to queue
[2024-10-08T23:46:34.421+0000] {logging_mixin.py:190} INFO - [2024-10-08T23:46:34.420+0000] {dagbag.py:588} INFO - Filling up the DagBag from /home/airflow/.local/lib/python3.12/site-packages/airflow/example_dags/example_external_task_marker_dag.py
[2024-10-08T23:46:34.425+0000] {processor.py:925} INFO - DAG(s) 'example_external_task_marker_parent', 'example_external_task_marker_child' retrieved from /home/airflow/.local/lib/python3.12/site-packages/airflow/example_dags/example_external_task_marker_dag.py
[2024-10-08T23:46:34.438+0000] {logging_mixin.py:190} INFO - [2024-10-08T23:46:34.438+0000] {dag.py:3239} INFO - Sync 2 DAGs
[2024-10-08T23:46:34.447+0000] {logging_mixin.py:190} INFO - [2024-10-08T23:46:34.447+0000] {dag.py:4180} INFO - Setting next_dagrun for example_external_task_marker_child to None, run_after=None
[2024-10-08T23:46:34.449+0000] {logging_mixin.py:190} INFO - [2024-10-08T23:46:34.449+0000] {dag.py:4180} INFO - Setting next_dagrun for example_external_task_marker_parent to None, run_after=None
[2024-10-08T23:46:34.459+0000] {processor.py:208} INFO - Processing /home/airflow/.local/lib/python3.12/site-packages/airflow/example_dags/example_external_task_marker_dag.py took 0.043 seconds
[2024-10-08T23:47:04.691+0000] {processor.py:186} INFO - Started process (PID=476) to work on /home/airflow/.local/lib/python3.12/site-packages/airflow/example_dags/example_external_task_marker_dag.py
[2024-10-08T23:47:04.691+0000] {processor.py:914} INFO - Processing file /home/airflow/.local/lib/python3.12/site-packages/airflow/example_dags/example_external_task_marker_dag.py for tasks to queue
[2024-10-08T23:47:04.693+0000] {logging_mixin.py:190} INFO - [2024-10-08T23:47:04.692+0000] {dagbag.py:588} INFO - Filling up the DagBag from /home/airflow/.local/lib/python3.12/site-packages/airflow/example_dags/example_external_task_marker_dag.py
[2024-10-08T23:47:04.697+0000] {processor.py:925} INFO - DAG(s) 'example_external_task_marker_child', 'example_external_task_marker_parent' retrieved from /home/airflow/.local/lib/python3.12/site-packages/airflow/example_dags/example_external_task_marker_dag.py
[2024-10-08T23:47:04.710+0000] {logging_mixin.py:190} INFO - [2024-10-08T23:47:04.710+0000] {dag.py:3239} INFO - Sync 2 DAGs
[2024-10-08T23:47:04.718+0000] {logging_mixin.py:190} INFO - [2024-10-08T23:47:04.718+0000] {dag.py:4180} INFO - Setting next_dagrun for example_external_task_marker_child to None, run_after=None
[2024-10-08T23:47:04.720+0000] {logging_mixin.py:190} INFO - [2024-10-08T23:47:04.720+0000] {dag.py:4180} INFO - Setting next_dagrun for example_external_task_marker_parent to None, run_after=None
[2024-10-08T23:47:04.730+0000] {processor.py:208} INFO - Processing /home/airflow/.local/lib/python3.12/site-packages/airflow/example_dags/example_external_task_marker_dag.py took 0.043 seconds
[2024-10-08T23:47:34.846+0000] {processor.py:186} INFO - Started process (PID=539) to work on /home/airflow/.local/lib/python3.12/site-packages/airflow/example_dags/example_external_task_marker_dag.py
[2024-10-08T23:47:34.847+0000] {processor.py:914} INFO - Processing file /home/airflow/.local/lib/python3.12/site-packages/airflow/example_dags/example_external_task_marker_dag.py for tasks to queue
[2024-10-08T23:47:34.848+0000] {logging_mixin.py:190} INFO - [2024-10-08T23:47:34.848+0000] {dagbag.py:588} INFO - Filling up the DagBag from /home/airflow/.local/lib/python3.12/site-packages/airflow/example_dags/example_external_task_marker_dag.py
[2024-10-08T23:47:34.852+0000] {processor.py:925} INFO - DAG(s) 'example_external_task_marker_child', 'example_external_task_marker_parent' retrieved from /home/airflow/.local/lib/python3.12/site-packages/airflow/example_dags/example_external_task_marker_dag.py
[2024-10-08T23:47:34.864+0000] {logging_mixin.py:190} INFO - [2024-10-08T23:47:34.864+0000] {dag.py:3239} INFO - Sync 2 DAGs
[2024-10-08T23:47:34.872+0000] {logging_mixin.py:190} INFO - [2024-10-08T23:47:34.872+0000] {dag.py:4180} INFO - Setting next_dagrun for example_external_task_marker_child to None, run_after=None
[2024-10-08T23:47:34.874+0000] {logging_mixin.py:190} INFO - [2024-10-08T23:47:34.874+0000] {dag.py:4180} INFO - Setting next_dagrun for example_external_task_marker_parent to None, run_after=None
[2024-10-08T23:47:34.883+0000] {processor.py:208} INFO - Processing /home/airflow/.local/lib/python3.12/site-packages/airflow/example_dags/example_external_task_marker_dag.py took 0.041 seconds
[2024-10-08T23:48:05.061+0000] {processor.py:186} INFO - Started process (PID=602) to work on /home/airflow/.local/lib/python3.12/site-packages/airflow/example_dags/example_external_task_marker_dag.py
[2024-10-08T23:48:05.062+0000] {processor.py:914} INFO - Processing file /home/airflow/.local/lib/python3.12/site-packages/airflow/example_dags/example_external_task_marker_dag.py for tasks to queue
[2024-10-08T23:48:05.063+0000] {logging_mixin.py:190} INFO - [2024-10-08T23:48:05.063+0000] {dagbag.py:588} INFO - Filling up the DagBag from /home/airflow/.local/lib/python3.12/site-packages/airflow/example_dags/example_external_task_marker_dag.py
[2024-10-08T23:48:05.068+0000] {processor.py:925} INFO - DAG(s) 'example_external_task_marker_child', 'example_external_task_marker_parent' retrieved from /home/airflow/.local/lib/python3.12/site-packages/airflow/example_dags/example_external_task_marker_dag.py
[2024-10-08T23:48:05.079+0000] {logging_mixin.py:190} INFO - [2024-10-08T23:48:05.079+0000] {dag.py:3239} INFO - Sync 2 DAGs
[2024-10-08T23:48:05.088+0000] {logging_mixin.py:190} INFO - [2024-10-08T23:48:05.087+0000] {dag.py:4180} INFO - Setting next_dagrun for example_external_task_marker_child to None, run_after=None
[2024-10-08T23:48:05.089+0000] {logging_mixin.py:190} INFO - [2024-10-08T23:48:05.089+0000] {dag.py:4180} INFO - Setting next_dagrun for example_external_task_marker_parent to None, run_after=None
[2024-10-08T23:48:05.099+0000] {processor.py:208} INFO - Processing /home/airflow/.local/lib/python3.12/site-packages/airflow/example_dags/example_external_task_marker_dag.py took 0.042 seconds
[2024-10-08T23:48:35.310+0000] {processor.py:186} INFO - Started process (PID=665) to work on /home/airflow/.local/lib/python3.12/site-packages/airflow/example_dags/example_external_task_marker_dag.py
[2024-10-08T23:48:35.311+0000] {processor.py:914} INFO - Processing file /home/airflow/.local/lib/python3.12/site-packages/airflow/example_dags/example_external_task_marker_dag.py for tasks to queue
[2024-10-08T23:48:35.312+0000] {logging_mixin.py:190} INFO - [2024-10-08T23:48:35.312+0000] {dagbag.py:588} INFO - Filling up the DagBag from /home/airflow/.local/lib/python3.12/site-packages/airflow/example_dags/example_external_task_marker_dag.py
[2024-10-08T23:48:35.317+0000] {processor.py:925} INFO - DAG(s) 'example_external_task_marker_parent', 'example_external_task_marker_child' retrieved from /home/airflow/.local/lib/python3.12/site-packages/airflow/example_dags/example_external_task_marker_dag.py
[2024-10-08T23:48:35.329+0000] {logging_mixin.py:190} INFO - [2024-10-08T23:48:35.329+0000] {dag.py:3239} INFO - Sync 2 DAGs
[2024-10-08T23:48:35.337+0000] {logging_mixin.py:190} INFO - [2024-10-08T23:48:35.337+0000] {dag.py:4180} INFO - Setting next_dagrun for example_external_task_marker_child to None, run_after=None
[2024-10-08T23:48:35.339+0000] {logging_mixin.py:190} INFO - [2024-10-08T23:48:35.339+0000] {dag.py:4180} INFO - Setting next_dagrun for example_external_task_marker_parent to None, run_after=None
[2024-10-08T23:48:35.348+0000] {processor.py:208} INFO - Processing /home/airflow/.local/lib/python3.12/site-packages/airflow/example_dags/example_external_task_marker_dag.py took 0.041 seconds
[2024-10-08T23:49:06.422+0000] {processor.py:186} INFO - Started process (PID=728) to work on /home/airflow/.local/lib/python3.12/site-packages/airflow/example_dags/example_external_task_marker_dag.py
[2024-10-08T23:49:06.422+0000] {processor.py:914} INFO - Processing file /home/airflow/.local/lib/python3.12/site-packages/airflow/example_dags/example_external_task_marker_dag.py for tasks to queue
[2024-10-08T23:49:06.424+0000] {logging_mixin.py:190} INFO - [2024-10-08T23:49:06.424+0000] {dagbag.py:588} INFO - Filling up the DagBag from /home/airflow/.local/lib/python3.12/site-packages/airflow/example_dags/example_external_task_marker_dag.py
[2024-10-08T23:49:06.428+0000] {processor.py:925} INFO - DAG(s) 'example_external_task_marker_child', 'example_external_task_marker_parent' retrieved from /home/airflow/.local/lib/python3.12/site-packages/airflow/example_dags/example_external_task_marker_dag.py
[2024-10-08T23:49:06.441+0000] {logging_mixin.py:190} INFO - [2024-10-08T23:49:06.441+0000] {dag.py:3239} INFO - Sync 2 DAGs
[2024-10-08T23:49:06.449+0000] {logging_mixin.py:190} INFO - [2024-10-08T23:49:06.449+0000] {dag.py:4180} INFO - Setting next_dagrun for example_external_task_marker_child to None, run_after=None
[2024-10-08T23:49:06.451+0000] {logging_mixin.py:190} INFO - [2024-10-08T23:49:06.451+0000] {dag.py:4180} INFO - Setting next_dagrun for example_external_task_marker_parent to None, run_after=None
[2024-10-08T23:49:06.460+0000] {processor.py:208} INFO - Processing /home/airflow/.local/lib/python3.12/site-packages/airflow/example_dags/example_external_task_marker_dag.py took 0.042 seconds
[2024-10-08T23:49:37.646+0000] {processor.py:186} INFO - Started process (PID=791) to work on /home/airflow/.local/lib/python3.12/site-packages/airflow/example_dags/example_external_task_marker_dag.py
[2024-10-08T23:49:37.647+0000] {processor.py:914} INFO - Processing file /home/airflow/.local/lib/python3.12/site-packages/airflow/example_dags/example_external_task_marker_dag.py for tasks to queue
[2024-10-08T23:49:37.648+0000] {logging_mixin.py:190} INFO - [2024-10-08T23:49:37.648+0000] {dagbag.py:588} INFO - Filling up the DagBag from /home/airflow/.local/lib/python3.12/site-packages/airflow/example_dags/example_external_task_marker_dag.py
[2024-10-08T23:49:37.652+0000] {processor.py:925} INFO - DAG(s) 'example_external_task_marker_child', 'example_external_task_marker_parent' retrieved from /home/airflow/.local/lib/python3.12/site-packages/airflow/example_dags/example_external_task_marker_dag.py
[2024-10-08T23:49:37.664+0000] {logging_mixin.py:190} INFO - [2024-10-08T23:49:37.664+0000] {dag.py:3239} INFO - Sync 2 DAGs
[2024-10-08T23:49:37.675+0000] {logging_mixin.py:190} INFO - [2024-10-08T23:49:37.675+0000] {dag.py:4180} INFO - Setting next_dagrun for example_external_task_marker_child to None, run_after=None
[2024-10-08T23:49:37.678+0000] {logging_mixin.py:190} INFO - [2024-10-08T23:49:37.678+0000] {dag.py:4180} INFO - Setting next_dagrun for example_external_task_marker_parent to None, run_after=None
[2024-10-08T23:49:37.692+0000] {processor.py:208} INFO - Processing /home/airflow/.local/lib/python3.12/site-packages/airflow/example_dags/example_external_task_marker_dag.py took 0.049 seconds
[2024-10-08T23:50:07.803+0000] {processor.py:186} INFO - Started process (PID=854) to work on /home/airflow/.local/lib/python3.12/site-packages/airflow/example_dags/example_external_task_marker_dag.py
[2024-10-08T23:50:07.804+0000] {processor.py:914} INFO - Processing file /home/airflow/.local/lib/python3.12/site-packages/airflow/example_dags/example_external_task_marker_dag.py for tasks to queue
[2024-10-08T23:50:07.805+0000] {logging_mixin.py:190} INFO - [2024-10-08T23:50:07.805+0000] {dagbag.py:588} INFO - Filling up the DagBag from /home/airflow/.local/lib/python3.12/site-packages/airflow/example_dags/example_external_task_marker_dag.py
[2024-10-08T23:50:07.810+0000] {processor.py:925} INFO - DAG(s) 'example_external_task_marker_child', 'example_external_task_marker_parent' retrieved from /home/airflow/.local/lib/python3.12/site-packages/airflow/example_dags/example_external_task_marker_dag.py
[2024-10-08T23:50:07.822+0000] {logging_mixin.py:190} INFO - [2024-10-08T23:50:07.822+0000] {dag.py:3239} INFO - Sync 2 DAGs
[2024-10-08T23:50:07.832+0000] {logging_mixin.py:190} INFO - [2024-10-08T23:50:07.832+0000] {dag.py:4180} INFO - Setting next_dagrun for example_external_task_marker_child to None, run_after=None
[2024-10-08T23:50:07.834+0000] {logging_mixin.py:190} INFO - [2024-10-08T23:50:07.834+0000] {dag.py:4180} INFO - Setting next_dagrun for example_external_task_marker_parent to None, run_after=None
[2024-10-08T23:50:07.848+0000] {processor.py:208} INFO - Processing /home/airflow/.local/lib/python3.12/site-packages/airflow/example_dags/example_external_task_marker_dag.py took 0.048 seconds
