[2024-10-08T23:14:18.246+0000] {processor.py:186} INFO - Started process (PID=15676) to work on /home/airflow/.local/lib/python3.12/site-packages/airflow/example_dags/example_setup_teardown_taskflow.py
[2024-10-08T23:14:18.246+0000] {processor.py:914} INFO - Processing file /home/airflow/.local/lib/python3.12/site-packages/airflow/example_dags/example_setup_teardown_taskflow.py for tasks to queue
[2024-10-08T23:14:18.248+0000] {logging_mixin.py:190} INFO - [2024-10-08T23:14:18.247+0000] {dagbag.py:588} INFO - Filling up the DagBag from /home/airflow/.local/lib/python3.12/site-packages/airflow/example_dags/example_setup_teardown_taskflow.py
[2024-10-08T23:14:18.253+0000] {processor.py:925} INFO - DAG(s) 'example_setup_teardown_taskflow' retrieved from /home/airflow/.local/lib/python3.12/site-packages/airflow/example_dags/example_setup_teardown_taskflow.py
[2024-10-08T23:14:18.264+0000] {logging_mixin.py:190} INFO - [2024-10-08T23:14:18.264+0000] {dag.py:3239} INFO - Sync 1 DAGs
[2024-10-08T23:14:18.272+0000] {logging_mixin.py:190} INFO - [2024-10-08T23:14:18.272+0000] {dag.py:4180} INFO - Setting next_dagrun for example_setup_teardown_taskflow to None, run_after=None
[2024-10-08T23:14:18.282+0000] {processor.py:208} INFO - Processing /home/airflow/.local/lib/python3.12/site-packages/airflow/example_dags/example_setup_teardown_taskflow.py took 0.039 seconds
[2024-10-08T23:34:22.025+0000] {processor.py:186} INFO - Started process (PID=134) to work on /home/airflow/.local/lib/python3.12/site-packages/airflow/example_dags/example_setup_teardown_taskflow.py
[2024-10-08T23:34:22.026+0000] {processor.py:914} INFO - Processing file /home/airflow/.local/lib/python3.12/site-packages/airflow/example_dags/example_setup_teardown_taskflow.py for tasks to queue
[2024-10-08T23:34:22.028+0000] {logging_mixin.py:190} INFO - [2024-10-08T23:34:22.027+0000] {dagbag.py:588} INFO - Filling up the DagBag from /home/airflow/.local/lib/python3.12/site-packages/airflow/example_dags/example_setup_teardown_taskflow.py
[2024-10-08T23:34:22.037+0000] {processor.py:925} INFO - DAG(s) 'example_setup_teardown_taskflow' retrieved from /home/airflow/.local/lib/python3.12/site-packages/airflow/example_dags/example_setup_teardown_taskflow.py
[2024-10-08T23:34:22.059+0000] {logging_mixin.py:190} INFO - [2024-10-08T23:34:22.059+0000] {dag.py:3239} INFO - Sync 1 DAGs
[2024-10-08T23:34:22.071+0000] {logging_mixin.py:190} INFO - [2024-10-08T23:34:22.071+0000] {dag.py:4180} INFO - Setting next_dagrun for example_setup_teardown_taskflow to None, run_after=None
[2024-10-08T23:34:22.082+0000] {processor.py:208} INFO - Processing /home/airflow/.local/lib/python3.12/site-packages/airflow/example_dags/example_setup_teardown_taskflow.py took 0.063 seconds
[2024-10-08T23:34:52.859+0000] {processor.py:186} INFO - Started process (PID=197) to work on /home/airflow/.local/lib/python3.12/site-packages/airflow/example_dags/example_setup_teardown_taskflow.py
[2024-10-08T23:34:52.859+0000] {processor.py:914} INFO - Processing file /home/airflow/.local/lib/python3.12/site-packages/airflow/example_dags/example_setup_teardown_taskflow.py for tasks to queue
[2024-10-08T23:34:52.861+0000] {logging_mixin.py:190} INFO - [2024-10-08T23:34:52.860+0000] {dagbag.py:588} INFO - Filling up the DagBag from /home/airflow/.local/lib/python3.12/site-packages/airflow/example_dags/example_setup_teardown_taskflow.py
[2024-10-08T23:34:52.866+0000] {processor.py:925} INFO - DAG(s) 'example_setup_teardown_taskflow' retrieved from /home/airflow/.local/lib/python3.12/site-packages/airflow/example_dags/example_setup_teardown_taskflow.py
[2024-10-08T23:34:52.877+0000] {logging_mixin.py:190} INFO - [2024-10-08T23:34:52.877+0000] {dag.py:3239} INFO - Sync 1 DAGs
[2024-10-08T23:34:52.884+0000] {logging_mixin.py:190} INFO - [2024-10-08T23:34:52.884+0000] {dag.py:4180} INFO - Setting next_dagrun for example_setup_teardown_taskflow to None, run_after=None
[2024-10-08T23:34:52.894+0000] {processor.py:208} INFO - Processing /home/airflow/.local/lib/python3.12/site-packages/airflow/example_dags/example_setup_teardown_taskflow.py took 0.038 seconds
[2024-10-08T23:35:23.471+0000] {processor.py:186} INFO - Started process (PID=266) to work on /home/airflow/.local/lib/python3.12/site-packages/airflow/example_dags/example_setup_teardown_taskflow.py
[2024-10-08T23:35:23.472+0000] {processor.py:914} INFO - Processing file /home/airflow/.local/lib/python3.12/site-packages/airflow/example_dags/example_setup_teardown_taskflow.py for tasks to queue
[2024-10-08T23:35:23.473+0000] {logging_mixin.py:190} INFO - [2024-10-08T23:35:23.473+0000] {dagbag.py:588} INFO - Filling up the DagBag from /home/airflow/.local/lib/python3.12/site-packages/airflow/example_dags/example_setup_teardown_taskflow.py
[2024-10-08T23:35:23.479+0000] {processor.py:925} INFO - DAG(s) 'example_setup_teardown_taskflow' retrieved from /home/airflow/.local/lib/python3.12/site-packages/airflow/example_dags/example_setup_teardown_taskflow.py
[2024-10-08T23:35:23.490+0000] {logging_mixin.py:190} INFO - [2024-10-08T23:35:23.490+0000] {dag.py:3239} INFO - Sync 1 DAGs
[2024-10-08T23:35:23.498+0000] {logging_mixin.py:190} INFO - [2024-10-08T23:35:23.498+0000] {dag.py:4180} INFO - Setting next_dagrun for example_setup_teardown_taskflow to None, run_after=None
[2024-10-08T23:35:23.508+0000] {processor.py:208} INFO - Processing /home/airflow/.local/lib/python3.12/site-packages/airflow/example_dags/example_setup_teardown_taskflow.py took 0.040 seconds
[2024-10-08T23:35:53.829+0000] {processor.py:186} INFO - Started process (PID=329) to work on /home/airflow/.local/lib/python3.12/site-packages/airflow/example_dags/example_setup_teardown_taskflow.py
[2024-10-08T23:35:53.829+0000] {processor.py:914} INFO - Processing file /home/airflow/.local/lib/python3.12/site-packages/airflow/example_dags/example_setup_teardown_taskflow.py for tasks to queue
[2024-10-08T23:35:53.831+0000] {logging_mixin.py:190} INFO - [2024-10-08T23:35:53.830+0000] {dagbag.py:588} INFO - Filling up the DagBag from /home/airflow/.local/lib/python3.12/site-packages/airflow/example_dags/example_setup_teardown_taskflow.py
[2024-10-08T23:35:53.837+0000] {processor.py:925} INFO - DAG(s) 'example_setup_teardown_taskflow' retrieved from /home/airflow/.local/lib/python3.12/site-packages/airflow/example_dags/example_setup_teardown_taskflow.py
[2024-10-08T23:35:53.848+0000] {logging_mixin.py:190} INFO - [2024-10-08T23:35:53.848+0000] {dag.py:3239} INFO - Sync 1 DAGs
[2024-10-08T23:35:53.855+0000] {logging_mixin.py:190} INFO - [2024-10-08T23:35:53.855+0000] {dag.py:4180} INFO - Setting next_dagrun for example_setup_teardown_taskflow to None, run_after=None
[2024-10-08T23:35:53.865+0000] {processor.py:208} INFO - Processing /home/airflow/.local/lib/python3.12/site-packages/airflow/example_dags/example_setup_teardown_taskflow.py took 0.040 seconds
[2024-10-08T23:36:24.049+0000] {processor.py:186} INFO - Started process (PID=392) to work on /home/airflow/.local/lib/python3.12/site-packages/airflow/example_dags/example_setup_teardown_taskflow.py
[2024-10-08T23:36:24.050+0000] {processor.py:914} INFO - Processing file /home/airflow/.local/lib/python3.12/site-packages/airflow/example_dags/example_setup_teardown_taskflow.py for tasks to queue
[2024-10-08T23:36:24.051+0000] {logging_mixin.py:190} INFO - [2024-10-08T23:36:24.051+0000] {dagbag.py:588} INFO - Filling up the DagBag from /home/airflow/.local/lib/python3.12/site-packages/airflow/example_dags/example_setup_teardown_taskflow.py
[2024-10-08T23:36:24.056+0000] {processor.py:925} INFO - DAG(s) 'example_setup_teardown_taskflow' retrieved from /home/airflow/.local/lib/python3.12/site-packages/airflow/example_dags/example_setup_teardown_taskflow.py
[2024-10-08T23:36:24.068+0000] {logging_mixin.py:190} INFO - [2024-10-08T23:36:24.068+0000] {dag.py:3239} INFO - Sync 1 DAGs
[2024-10-08T23:36:24.075+0000] {logging_mixin.py:190} INFO - [2024-10-08T23:36:24.075+0000] {dag.py:4180} INFO - Setting next_dagrun for example_setup_teardown_taskflow to None, run_after=None
[2024-10-08T23:36:24.085+0000] {processor.py:208} INFO - Processing /home/airflow/.local/lib/python3.12/site-packages/airflow/example_dags/example_setup_teardown_taskflow.py took 0.039 seconds
[2024-10-08T23:36:54.265+0000] {processor.py:186} INFO - Started process (PID=455) to work on /home/airflow/.local/lib/python3.12/site-packages/airflow/example_dags/example_setup_teardown_taskflow.py
[2024-10-08T23:36:54.266+0000] {processor.py:914} INFO - Processing file /home/airflow/.local/lib/python3.12/site-packages/airflow/example_dags/example_setup_teardown_taskflow.py for tasks to queue
[2024-10-08T23:36:54.267+0000] {logging_mixin.py:190} INFO - [2024-10-08T23:36:54.267+0000] {dagbag.py:588} INFO - Filling up the DagBag from /home/airflow/.local/lib/python3.12/site-packages/airflow/example_dags/example_setup_teardown_taskflow.py
[2024-10-08T23:36:54.273+0000] {processor.py:925} INFO - DAG(s) 'example_setup_teardown_taskflow' retrieved from /home/airflow/.local/lib/python3.12/site-packages/airflow/example_dags/example_setup_teardown_taskflow.py
[2024-10-08T23:36:54.284+0000] {logging_mixin.py:190} INFO - [2024-10-08T23:36:54.284+0000] {dag.py:3239} INFO - Sync 1 DAGs
[2024-10-08T23:36:54.292+0000] {logging_mixin.py:190} INFO - [2024-10-08T23:36:54.291+0000] {dag.py:4180} INFO - Setting next_dagrun for example_setup_teardown_taskflow to None, run_after=None
[2024-10-08T23:36:54.301+0000] {processor.py:208} INFO - Processing /home/airflow/.local/lib/python3.12/site-packages/airflow/example_dags/example_setup_teardown_taskflow.py took 0.039 seconds
[2024-10-08T23:37:24.449+0000] {processor.py:186} INFO - Started process (PID=518) to work on /home/airflow/.local/lib/python3.12/site-packages/airflow/example_dags/example_setup_teardown_taskflow.py
[2024-10-08T23:37:24.449+0000] {processor.py:914} INFO - Processing file /home/airflow/.local/lib/python3.12/site-packages/airflow/example_dags/example_setup_teardown_taskflow.py for tasks to queue
[2024-10-08T23:37:24.450+0000] {logging_mixin.py:190} INFO - [2024-10-08T23:37:24.450+0000] {dagbag.py:588} INFO - Filling up the DagBag from /home/airflow/.local/lib/python3.12/site-packages/airflow/example_dags/example_setup_teardown_taskflow.py
[2024-10-08T23:37:24.456+0000] {processor.py:925} INFO - DAG(s) 'example_setup_teardown_taskflow' retrieved from /home/airflow/.local/lib/python3.12/site-packages/airflow/example_dags/example_setup_teardown_taskflow.py
[2024-10-08T23:37:24.468+0000] {logging_mixin.py:190} INFO - [2024-10-08T23:37:24.468+0000] {dag.py:3239} INFO - Sync 1 DAGs
[2024-10-08T23:37:24.477+0000] {logging_mixin.py:190} INFO - [2024-10-08T23:37:24.476+0000] {dag.py:4180} INFO - Setting next_dagrun for example_setup_teardown_taskflow to None, run_after=None
[2024-10-08T23:37:24.487+0000] {processor.py:208} INFO - Processing /home/airflow/.local/lib/python3.12/site-packages/airflow/example_dags/example_setup_teardown_taskflow.py took 0.042 seconds
[2024-10-08T23:37:54.824+0000] {processor.py:186} INFO - Started process (PID=581) to work on /home/airflow/.local/lib/python3.12/site-packages/airflow/example_dags/example_setup_teardown_taskflow.py
[2024-10-08T23:37:54.825+0000] {processor.py:914} INFO - Processing file /home/airflow/.local/lib/python3.12/site-packages/airflow/example_dags/example_setup_teardown_taskflow.py for tasks to queue
[2024-10-08T23:37:54.826+0000] {logging_mixin.py:190} INFO - [2024-10-08T23:37:54.826+0000] {dagbag.py:588} INFO - Filling up the DagBag from /home/airflow/.local/lib/python3.12/site-packages/airflow/example_dags/example_setup_teardown_taskflow.py
[2024-10-08T23:37:54.832+0000] {processor.py:925} INFO - DAG(s) 'example_setup_teardown_taskflow' retrieved from /home/airflow/.local/lib/python3.12/site-packages/airflow/example_dags/example_setup_teardown_taskflow.py
[2024-10-08T23:37:54.844+0000] {logging_mixin.py:190} INFO - [2024-10-08T23:37:54.843+0000] {dag.py:3239} INFO - Sync 1 DAGs
[2024-10-08T23:37:54.851+0000] {logging_mixin.py:190} INFO - [2024-10-08T23:37:54.851+0000] {dag.py:4180} INFO - Setting next_dagrun for example_setup_teardown_taskflow to None, run_after=None
[2024-10-08T23:37:54.861+0000] {processor.py:208} INFO - Processing /home/airflow/.local/lib/python3.12/site-packages/airflow/example_dags/example_setup_teardown_taskflow.py took 0.040 seconds
[2024-10-08T23:38:25.170+0000] {processor.py:186} INFO - Started process (PID=644) to work on /home/airflow/.local/lib/python3.12/site-packages/airflow/example_dags/example_setup_teardown_taskflow.py
[2024-10-08T23:38:25.170+0000] {processor.py:914} INFO - Processing file /home/airflow/.local/lib/python3.12/site-packages/airflow/example_dags/example_setup_teardown_taskflow.py for tasks to queue
[2024-10-08T23:38:25.172+0000] {logging_mixin.py:190} INFO - [2024-10-08T23:38:25.172+0000] {dagbag.py:588} INFO - Filling up the DagBag from /home/airflow/.local/lib/python3.12/site-packages/airflow/example_dags/example_setup_teardown_taskflow.py
[2024-10-08T23:38:25.178+0000] {processor.py:925} INFO - DAG(s) 'example_setup_teardown_taskflow' retrieved from /home/airflow/.local/lib/python3.12/site-packages/airflow/example_dags/example_setup_teardown_taskflow.py
[2024-10-08T23:38:25.189+0000] {logging_mixin.py:190} INFO - [2024-10-08T23:38:25.189+0000] {dag.py:3239} INFO - Sync 1 DAGs
[2024-10-08T23:38:25.197+0000] {logging_mixin.py:190} INFO - [2024-10-08T23:38:25.197+0000] {dag.py:4180} INFO - Setting next_dagrun for example_setup_teardown_taskflow to None, run_after=None
[2024-10-08T23:38:25.206+0000] {processor.py:208} INFO - Processing /home/airflow/.local/lib/python3.12/site-packages/airflow/example_dags/example_setup_teardown_taskflow.py took 0.039 seconds
[2024-10-08T23:38:55.353+0000] {processor.py:186} INFO - Started process (PID=707) to work on /home/airflow/.local/lib/python3.12/site-packages/airflow/example_dags/example_setup_teardown_taskflow.py
[2024-10-08T23:38:55.353+0000] {processor.py:914} INFO - Processing file /home/airflow/.local/lib/python3.12/site-packages/airflow/example_dags/example_setup_teardown_taskflow.py for tasks to queue
[2024-10-08T23:38:55.355+0000] {logging_mixin.py:190} INFO - [2024-10-08T23:38:55.354+0000] {dagbag.py:588} INFO - Filling up the DagBag from /home/airflow/.local/lib/python3.12/site-packages/airflow/example_dags/example_setup_teardown_taskflow.py
[2024-10-08T23:38:55.360+0000] {processor.py:925} INFO - DAG(s) 'example_setup_teardown_taskflow' retrieved from /home/airflow/.local/lib/python3.12/site-packages/airflow/example_dags/example_setup_teardown_taskflow.py
[2024-10-08T23:38:55.372+0000] {logging_mixin.py:190} INFO - [2024-10-08T23:38:55.372+0000] {dag.py:3239} INFO - Sync 1 DAGs
[2024-10-08T23:38:55.380+0000] {logging_mixin.py:190} INFO - [2024-10-08T23:38:55.380+0000] {dag.py:4180} INFO - Setting next_dagrun for example_setup_teardown_taskflow to None, run_after=None
[2024-10-08T23:38:55.389+0000] {processor.py:208} INFO - Processing /home/airflow/.local/lib/python3.12/site-packages/airflow/example_dags/example_setup_teardown_taskflow.py took 0.040 seconds
[2024-10-08T23:39:38.119+0000] {processor.py:186} INFO - Started process (PID=133) to work on /home/airflow/.local/lib/python3.12/site-packages/airflow/example_dags/example_setup_teardown_taskflow.py
[2024-10-08T23:39:38.120+0000] {processor.py:914} INFO - Processing file /home/airflow/.local/lib/python3.12/site-packages/airflow/example_dags/example_setup_teardown_taskflow.py for tasks to queue
[2024-10-08T23:39:38.121+0000] {logging_mixin.py:190} INFO - [2024-10-08T23:39:38.121+0000] {dagbag.py:588} INFO - Filling up the DagBag from /home/airflow/.local/lib/python3.12/site-packages/airflow/example_dags/example_setup_teardown_taskflow.py
[2024-10-08T23:39:38.127+0000] {processor.py:925} INFO - DAG(s) 'example_setup_teardown_taskflow' retrieved from /home/airflow/.local/lib/python3.12/site-packages/airflow/example_dags/example_setup_teardown_taskflow.py
[2024-10-08T23:39:38.142+0000] {logging_mixin.py:190} INFO - [2024-10-08T23:39:38.142+0000] {dag.py:3239} INFO - Sync 1 DAGs
[2024-10-08T23:39:38.150+0000] {logging_mixin.py:190} INFO - [2024-10-08T23:39:38.150+0000] {dag.py:4180} INFO - Setting next_dagrun for example_setup_teardown_taskflow to None, run_after=None
[2024-10-08T23:39:38.161+0000] {processor.py:208} INFO - Processing /home/airflow/.local/lib/python3.12/site-packages/airflow/example_dags/example_setup_teardown_taskflow.py took 0.045 seconds
[2024-10-08T23:40:08.443+0000] {processor.py:186} INFO - Started process (PID=196) to work on /home/airflow/.local/lib/python3.12/site-packages/airflow/example_dags/example_setup_teardown_taskflow.py
[2024-10-08T23:40:08.444+0000] {processor.py:914} INFO - Processing file /home/airflow/.local/lib/python3.12/site-packages/airflow/example_dags/example_setup_teardown_taskflow.py for tasks to queue
[2024-10-08T23:40:08.445+0000] {logging_mixin.py:190} INFO - [2024-10-08T23:40:08.445+0000] {dagbag.py:588} INFO - Filling up the DagBag from /home/airflow/.local/lib/python3.12/site-packages/airflow/example_dags/example_setup_teardown_taskflow.py
[2024-10-08T23:40:08.451+0000] {processor.py:925} INFO - DAG(s) 'example_setup_teardown_taskflow' retrieved from /home/airflow/.local/lib/python3.12/site-packages/airflow/example_dags/example_setup_teardown_taskflow.py
[2024-10-08T23:40:08.464+0000] {logging_mixin.py:190} INFO - [2024-10-08T23:40:08.464+0000] {dag.py:3239} INFO - Sync 1 DAGs
[2024-10-08T23:40:08.472+0000] {logging_mixin.py:190} INFO - [2024-10-08T23:40:08.472+0000] {dag.py:4180} INFO - Setting next_dagrun for example_setup_teardown_taskflow to None, run_after=None
[2024-10-08T23:40:08.483+0000] {processor.py:208} INFO - Processing /home/airflow/.local/lib/python3.12/site-packages/airflow/example_dags/example_setup_teardown_taskflow.py took 0.044 seconds
[2024-10-08T23:40:39.476+0000] {processor.py:186} INFO - Started process (PID=259) to work on /home/airflow/.local/lib/python3.12/site-packages/airflow/example_dags/example_setup_teardown_taskflow.py
[2024-10-08T23:40:39.477+0000] {processor.py:914} INFO - Processing file /home/airflow/.local/lib/python3.12/site-packages/airflow/example_dags/example_setup_teardown_taskflow.py for tasks to queue
[2024-10-08T23:40:39.478+0000] {logging_mixin.py:190} INFO - [2024-10-08T23:40:39.478+0000] {dagbag.py:588} INFO - Filling up the DagBag from /home/airflow/.local/lib/python3.12/site-packages/airflow/example_dags/example_setup_teardown_taskflow.py
[2024-10-08T23:40:39.483+0000] {processor.py:925} INFO - DAG(s) 'example_setup_teardown_taskflow' retrieved from /home/airflow/.local/lib/python3.12/site-packages/airflow/example_dags/example_setup_teardown_taskflow.py
[2024-10-08T23:40:39.496+0000] {logging_mixin.py:190} INFO - [2024-10-08T23:40:39.496+0000] {dag.py:3239} INFO - Sync 1 DAGs
[2024-10-08T23:40:39.504+0000] {logging_mixin.py:190} INFO - [2024-10-08T23:40:39.503+0000] {dag.py:4180} INFO - Setting next_dagrun for example_setup_teardown_taskflow to None, run_after=None
[2024-10-08T23:40:39.513+0000] {processor.py:208} INFO - Processing /home/airflow/.local/lib/python3.12/site-packages/airflow/example_dags/example_setup_teardown_taskflow.py took 0.040 seconds
[2024-10-08T23:41:09.631+0000] {processor.py:186} INFO - Started process (PID=322) to work on /home/airflow/.local/lib/python3.12/site-packages/airflow/example_dags/example_setup_teardown_taskflow.py
[2024-10-08T23:41:09.632+0000] {processor.py:914} INFO - Processing file /home/airflow/.local/lib/python3.12/site-packages/airflow/example_dags/example_setup_teardown_taskflow.py for tasks to queue
[2024-10-08T23:41:09.633+0000] {logging_mixin.py:190} INFO - [2024-10-08T23:41:09.633+0000] {dagbag.py:588} INFO - Filling up the DagBag from /home/airflow/.local/lib/python3.12/site-packages/airflow/example_dags/example_setup_teardown_taskflow.py
[2024-10-08T23:41:09.639+0000] {processor.py:925} INFO - DAG(s) 'example_setup_teardown_taskflow' retrieved from /home/airflow/.local/lib/python3.12/site-packages/airflow/example_dags/example_setup_teardown_taskflow.py
[2024-10-08T23:41:09.651+0000] {logging_mixin.py:190} INFO - [2024-10-08T23:41:09.651+0000] {dag.py:3239} INFO - Sync 1 DAGs
[2024-10-08T23:41:09.659+0000] {logging_mixin.py:190} INFO - [2024-10-08T23:41:09.658+0000] {dag.py:4180} INFO - Setting next_dagrun for example_setup_teardown_taskflow to None, run_after=None
[2024-10-08T23:41:09.669+0000] {processor.py:208} INFO - Processing /home/airflow/.local/lib/python3.12/site-packages/airflow/example_dags/example_setup_teardown_taskflow.py took 0.041 seconds
[2024-10-08T23:41:39.970+0000] {processor.py:186} INFO - Started process (PID=385) to work on /home/airflow/.local/lib/python3.12/site-packages/airflow/example_dags/example_setup_teardown_taskflow.py
[2024-10-08T23:41:39.970+0000] {processor.py:914} INFO - Processing file /home/airflow/.local/lib/python3.12/site-packages/airflow/example_dags/example_setup_teardown_taskflow.py for tasks to queue
[2024-10-08T23:41:39.972+0000] {logging_mixin.py:190} INFO - [2024-10-08T23:41:39.971+0000] {dagbag.py:588} INFO - Filling up the DagBag from /home/airflow/.local/lib/python3.12/site-packages/airflow/example_dags/example_setup_teardown_taskflow.py
[2024-10-08T23:41:39.977+0000] {processor.py:925} INFO - DAG(s) 'example_setup_teardown_taskflow' retrieved from /home/airflow/.local/lib/python3.12/site-packages/airflow/example_dags/example_setup_teardown_taskflow.py
[2024-10-08T23:41:39.989+0000] {logging_mixin.py:190} INFO - [2024-10-08T23:41:39.989+0000] {dag.py:3239} INFO - Sync 1 DAGs
[2024-10-08T23:41:39.997+0000] {logging_mixin.py:190} INFO - [2024-10-08T23:41:39.997+0000] {dag.py:4180} INFO - Setting next_dagrun for example_setup_teardown_taskflow to None, run_after=None
[2024-10-08T23:41:40.007+0000] {processor.py:208} INFO - Processing /home/airflow/.local/lib/python3.12/site-packages/airflow/example_dags/example_setup_teardown_taskflow.py took 0.041 seconds
[2024-10-08T23:42:52.202+0000] {processor.py:186} INFO - Started process (PID=127) to work on /home/airflow/.local/lib/python3.12/site-packages/airflow/example_dags/example_setup_teardown_taskflow.py
[2024-10-08T23:42:52.203+0000] {processor.py:914} INFO - Processing file /home/airflow/.local/lib/python3.12/site-packages/airflow/example_dags/example_setup_teardown_taskflow.py for tasks to queue
[2024-10-08T23:42:52.204+0000] {logging_mixin.py:190} INFO - [2024-10-08T23:42:52.204+0000] {dagbag.py:588} INFO - Filling up the DagBag from /home/airflow/.local/lib/python3.12/site-packages/airflow/example_dags/example_setup_teardown_taskflow.py
[2024-10-08T23:42:52.210+0000] {processor.py:925} INFO - DAG(s) 'example_setup_teardown_taskflow' retrieved from /home/airflow/.local/lib/python3.12/site-packages/airflow/example_dags/example_setup_teardown_taskflow.py
[2024-10-08T23:42:52.227+0000] {logging_mixin.py:190} INFO - [2024-10-08T23:42:52.227+0000] {dag.py:3239} INFO - Sync 1 DAGs
[2024-10-08T23:42:52.237+0000] {logging_mixin.py:190} INFO - [2024-10-08T23:42:52.237+0000] {dag.py:4180} INFO - Setting next_dagrun for example_setup_teardown_taskflow to None, run_after=None
[2024-10-08T23:42:52.250+0000] {processor.py:208} INFO - Processing /home/airflow/.local/lib/python3.12/site-packages/airflow/example_dags/example_setup_teardown_taskflow.py took 0.051 seconds
[2024-10-08T23:43:22.865+0000] {processor.py:186} INFO - Started process (PID=196) to work on /home/airflow/.local/lib/python3.12/site-packages/airflow/example_dags/example_setup_teardown_taskflow.py
[2024-10-08T23:43:22.866+0000] {processor.py:914} INFO - Processing file /home/airflow/.local/lib/python3.12/site-packages/airflow/example_dags/example_setup_teardown_taskflow.py for tasks to queue
[2024-10-08T23:43:22.867+0000] {logging_mixin.py:190} INFO - [2024-10-08T23:43:22.867+0000] {dagbag.py:588} INFO - Filling up the DagBag from /home/airflow/.local/lib/python3.12/site-packages/airflow/example_dags/example_setup_teardown_taskflow.py
[2024-10-08T23:43:22.873+0000] {processor.py:925} INFO - DAG(s) 'example_setup_teardown_taskflow' retrieved from /home/airflow/.local/lib/python3.12/site-packages/airflow/example_dags/example_setup_teardown_taskflow.py
[2024-10-08T23:43:22.884+0000] {logging_mixin.py:190} INFO - [2024-10-08T23:43:22.884+0000] {dag.py:3239} INFO - Sync 1 DAGs
[2024-10-08T23:43:22.891+0000] {logging_mixin.py:190} INFO - [2024-10-08T23:43:22.891+0000] {dag.py:4180} INFO - Setting next_dagrun for example_setup_teardown_taskflow to None, run_after=None
[2024-10-08T23:43:22.903+0000] {processor.py:208} INFO - Processing /home/airflow/.local/lib/python3.12/site-packages/airflow/example_dags/example_setup_teardown_taskflow.py took 0.041 seconds
[2024-10-08T23:44:30.971+0000] {processor.py:186} INFO - Started process (PID=134) to work on /home/airflow/.local/lib/python3.12/site-packages/airflow/example_dags/example_setup_teardown_taskflow.py
[2024-10-08T23:44:30.972+0000] {processor.py:914} INFO - Processing file /home/airflow/.local/lib/python3.12/site-packages/airflow/example_dags/example_setup_teardown_taskflow.py for tasks to queue
[2024-10-08T23:44:30.974+0000] {logging_mixin.py:190} INFO - [2024-10-08T23:44:30.974+0000] {dagbag.py:588} INFO - Filling up the DagBag from /home/airflow/.local/lib/python3.12/site-packages/airflow/example_dags/example_setup_teardown_taskflow.py
[2024-10-08T23:44:30.985+0000] {processor.py:925} INFO - DAG(s) 'example_setup_teardown_taskflow' retrieved from /home/airflow/.local/lib/python3.12/site-packages/airflow/example_dags/example_setup_teardown_taskflow.py
[2024-10-08T23:44:31.029+0000] {logging_mixin.py:190} INFO - [2024-10-08T23:44:31.028+0000] {dag.py:3239} INFO - Sync 1 DAGs
[2024-10-08T23:44:31.046+0000] {logging_mixin.py:190} INFO - [2024-10-08T23:44:31.046+0000] {dag.py:4180} INFO - Setting next_dagrun for example_setup_teardown_taskflow to None, run_after=None
[2024-10-08T23:44:31.070+0000] {processor.py:208} INFO - Processing /home/airflow/.local/lib/python3.12/site-packages/airflow/example_dags/example_setup_teardown_taskflow.py took 0.103 seconds
[2024-10-08T23:45:01.959+0000] {processor.py:186} INFO - Started process (PID=197) to work on /home/airflow/.local/lib/python3.12/site-packages/airflow/example_dags/example_setup_teardown_taskflow.py
[2024-10-08T23:45:01.960+0000] {processor.py:914} INFO - Processing file /home/airflow/.local/lib/python3.12/site-packages/airflow/example_dags/example_setup_teardown_taskflow.py for tasks to queue
[2024-10-08T23:45:01.961+0000] {logging_mixin.py:190} INFO - [2024-10-08T23:45:01.961+0000] {dagbag.py:588} INFO - Filling up the DagBag from /home/airflow/.local/lib/python3.12/site-packages/airflow/example_dags/example_setup_teardown_taskflow.py
[2024-10-08T23:45:01.967+0000] {processor.py:925} INFO - DAG(s) 'example_setup_teardown_taskflow' retrieved from /home/airflow/.local/lib/python3.12/site-packages/airflow/example_dags/example_setup_teardown_taskflow.py
[2024-10-08T23:45:01.979+0000] {logging_mixin.py:190} INFO - [2024-10-08T23:45:01.979+0000] {dag.py:3239} INFO - Sync 1 DAGs
[2024-10-08T23:45:01.987+0000] {logging_mixin.py:190} INFO - [2024-10-08T23:45:01.987+0000] {dag.py:4180} INFO - Setting next_dagrun for example_setup_teardown_taskflow to None, run_after=None
[2024-10-08T23:45:01.997+0000] {processor.py:208} INFO - Processing /home/airflow/.local/lib/python3.12/site-packages/airflow/example_dags/example_setup_teardown_taskflow.py took 0.041 seconds
[2024-10-08T23:45:32.223+0000] {processor.py:186} INFO - Started process (PID=260) to work on /home/airflow/.local/lib/python3.12/site-packages/airflow/example_dags/example_setup_teardown_taskflow.py
[2024-10-08T23:45:32.224+0000] {processor.py:914} INFO - Processing file /home/airflow/.local/lib/python3.12/site-packages/airflow/example_dags/example_setup_teardown_taskflow.py for tasks to queue
[2024-10-08T23:45:32.226+0000] {logging_mixin.py:190} INFO - [2024-10-08T23:45:32.226+0000] {dagbag.py:588} INFO - Filling up the DagBag from /home/airflow/.local/lib/python3.12/site-packages/airflow/example_dags/example_setup_teardown_taskflow.py
[2024-10-08T23:45:32.234+0000] {processor.py:925} INFO - DAG(s) 'example_setup_teardown_taskflow' retrieved from /home/airflow/.local/lib/python3.12/site-packages/airflow/example_dags/example_setup_teardown_taskflow.py
[2024-10-08T23:45:32.247+0000] {logging_mixin.py:190} INFO - [2024-10-08T23:45:32.246+0000] {dag.py:3239} INFO - Sync 1 DAGs
[2024-10-08T23:45:32.255+0000] {logging_mixin.py:190} INFO - [2024-10-08T23:45:32.255+0000] {dag.py:4180} INFO - Setting next_dagrun for example_setup_teardown_taskflow to None, run_after=None
[2024-10-08T23:45:32.265+0000] {processor.py:208} INFO - Processing /home/airflow/.local/lib/python3.12/site-packages/airflow/example_dags/example_setup_teardown_taskflow.py took 0.046 seconds
[2024-10-08T23:46:02.493+0000] {processor.py:186} INFO - Started process (PID=323) to work on /home/airflow/.local/lib/python3.12/site-packages/airflow/example_dags/example_setup_teardown_taskflow.py
[2024-10-08T23:46:02.494+0000] {processor.py:914} INFO - Processing file /home/airflow/.local/lib/python3.12/site-packages/airflow/example_dags/example_setup_teardown_taskflow.py for tasks to queue
[2024-10-08T23:46:02.495+0000] {logging_mixin.py:190} INFO - [2024-10-08T23:46:02.495+0000] {dagbag.py:588} INFO - Filling up the DagBag from /home/airflow/.local/lib/python3.12/site-packages/airflow/example_dags/example_setup_teardown_taskflow.py
[2024-10-08T23:46:02.501+0000] {processor.py:925} INFO - DAG(s) 'example_setup_teardown_taskflow' retrieved from /home/airflow/.local/lib/python3.12/site-packages/airflow/example_dags/example_setup_teardown_taskflow.py
[2024-10-08T23:46:02.513+0000] {logging_mixin.py:190} INFO - [2024-10-08T23:46:02.513+0000] {dag.py:3239} INFO - Sync 1 DAGs
[2024-10-08T23:46:02.521+0000] {logging_mixin.py:190} INFO - [2024-10-08T23:46:02.521+0000] {dag.py:4180} INFO - Setting next_dagrun for example_setup_teardown_taskflow to None, run_after=None
[2024-10-08T23:46:02.532+0000] {processor.py:208} INFO - Processing /home/airflow/.local/lib/python3.12/site-packages/airflow/example_dags/example_setup_teardown_taskflow.py took 0.042 seconds
[2024-10-08T23:46:32.641+0000] {processor.py:186} INFO - Started process (PID=386) to work on /home/airflow/.local/lib/python3.12/site-packages/airflow/example_dags/example_setup_teardown_taskflow.py
[2024-10-08T23:46:32.642+0000] {processor.py:914} INFO - Processing file /home/airflow/.local/lib/python3.12/site-packages/airflow/example_dags/example_setup_teardown_taskflow.py for tasks to queue
[2024-10-08T23:46:32.644+0000] {logging_mixin.py:190} INFO - [2024-10-08T23:46:32.643+0000] {dagbag.py:588} INFO - Filling up the DagBag from /home/airflow/.local/lib/python3.12/site-packages/airflow/example_dags/example_setup_teardown_taskflow.py
[2024-10-08T23:46:32.650+0000] {processor.py:925} INFO - DAG(s) 'example_setup_teardown_taskflow' retrieved from /home/airflow/.local/lib/python3.12/site-packages/airflow/example_dags/example_setup_teardown_taskflow.py
[2024-10-08T23:46:32.662+0000] {logging_mixin.py:190} INFO - [2024-10-08T23:46:32.662+0000] {dag.py:3239} INFO - Sync 1 DAGs
[2024-10-08T23:46:32.670+0000] {logging_mixin.py:190} INFO - [2024-10-08T23:46:32.670+0000] {dag.py:4180} INFO - Setting next_dagrun for example_setup_teardown_taskflow to None, run_after=None
[2024-10-08T23:46:32.680+0000] {processor.py:208} INFO - Processing /home/airflow/.local/lib/python3.12/site-packages/airflow/example_dags/example_setup_teardown_taskflow.py took 0.042 seconds
[2024-10-08T23:47:02.915+0000] {processor.py:186} INFO - Started process (PID=449) to work on /home/airflow/.local/lib/python3.12/site-packages/airflow/example_dags/example_setup_teardown_taskflow.py
[2024-10-08T23:47:02.916+0000] {processor.py:914} INFO - Processing file /home/airflow/.local/lib/python3.12/site-packages/airflow/example_dags/example_setup_teardown_taskflow.py for tasks to queue
[2024-10-08T23:47:02.917+0000] {logging_mixin.py:190} INFO - [2024-10-08T23:47:02.917+0000] {dagbag.py:588} INFO - Filling up the DagBag from /home/airflow/.local/lib/python3.12/site-packages/airflow/example_dags/example_setup_teardown_taskflow.py
[2024-10-08T23:47:02.923+0000] {processor.py:925} INFO - DAG(s) 'example_setup_teardown_taskflow' retrieved from /home/airflow/.local/lib/python3.12/site-packages/airflow/example_dags/example_setup_teardown_taskflow.py
[2024-10-08T23:47:02.934+0000] {logging_mixin.py:190} INFO - [2024-10-08T23:47:02.934+0000] {dag.py:3239} INFO - Sync 1 DAGs
[2024-10-08T23:47:02.942+0000] {logging_mixin.py:190} INFO - [2024-10-08T23:47:02.942+0000] {dag.py:4180} INFO - Setting next_dagrun for example_setup_teardown_taskflow to None, run_after=None
[2024-10-08T23:47:02.952+0000] {processor.py:208} INFO - Processing /home/airflow/.local/lib/python3.12/site-packages/airflow/example_dags/example_setup_teardown_taskflow.py took 0.041 seconds
[2024-10-08T23:47:33.023+0000] {processor.py:186} INFO - Started process (PID=512) to work on /home/airflow/.local/lib/python3.12/site-packages/airflow/example_dags/example_setup_teardown_taskflow.py
[2024-10-08T23:47:33.024+0000] {processor.py:914} INFO - Processing file /home/airflow/.local/lib/python3.12/site-packages/airflow/example_dags/example_setup_teardown_taskflow.py for tasks to queue
[2024-10-08T23:47:33.025+0000] {logging_mixin.py:190} INFO - [2024-10-08T23:47:33.025+0000] {dagbag.py:588} INFO - Filling up the DagBag from /home/airflow/.local/lib/python3.12/site-packages/airflow/example_dags/example_setup_teardown_taskflow.py
[2024-10-08T23:47:33.031+0000] {processor.py:925} INFO - DAG(s) 'example_setup_teardown_taskflow' retrieved from /home/airflow/.local/lib/python3.12/site-packages/airflow/example_dags/example_setup_teardown_taskflow.py
[2024-10-08T23:47:33.042+0000] {logging_mixin.py:190} INFO - [2024-10-08T23:47:33.042+0000] {dag.py:3239} INFO - Sync 1 DAGs
[2024-10-08T23:47:33.050+0000] {logging_mixin.py:190} INFO - [2024-10-08T23:47:33.050+0000] {dag.py:4180} INFO - Setting next_dagrun for example_setup_teardown_taskflow to None, run_after=None
[2024-10-08T23:47:33.059+0000] {processor.py:208} INFO - Processing /home/airflow/.local/lib/python3.12/site-packages/airflow/example_dags/example_setup_teardown_taskflow.py took 0.039 seconds
[2024-10-08T23:48:03.216+0000] {processor.py:186} INFO - Started process (PID=575) to work on /home/airflow/.local/lib/python3.12/site-packages/airflow/example_dags/example_setup_teardown_taskflow.py
[2024-10-08T23:48:03.216+0000] {processor.py:914} INFO - Processing file /home/airflow/.local/lib/python3.12/site-packages/airflow/example_dags/example_setup_teardown_taskflow.py for tasks to queue
[2024-10-08T23:48:03.218+0000] {logging_mixin.py:190} INFO - [2024-10-08T23:48:03.217+0000] {dagbag.py:588} INFO - Filling up the DagBag from /home/airflow/.local/lib/python3.12/site-packages/airflow/example_dags/example_setup_teardown_taskflow.py
[2024-10-08T23:48:03.224+0000] {processor.py:925} INFO - DAG(s) 'example_setup_teardown_taskflow' retrieved from /home/airflow/.local/lib/python3.12/site-packages/airflow/example_dags/example_setup_teardown_taskflow.py
[2024-10-08T23:48:03.236+0000] {logging_mixin.py:190} INFO - [2024-10-08T23:48:03.236+0000] {dag.py:3239} INFO - Sync 1 DAGs
[2024-10-08T23:48:03.245+0000] {logging_mixin.py:190} INFO - [2024-10-08T23:48:03.244+0000] {dag.py:4180} INFO - Setting next_dagrun for example_setup_teardown_taskflow to None, run_after=None
[2024-10-08T23:48:03.255+0000] {processor.py:208} INFO - Processing /home/airflow/.local/lib/python3.12/site-packages/airflow/example_dags/example_setup_teardown_taskflow.py took 0.043 seconds
[2024-10-08T23:48:33.580+0000] {processor.py:186} INFO - Started process (PID=644) to work on /home/airflow/.local/lib/python3.12/site-packages/airflow/example_dags/example_setup_teardown_taskflow.py
[2024-10-08T23:48:33.581+0000] {processor.py:914} INFO - Processing file /home/airflow/.local/lib/python3.12/site-packages/airflow/example_dags/example_setup_teardown_taskflow.py for tasks to queue
[2024-10-08T23:48:33.582+0000] {logging_mixin.py:190} INFO - [2024-10-08T23:48:33.582+0000] {dagbag.py:588} INFO - Filling up the DagBag from /home/airflow/.local/lib/python3.12/site-packages/airflow/example_dags/example_setup_teardown_taskflow.py
[2024-10-08T23:48:33.587+0000] {processor.py:925} INFO - DAG(s) 'example_setup_teardown_taskflow' retrieved from /home/airflow/.local/lib/python3.12/site-packages/airflow/example_dags/example_setup_teardown_taskflow.py
[2024-10-08T23:48:33.599+0000] {logging_mixin.py:190} INFO - [2024-10-08T23:48:33.599+0000] {dag.py:3239} INFO - Sync 1 DAGs
[2024-10-08T23:48:33.607+0000] {logging_mixin.py:190} INFO - [2024-10-08T23:48:33.607+0000] {dag.py:4180} INFO - Setting next_dagrun for example_setup_teardown_taskflow to None, run_after=None
[2024-10-08T23:48:33.617+0000] {processor.py:208} INFO - Processing /home/airflow/.local/lib/python3.12/site-packages/airflow/example_dags/example_setup_teardown_taskflow.py took 0.040 seconds
[2024-10-08T23:49:03.661+0000] {processor.py:186} INFO - Started process (PID=701) to work on /home/airflow/.local/lib/python3.12/site-packages/airflow/example_dags/example_setup_teardown_taskflow.py
[2024-10-08T23:49:03.662+0000] {processor.py:914} INFO - Processing file /home/airflow/.local/lib/python3.12/site-packages/airflow/example_dags/example_setup_teardown_taskflow.py for tasks to queue
[2024-10-08T23:49:03.663+0000] {logging_mixin.py:190} INFO - [2024-10-08T23:49:03.663+0000] {dagbag.py:588} INFO - Filling up the DagBag from /home/airflow/.local/lib/python3.12/site-packages/airflow/example_dags/example_setup_teardown_taskflow.py
[2024-10-08T23:49:03.670+0000] {processor.py:925} INFO - DAG(s) 'example_setup_teardown_taskflow' retrieved from /home/airflow/.local/lib/python3.12/site-packages/airflow/example_dags/example_setup_teardown_taskflow.py
[2024-10-08T23:49:03.682+0000] {logging_mixin.py:190} INFO - [2024-10-08T23:49:03.682+0000] {dag.py:3239} INFO - Sync 1 DAGs
[2024-10-08T23:49:03.691+0000] {logging_mixin.py:190} INFO - [2024-10-08T23:49:03.691+0000] {dag.py:4180} INFO - Setting next_dagrun for example_setup_teardown_taskflow to None, run_after=None
[2024-10-08T23:49:03.701+0000] {processor.py:208} INFO - Processing /home/airflow/.local/lib/python3.12/site-packages/airflow/example_dags/example_setup_teardown_taskflow.py took 0.044 seconds
[2024-10-08T23:49:33.789+0000] {processor.py:186} INFO - Started process (PID=764) to work on /home/airflow/.local/lib/python3.12/site-packages/airflow/example_dags/example_setup_teardown_taskflow.py
[2024-10-08T23:49:33.790+0000] {processor.py:914} INFO - Processing file /home/airflow/.local/lib/python3.12/site-packages/airflow/example_dags/example_setup_teardown_taskflow.py for tasks to queue
[2024-10-08T23:49:33.793+0000] {logging_mixin.py:190} INFO - [2024-10-08T23:49:33.792+0000] {dagbag.py:588} INFO - Filling up the DagBag from /home/airflow/.local/lib/python3.12/site-packages/airflow/example_dags/example_setup_teardown_taskflow.py
[2024-10-08T23:49:33.800+0000] {processor.py:925} INFO - DAG(s) 'example_setup_teardown_taskflow' retrieved from /home/airflow/.local/lib/python3.12/site-packages/airflow/example_dags/example_setup_teardown_taskflow.py
[2024-10-08T23:49:33.813+0000] {logging_mixin.py:190} INFO - [2024-10-08T23:49:33.813+0000] {dag.py:3239} INFO - Sync 1 DAGs
[2024-10-08T23:49:33.821+0000] {logging_mixin.py:190} INFO - [2024-10-08T23:49:33.821+0000] {dag.py:4180} INFO - Setting next_dagrun for example_setup_teardown_taskflow to None, run_after=None
[2024-10-08T23:49:33.832+0000] {processor.py:208} INFO - Processing /home/airflow/.local/lib/python3.12/site-packages/airflow/example_dags/example_setup_teardown_taskflow.py took 0.047 seconds
[2024-10-08T23:50:03.894+0000] {processor.py:186} INFO - Started process (PID=827) to work on /home/airflow/.local/lib/python3.12/site-packages/airflow/example_dags/example_setup_teardown_taskflow.py
[2024-10-08T23:50:03.894+0000] {processor.py:914} INFO - Processing file /home/airflow/.local/lib/python3.12/site-packages/airflow/example_dags/example_setup_teardown_taskflow.py for tasks to queue
[2024-10-08T23:50:03.896+0000] {logging_mixin.py:190} INFO - [2024-10-08T23:50:03.896+0000] {dagbag.py:588} INFO - Filling up the DagBag from /home/airflow/.local/lib/python3.12/site-packages/airflow/example_dags/example_setup_teardown_taskflow.py
[2024-10-08T23:50:03.902+0000] {processor.py:925} INFO - DAG(s) 'example_setup_teardown_taskflow' retrieved from /home/airflow/.local/lib/python3.12/site-packages/airflow/example_dags/example_setup_teardown_taskflow.py
[2024-10-08T23:50:03.915+0000] {logging_mixin.py:190} INFO - [2024-10-08T23:50:03.915+0000] {dag.py:3239} INFO - Sync 1 DAGs
[2024-10-08T23:50:03.923+0000] {logging_mixin.py:190} INFO - [2024-10-08T23:50:03.923+0000] {dag.py:4180} INFO - Setting next_dagrun for example_setup_teardown_taskflow to None, run_after=None
[2024-10-08T23:50:03.937+0000] {processor.py:208} INFO - Processing /home/airflow/.local/lib/python3.12/site-packages/airflow/example_dags/example_setup_teardown_taskflow.py took 0.047 seconds
