[2024-10-08T23:14:24.461+0000] {processor.py:186} INFO - Started process (PID=15716) to work on /home/airflow/.local/lib/python3.12/site-packages/airflow/example_dags/example_complex.py
[2024-10-08T23:14:24.461+0000] {processor.py:914} INFO - Processing file /home/airflow/.local/lib/python3.12/site-packages/airflow/example_dags/example_complex.py for tasks to queue
[2024-10-08T23:14:24.463+0000] {logging_mixin.py:190} INFO - [2024-10-08T23:14:24.462+0000] {dagbag.py:588} INFO - Filling up the DagBag from /home/airflow/.local/lib/python3.12/site-packages/airflow/example_dags/example_complex.py
[2024-10-08T23:14:24.469+0000] {processor.py:925} INFO - DAG(s) 'example_complex' retrieved from /home/airflow/.local/lib/python3.12/site-packages/airflow/example_dags/example_complex.py
[2024-10-08T23:14:24.485+0000] {logging_mixin.py:190} INFO - [2024-10-08T23:14:24.485+0000] {dag.py:3239} INFO - Sync 1 DAGs
[2024-10-08T23:14:24.493+0000] {logging_mixin.py:190} INFO - [2024-10-08T23:14:24.493+0000] {dag.py:4180} INFO - Setting next_dagrun for example_complex to None, run_after=None
[2024-10-08T23:14:24.504+0000] {processor.py:208} INFO - Processing /home/airflow/.local/lib/python3.12/site-packages/airflow/example_dags/example_complex.py took 0.047 seconds
[2024-10-08T23:34:23.853+0000] {processor.py:186} INFO - Started process (PID=176) to work on /home/airflow/.local/lib/python3.12/site-packages/airflow/example_dags/example_complex.py
[2024-10-08T23:34:23.854+0000] {processor.py:914} INFO - Processing file /home/airflow/.local/lib/python3.12/site-packages/airflow/example_dags/example_complex.py for tasks to queue
[2024-10-08T23:34:23.855+0000] {logging_mixin.py:190} INFO - [2024-10-08T23:34:23.855+0000] {dagbag.py:588} INFO - Filling up the DagBag from /home/airflow/.local/lib/python3.12/site-packages/airflow/example_dags/example_complex.py
[2024-10-08T23:34:23.862+0000] {processor.py:925} INFO - DAG(s) 'example_complex' retrieved from /home/airflow/.local/lib/python3.12/site-packages/airflow/example_dags/example_complex.py
[2024-10-08T23:34:23.879+0000] {logging_mixin.py:190} INFO - [2024-10-08T23:34:23.879+0000] {dag.py:3239} INFO - Sync 1 DAGs
[2024-10-08T23:34:23.887+0000] {logging_mixin.py:190} INFO - [2024-10-08T23:34:23.887+0000] {dag.py:4180} INFO - Setting next_dagrun for example_complex to None, run_after=None
[2024-10-08T23:34:23.897+0000] {processor.py:208} INFO - Processing /home/airflow/.local/lib/python3.12/site-packages/airflow/example_dags/example_complex.py took 0.047 seconds
[2024-10-08T23:34:54.469+0000] {processor.py:186} INFO - Started process (PID=239) to work on /home/airflow/.local/lib/python3.12/site-packages/airflow/example_dags/example_complex.py
[2024-10-08T23:34:54.469+0000] {processor.py:914} INFO - Processing file /home/airflow/.local/lib/python3.12/site-packages/airflow/example_dags/example_complex.py for tasks to queue
[2024-10-08T23:34:54.471+0000] {logging_mixin.py:190} INFO - [2024-10-08T23:34:54.470+0000] {dagbag.py:588} INFO - Filling up the DagBag from /home/airflow/.local/lib/python3.12/site-packages/airflow/example_dags/example_complex.py
[2024-10-08T23:34:54.477+0000] {processor.py:925} INFO - DAG(s) 'example_complex' retrieved from /home/airflow/.local/lib/python3.12/site-packages/airflow/example_dags/example_complex.py
[2024-10-08T23:34:54.494+0000] {logging_mixin.py:190} INFO - [2024-10-08T23:34:54.494+0000] {dag.py:3239} INFO - Sync 1 DAGs
[2024-10-08T23:34:54.502+0000] {logging_mixin.py:190} INFO - [2024-10-08T23:34:54.502+0000] {dag.py:4180} INFO - Setting next_dagrun for example_complex to None, run_after=None
[2024-10-08T23:34:54.512+0000] {processor.py:208} INFO - Processing /home/airflow/.local/lib/python3.12/site-packages/airflow/example_dags/example_complex.py took 0.047 seconds
[2024-10-08T23:35:24.943+0000] {processor.py:186} INFO - Started process (PID=302) to work on /home/airflow/.local/lib/python3.12/site-packages/airflow/example_dags/example_complex.py
[2024-10-08T23:35:24.944+0000] {processor.py:914} INFO - Processing file /home/airflow/.local/lib/python3.12/site-packages/airflow/example_dags/example_complex.py for tasks to queue
[2024-10-08T23:35:24.945+0000] {logging_mixin.py:190} INFO - [2024-10-08T23:35:24.945+0000] {dagbag.py:588} INFO - Filling up the DagBag from /home/airflow/.local/lib/python3.12/site-packages/airflow/example_dags/example_complex.py
[2024-10-08T23:35:24.952+0000] {processor.py:925} INFO - DAG(s) 'example_complex' retrieved from /home/airflow/.local/lib/python3.12/site-packages/airflow/example_dags/example_complex.py
[2024-10-08T23:35:24.970+0000] {logging_mixin.py:190} INFO - [2024-10-08T23:35:24.970+0000] {dag.py:3239} INFO - Sync 1 DAGs
[2024-10-08T23:35:24.978+0000] {logging_mixin.py:190} INFO - [2024-10-08T23:35:24.978+0000] {dag.py:4180} INFO - Setting next_dagrun for example_complex to None, run_after=None
[2024-10-08T23:35:24.988+0000] {processor.py:208} INFO - Processing /home/airflow/.local/lib/python3.12/site-packages/airflow/example_dags/example_complex.py took 0.049 seconds
[2024-10-08T23:35:55.159+0000] {processor.py:186} INFO - Started process (PID=365) to work on /home/airflow/.local/lib/python3.12/site-packages/airflow/example_dags/example_complex.py
[2024-10-08T23:35:55.159+0000] {processor.py:914} INFO - Processing file /home/airflow/.local/lib/python3.12/site-packages/airflow/example_dags/example_complex.py for tasks to queue
[2024-10-08T23:35:55.161+0000] {logging_mixin.py:190} INFO - [2024-10-08T23:35:55.160+0000] {dagbag.py:588} INFO - Filling up the DagBag from /home/airflow/.local/lib/python3.12/site-packages/airflow/example_dags/example_complex.py
[2024-10-08T23:35:55.168+0000] {processor.py:925} INFO - DAG(s) 'example_complex' retrieved from /home/airflow/.local/lib/python3.12/site-packages/airflow/example_dags/example_complex.py
[2024-10-08T23:35:55.184+0000] {logging_mixin.py:190} INFO - [2024-10-08T23:35:55.184+0000] {dag.py:3239} INFO - Sync 1 DAGs
[2024-10-08T23:35:55.192+0000] {logging_mixin.py:190} INFO - [2024-10-08T23:35:55.192+0000] {dag.py:4180} INFO - Setting next_dagrun for example_complex to None, run_after=None
[2024-10-08T23:35:55.203+0000] {processor.py:208} INFO - Processing /home/airflow/.local/lib/python3.12/site-packages/airflow/example_dags/example_complex.py took 0.047 seconds
[2024-10-08T23:36:25.304+0000] {processor.py:186} INFO - Started process (PID=428) to work on /home/airflow/.local/lib/python3.12/site-packages/airflow/example_dags/example_complex.py
[2024-10-08T23:36:25.304+0000] {processor.py:914} INFO - Processing file /home/airflow/.local/lib/python3.12/site-packages/airflow/example_dags/example_complex.py for tasks to queue
[2024-10-08T23:36:25.305+0000] {logging_mixin.py:190} INFO - [2024-10-08T23:36:25.305+0000] {dagbag.py:588} INFO - Filling up the DagBag from /home/airflow/.local/lib/python3.12/site-packages/airflow/example_dags/example_complex.py
[2024-10-08T23:36:25.312+0000] {processor.py:925} INFO - DAG(s) 'example_complex' retrieved from /home/airflow/.local/lib/python3.12/site-packages/airflow/example_dags/example_complex.py
[2024-10-08T23:36:25.329+0000] {logging_mixin.py:190} INFO - [2024-10-08T23:36:25.328+0000] {dag.py:3239} INFO - Sync 1 DAGs
[2024-10-08T23:36:25.337+0000] {logging_mixin.py:190} INFO - [2024-10-08T23:36:25.336+0000] {dag.py:4180} INFO - Setting next_dagrun for example_complex to None, run_after=None
[2024-10-08T23:36:25.346+0000] {processor.py:208} INFO - Processing /home/airflow/.local/lib/python3.12/site-packages/airflow/example_dags/example_complex.py took 0.046 seconds
[2024-10-08T23:36:55.488+0000] {processor.py:186} INFO - Started process (PID=491) to work on /home/airflow/.local/lib/python3.12/site-packages/airflow/example_dags/example_complex.py
[2024-10-08T23:36:55.489+0000] {processor.py:914} INFO - Processing file /home/airflow/.local/lib/python3.12/site-packages/airflow/example_dags/example_complex.py for tasks to queue
[2024-10-08T23:36:55.490+0000] {logging_mixin.py:190} INFO - [2024-10-08T23:36:55.490+0000] {dagbag.py:588} INFO - Filling up the DagBag from /home/airflow/.local/lib/python3.12/site-packages/airflow/example_dags/example_complex.py
[2024-10-08T23:36:55.497+0000] {processor.py:925} INFO - DAG(s) 'example_complex' retrieved from /home/airflow/.local/lib/python3.12/site-packages/airflow/example_dags/example_complex.py
[2024-10-08T23:36:55.514+0000] {logging_mixin.py:190} INFO - [2024-10-08T23:36:55.514+0000] {dag.py:3239} INFO - Sync 1 DAGs
[2024-10-08T23:36:55.521+0000] {logging_mixin.py:190} INFO - [2024-10-08T23:36:55.521+0000] {dag.py:4180} INFO - Setting next_dagrun for example_complex to None, run_after=None
[2024-10-08T23:36:55.531+0000] {processor.py:208} INFO - Processing /home/airflow/.local/lib/python3.12/site-packages/airflow/example_dags/example_complex.py took 0.046 seconds
[2024-10-08T23:37:25.731+0000] {processor.py:186} INFO - Started process (PID=554) to work on /home/airflow/.local/lib/python3.12/site-packages/airflow/example_dags/example_complex.py
[2024-10-08T23:37:25.732+0000] {processor.py:914} INFO - Processing file /home/airflow/.local/lib/python3.12/site-packages/airflow/example_dags/example_complex.py for tasks to queue
[2024-10-08T23:37:25.733+0000] {logging_mixin.py:190} INFO - [2024-10-08T23:37:25.733+0000] {dagbag.py:588} INFO - Filling up the DagBag from /home/airflow/.local/lib/python3.12/site-packages/airflow/example_dags/example_complex.py
[2024-10-08T23:37:25.740+0000] {processor.py:925} INFO - DAG(s) 'example_complex' retrieved from /home/airflow/.local/lib/python3.12/site-packages/airflow/example_dags/example_complex.py
[2024-10-08T23:37:25.757+0000] {logging_mixin.py:190} INFO - [2024-10-08T23:37:25.756+0000] {dag.py:3239} INFO - Sync 1 DAGs
[2024-10-08T23:37:25.764+0000] {logging_mixin.py:190} INFO - [2024-10-08T23:37:25.764+0000] {dag.py:4180} INFO - Setting next_dagrun for example_complex to None, run_after=None
[2024-10-08T23:37:25.774+0000] {processor.py:208} INFO - Processing /home/airflow/.local/lib/python3.12/site-packages/airflow/example_dags/example_complex.py took 0.046 seconds
[2024-10-08T23:37:56.154+0000] {processor.py:186} INFO - Started process (PID=617) to work on /home/airflow/.local/lib/python3.12/site-packages/airflow/example_dags/example_complex.py
[2024-10-08T23:37:56.155+0000] {processor.py:914} INFO - Processing file /home/airflow/.local/lib/python3.12/site-packages/airflow/example_dags/example_complex.py for tasks to queue
[2024-10-08T23:37:56.156+0000] {logging_mixin.py:190} INFO - [2024-10-08T23:37:56.156+0000] {dagbag.py:588} INFO - Filling up the DagBag from /home/airflow/.local/lib/python3.12/site-packages/airflow/example_dags/example_complex.py
[2024-10-08T23:37:56.162+0000] {processor.py:925} INFO - DAG(s) 'example_complex' retrieved from /home/airflow/.local/lib/python3.12/site-packages/airflow/example_dags/example_complex.py
[2024-10-08T23:37:56.179+0000] {logging_mixin.py:190} INFO - [2024-10-08T23:37:56.179+0000] {dag.py:3239} INFO - Sync 1 DAGs
[2024-10-08T23:37:56.186+0000] {logging_mixin.py:190} INFO - [2024-10-08T23:37:56.186+0000] {dag.py:4180} INFO - Setting next_dagrun for example_complex to None, run_after=None
[2024-10-08T23:37:56.196+0000] {processor.py:208} INFO - Processing /home/airflow/.local/lib/python3.12/site-packages/airflow/example_dags/example_complex.py took 0.045 seconds
[2024-10-08T23:38:26.451+0000] {processor.py:186} INFO - Started process (PID=680) to work on /home/airflow/.local/lib/python3.12/site-packages/airflow/example_dags/example_complex.py
[2024-10-08T23:38:26.452+0000] {processor.py:914} INFO - Processing file /home/airflow/.local/lib/python3.12/site-packages/airflow/example_dags/example_complex.py for tasks to queue
[2024-10-08T23:38:26.453+0000] {logging_mixin.py:190} INFO - [2024-10-08T23:38:26.453+0000] {dagbag.py:588} INFO - Filling up the DagBag from /home/airflow/.local/lib/python3.12/site-packages/airflow/example_dags/example_complex.py
[2024-10-08T23:38:26.459+0000] {processor.py:925} INFO - DAG(s) 'example_complex' retrieved from /home/airflow/.local/lib/python3.12/site-packages/airflow/example_dags/example_complex.py
[2024-10-08T23:38:26.476+0000] {logging_mixin.py:190} INFO - [2024-10-08T23:38:26.476+0000] {dag.py:3239} INFO - Sync 1 DAGs
[2024-10-08T23:38:26.484+0000] {logging_mixin.py:190} INFO - [2024-10-08T23:38:26.484+0000] {dag.py:4180} INFO - Setting next_dagrun for example_complex to None, run_after=None
[2024-10-08T23:38:26.493+0000] {processor.py:208} INFO - Processing /home/airflow/.local/lib/python3.12/site-packages/airflow/example_dags/example_complex.py took 0.045 seconds
[2024-10-08T23:38:56.554+0000] {processor.py:186} INFO - Started process (PID=743) to work on /home/airflow/.local/lib/python3.12/site-packages/airflow/example_dags/example_complex.py
[2024-10-08T23:38:56.555+0000] {processor.py:914} INFO - Processing file /home/airflow/.local/lib/python3.12/site-packages/airflow/example_dags/example_complex.py for tasks to queue
[2024-10-08T23:38:56.556+0000] {logging_mixin.py:190} INFO - [2024-10-08T23:38:56.556+0000] {dagbag.py:588} INFO - Filling up the DagBag from /home/airflow/.local/lib/python3.12/site-packages/airflow/example_dags/example_complex.py
[2024-10-08T23:38:56.562+0000] {processor.py:925} INFO - DAG(s) 'example_complex' retrieved from /home/airflow/.local/lib/python3.12/site-packages/airflow/example_dags/example_complex.py
[2024-10-08T23:38:56.579+0000] {logging_mixin.py:190} INFO - [2024-10-08T23:38:56.579+0000] {dag.py:3239} INFO - Sync 1 DAGs
[2024-10-08T23:38:56.586+0000] {logging_mixin.py:190} INFO - [2024-10-08T23:38:56.586+0000] {dag.py:4180} INFO - Setting next_dagrun for example_complex to None, run_after=None
[2024-10-08T23:38:56.596+0000] {processor.py:208} INFO - Processing /home/airflow/.local/lib/python3.12/site-packages/airflow/example_dags/example_complex.py took 0.045 seconds
[2024-10-08T23:39:39.467+0000] {processor.py:186} INFO - Started process (PID=169) to work on /home/airflow/.local/lib/python3.12/site-packages/airflow/example_dags/example_complex.py
[2024-10-08T23:39:39.468+0000] {processor.py:914} INFO - Processing file /home/airflow/.local/lib/python3.12/site-packages/airflow/example_dags/example_complex.py for tasks to queue
[2024-10-08T23:39:39.469+0000] {logging_mixin.py:190} INFO - [2024-10-08T23:39:39.469+0000] {dagbag.py:588} INFO - Filling up the DagBag from /home/airflow/.local/lib/python3.12/site-packages/airflow/example_dags/example_complex.py
[2024-10-08T23:39:39.476+0000] {processor.py:925} INFO - DAG(s) 'example_complex' retrieved from /home/airflow/.local/lib/python3.12/site-packages/airflow/example_dags/example_complex.py
[2024-10-08T23:39:39.493+0000] {logging_mixin.py:190} INFO - [2024-10-08T23:39:39.492+0000] {dag.py:3239} INFO - Sync 1 DAGs
[2024-10-08T23:39:39.500+0000] {logging_mixin.py:190} INFO - [2024-10-08T23:39:39.500+0000] {dag.py:4180} INFO - Setting next_dagrun for example_complex to None, run_after=None
[2024-10-08T23:39:39.510+0000] {processor.py:208} INFO - Processing /home/airflow/.local/lib/python3.12/site-packages/airflow/example_dags/example_complex.py took 0.046 seconds
[2024-10-08T23:40:09.589+0000] {processor.py:186} INFO - Started process (PID=232) to work on /home/airflow/.local/lib/python3.12/site-packages/airflow/example_dags/example_complex.py
[2024-10-08T23:40:09.590+0000] {processor.py:914} INFO - Processing file /home/airflow/.local/lib/python3.12/site-packages/airflow/example_dags/example_complex.py for tasks to queue
[2024-10-08T23:40:09.591+0000] {logging_mixin.py:190} INFO - [2024-10-08T23:40:09.591+0000] {dagbag.py:588} INFO - Filling up the DagBag from /home/airflow/.local/lib/python3.12/site-packages/airflow/example_dags/example_complex.py
[2024-10-08T23:40:09.598+0000] {processor.py:925} INFO - DAG(s) 'example_complex' retrieved from /home/airflow/.local/lib/python3.12/site-packages/airflow/example_dags/example_complex.py
[2024-10-08T23:40:09.617+0000] {logging_mixin.py:190} INFO - [2024-10-08T23:40:09.616+0000] {dag.py:3239} INFO - Sync 1 DAGs
[2024-10-08T23:40:09.626+0000] {logging_mixin.py:190} INFO - [2024-10-08T23:40:09.626+0000] {dag.py:4180} INFO - Setting next_dagrun for example_complex to None, run_after=None
[2024-10-08T23:40:09.637+0000] {processor.py:208} INFO - Processing /home/airflow/.local/lib/python3.12/site-packages/airflow/example_dags/example_complex.py took 0.051 seconds
[2024-10-08T23:40:40.725+0000] {processor.py:186} INFO - Started process (PID=295) to work on /home/airflow/.local/lib/python3.12/site-packages/airflow/example_dags/example_complex.py
[2024-10-08T23:40:40.726+0000] {processor.py:914} INFO - Processing file /home/airflow/.local/lib/python3.12/site-packages/airflow/example_dags/example_complex.py for tasks to queue
[2024-10-08T23:40:40.727+0000] {logging_mixin.py:190} INFO - [2024-10-08T23:40:40.727+0000] {dagbag.py:588} INFO - Filling up the DagBag from /home/airflow/.local/lib/python3.12/site-packages/airflow/example_dags/example_complex.py
[2024-10-08T23:40:40.734+0000] {processor.py:925} INFO - DAG(s) 'example_complex' retrieved from /home/airflow/.local/lib/python3.12/site-packages/airflow/example_dags/example_complex.py
[2024-10-08T23:40:40.751+0000] {logging_mixin.py:190} INFO - [2024-10-08T23:40:40.751+0000] {dag.py:3239} INFO - Sync 1 DAGs
[2024-10-08T23:40:40.760+0000] {logging_mixin.py:190} INFO - [2024-10-08T23:40:40.760+0000] {dag.py:4180} INFO - Setting next_dagrun for example_complex to None, run_after=None
[2024-10-08T23:40:40.771+0000] {processor.py:208} INFO - Processing /home/airflow/.local/lib/python3.12/site-packages/airflow/example_dags/example_complex.py took 0.049 seconds
[2024-10-08T23:41:11.001+0000] {processor.py:186} INFO - Started process (PID=358) to work on /home/airflow/.local/lib/python3.12/site-packages/airflow/example_dags/example_complex.py
[2024-10-08T23:41:11.002+0000] {processor.py:914} INFO - Processing file /home/airflow/.local/lib/python3.12/site-packages/airflow/example_dags/example_complex.py for tasks to queue
[2024-10-08T23:41:11.003+0000] {logging_mixin.py:190} INFO - [2024-10-08T23:41:11.003+0000] {dagbag.py:588} INFO - Filling up the DagBag from /home/airflow/.local/lib/python3.12/site-packages/airflow/example_dags/example_complex.py
[2024-10-08T23:41:11.010+0000] {processor.py:925} INFO - DAG(s) 'example_complex' retrieved from /home/airflow/.local/lib/python3.12/site-packages/airflow/example_dags/example_complex.py
[2024-10-08T23:41:11.029+0000] {logging_mixin.py:190} INFO - [2024-10-08T23:41:11.029+0000] {dag.py:3239} INFO - Sync 1 DAGs
[2024-10-08T23:41:11.038+0000] {logging_mixin.py:190} INFO - [2024-10-08T23:41:11.038+0000] {dag.py:4180} INFO - Setting next_dagrun for example_complex to None, run_after=None
[2024-10-08T23:41:11.049+0000] {processor.py:208} INFO - Processing /home/airflow/.local/lib/python3.12/site-packages/airflow/example_dags/example_complex.py took 0.051 seconds
[2024-10-08T23:41:41.224+0000] {processor.py:186} INFO - Started process (PID=421) to work on /home/airflow/.local/lib/python3.12/site-packages/airflow/example_dags/example_complex.py
[2024-10-08T23:41:41.224+0000] {processor.py:914} INFO - Processing file /home/airflow/.local/lib/python3.12/site-packages/airflow/example_dags/example_complex.py for tasks to queue
[2024-10-08T23:41:41.226+0000] {logging_mixin.py:190} INFO - [2024-10-08T23:41:41.225+0000] {dagbag.py:588} INFO - Filling up the DagBag from /home/airflow/.local/lib/python3.12/site-packages/airflow/example_dags/example_complex.py
[2024-10-08T23:41:41.232+0000] {processor.py:925} INFO - DAG(s) 'example_complex' retrieved from /home/airflow/.local/lib/python3.12/site-packages/airflow/example_dags/example_complex.py
[2024-10-08T23:41:41.249+0000] {logging_mixin.py:190} INFO - [2024-10-08T23:41:41.248+0000] {dag.py:3239} INFO - Sync 1 DAGs
[2024-10-08T23:41:41.256+0000] {logging_mixin.py:190} INFO - [2024-10-08T23:41:41.256+0000] {dag.py:4180} INFO - Setting next_dagrun for example_complex to None, run_after=None
[2024-10-08T23:41:41.266+0000] {processor.py:208} INFO - Processing /home/airflow/.local/lib/python3.12/site-packages/airflow/example_dags/example_complex.py took 0.045 seconds
[2024-10-08T23:42:53.937+0000] {processor.py:186} INFO - Started process (PID=169) to work on /home/airflow/.local/lib/python3.12/site-packages/airflow/example_dags/example_complex.py
[2024-10-08T23:42:53.937+0000] {processor.py:914} INFO - Processing file /home/airflow/.local/lib/python3.12/site-packages/airflow/example_dags/example_complex.py for tasks to queue
[2024-10-08T23:42:53.939+0000] {logging_mixin.py:190} INFO - [2024-10-08T23:42:53.938+0000] {dagbag.py:588} INFO - Filling up the DagBag from /home/airflow/.local/lib/python3.12/site-packages/airflow/example_dags/example_complex.py
[2024-10-08T23:42:53.945+0000] {processor.py:925} INFO - DAG(s) 'example_complex' retrieved from /home/airflow/.local/lib/python3.12/site-packages/airflow/example_dags/example_complex.py
[2024-10-08T23:42:53.963+0000] {logging_mixin.py:190} INFO - [2024-10-08T23:42:53.963+0000] {dag.py:3239} INFO - Sync 1 DAGs
[2024-10-08T23:42:53.971+0000] {logging_mixin.py:190} INFO - [2024-10-08T23:42:53.971+0000] {dag.py:4180} INFO - Setting next_dagrun for example_complex to None, run_after=None
[2024-10-08T23:42:53.982+0000] {processor.py:208} INFO - Processing /home/airflow/.local/lib/python3.12/site-packages/airflow/example_dags/example_complex.py took 0.048 seconds
[2024-10-08T23:43:24.173+0000] {processor.py:186} INFO - Started process (PID=232) to work on /home/airflow/.local/lib/python3.12/site-packages/airflow/example_dags/example_complex.py
[2024-10-08T23:43:24.173+0000] {processor.py:914} INFO - Processing file /home/airflow/.local/lib/python3.12/site-packages/airflow/example_dags/example_complex.py for tasks to queue
[2024-10-08T23:43:24.174+0000] {logging_mixin.py:190} INFO - [2024-10-08T23:43:24.174+0000] {dagbag.py:588} INFO - Filling up the DagBag from /home/airflow/.local/lib/python3.12/site-packages/airflow/example_dags/example_complex.py
[2024-10-08T23:43:24.181+0000] {processor.py:925} INFO - DAG(s) 'example_complex' retrieved from /home/airflow/.local/lib/python3.12/site-packages/airflow/example_dags/example_complex.py
[2024-10-08T23:43:24.198+0000] {logging_mixin.py:190} INFO - [2024-10-08T23:43:24.198+0000] {dag.py:3239} INFO - Sync 1 DAGs
[2024-10-08T23:43:24.206+0000] {logging_mixin.py:190} INFO - [2024-10-08T23:43:24.206+0000] {dag.py:4180} INFO - Setting next_dagrun for example_complex to None, run_after=None
[2024-10-08T23:43:24.216+0000] {processor.py:208} INFO - Processing /home/airflow/.local/lib/python3.12/site-packages/airflow/example_dags/example_complex.py took 0.046 seconds
[2024-10-08T23:44:32.989+0000] {processor.py:186} INFO - Started process (PID=176) to work on /home/airflow/.local/lib/python3.12/site-packages/airflow/example_dags/example_complex.py
[2024-10-08T23:44:32.989+0000] {processor.py:914} INFO - Processing file /home/airflow/.local/lib/python3.12/site-packages/airflow/example_dags/example_complex.py for tasks to queue
[2024-10-08T23:44:32.991+0000] {logging_mixin.py:190} INFO - [2024-10-08T23:44:32.990+0000] {dagbag.py:588} INFO - Filling up the DagBag from /home/airflow/.local/lib/python3.12/site-packages/airflow/example_dags/example_complex.py
[2024-10-08T23:44:32.999+0000] {processor.py:925} INFO - DAG(s) 'example_complex' retrieved from /home/airflow/.local/lib/python3.12/site-packages/airflow/example_dags/example_complex.py
[2024-10-08T23:44:33.023+0000] {logging_mixin.py:190} INFO - [2024-10-08T23:44:33.023+0000] {dag.py:3239} INFO - Sync 1 DAGs
[2024-10-08T23:44:33.034+0000] {logging_mixin.py:190} INFO - [2024-10-08T23:44:33.033+0000] {dag.py:4180} INFO - Setting next_dagrun for example_complex to None, run_after=None
[2024-10-08T23:44:33.047+0000] {processor.py:208} INFO - Processing /home/airflow/.local/lib/python3.12/site-packages/airflow/example_dags/example_complex.py took 0.062 seconds
[2024-10-08T23:45:03.355+0000] {processor.py:186} INFO - Started process (PID=239) to work on /home/airflow/.local/lib/python3.12/site-packages/airflow/example_dags/example_complex.py
[2024-10-08T23:45:03.355+0000] {processor.py:914} INFO - Processing file /home/airflow/.local/lib/python3.12/site-packages/airflow/example_dags/example_complex.py for tasks to queue
[2024-10-08T23:45:03.357+0000] {logging_mixin.py:190} INFO - [2024-10-08T23:45:03.357+0000] {dagbag.py:588} INFO - Filling up the DagBag from /home/airflow/.local/lib/python3.12/site-packages/airflow/example_dags/example_complex.py
[2024-10-08T23:45:03.365+0000] {processor.py:925} INFO - DAG(s) 'example_complex' retrieved from /home/airflow/.local/lib/python3.12/site-packages/airflow/example_dags/example_complex.py
[2024-10-08T23:45:03.386+0000] {logging_mixin.py:190} INFO - [2024-10-08T23:45:03.386+0000] {dag.py:3239} INFO - Sync 1 DAGs
[2024-10-08T23:45:03.396+0000] {logging_mixin.py:190} INFO - [2024-10-08T23:45:03.395+0000] {dag.py:4180} INFO - Setting next_dagrun for example_complex to None, run_after=None
[2024-10-08T23:45:03.407+0000] {processor.py:208} INFO - Processing /home/airflow/.local/lib/python3.12/site-packages/airflow/example_dags/example_complex.py took 0.057 seconds
[2024-10-08T23:45:33.574+0000] {processor.py:186} INFO - Started process (PID=302) to work on /home/airflow/.local/lib/python3.12/site-packages/airflow/example_dags/example_complex.py
[2024-10-08T23:45:33.575+0000] {processor.py:914} INFO - Processing file /home/airflow/.local/lib/python3.12/site-packages/airflow/example_dags/example_complex.py for tasks to queue
[2024-10-08T23:45:33.576+0000] {logging_mixin.py:190} INFO - [2024-10-08T23:45:33.576+0000] {dagbag.py:588} INFO - Filling up the DagBag from /home/airflow/.local/lib/python3.12/site-packages/airflow/example_dags/example_complex.py
[2024-10-08T23:45:33.583+0000] {processor.py:925} INFO - DAG(s) 'example_complex' retrieved from /home/airflow/.local/lib/python3.12/site-packages/airflow/example_dags/example_complex.py
[2024-10-08T23:45:33.602+0000] {logging_mixin.py:190} INFO - [2024-10-08T23:45:33.601+0000] {dag.py:3239} INFO - Sync 1 DAGs
[2024-10-08T23:45:33.610+0000] {logging_mixin.py:190} INFO - [2024-10-08T23:45:33.609+0000] {dag.py:4180} INFO - Setting next_dagrun for example_complex to None, run_after=None
[2024-10-08T23:45:33.620+0000] {processor.py:208} INFO - Processing /home/airflow/.local/lib/python3.12/site-packages/airflow/example_dags/example_complex.py took 0.049 seconds
[2024-10-08T23:46:03.761+0000] {processor.py:186} INFO - Started process (PID=365) to work on /home/airflow/.local/lib/python3.12/site-packages/airflow/example_dags/example_complex.py
[2024-10-08T23:46:03.762+0000] {processor.py:914} INFO - Processing file /home/airflow/.local/lib/python3.12/site-packages/airflow/example_dags/example_complex.py for tasks to queue
[2024-10-08T23:46:03.763+0000] {logging_mixin.py:190} INFO - [2024-10-08T23:46:03.763+0000] {dagbag.py:588} INFO - Filling up the DagBag from /home/airflow/.local/lib/python3.12/site-packages/airflow/example_dags/example_complex.py
[2024-10-08T23:46:03.771+0000] {processor.py:925} INFO - DAG(s) 'example_complex' retrieved from /home/airflow/.local/lib/python3.12/site-packages/airflow/example_dags/example_complex.py
[2024-10-08T23:46:03.789+0000] {logging_mixin.py:190} INFO - [2024-10-08T23:46:03.789+0000] {dag.py:3239} INFO - Sync 1 DAGs
[2024-10-08T23:46:03.798+0000] {logging_mixin.py:190} INFO - [2024-10-08T23:46:03.798+0000] {dag.py:4180} INFO - Setting next_dagrun for example_complex to None, run_after=None
[2024-10-08T23:46:03.809+0000] {processor.py:208} INFO - Processing /home/airflow/.local/lib/python3.12/site-packages/airflow/example_dags/example_complex.py took 0.052 seconds
[2024-10-08T23:46:34.949+0000] {processor.py:186} INFO - Started process (PID=428) to work on /home/airflow/.local/lib/python3.12/site-packages/airflow/example_dags/example_complex.py
[2024-10-08T23:46:34.949+0000] {processor.py:914} INFO - Processing file /home/airflow/.local/lib/python3.12/site-packages/airflow/example_dags/example_complex.py for tasks to queue
[2024-10-08T23:46:34.951+0000] {logging_mixin.py:190} INFO - [2024-10-08T23:46:34.951+0000] {dagbag.py:588} INFO - Filling up the DagBag from /home/airflow/.local/lib/python3.12/site-packages/airflow/example_dags/example_complex.py
[2024-10-08T23:46:34.958+0000] {processor.py:925} INFO - DAG(s) 'example_complex' retrieved from /home/airflow/.local/lib/python3.12/site-packages/airflow/example_dags/example_complex.py
[2024-10-08T23:46:34.976+0000] {logging_mixin.py:190} INFO - [2024-10-08T23:46:34.976+0000] {dag.py:3239} INFO - Sync 1 DAGs
[2024-10-08T23:46:34.984+0000] {logging_mixin.py:190} INFO - [2024-10-08T23:46:34.984+0000] {dag.py:4180} INFO - Setting next_dagrun for example_complex to None, run_after=None
[2024-10-08T23:46:34.994+0000] {processor.py:208} INFO - Processing /home/airflow/.local/lib/python3.12/site-packages/airflow/example_dags/example_complex.py took 0.049 seconds
[2024-10-08T23:47:05.078+0000] {processor.py:186} INFO - Started process (PID=490) to work on /home/airflow/.local/lib/python3.12/site-packages/airflow/example_dags/example_complex.py
[2024-10-08T23:47:05.079+0000] {processor.py:914} INFO - Processing file /home/airflow/.local/lib/python3.12/site-packages/airflow/example_dags/example_complex.py for tasks to queue
[2024-10-08T23:47:05.080+0000] {logging_mixin.py:190} INFO - [2024-10-08T23:47:05.080+0000] {dagbag.py:588} INFO - Filling up the DagBag from /home/airflow/.local/lib/python3.12/site-packages/airflow/example_dags/example_complex.py
[2024-10-08T23:47:05.087+0000] {processor.py:925} INFO - DAG(s) 'example_complex' retrieved from /home/airflow/.local/lib/python3.12/site-packages/airflow/example_dags/example_complex.py
[2024-10-08T23:47:05.104+0000] {logging_mixin.py:190} INFO - [2024-10-08T23:47:05.104+0000] {dag.py:3239} INFO - Sync 1 DAGs
[2024-10-08T23:47:05.112+0000] {logging_mixin.py:190} INFO - [2024-10-08T23:47:05.112+0000] {dag.py:4180} INFO - Setting next_dagrun for example_complex to None, run_after=None
[2024-10-08T23:47:05.123+0000] {processor.py:208} INFO - Processing /home/airflow/.local/lib/python3.12/site-packages/airflow/example_dags/example_complex.py took 0.048 seconds
[2024-10-08T23:47:35.294+0000] {processor.py:186} INFO - Started process (PID=553) to work on /home/airflow/.local/lib/python3.12/site-packages/airflow/example_dags/example_complex.py
[2024-10-08T23:47:35.295+0000] {processor.py:914} INFO - Processing file /home/airflow/.local/lib/python3.12/site-packages/airflow/example_dags/example_complex.py for tasks to queue
[2024-10-08T23:47:35.296+0000] {logging_mixin.py:190} INFO - [2024-10-08T23:47:35.296+0000] {dagbag.py:588} INFO - Filling up the DagBag from /home/airflow/.local/lib/python3.12/site-packages/airflow/example_dags/example_complex.py
[2024-10-08T23:47:35.302+0000] {processor.py:925} INFO - DAG(s) 'example_complex' retrieved from /home/airflow/.local/lib/python3.12/site-packages/airflow/example_dags/example_complex.py
[2024-10-08T23:47:35.319+0000] {logging_mixin.py:190} INFO - [2024-10-08T23:47:35.319+0000] {dag.py:3239} INFO - Sync 1 DAGs
[2024-10-08T23:47:35.326+0000] {logging_mixin.py:190} INFO - [2024-10-08T23:47:35.326+0000] {dag.py:4180} INFO - Setting next_dagrun for example_complex to None, run_after=None
[2024-10-08T23:47:35.336+0000] {processor.py:208} INFO - Processing /home/airflow/.local/lib/python3.12/site-packages/airflow/example_dags/example_complex.py took 0.045 seconds
[2024-10-08T23:48:05.495+0000] {processor.py:186} INFO - Started process (PID=616) to work on /home/airflow/.local/lib/python3.12/site-packages/airflow/example_dags/example_complex.py
[2024-10-08T23:48:05.495+0000] {processor.py:914} INFO - Processing file /home/airflow/.local/lib/python3.12/site-packages/airflow/example_dags/example_complex.py for tasks to queue
[2024-10-08T23:48:05.497+0000] {logging_mixin.py:190} INFO - [2024-10-08T23:48:05.497+0000] {dagbag.py:588} INFO - Filling up the DagBag from /home/airflow/.local/lib/python3.12/site-packages/airflow/example_dags/example_complex.py
[2024-10-08T23:48:05.503+0000] {processor.py:925} INFO - DAG(s) 'example_complex' retrieved from /home/airflow/.local/lib/python3.12/site-packages/airflow/example_dags/example_complex.py
[2024-10-08T23:48:05.521+0000] {logging_mixin.py:190} INFO - [2024-10-08T23:48:05.520+0000] {dag.py:3239} INFO - Sync 1 DAGs
[2024-10-08T23:48:05.528+0000] {logging_mixin.py:190} INFO - [2024-10-08T23:48:05.528+0000] {dag.py:4180} INFO - Setting next_dagrun for example_complex to None, run_after=None
[2024-10-08T23:48:05.538+0000] {processor.py:208} INFO - Processing /home/airflow/.local/lib/python3.12/site-packages/airflow/example_dags/example_complex.py took 0.047 seconds
[2024-10-08T23:48:35.702+0000] {processor.py:186} INFO - Started process (PID=679) to work on /home/airflow/.local/lib/python3.12/site-packages/airflow/example_dags/example_complex.py
[2024-10-08T23:48:35.703+0000] {processor.py:914} INFO - Processing file /home/airflow/.local/lib/python3.12/site-packages/airflow/example_dags/example_complex.py for tasks to queue
[2024-10-08T23:48:35.704+0000] {logging_mixin.py:190} INFO - [2024-10-08T23:48:35.704+0000] {dagbag.py:588} INFO - Filling up the DagBag from /home/airflow/.local/lib/python3.12/site-packages/airflow/example_dags/example_complex.py
[2024-10-08T23:48:35.711+0000] {processor.py:925} INFO - DAG(s) 'example_complex' retrieved from /home/airflow/.local/lib/python3.12/site-packages/airflow/example_dags/example_complex.py
[2024-10-08T23:48:35.728+0000] {logging_mixin.py:190} INFO - [2024-10-08T23:48:35.728+0000] {dag.py:3239} INFO - Sync 1 DAGs
[2024-10-08T23:48:35.736+0000] {logging_mixin.py:190} INFO - [2024-10-08T23:48:35.736+0000] {dag.py:4180} INFO - Setting next_dagrun for example_complex to None, run_after=None
[2024-10-08T23:48:35.746+0000] {processor.py:208} INFO - Processing /home/airflow/.local/lib/python3.12/site-packages/airflow/example_dags/example_complex.py took 0.047 seconds
[2024-10-08T23:49:06.829+0000] {processor.py:186} INFO - Started process (PID=742) to work on /home/airflow/.local/lib/python3.12/site-packages/airflow/example_dags/example_complex.py
[2024-10-08T23:49:06.830+0000] {processor.py:914} INFO - Processing file /home/airflow/.local/lib/python3.12/site-packages/airflow/example_dags/example_complex.py for tasks to queue
[2024-10-08T23:49:06.831+0000] {logging_mixin.py:190} INFO - [2024-10-08T23:49:06.831+0000] {dagbag.py:588} INFO - Filling up the DagBag from /home/airflow/.local/lib/python3.12/site-packages/airflow/example_dags/example_complex.py
[2024-10-08T23:49:06.838+0000] {processor.py:925} INFO - DAG(s) 'example_complex' retrieved from /home/airflow/.local/lib/python3.12/site-packages/airflow/example_dags/example_complex.py
[2024-10-08T23:49:06.854+0000] {logging_mixin.py:190} INFO - [2024-10-08T23:49:06.854+0000] {dag.py:3239} INFO - Sync 1 DAGs
[2024-10-08T23:49:06.863+0000] {logging_mixin.py:190} INFO - [2024-10-08T23:49:06.863+0000] {dag.py:4180} INFO - Setting next_dagrun for example_complex to None, run_after=None
[2024-10-08T23:49:06.873+0000] {processor.py:208} INFO - Processing /home/airflow/.local/lib/python3.12/site-packages/airflow/example_dags/example_complex.py took 0.047 seconds
[2024-10-08T23:49:38.048+0000] {processor.py:186} INFO - Started process (PID=805) to work on /home/airflow/.local/lib/python3.12/site-packages/airflow/example_dags/example_complex.py
[2024-10-08T23:49:38.049+0000] {processor.py:914} INFO - Processing file /home/airflow/.local/lib/python3.12/site-packages/airflow/example_dags/example_complex.py for tasks to queue
[2024-10-08T23:49:38.050+0000] {logging_mixin.py:190} INFO - [2024-10-08T23:49:38.050+0000] {dagbag.py:588} INFO - Filling up the DagBag from /home/airflow/.local/lib/python3.12/site-packages/airflow/example_dags/example_complex.py
[2024-10-08T23:49:38.057+0000] {processor.py:925} INFO - DAG(s) 'example_complex' retrieved from /home/airflow/.local/lib/python3.12/site-packages/airflow/example_dags/example_complex.py
[2024-10-08T23:49:38.075+0000] {logging_mixin.py:190} INFO - [2024-10-08T23:49:38.075+0000] {dag.py:3239} INFO - Sync 1 DAGs
[2024-10-08T23:49:38.084+0000] {logging_mixin.py:190} INFO - [2024-10-08T23:49:38.083+0000] {dag.py:4180} INFO - Setting next_dagrun for example_complex to None, run_after=None
[2024-10-08T23:49:38.094+0000] {processor.py:208} INFO - Processing /home/airflow/.local/lib/python3.12/site-packages/airflow/example_dags/example_complex.py took 0.049 seconds
[2024-10-08T23:50:08.437+0000] {processor.py:186} INFO - Started process (PID=869) to work on /home/airflow/.local/lib/python3.12/site-packages/airflow/example_dags/example_complex.py
[2024-10-08T23:50:08.438+0000] {processor.py:914} INFO - Processing file /home/airflow/.local/lib/python3.12/site-packages/airflow/example_dags/example_complex.py for tasks to queue
[2024-10-08T23:50:08.439+0000] {logging_mixin.py:190} INFO - [2024-10-08T23:50:08.439+0000] {dagbag.py:588} INFO - Filling up the DagBag from /home/airflow/.local/lib/python3.12/site-packages/airflow/example_dags/example_complex.py
[2024-10-08T23:50:08.446+0000] {processor.py:925} INFO - DAG(s) 'example_complex' retrieved from /home/airflow/.local/lib/python3.12/site-packages/airflow/example_dags/example_complex.py
[2024-10-08T23:50:08.463+0000] {logging_mixin.py:190} INFO - [2024-10-08T23:50:08.463+0000] {dag.py:3239} INFO - Sync 1 DAGs
[2024-10-08T23:50:08.471+0000] {logging_mixin.py:190} INFO - [2024-10-08T23:50:08.471+0000] {dag.py:4180} INFO - Setting next_dagrun for example_complex to None, run_after=None
[2024-10-08T23:50:08.481+0000] {processor.py:208} INFO - Processing /home/airflow/.local/lib/python3.12/site-packages/airflow/example_dags/example_complex.py took 0.047 seconds
