[2024-10-08T23:14:23.843+0000] {processor.py:186} INFO - Started process (PID=15702) to work on /home/airflow/.local/lib/python3.12/site-packages/airflow/example_dags/example_sla_dag.py
[2024-10-08T23:14:23.843+0000] {processor.py:914} INFO - Processing file /home/airflow/.local/lib/python3.12/site-packages/airflow/example_dags/example_sla_dag.py for tasks to queue
[2024-10-08T23:14:23.845+0000] {logging_mixin.py:190} INFO - [2024-10-08T23:14:23.845+0000] {dagbag.py:588} INFO - Filling up the DagBag from /home/airflow/.local/lib/python3.12/site-packages/airflow/example_dags/example_sla_dag.py
[2024-10-08T23:14:23.851+0000] {processor.py:925} INFO - DAG(s) 'example_sla_dag' retrieved from /home/airflow/.local/lib/python3.12/site-packages/airflow/example_dags/example_sla_dag.py
[2024-10-08T23:14:23.863+0000] {logging_mixin.py:190} INFO - [2024-10-08T23:14:23.862+0000] {dag.py:3239} INFO - Sync 1 DAGs
[2024-10-08T23:14:23.878+0000] {logging_mixin.py:190} INFO - [2024-10-08T23:14:23.878+0000] {dag.py:4180} INFO - Setting next_dagrun for example_sla_dag to 2024-10-08 23:12:00+00:00, run_after=2024-10-08 23:14:00+00:00
[2024-10-08T23:14:23.890+0000] {processor.py:208} INFO - Processing /home/airflow/.local/lib/python3.12/site-packages/airflow/example_dags/example_sla_dag.py took 0.051 seconds
[2024-10-08T23:34:23.317+0000] {processor.py:186} INFO - Started process (PID=162) to work on /home/airflow/.local/lib/python3.12/site-packages/airflow/example_dags/example_sla_dag.py
[2024-10-08T23:34:23.318+0000] {processor.py:914} INFO - Processing file /home/airflow/.local/lib/python3.12/site-packages/airflow/example_dags/example_sla_dag.py for tasks to queue
[2024-10-08T23:34:23.320+0000] {logging_mixin.py:190} INFO - [2024-10-08T23:34:23.320+0000] {dagbag.py:588} INFO - Filling up the DagBag from /home/airflow/.local/lib/python3.12/site-packages/airflow/example_dags/example_sla_dag.py
[2024-10-08T23:34:23.326+0000] {processor.py:925} INFO - DAG(s) 'example_sla_dag' retrieved from /home/airflow/.local/lib/python3.12/site-packages/airflow/example_dags/example_sla_dag.py
[2024-10-08T23:34:23.336+0000] {logging_mixin.py:190} INFO - [2024-10-08T23:34:23.336+0000] {dag.py:3239} INFO - Sync 1 DAGs
[2024-10-08T23:34:23.350+0000] {logging_mixin.py:190} INFO - [2024-10-08T23:34:23.350+0000] {dag.py:4180} INFO - Setting next_dagrun for example_sla_dag to 2024-10-08 23:32:00+00:00, run_after=2024-10-08 23:34:00+00:00
[2024-10-08T23:34:23.361+0000] {processor.py:208} INFO - Processing /home/airflow/.local/lib/python3.12/site-packages/airflow/example_dags/example_sla_dag.py took 0.047 seconds
[2024-10-08T23:34:53.914+0000] {processor.py:186} INFO - Started process (PID=225) to work on /home/airflow/.local/lib/python3.12/site-packages/airflow/example_dags/example_sla_dag.py
[2024-10-08T23:34:53.914+0000] {processor.py:914} INFO - Processing file /home/airflow/.local/lib/python3.12/site-packages/airflow/example_dags/example_sla_dag.py for tasks to queue
[2024-10-08T23:34:53.916+0000] {logging_mixin.py:190} INFO - [2024-10-08T23:34:53.916+0000] {dagbag.py:588} INFO - Filling up the DagBag from /home/airflow/.local/lib/python3.12/site-packages/airflow/example_dags/example_sla_dag.py
[2024-10-08T23:34:53.922+0000] {processor.py:925} INFO - DAG(s) 'example_sla_dag' retrieved from /home/airflow/.local/lib/python3.12/site-packages/airflow/example_dags/example_sla_dag.py
[2024-10-08T23:34:53.933+0000] {logging_mixin.py:190} INFO - [2024-10-08T23:34:53.933+0000] {dag.py:3239} INFO - Sync 1 DAGs
[2024-10-08T23:34:53.947+0000] {logging_mixin.py:190} INFO - [2024-10-08T23:34:53.947+0000] {dag.py:4180} INFO - Setting next_dagrun for example_sla_dag to 2024-10-08 23:32:00+00:00, run_after=2024-10-08 23:34:00+00:00
[2024-10-08T23:34:53.958+0000] {processor.py:208} INFO - Processing /home/airflow/.local/lib/python3.12/site-packages/airflow/example_dags/example_sla_dag.py took 0.048 seconds
[2024-10-08T23:35:24.503+0000] {processor.py:186} INFO - Started process (PID=288) to work on /home/airflow/.local/lib/python3.12/site-packages/airflow/example_dags/example_sla_dag.py
[2024-10-08T23:35:24.504+0000] {processor.py:914} INFO - Processing file /home/airflow/.local/lib/python3.12/site-packages/airflow/example_dags/example_sla_dag.py for tasks to queue
[2024-10-08T23:35:24.505+0000] {logging_mixin.py:190} INFO - [2024-10-08T23:35:24.505+0000] {dagbag.py:588} INFO - Filling up the DagBag from /home/airflow/.local/lib/python3.12/site-packages/airflow/example_dags/example_sla_dag.py
[2024-10-08T23:35:24.512+0000] {processor.py:925} INFO - DAG(s) 'example_sla_dag' retrieved from /home/airflow/.local/lib/python3.12/site-packages/airflow/example_dags/example_sla_dag.py
[2024-10-08T23:35:24.523+0000] {logging_mixin.py:190} INFO - [2024-10-08T23:35:24.523+0000] {dag.py:3239} INFO - Sync 1 DAGs
[2024-10-08T23:35:24.537+0000] {logging_mixin.py:190} INFO - [2024-10-08T23:35:24.537+0000] {dag.py:4180} INFO - Setting next_dagrun for example_sla_dag to 2024-10-08 23:32:00+00:00, run_after=2024-10-08 23:34:00+00:00
[2024-10-08T23:35:24.547+0000] {processor.py:208} INFO - Processing /home/airflow/.local/lib/python3.12/site-packages/airflow/example_dags/example_sla_dag.py took 0.047 seconds
[2024-10-08T23:35:54.741+0000] {processor.py:186} INFO - Started process (PID=351) to work on /home/airflow/.local/lib/python3.12/site-packages/airflow/example_dags/example_sla_dag.py
[2024-10-08T23:35:54.741+0000] {processor.py:914} INFO - Processing file /home/airflow/.local/lib/python3.12/site-packages/airflow/example_dags/example_sla_dag.py for tasks to queue
[2024-10-08T23:35:54.742+0000] {logging_mixin.py:190} INFO - [2024-10-08T23:35:54.742+0000] {dagbag.py:588} INFO - Filling up the DagBag from /home/airflow/.local/lib/python3.12/site-packages/airflow/example_dags/example_sla_dag.py
[2024-10-08T23:35:54.748+0000] {processor.py:925} INFO - DAG(s) 'example_sla_dag' retrieved from /home/airflow/.local/lib/python3.12/site-packages/airflow/example_dags/example_sla_dag.py
[2024-10-08T23:35:54.759+0000] {logging_mixin.py:190} INFO - [2024-10-08T23:35:54.759+0000] {dag.py:3239} INFO - Sync 1 DAGs
[2024-10-08T23:35:54.773+0000] {logging_mixin.py:190} INFO - [2024-10-08T23:35:54.772+0000] {dag.py:4180} INFO - Setting next_dagrun for example_sla_dag to 2024-10-08 23:32:00+00:00, run_after=2024-10-08 23:34:00+00:00
[2024-10-08T23:35:54.782+0000] {processor.py:208} INFO - Processing /home/airflow/.local/lib/python3.12/site-packages/airflow/example_dags/example_sla_dag.py took 0.045 seconds
[2024-10-08T23:36:24.890+0000] {processor.py:186} INFO - Started process (PID=414) to work on /home/airflow/.local/lib/python3.12/site-packages/airflow/example_dags/example_sla_dag.py
[2024-10-08T23:36:24.891+0000] {processor.py:914} INFO - Processing file /home/airflow/.local/lib/python3.12/site-packages/airflow/example_dags/example_sla_dag.py for tasks to queue
[2024-10-08T23:36:24.892+0000] {logging_mixin.py:190} INFO - [2024-10-08T23:36:24.892+0000] {dagbag.py:588} INFO - Filling up the DagBag from /home/airflow/.local/lib/python3.12/site-packages/airflow/example_dags/example_sla_dag.py
[2024-10-08T23:36:24.897+0000] {processor.py:925} INFO - DAG(s) 'example_sla_dag' retrieved from /home/airflow/.local/lib/python3.12/site-packages/airflow/example_dags/example_sla_dag.py
[2024-10-08T23:36:24.908+0000] {logging_mixin.py:190} INFO - [2024-10-08T23:36:24.908+0000] {dag.py:3239} INFO - Sync 1 DAGs
[2024-10-08T23:36:24.922+0000] {logging_mixin.py:190} INFO - [2024-10-08T23:36:24.922+0000] {dag.py:4180} INFO - Setting next_dagrun for example_sla_dag to 2024-10-08 23:34:00+00:00, run_after=2024-10-08 23:36:00+00:00
[2024-10-08T23:36:24.931+0000] {processor.py:208} INFO - Processing /home/airflow/.local/lib/python3.12/site-packages/airflow/example_dags/example_sla_dag.py took 0.044 seconds
[2024-10-08T23:36:55.071+0000] {processor.py:186} INFO - Started process (PID=477) to work on /home/airflow/.local/lib/python3.12/site-packages/airflow/example_dags/example_sla_dag.py
[2024-10-08T23:36:55.071+0000] {processor.py:914} INFO - Processing file /home/airflow/.local/lib/python3.12/site-packages/airflow/example_dags/example_sla_dag.py for tasks to queue
[2024-10-08T23:36:55.073+0000] {logging_mixin.py:190} INFO - [2024-10-08T23:36:55.072+0000] {dagbag.py:588} INFO - Filling up the DagBag from /home/airflow/.local/lib/python3.12/site-packages/airflow/example_dags/example_sla_dag.py
[2024-10-08T23:36:55.078+0000] {processor.py:925} INFO - DAG(s) 'example_sla_dag' retrieved from /home/airflow/.local/lib/python3.12/site-packages/airflow/example_dags/example_sla_dag.py
[2024-10-08T23:36:55.088+0000] {logging_mixin.py:190} INFO - [2024-10-08T23:36:55.088+0000] {dag.py:3239} INFO - Sync 1 DAGs
[2024-10-08T23:36:55.101+0000] {logging_mixin.py:190} INFO - [2024-10-08T23:36:55.101+0000] {dag.py:4180} INFO - Setting next_dagrun for example_sla_dag to 2024-10-08 23:34:00+00:00, run_after=2024-10-08 23:36:00+00:00
[2024-10-08T23:36:55.111+0000] {processor.py:208} INFO - Processing /home/airflow/.local/lib/python3.12/site-packages/airflow/example_dags/example_sla_dag.py took 0.044 seconds
[2024-10-08T23:37:25.313+0000] {processor.py:186} INFO - Started process (PID=540) to work on /home/airflow/.local/lib/python3.12/site-packages/airflow/example_dags/example_sla_dag.py
[2024-10-08T23:37:25.314+0000] {processor.py:914} INFO - Processing file /home/airflow/.local/lib/python3.12/site-packages/airflow/example_dags/example_sla_dag.py for tasks to queue
[2024-10-08T23:37:25.315+0000] {logging_mixin.py:190} INFO - [2024-10-08T23:37:25.315+0000] {dagbag.py:588} INFO - Filling up the DagBag from /home/airflow/.local/lib/python3.12/site-packages/airflow/example_dags/example_sla_dag.py
[2024-10-08T23:37:25.321+0000] {processor.py:925} INFO - DAG(s) 'example_sla_dag' retrieved from /home/airflow/.local/lib/python3.12/site-packages/airflow/example_dags/example_sla_dag.py
[2024-10-08T23:37:25.332+0000] {logging_mixin.py:190} INFO - [2024-10-08T23:37:25.332+0000] {dag.py:3239} INFO - Sync 1 DAGs
[2024-10-08T23:37:25.345+0000] {logging_mixin.py:190} INFO - [2024-10-08T23:37:25.345+0000] {dag.py:4180} INFO - Setting next_dagrun for example_sla_dag to 2024-10-08 23:34:00+00:00, run_after=2024-10-08 23:36:00+00:00
[2024-10-08T23:37:25.355+0000] {processor.py:208} INFO - Processing /home/airflow/.local/lib/python3.12/site-packages/airflow/example_dags/example_sla_dag.py took 0.045 seconds
[2024-10-08T23:37:55.654+0000] {processor.py:186} INFO - Started process (PID=603) to work on /home/airflow/.local/lib/python3.12/site-packages/airflow/example_dags/example_sla_dag.py
[2024-10-08T23:37:55.655+0000] {processor.py:914} INFO - Processing file /home/airflow/.local/lib/python3.12/site-packages/airflow/example_dags/example_sla_dag.py for tasks to queue
[2024-10-08T23:37:55.656+0000] {logging_mixin.py:190} INFO - [2024-10-08T23:37:55.656+0000] {dagbag.py:588} INFO - Filling up the DagBag from /home/airflow/.local/lib/python3.12/site-packages/airflow/example_dags/example_sla_dag.py
[2024-10-08T23:37:55.661+0000] {processor.py:925} INFO - DAG(s) 'example_sla_dag' retrieved from /home/airflow/.local/lib/python3.12/site-packages/airflow/example_dags/example_sla_dag.py
[2024-10-08T23:37:55.671+0000] {logging_mixin.py:190} INFO - [2024-10-08T23:37:55.671+0000] {dag.py:3239} INFO - Sync 1 DAGs
[2024-10-08T23:37:55.685+0000] {logging_mixin.py:190} INFO - [2024-10-08T23:37:55.684+0000] {dag.py:4180} INFO - Setting next_dagrun for example_sla_dag to 2024-10-08 23:34:00+00:00, run_after=2024-10-08 23:36:00+00:00
[2024-10-08T23:37:55.694+0000] {processor.py:208} INFO - Processing /home/airflow/.local/lib/python3.12/site-packages/airflow/example_dags/example_sla_dag.py took 0.043 seconds
[2024-10-08T23:38:26.042+0000] {processor.py:186} INFO - Started process (PID=666) to work on /home/airflow/.local/lib/python3.12/site-packages/airflow/example_dags/example_sla_dag.py
[2024-10-08T23:38:26.042+0000] {processor.py:914} INFO - Processing file /home/airflow/.local/lib/python3.12/site-packages/airflow/example_dags/example_sla_dag.py for tasks to queue
[2024-10-08T23:38:26.044+0000] {logging_mixin.py:190} INFO - [2024-10-08T23:38:26.044+0000] {dagbag.py:588} INFO - Filling up the DagBag from /home/airflow/.local/lib/python3.12/site-packages/airflow/example_dags/example_sla_dag.py
[2024-10-08T23:38:26.049+0000] {processor.py:925} INFO - DAG(s) 'example_sla_dag' retrieved from /home/airflow/.local/lib/python3.12/site-packages/airflow/example_dags/example_sla_dag.py
[2024-10-08T23:38:26.060+0000] {logging_mixin.py:190} INFO - [2024-10-08T23:38:26.059+0000] {dag.py:3239} INFO - Sync 1 DAGs
[2024-10-08T23:38:26.073+0000] {logging_mixin.py:190} INFO - [2024-10-08T23:38:26.073+0000] {dag.py:4180} INFO - Setting next_dagrun for example_sla_dag to 2024-10-08 23:36:00+00:00, run_after=2024-10-08 23:38:00+00:00
[2024-10-08T23:38:26.083+0000] {processor.py:208} INFO - Processing /home/airflow/.local/lib/python3.12/site-packages/airflow/example_dags/example_sla_dag.py took 0.044 seconds
[2024-10-08T23:38:56.159+0000] {processor.py:186} INFO - Started process (PID=729) to work on /home/airflow/.local/lib/python3.12/site-packages/airflow/example_dags/example_sla_dag.py
[2024-10-08T23:38:56.160+0000] {processor.py:914} INFO - Processing file /home/airflow/.local/lib/python3.12/site-packages/airflow/example_dags/example_sla_dag.py for tasks to queue
[2024-10-08T23:38:56.161+0000] {logging_mixin.py:190} INFO - [2024-10-08T23:38:56.161+0000] {dagbag.py:588} INFO - Filling up the DagBag from /home/airflow/.local/lib/python3.12/site-packages/airflow/example_dags/example_sla_dag.py
[2024-10-08T23:38:56.167+0000] {processor.py:925} INFO - DAG(s) 'example_sla_dag' retrieved from /home/airflow/.local/lib/python3.12/site-packages/airflow/example_dags/example_sla_dag.py
[2024-10-08T23:38:56.177+0000] {logging_mixin.py:190} INFO - [2024-10-08T23:38:56.177+0000] {dag.py:3239} INFO - Sync 1 DAGs
[2024-10-08T23:38:56.191+0000] {logging_mixin.py:190} INFO - [2024-10-08T23:38:56.191+0000] {dag.py:4180} INFO - Setting next_dagrun for example_sla_dag to 2024-10-08 23:36:00+00:00, run_after=2024-10-08 23:38:00+00:00
[2024-10-08T23:38:56.201+0000] {processor.py:208} INFO - Processing /home/airflow/.local/lib/python3.12/site-packages/airflow/example_dags/example_sla_dag.py took 0.045 seconds
[2024-10-08T23:39:39.003+0000] {processor.py:186} INFO - Started process (PID=155) to work on /home/airflow/.local/lib/python3.12/site-packages/airflow/example_dags/example_sla_dag.py
[2024-10-08T23:39:39.003+0000] {processor.py:914} INFO - Processing file /home/airflow/.local/lib/python3.12/site-packages/airflow/example_dags/example_sla_dag.py for tasks to queue
[2024-10-08T23:39:39.005+0000] {logging_mixin.py:190} INFO - [2024-10-08T23:39:39.004+0000] {dagbag.py:588} INFO - Filling up the DagBag from /home/airflow/.local/lib/python3.12/site-packages/airflow/example_dags/example_sla_dag.py
[2024-10-08T23:39:39.010+0000] {processor.py:925} INFO - DAG(s) 'example_sla_dag' retrieved from /home/airflow/.local/lib/python3.12/site-packages/airflow/example_dags/example_sla_dag.py
[2024-10-08T23:39:39.020+0000] {logging_mixin.py:190} INFO - [2024-10-08T23:39:39.020+0000] {dag.py:3239} INFO - Sync 1 DAGs
[2024-10-08T23:39:39.033+0000] {logging_mixin.py:190} INFO - [2024-10-08T23:39:39.033+0000] {dag.py:4180} INFO - Setting next_dagrun for example_sla_dag to 2024-10-08 23:36:00+00:00, run_after=2024-10-08 23:38:00+00:00
[2024-10-08T23:39:39.042+0000] {processor.py:208} INFO - Processing /home/airflow/.local/lib/python3.12/site-packages/airflow/example_dags/example_sla_dag.py took 0.043 seconds
[2024-10-08T23:40:09.183+0000] {processor.py:186} INFO - Started process (PID=218) to work on /home/airflow/.local/lib/python3.12/site-packages/airflow/example_dags/example_sla_dag.py
[2024-10-08T23:40:09.184+0000] {processor.py:914} INFO - Processing file /home/airflow/.local/lib/python3.12/site-packages/airflow/example_dags/example_sla_dag.py for tasks to queue
[2024-10-08T23:40:09.185+0000] {logging_mixin.py:190} INFO - [2024-10-08T23:40:09.185+0000] {dagbag.py:588} INFO - Filling up the DagBag from /home/airflow/.local/lib/python3.12/site-packages/airflow/example_dags/example_sla_dag.py
[2024-10-08T23:40:09.191+0000] {processor.py:925} INFO - DAG(s) 'example_sla_dag' retrieved from /home/airflow/.local/lib/python3.12/site-packages/airflow/example_dags/example_sla_dag.py
[2024-10-08T23:40:09.201+0000] {logging_mixin.py:190} INFO - [2024-10-08T23:40:09.200+0000] {dag.py:3239} INFO - Sync 1 DAGs
[2024-10-08T23:40:09.214+0000] {logging_mixin.py:190} INFO - [2024-10-08T23:40:09.214+0000] {dag.py:4180} INFO - Setting next_dagrun for example_sla_dag to 2024-10-08 23:38:00+00:00, run_after=2024-10-08 23:40:00+00:00
[2024-10-08T23:40:09.224+0000] {processor.py:208} INFO - Processing /home/airflow/.local/lib/python3.12/site-packages/airflow/example_dags/example_sla_dag.py took 0.044 seconds
[2024-10-08T23:40:40.276+0000] {processor.py:186} INFO - Started process (PID=281) to work on /home/airflow/.local/lib/python3.12/site-packages/airflow/example_dags/example_sla_dag.py
[2024-10-08T23:40:40.277+0000] {processor.py:914} INFO - Processing file /home/airflow/.local/lib/python3.12/site-packages/airflow/example_dags/example_sla_dag.py for tasks to queue
[2024-10-08T23:40:40.278+0000] {logging_mixin.py:190} INFO - [2024-10-08T23:40:40.278+0000] {dagbag.py:588} INFO - Filling up the DagBag from /home/airflow/.local/lib/python3.12/site-packages/airflow/example_dags/example_sla_dag.py
[2024-10-08T23:40:40.283+0000] {processor.py:925} INFO - DAG(s) 'example_sla_dag' retrieved from /home/airflow/.local/lib/python3.12/site-packages/airflow/example_dags/example_sla_dag.py
[2024-10-08T23:40:40.294+0000] {logging_mixin.py:190} INFO - [2024-10-08T23:40:40.294+0000] {dag.py:3239} INFO - Sync 1 DAGs
[2024-10-08T23:40:40.308+0000] {logging_mixin.py:190} INFO - [2024-10-08T23:40:40.308+0000] {dag.py:4180} INFO - Setting next_dagrun for example_sla_dag to 2024-10-08 23:38:00+00:00, run_after=2024-10-08 23:40:00+00:00
[2024-10-08T23:40:40.317+0000] {processor.py:208} INFO - Processing /home/airflow/.local/lib/python3.12/site-packages/airflow/example_dags/example_sla_dag.py took 0.044 seconds
[2024-10-08T23:41:10.511+0000] {processor.py:186} INFO - Started process (PID=344) to work on /home/airflow/.local/lib/python3.12/site-packages/airflow/example_dags/example_sla_dag.py
[2024-10-08T23:41:10.511+0000] {processor.py:914} INFO - Processing file /home/airflow/.local/lib/python3.12/site-packages/airflow/example_dags/example_sla_dag.py for tasks to queue
[2024-10-08T23:41:10.513+0000] {logging_mixin.py:190} INFO - [2024-10-08T23:41:10.513+0000] {dagbag.py:588} INFO - Filling up the DagBag from /home/airflow/.local/lib/python3.12/site-packages/airflow/example_dags/example_sla_dag.py
[2024-10-08T23:41:10.519+0000] {processor.py:925} INFO - DAG(s) 'example_sla_dag' retrieved from /home/airflow/.local/lib/python3.12/site-packages/airflow/example_dags/example_sla_dag.py
[2024-10-08T23:41:10.532+0000] {logging_mixin.py:190} INFO - [2024-10-08T23:41:10.532+0000] {dag.py:3239} INFO - Sync 1 DAGs
[2024-10-08T23:41:10.546+0000] {logging_mixin.py:190} INFO - [2024-10-08T23:41:10.546+0000] {dag.py:4180} INFO - Setting next_dagrun for example_sla_dag to 2024-10-08 23:38:00+00:00, run_after=2024-10-08 23:40:00+00:00
[2024-10-08T23:41:10.556+0000] {processor.py:208} INFO - Processing /home/airflow/.local/lib/python3.12/site-packages/airflow/example_dags/example_sla_dag.py took 0.049 seconds
[2024-10-08T23:41:40.800+0000] {processor.py:186} INFO - Started process (PID=407) to work on /home/airflow/.local/lib/python3.12/site-packages/airflow/example_dags/example_sla_dag.py
[2024-10-08T23:41:40.801+0000] {processor.py:914} INFO - Processing file /home/airflow/.local/lib/python3.12/site-packages/airflow/example_dags/example_sla_dag.py for tasks to queue
[2024-10-08T23:41:40.802+0000] {logging_mixin.py:190} INFO - [2024-10-08T23:41:40.802+0000] {dagbag.py:588} INFO - Filling up the DagBag from /home/airflow/.local/lib/python3.12/site-packages/airflow/example_dags/example_sla_dag.py
[2024-10-08T23:41:40.808+0000] {processor.py:925} INFO - DAG(s) 'example_sla_dag' retrieved from /home/airflow/.local/lib/python3.12/site-packages/airflow/example_dags/example_sla_dag.py
[2024-10-08T23:41:40.818+0000] {logging_mixin.py:190} INFO - [2024-10-08T23:41:40.818+0000] {dag.py:3239} INFO - Sync 1 DAGs
[2024-10-08T23:41:40.832+0000] {logging_mixin.py:190} INFO - [2024-10-08T23:41:40.831+0000] {dag.py:4180} INFO - Setting next_dagrun for example_sla_dag to 2024-10-08 23:38:00+00:00, run_after=2024-10-08 23:40:00+00:00
[2024-10-08T23:41:40.841+0000] {processor.py:208} INFO - Processing /home/airflow/.local/lib/python3.12/site-packages/airflow/example_dags/example_sla_dag.py took 0.044 seconds
[2024-10-08T23:42:53.405+0000] {processor.py:186} INFO - Started process (PID=155) to work on /home/airflow/.local/lib/python3.12/site-packages/airflow/example_dags/example_sla_dag.py
[2024-10-08T23:42:53.406+0000] {processor.py:914} INFO - Processing file /home/airflow/.local/lib/python3.12/site-packages/airflow/example_dags/example_sla_dag.py for tasks to queue
[2024-10-08T23:42:53.408+0000] {logging_mixin.py:190} INFO - [2024-10-08T23:42:53.407+0000] {dagbag.py:588} INFO - Filling up the DagBag from /home/airflow/.local/lib/python3.12/site-packages/airflow/example_dags/example_sla_dag.py
[2024-10-08T23:42:53.414+0000] {processor.py:925} INFO - DAG(s) 'example_sla_dag' retrieved from /home/airflow/.local/lib/python3.12/site-packages/airflow/example_dags/example_sla_dag.py
[2024-10-08T23:42:53.426+0000] {logging_mixin.py:190} INFO - [2024-10-08T23:42:53.426+0000] {dag.py:3239} INFO - Sync 1 DAGs
[2024-10-08T23:42:53.441+0000] {logging_mixin.py:190} INFO - [2024-10-08T23:42:53.441+0000] {dag.py:4180} INFO - Setting next_dagrun for example_sla_dag to 2024-10-08 23:40:00+00:00, run_after=2024-10-08 23:42:00+00:00
[2024-10-08T23:42:53.451+0000] {processor.py:208} INFO - Processing /home/airflow/.local/lib/python3.12/site-packages/airflow/example_dags/example_sla_dag.py took 0.050 seconds
[2024-10-08T23:43:23.650+0000] {processor.py:186} INFO - Started process (PID=218) to work on /home/airflow/.local/lib/python3.12/site-packages/airflow/example_dags/example_sla_dag.py
[2024-10-08T23:43:23.651+0000] {processor.py:914} INFO - Processing file /home/airflow/.local/lib/python3.12/site-packages/airflow/example_dags/example_sla_dag.py for tasks to queue
[2024-10-08T23:43:23.653+0000] {logging_mixin.py:190} INFO - [2024-10-08T23:43:23.653+0000] {dagbag.py:588} INFO - Filling up the DagBag from /home/airflow/.local/lib/python3.12/site-packages/airflow/example_dags/example_sla_dag.py
[2024-10-08T23:43:23.659+0000] {processor.py:925} INFO - DAG(s) 'example_sla_dag' retrieved from /home/airflow/.local/lib/python3.12/site-packages/airflow/example_dags/example_sla_dag.py
[2024-10-08T23:43:23.670+0000] {logging_mixin.py:190} INFO - [2024-10-08T23:43:23.670+0000] {dag.py:3239} INFO - Sync 1 DAGs
[2024-10-08T23:43:23.684+0000] {logging_mixin.py:190} INFO - [2024-10-08T23:43:23.684+0000] {dag.py:4180} INFO - Setting next_dagrun for example_sla_dag to 2024-10-08 23:40:00+00:00, run_after=2024-10-08 23:42:00+00:00
[2024-10-08T23:43:23.694+0000] {processor.py:208} INFO - Processing /home/airflow/.local/lib/python3.12/site-packages/airflow/example_dags/example_sla_dag.py took 0.047 seconds
[2024-10-08T23:44:32.423+0000] {processor.py:186} INFO - Started process (PID=156) to work on /home/airflow/.local/lib/python3.12/site-packages/airflow/example_dags/example_sla_dag.py
[2024-10-08T23:44:32.424+0000] {processor.py:914} INFO - Processing file /home/airflow/.local/lib/python3.12/site-packages/airflow/example_dags/example_sla_dag.py for tasks to queue
[2024-10-08T23:44:32.427+0000] {logging_mixin.py:190} INFO - [2024-10-08T23:44:32.426+0000] {dagbag.py:588} INFO - Filling up the DagBag from /home/airflow/.local/lib/python3.12/site-packages/airflow/example_dags/example_sla_dag.py
[2024-10-08T23:44:32.434+0000] {processor.py:925} INFO - DAG(s) 'example_sla_dag' retrieved from /home/airflow/.local/lib/python3.12/site-packages/airflow/example_dags/example_sla_dag.py
[2024-10-08T23:44:32.448+0000] {logging_mixin.py:190} INFO - [2024-10-08T23:44:32.448+0000] {dag.py:3239} INFO - Sync 1 DAGs
[2024-10-08T23:44:32.469+0000] {logging_mixin.py:190} INFO - [2024-10-08T23:44:32.469+0000] {dag.py:4180} INFO - Setting next_dagrun for example_sla_dag to 2024-10-08 23:42:00+00:00, run_after=2024-10-08 23:44:00+00:00
[2024-10-08T23:44:32.484+0000] {processor.py:208} INFO - Processing /home/airflow/.local/lib/python3.12/site-packages/airflow/example_dags/example_sla_dag.py took 0.065 seconds
[2024-10-08T23:45:02.871+0000] {processor.py:186} INFO - Started process (PID=225) to work on /home/airflow/.local/lib/python3.12/site-packages/airflow/example_dags/example_sla_dag.py
[2024-10-08T23:45:02.872+0000] {processor.py:914} INFO - Processing file /home/airflow/.local/lib/python3.12/site-packages/airflow/example_dags/example_sla_dag.py for tasks to queue
[2024-10-08T23:45:02.873+0000] {logging_mixin.py:190} INFO - [2024-10-08T23:45:02.873+0000] {dagbag.py:588} INFO - Filling up the DagBag from /home/airflow/.local/lib/python3.12/site-packages/airflow/example_dags/example_sla_dag.py
[2024-10-08T23:45:02.879+0000] {processor.py:925} INFO - DAG(s) 'example_sla_dag' retrieved from /home/airflow/.local/lib/python3.12/site-packages/airflow/example_dags/example_sla_dag.py
[2024-10-08T23:45:02.889+0000] {logging_mixin.py:190} INFO - [2024-10-08T23:45:02.889+0000] {dag.py:3239} INFO - Sync 1 DAGs
[2024-10-08T23:45:02.904+0000] {logging_mixin.py:190} INFO - [2024-10-08T23:45:02.904+0000] {dag.py:4180} INFO - Setting next_dagrun for example_sla_dag to 2024-10-08 23:42:00+00:00, run_after=2024-10-08 23:44:00+00:00
[2024-10-08T23:45:02.913+0000] {processor.py:208} INFO - Processing /home/airflow/.local/lib/python3.12/site-packages/airflow/example_dags/example_sla_dag.py took 0.045 seconds
[2024-10-08T23:45:33.159+0000] {processor.py:186} INFO - Started process (PID=288) to work on /home/airflow/.local/lib/python3.12/site-packages/airflow/example_dags/example_sla_dag.py
[2024-10-08T23:45:33.160+0000] {processor.py:914} INFO - Processing file /home/airflow/.local/lib/python3.12/site-packages/airflow/example_dags/example_sla_dag.py for tasks to queue
[2024-10-08T23:45:33.161+0000] {logging_mixin.py:190} INFO - [2024-10-08T23:45:33.161+0000] {dagbag.py:588} INFO - Filling up the DagBag from /home/airflow/.local/lib/python3.12/site-packages/airflow/example_dags/example_sla_dag.py
[2024-10-08T23:45:33.167+0000] {processor.py:925} INFO - DAG(s) 'example_sla_dag' retrieved from /home/airflow/.local/lib/python3.12/site-packages/airflow/example_dags/example_sla_dag.py
[2024-10-08T23:45:33.178+0000] {logging_mixin.py:190} INFO - [2024-10-08T23:45:33.178+0000] {dag.py:3239} INFO - Sync 1 DAGs
[2024-10-08T23:45:33.191+0000] {logging_mixin.py:190} INFO - [2024-10-08T23:45:33.191+0000] {dag.py:4180} INFO - Setting next_dagrun for example_sla_dag to 2024-10-08 23:42:00+00:00, run_after=2024-10-08 23:44:00+00:00
[2024-10-08T23:45:33.201+0000] {processor.py:208} INFO - Processing /home/airflow/.local/lib/python3.12/site-packages/airflow/example_dags/example_sla_dag.py took 0.045 seconds
[2024-10-08T23:46:03.306+0000] {processor.py:186} INFO - Started process (PID=351) to work on /home/airflow/.local/lib/python3.12/site-packages/airflow/example_dags/example_sla_dag.py
[2024-10-08T23:46:03.307+0000] {processor.py:914} INFO - Processing file /home/airflow/.local/lib/python3.12/site-packages/airflow/example_dags/example_sla_dag.py for tasks to queue
[2024-10-08T23:46:03.308+0000] {logging_mixin.py:190} INFO - [2024-10-08T23:46:03.308+0000] {dagbag.py:588} INFO - Filling up the DagBag from /home/airflow/.local/lib/python3.12/site-packages/airflow/example_dags/example_sla_dag.py
[2024-10-08T23:46:03.314+0000] {processor.py:925} INFO - DAG(s) 'example_sla_dag' retrieved from /home/airflow/.local/lib/python3.12/site-packages/airflow/example_dags/example_sla_dag.py
[2024-10-08T23:46:03.324+0000] {logging_mixin.py:190} INFO - [2024-10-08T23:46:03.324+0000] {dag.py:3239} INFO - Sync 1 DAGs
[2024-10-08T23:46:03.338+0000] {logging_mixin.py:190} INFO - [2024-10-08T23:46:03.338+0000] {dag.py:4180} INFO - Setting next_dagrun for example_sla_dag to 2024-10-08 23:44:00+00:00, run_after=2024-10-08 23:46:00+00:00
[2024-10-08T23:46:03.348+0000] {processor.py:208} INFO - Processing /home/airflow/.local/lib/python3.12/site-packages/airflow/example_dags/example_sla_dag.py took 0.045 seconds
[2024-10-08T23:46:34.457+0000] {processor.py:186} INFO - Started process (PID=414) to work on /home/airflow/.local/lib/python3.12/site-packages/airflow/example_dags/example_sla_dag.py
[2024-10-08T23:46:34.458+0000] {processor.py:914} INFO - Processing file /home/airflow/.local/lib/python3.12/site-packages/airflow/example_dags/example_sla_dag.py for tasks to queue
[2024-10-08T23:46:34.459+0000] {logging_mixin.py:190} INFO - [2024-10-08T23:46:34.459+0000] {dagbag.py:588} INFO - Filling up the DagBag from /home/airflow/.local/lib/python3.12/site-packages/airflow/example_dags/example_sla_dag.py
[2024-10-08T23:46:34.466+0000] {processor.py:925} INFO - DAG(s) 'example_sla_dag' retrieved from /home/airflow/.local/lib/python3.12/site-packages/airflow/example_dags/example_sla_dag.py
[2024-10-08T23:46:34.476+0000] {logging_mixin.py:190} INFO - [2024-10-08T23:46:34.476+0000] {dag.py:3239} INFO - Sync 1 DAGs
[2024-10-08T23:46:34.490+0000] {logging_mixin.py:190} INFO - [2024-10-08T23:46:34.490+0000] {dag.py:4180} INFO - Setting next_dagrun for example_sla_dag to 2024-10-08 23:44:00+00:00, run_after=2024-10-08 23:46:00+00:00
[2024-10-08T23:46:34.501+0000] {processor.py:208} INFO - Processing /home/airflow/.local/lib/python3.12/site-packages/airflow/example_dags/example_sla_dag.py took 0.047 seconds
[2024-10-08T23:47:04.736+0000] {processor.py:186} INFO - Started process (PID=477) to work on /home/airflow/.local/lib/python3.12/site-packages/airflow/example_dags/example_sla_dag.py
[2024-10-08T23:47:04.737+0000] {processor.py:914} INFO - Processing file /home/airflow/.local/lib/python3.12/site-packages/airflow/example_dags/example_sla_dag.py for tasks to queue
[2024-10-08T23:47:04.738+0000] {logging_mixin.py:190} INFO - [2024-10-08T23:47:04.738+0000] {dagbag.py:588} INFO - Filling up the DagBag from /home/airflow/.local/lib/python3.12/site-packages/airflow/example_dags/example_sla_dag.py
[2024-10-08T23:47:04.744+0000] {processor.py:925} INFO - DAG(s) 'example_sla_dag' retrieved from /home/airflow/.local/lib/python3.12/site-packages/airflow/example_dags/example_sla_dag.py
[2024-10-08T23:47:04.754+0000] {logging_mixin.py:190} INFO - [2024-10-08T23:47:04.754+0000] {dag.py:3239} INFO - Sync 1 DAGs
[2024-10-08T23:47:04.768+0000] {logging_mixin.py:190} INFO - [2024-10-08T23:47:04.768+0000] {dag.py:4180} INFO - Setting next_dagrun for example_sla_dag to 2024-10-08 23:44:00+00:00, run_after=2024-10-08 23:46:00+00:00
[2024-10-08T23:47:04.777+0000] {processor.py:208} INFO - Processing /home/airflow/.local/lib/python3.12/site-packages/airflow/example_dags/example_sla_dag.py took 0.045 seconds
[2024-10-08T23:47:34.898+0000] {processor.py:186} INFO - Started process (PID=540) to work on /home/airflow/.local/lib/python3.12/site-packages/airflow/example_dags/example_sla_dag.py
[2024-10-08T23:47:34.898+0000] {processor.py:914} INFO - Processing file /home/airflow/.local/lib/python3.12/site-packages/airflow/example_dags/example_sla_dag.py for tasks to queue
[2024-10-08T23:47:34.900+0000] {logging_mixin.py:190} INFO - [2024-10-08T23:47:34.899+0000] {dagbag.py:588} INFO - Filling up the DagBag from /home/airflow/.local/lib/python3.12/site-packages/airflow/example_dags/example_sla_dag.py
[2024-10-08T23:47:34.905+0000] {processor.py:925} INFO - DAG(s) 'example_sla_dag' retrieved from /home/airflow/.local/lib/python3.12/site-packages/airflow/example_dags/example_sla_dag.py
[2024-10-08T23:47:34.915+0000] {logging_mixin.py:190} INFO - [2024-10-08T23:47:34.915+0000] {dag.py:3239} INFO - Sync 1 DAGs
[2024-10-08T23:47:34.928+0000] {logging_mixin.py:190} INFO - [2024-10-08T23:47:34.928+0000] {dag.py:4180} INFO - Setting next_dagrun for example_sla_dag to 2024-10-08 23:44:00+00:00, run_after=2024-10-08 23:46:00+00:00
[2024-10-08T23:47:34.937+0000] {processor.py:208} INFO - Processing /home/airflow/.local/lib/python3.12/site-packages/airflow/example_dags/example_sla_dag.py took 0.043 seconds
[2024-10-08T23:48:05.108+0000] {processor.py:186} INFO - Started process (PID=603) to work on /home/airflow/.local/lib/python3.12/site-packages/airflow/example_dags/example_sla_dag.py
[2024-10-08T23:48:05.108+0000] {processor.py:914} INFO - Processing file /home/airflow/.local/lib/python3.12/site-packages/airflow/example_dags/example_sla_dag.py for tasks to queue
[2024-10-08T23:48:05.110+0000] {logging_mixin.py:190} INFO - [2024-10-08T23:48:05.109+0000] {dagbag.py:588} INFO - Filling up the DagBag from /home/airflow/.local/lib/python3.12/site-packages/airflow/example_dags/example_sla_dag.py
[2024-10-08T23:48:05.116+0000] {processor.py:925} INFO - DAG(s) 'example_sla_dag' retrieved from /home/airflow/.local/lib/python3.12/site-packages/airflow/example_dags/example_sla_dag.py
[2024-10-08T23:48:05.126+0000] {logging_mixin.py:190} INFO - [2024-10-08T23:48:05.126+0000] {dag.py:3239} INFO - Sync 1 DAGs
[2024-10-08T23:48:05.139+0000] {logging_mixin.py:190} INFO - [2024-10-08T23:48:05.139+0000] {dag.py:4180} INFO - Setting next_dagrun for example_sla_dag to 2024-10-08 23:46:00+00:00, run_after=2024-10-08 23:48:00+00:00
[2024-10-08T23:48:05.149+0000] {processor.py:208} INFO - Processing /home/airflow/.local/lib/python3.12/site-packages/airflow/example_dags/example_sla_dag.py took 0.044 seconds
[2024-10-08T23:48:35.333+0000] {processor.py:186} INFO - Started process (PID=666) to work on /home/airflow/.local/lib/python3.12/site-packages/airflow/example_dags/example_sla_dag.py
[2024-10-08T23:48:35.333+0000] {processor.py:914} INFO - Processing file /home/airflow/.local/lib/python3.12/site-packages/airflow/example_dags/example_sla_dag.py for tasks to queue
[2024-10-08T23:48:35.335+0000] {logging_mixin.py:190} INFO - [2024-10-08T23:48:35.334+0000] {dagbag.py:588} INFO - Filling up the DagBag from /home/airflow/.local/lib/python3.12/site-packages/airflow/example_dags/example_sla_dag.py
[2024-10-08T23:48:35.340+0000] {processor.py:925} INFO - DAG(s) 'example_sla_dag' retrieved from /home/airflow/.local/lib/python3.12/site-packages/airflow/example_dags/example_sla_dag.py
[2024-10-08T23:48:35.350+0000] {logging_mixin.py:190} INFO - [2024-10-08T23:48:35.350+0000] {dag.py:3239} INFO - Sync 1 DAGs
[2024-10-08T23:48:35.363+0000] {logging_mixin.py:190} INFO - [2024-10-08T23:48:35.363+0000] {dag.py:4180} INFO - Setting next_dagrun for example_sla_dag to 2024-10-08 23:46:00+00:00, run_after=2024-10-08 23:48:00+00:00
[2024-10-08T23:48:35.377+0000] {processor.py:208} INFO - Processing /home/airflow/.local/lib/python3.12/site-packages/airflow/example_dags/example_sla_dag.py took 0.048 seconds
[2024-10-08T23:49:06.458+0000] {processor.py:186} INFO - Started process (PID=729) to work on /home/airflow/.local/lib/python3.12/site-packages/airflow/example_dags/example_sla_dag.py
[2024-10-08T23:49:06.459+0000] {processor.py:914} INFO - Processing file /home/airflow/.local/lib/python3.12/site-packages/airflow/example_dags/example_sla_dag.py for tasks to queue
[2024-10-08T23:49:06.460+0000] {logging_mixin.py:190} INFO - [2024-10-08T23:49:06.460+0000] {dagbag.py:588} INFO - Filling up the DagBag from /home/airflow/.local/lib/python3.12/site-packages/airflow/example_dags/example_sla_dag.py
[2024-10-08T23:49:06.466+0000] {processor.py:925} INFO - DAG(s) 'example_sla_dag' retrieved from /home/airflow/.local/lib/python3.12/site-packages/airflow/example_dags/example_sla_dag.py
[2024-10-08T23:49:06.476+0000] {logging_mixin.py:190} INFO - [2024-10-08T23:49:06.476+0000] {dag.py:3239} INFO - Sync 1 DAGs
[2024-10-08T23:49:06.490+0000] {logging_mixin.py:190} INFO - [2024-10-08T23:49:06.490+0000] {dag.py:4180} INFO - Setting next_dagrun for example_sla_dag to 2024-10-08 23:46:00+00:00, run_after=2024-10-08 23:48:00+00:00
[2024-10-08T23:49:06.499+0000] {processor.py:208} INFO - Processing /home/airflow/.local/lib/python3.12/site-packages/airflow/example_dags/example_sla_dag.py took 0.044 seconds
[2024-10-08T23:49:37.692+0000] {processor.py:186} INFO - Started process (PID=792) to work on /home/airflow/.local/lib/python3.12/site-packages/airflow/example_dags/example_sla_dag.py
[2024-10-08T23:49:37.693+0000] {processor.py:914} INFO - Processing file /home/airflow/.local/lib/python3.12/site-packages/airflow/example_dags/example_sla_dag.py for tasks to queue
[2024-10-08T23:49:37.694+0000] {logging_mixin.py:190} INFO - [2024-10-08T23:49:37.694+0000] {dagbag.py:588} INFO - Filling up the DagBag from /home/airflow/.local/lib/python3.12/site-packages/airflow/example_dags/example_sla_dag.py
[2024-10-08T23:49:37.700+0000] {processor.py:925} INFO - DAG(s) 'example_sla_dag' retrieved from /home/airflow/.local/lib/python3.12/site-packages/airflow/example_dags/example_sla_dag.py
[2024-10-08T23:49:37.711+0000] {logging_mixin.py:190} INFO - [2024-10-08T23:49:37.710+0000] {dag.py:3239} INFO - Sync 1 DAGs
[2024-10-08T23:49:37.724+0000] {logging_mixin.py:190} INFO - [2024-10-08T23:49:37.724+0000] {dag.py:4180} INFO - Setting next_dagrun for example_sla_dag to 2024-10-08 23:46:00+00:00, run_after=2024-10-08 23:48:00+00:00
[2024-10-08T23:49:37.733+0000] {processor.py:208} INFO - Processing /home/airflow/.local/lib/python3.12/site-packages/airflow/example_dags/example_sla_dag.py took 0.045 seconds
[2024-10-08T23:50:07.881+0000] {processor.py:186} INFO - Started process (PID=855) to work on /home/airflow/.local/lib/python3.12/site-packages/airflow/example_dags/example_sla_dag.py
[2024-10-08T23:50:07.883+0000] {processor.py:914} INFO - Processing file /home/airflow/.local/lib/python3.12/site-packages/airflow/example_dags/example_sla_dag.py for tasks to queue
[2024-10-08T23:50:07.885+0000] {logging_mixin.py:190} INFO - [2024-10-08T23:50:07.885+0000] {dagbag.py:588} INFO - Filling up the DagBag from /home/airflow/.local/lib/python3.12/site-packages/airflow/example_dags/example_sla_dag.py
[2024-10-08T23:50:07.893+0000] {processor.py:925} INFO - DAG(s) 'example_sla_dag' retrieved from /home/airflow/.local/lib/python3.12/site-packages/airflow/example_dags/example_sla_dag.py
[2024-10-08T23:50:07.904+0000] {logging_mixin.py:190} INFO - [2024-10-08T23:50:07.904+0000] {dag.py:3239} INFO - Sync 1 DAGs
[2024-10-08T23:50:07.918+0000] {logging_mixin.py:190} INFO - [2024-10-08T23:50:07.918+0000] {dag.py:4180} INFO - Setting next_dagrun for example_sla_dag to 2024-10-08 23:48:00+00:00, run_after=2024-10-08 23:50:00+00:00
[2024-10-08T23:50:07.927+0000] {processor.py:208} INFO - Processing /home/airflow/.local/lib/python3.12/site-packages/airflow/example_dags/example_sla_dag.py took 0.050 seconds
