[2024-10-08T23:14:26.719+0000] {processor.py:186} INFO - Started process (PID=15723) to work on /home/airflow/.local/lib/python3.12/site-packages/airflow/example_dags/example_subdag_operator.py
[2024-10-08T23:14:26.720+0000] {processor.py:914} INFO - Processing file /home/airflow/.local/lib/python3.12/site-packages/airflow/example_dags/example_subdag_operator.py for tasks to queue
[2024-10-08T23:14:26.721+0000] {logging_mixin.py:190} INFO - [2024-10-08T23:14:26.721+0000] {dagbag.py:588} INFO - Filling up the DagBag from /home/airflow/.local/lib/python3.12/site-packages/airflow/example_dags/example_subdag_operator.py
[2024-10-08T23:14:26.736+0000] {processor.py:925} INFO - DAG(s) 'example_subdag_operator.section-1', 'example_subdag_operator.section-2', 'example_subdag_operator' retrieved from /home/airflow/.local/lib/python3.12/site-packages/airflow/example_dags/example_subdag_operator.py
[2024-10-08T23:14:26.745+0000] {logging_mixin.py:190} INFO - [2024-10-08T23:14:26.745+0000] {dag.py:3239} INFO - Sync 3 DAGs
[2024-10-08T23:14:26.758+0000] {logging_mixin.py:190} INFO - [2024-10-08T23:14:26.758+0000] {dag.py:4180} INFO - Setting next_dagrun for example_subdag_operator to 2022-01-01 00:00:00+00:00, run_after=2022-01-01 00:00:00+00:00
[2024-10-08T23:14:26.760+0000] {logging_mixin.py:190} INFO - [2024-10-08T23:14:26.760+0000] {dag.py:4180} INFO - Setting next_dagrun for example_subdag_operator.section-1 to None, run_after=None
[2024-10-08T23:14:26.761+0000] {logging_mixin.py:190} INFO - [2024-10-08T23:14:26.761+0000] {dag.py:4180} INFO - Setting next_dagrun for example_subdag_operator.section-2 to None, run_after=None
[2024-10-08T23:14:26.764+0000] {logging_mixin.py:190} INFO - [2024-10-08T23:14:26.764+0000] {dag.py:3239} INFO - Sync 2 DAGs
[2024-10-08T23:14:26.767+0000] {logging_mixin.py:190} INFO - [2024-10-08T23:14:26.767+0000] {dag.py:4180} INFO - Setting next_dagrun for example_subdag_operator.section-1 to None, run_after=None
[2024-10-08T23:14:26.767+0000] {logging_mixin.py:190} INFO - [2024-10-08T23:14:26.767+0000] {dag.py:4180} INFO - Setting next_dagrun for example_subdag_operator.section-2 to None, run_after=None
[2024-10-08T23:14:26.773+0000] {processor.py:208} INFO - Processing /home/airflow/.local/lib/python3.12/site-packages/airflow/example_dags/example_subdag_operator.py took 0.058 seconds
[2024-10-08T23:34:24.232+0000] {processor.py:186} INFO - Started process (PID=184) to work on /home/airflow/.local/lib/python3.12/site-packages/airflow/example_dags/example_subdag_operator.py
[2024-10-08T23:34:24.233+0000] {processor.py:914} INFO - Processing file /home/airflow/.local/lib/python3.12/site-packages/airflow/example_dags/example_subdag_operator.py for tasks to queue
[2024-10-08T23:34:24.234+0000] {logging_mixin.py:190} INFO - [2024-10-08T23:34:24.234+0000] {dagbag.py:588} INFO - Filling up the DagBag from /home/airflow/.local/lib/python3.12/site-packages/airflow/example_dags/example_subdag_operator.py
[2024-10-08T23:34:24.248+0000] {processor.py:925} INFO - DAG(s) 'example_subdag_operator.section-1', 'example_subdag_operator.section-2', 'example_subdag_operator' retrieved from /home/airflow/.local/lib/python3.12/site-packages/airflow/example_dags/example_subdag_operator.py
[2024-10-08T23:34:24.256+0000] {logging_mixin.py:190} INFO - [2024-10-08T23:34:24.256+0000] {dag.py:3239} INFO - Sync 3 DAGs
[2024-10-08T23:34:24.269+0000] {logging_mixin.py:190} INFO - [2024-10-08T23:34:24.269+0000] {dag.py:4180} INFO - Setting next_dagrun for example_subdag_operator to 2022-01-01 00:00:00+00:00, run_after=2022-01-01 00:00:00+00:00
[2024-10-08T23:34:24.271+0000] {logging_mixin.py:190} INFO - [2024-10-08T23:34:24.271+0000] {dag.py:4180} INFO - Setting next_dagrun for example_subdag_operator.section-1 to None, run_after=None
[2024-10-08T23:34:24.271+0000] {logging_mixin.py:190} INFO - [2024-10-08T23:34:24.271+0000] {dag.py:4180} INFO - Setting next_dagrun for example_subdag_operator.section-2 to None, run_after=None
[2024-10-08T23:34:24.276+0000] {logging_mixin.py:190} INFO - [2024-10-08T23:34:24.276+0000] {dag.py:3239} INFO - Sync 2 DAGs
[2024-10-08T23:34:24.279+0000] {logging_mixin.py:190} INFO - [2024-10-08T23:34:24.278+0000] {dag.py:4180} INFO - Setting next_dagrun for example_subdag_operator.section-1 to None, run_after=None
[2024-10-08T23:34:24.279+0000] {logging_mixin.py:190} INFO - [2024-10-08T23:34:24.279+0000] {dag.py:4180} INFO - Setting next_dagrun for example_subdag_operator.section-2 to None, run_after=None
[2024-10-08T23:34:24.285+0000] {processor.py:208} INFO - Processing /home/airflow/.local/lib/python3.12/site-packages/airflow/example_dags/example_subdag_operator.py took 0.056 seconds
[2024-10-08T23:34:54.762+0000] {processor.py:186} INFO - Started process (PID=247) to work on /home/airflow/.local/lib/python3.12/site-packages/airflow/example_dags/example_subdag_operator.py
[2024-10-08T23:34:54.762+0000] {processor.py:914} INFO - Processing file /home/airflow/.local/lib/python3.12/site-packages/airflow/example_dags/example_subdag_operator.py for tasks to queue
[2024-10-08T23:34:54.764+0000] {logging_mixin.py:190} INFO - [2024-10-08T23:34:54.763+0000] {dagbag.py:588} INFO - Filling up the DagBag from /home/airflow/.local/lib/python3.12/site-packages/airflow/example_dags/example_subdag_operator.py
[2024-10-08T23:34:54.778+0000] {processor.py:925} INFO - DAG(s) 'example_subdag_operator.section-1', 'example_subdag_operator.section-2', 'example_subdag_operator' retrieved from /home/airflow/.local/lib/python3.12/site-packages/airflow/example_dags/example_subdag_operator.py
[2024-10-08T23:34:54.788+0000] {logging_mixin.py:190} INFO - [2024-10-08T23:34:54.788+0000] {dag.py:3239} INFO - Sync 3 DAGs
[2024-10-08T23:34:54.802+0000] {logging_mixin.py:190} INFO - [2024-10-08T23:34:54.802+0000] {dag.py:4180} INFO - Setting next_dagrun for example_subdag_operator to 2022-01-01 00:00:00+00:00, run_after=2022-01-01 00:00:00+00:00
[2024-10-08T23:34:54.804+0000] {logging_mixin.py:190} INFO - [2024-10-08T23:34:54.804+0000] {dag.py:4180} INFO - Setting next_dagrun for example_subdag_operator.section-1 to None, run_after=None
[2024-10-08T23:34:54.805+0000] {logging_mixin.py:190} INFO - [2024-10-08T23:34:54.804+0000] {dag.py:4180} INFO - Setting next_dagrun for example_subdag_operator.section-2 to None, run_after=None
[2024-10-08T23:34:54.808+0000] {logging_mixin.py:190} INFO - [2024-10-08T23:34:54.808+0000] {dag.py:3239} INFO - Sync 2 DAGs
[2024-10-08T23:34:54.812+0000] {logging_mixin.py:190} INFO - [2024-10-08T23:34:54.812+0000] {dag.py:4180} INFO - Setting next_dagrun for example_subdag_operator.section-1 to None, run_after=None
[2024-10-08T23:34:54.812+0000] {logging_mixin.py:190} INFO - [2024-10-08T23:34:54.812+0000] {dag.py:4180} INFO - Setting next_dagrun for example_subdag_operator.section-2 to None, run_after=None
[2024-10-08T23:34:54.818+0000] {processor.py:208} INFO - Processing /home/airflow/.local/lib/python3.12/site-packages/airflow/example_dags/example_subdag_operator.py took 0.059 seconds
[2024-10-08T23:35:25.198+0000] {processor.py:186} INFO - Started process (PID=310) to work on /home/airflow/.local/lib/python3.12/site-packages/airflow/example_dags/example_subdag_operator.py
[2024-10-08T23:35:25.199+0000] {processor.py:914} INFO - Processing file /home/airflow/.local/lib/python3.12/site-packages/airflow/example_dags/example_subdag_operator.py for tasks to queue
[2024-10-08T23:35:25.200+0000] {logging_mixin.py:190} INFO - [2024-10-08T23:35:25.200+0000] {dagbag.py:588} INFO - Filling up the DagBag from /home/airflow/.local/lib/python3.12/site-packages/airflow/example_dags/example_subdag_operator.py
[2024-10-08T23:35:25.214+0000] {processor.py:925} INFO - DAG(s) 'example_subdag_operator.section-1', 'example_subdag_operator.section-2', 'example_subdag_operator' retrieved from /home/airflow/.local/lib/python3.12/site-packages/airflow/example_dags/example_subdag_operator.py
[2024-10-08T23:35:25.223+0000] {logging_mixin.py:190} INFO - [2024-10-08T23:35:25.222+0000] {dag.py:3239} INFO - Sync 3 DAGs
[2024-10-08T23:35:25.236+0000] {logging_mixin.py:190} INFO - [2024-10-08T23:35:25.236+0000] {dag.py:4180} INFO - Setting next_dagrun for example_subdag_operator to 2022-01-01 00:00:00+00:00, run_after=2022-01-01 00:00:00+00:00
[2024-10-08T23:35:25.238+0000] {logging_mixin.py:190} INFO - [2024-10-08T23:35:25.238+0000] {dag.py:4180} INFO - Setting next_dagrun for example_subdag_operator.section-1 to None, run_after=None
[2024-10-08T23:35:25.239+0000] {logging_mixin.py:190} INFO - [2024-10-08T23:35:25.238+0000] {dag.py:4180} INFO - Setting next_dagrun for example_subdag_operator.section-2 to None, run_after=None
[2024-10-08T23:35:25.243+0000] {logging_mixin.py:190} INFO - [2024-10-08T23:35:25.243+0000] {dag.py:3239} INFO - Sync 2 DAGs
[2024-10-08T23:35:25.246+0000] {logging_mixin.py:190} INFO - [2024-10-08T23:35:25.246+0000] {dag.py:4180} INFO - Setting next_dagrun for example_subdag_operator.section-1 to None, run_after=None
[2024-10-08T23:35:25.246+0000] {logging_mixin.py:190} INFO - [2024-10-08T23:35:25.246+0000] {dag.py:4180} INFO - Setting next_dagrun for example_subdag_operator.section-2 to None, run_after=None
[2024-10-08T23:35:25.252+0000] {processor.py:208} INFO - Processing /home/airflow/.local/lib/python3.12/site-packages/airflow/example_dags/example_subdag_operator.py took 0.057 seconds
[2024-10-08T23:35:55.419+0000] {processor.py:186} INFO - Started process (PID=373) to work on /home/airflow/.local/lib/python3.12/site-packages/airflow/example_dags/example_subdag_operator.py
[2024-10-08T23:35:55.420+0000] {processor.py:914} INFO - Processing file /home/airflow/.local/lib/python3.12/site-packages/airflow/example_dags/example_subdag_operator.py for tasks to queue
[2024-10-08T23:35:55.421+0000] {logging_mixin.py:190} INFO - [2024-10-08T23:35:55.421+0000] {dagbag.py:588} INFO - Filling up the DagBag from /home/airflow/.local/lib/python3.12/site-packages/airflow/example_dags/example_subdag_operator.py
[2024-10-08T23:35:55.434+0000] {processor.py:925} INFO - DAG(s) 'example_subdag_operator.section-1', 'example_subdag_operator.section-2', 'example_subdag_operator' retrieved from /home/airflow/.local/lib/python3.12/site-packages/airflow/example_dags/example_subdag_operator.py
[2024-10-08T23:35:55.442+0000] {logging_mixin.py:190} INFO - [2024-10-08T23:35:55.442+0000] {dag.py:3239} INFO - Sync 3 DAGs
[2024-10-08T23:35:55.455+0000] {logging_mixin.py:190} INFO - [2024-10-08T23:35:55.454+0000] {dag.py:4180} INFO - Setting next_dagrun for example_subdag_operator to 2022-01-01 00:00:00+00:00, run_after=2022-01-01 00:00:00+00:00
[2024-10-08T23:35:55.456+0000] {logging_mixin.py:190} INFO - [2024-10-08T23:35:55.456+0000] {dag.py:4180} INFO - Setting next_dagrun for example_subdag_operator.section-1 to None, run_after=None
[2024-10-08T23:35:55.457+0000] {logging_mixin.py:190} INFO - [2024-10-08T23:35:55.457+0000] {dag.py:4180} INFO - Setting next_dagrun for example_subdag_operator.section-2 to None, run_after=None
[2024-10-08T23:35:55.460+0000] {logging_mixin.py:190} INFO - [2024-10-08T23:35:55.460+0000] {dag.py:3239} INFO - Sync 2 DAGs
[2024-10-08T23:35:55.463+0000] {logging_mixin.py:190} INFO - [2024-10-08T23:35:55.463+0000] {dag.py:4180} INFO - Setting next_dagrun for example_subdag_operator.section-1 to None, run_after=None
[2024-10-08T23:35:55.463+0000] {logging_mixin.py:190} INFO - [2024-10-08T23:35:55.463+0000] {dag.py:4180} INFO - Setting next_dagrun for example_subdag_operator.section-2 to None, run_after=None
[2024-10-08T23:35:55.469+0000] {processor.py:208} INFO - Processing /home/airflow/.local/lib/python3.12/site-packages/airflow/example_dags/example_subdag_operator.py took 0.053 seconds
[2024-10-08T23:36:25.570+0000] {processor.py:186} INFO - Started process (PID=436) to work on /home/airflow/.local/lib/python3.12/site-packages/airflow/example_dags/example_subdag_operator.py
[2024-10-08T23:36:25.570+0000] {processor.py:914} INFO - Processing file /home/airflow/.local/lib/python3.12/site-packages/airflow/example_dags/example_subdag_operator.py for tasks to queue
[2024-10-08T23:36:25.572+0000] {logging_mixin.py:190} INFO - [2024-10-08T23:36:25.571+0000] {dagbag.py:588} INFO - Filling up the DagBag from /home/airflow/.local/lib/python3.12/site-packages/airflow/example_dags/example_subdag_operator.py
[2024-10-08T23:36:25.585+0000] {processor.py:925} INFO - DAG(s) 'example_subdag_operator.section-1', 'example_subdag_operator.section-2', 'example_subdag_operator' retrieved from /home/airflow/.local/lib/python3.12/site-packages/airflow/example_dags/example_subdag_operator.py
[2024-10-08T23:36:25.593+0000] {logging_mixin.py:190} INFO - [2024-10-08T23:36:25.593+0000] {dag.py:3239} INFO - Sync 3 DAGs
[2024-10-08T23:36:25.605+0000] {logging_mixin.py:190} INFO - [2024-10-08T23:36:25.605+0000] {dag.py:4180} INFO - Setting next_dagrun for example_subdag_operator to 2022-01-01 00:00:00+00:00, run_after=2022-01-01 00:00:00+00:00
[2024-10-08T23:36:25.606+0000] {logging_mixin.py:190} INFO - [2024-10-08T23:36:25.606+0000] {dag.py:4180} INFO - Setting next_dagrun for example_subdag_operator.section-1 to None, run_after=None
[2024-10-08T23:36:25.607+0000] {logging_mixin.py:190} INFO - [2024-10-08T23:36:25.607+0000] {dag.py:4180} INFO - Setting next_dagrun for example_subdag_operator.section-2 to None, run_after=None
[2024-10-08T23:36:25.611+0000] {logging_mixin.py:190} INFO - [2024-10-08T23:36:25.610+0000] {dag.py:3239} INFO - Sync 2 DAGs
[2024-10-08T23:36:25.613+0000] {logging_mixin.py:190} INFO - [2024-10-08T23:36:25.613+0000] {dag.py:4180} INFO - Setting next_dagrun for example_subdag_operator.section-1 to None, run_after=None
[2024-10-08T23:36:25.613+0000] {logging_mixin.py:190} INFO - [2024-10-08T23:36:25.613+0000] {dag.py:4180} INFO - Setting next_dagrun for example_subdag_operator.section-2 to None, run_after=None
[2024-10-08T23:36:25.619+0000] {processor.py:208} INFO - Processing /home/airflow/.local/lib/python3.12/site-packages/airflow/example_dags/example_subdag_operator.py took 0.053 seconds
[2024-10-08T23:36:55.769+0000] {processor.py:186} INFO - Started process (PID=499) to work on /home/airflow/.local/lib/python3.12/site-packages/airflow/example_dags/example_subdag_operator.py
[2024-10-08T23:36:55.770+0000] {processor.py:914} INFO - Processing file /home/airflow/.local/lib/python3.12/site-packages/airflow/example_dags/example_subdag_operator.py for tasks to queue
[2024-10-08T23:36:55.771+0000] {logging_mixin.py:190} INFO - [2024-10-08T23:36:55.771+0000] {dagbag.py:588} INFO - Filling up the DagBag from /home/airflow/.local/lib/python3.12/site-packages/airflow/example_dags/example_subdag_operator.py
[2024-10-08T23:36:55.784+0000] {processor.py:925} INFO - DAG(s) 'example_subdag_operator.section-1', 'example_subdag_operator.section-2', 'example_subdag_operator' retrieved from /home/airflow/.local/lib/python3.12/site-packages/airflow/example_dags/example_subdag_operator.py
[2024-10-08T23:36:55.792+0000] {logging_mixin.py:190} INFO - [2024-10-08T23:36:55.792+0000] {dag.py:3239} INFO - Sync 3 DAGs
[2024-10-08T23:36:55.804+0000] {logging_mixin.py:190} INFO - [2024-10-08T23:36:55.804+0000] {dag.py:4180} INFO - Setting next_dagrun for example_subdag_operator to 2022-01-01 00:00:00+00:00, run_after=2022-01-01 00:00:00+00:00
[2024-10-08T23:36:55.806+0000] {logging_mixin.py:190} INFO - [2024-10-08T23:36:55.806+0000] {dag.py:4180} INFO - Setting next_dagrun for example_subdag_operator.section-1 to None, run_after=None
[2024-10-08T23:36:55.807+0000] {logging_mixin.py:190} INFO - [2024-10-08T23:36:55.807+0000] {dag.py:4180} INFO - Setting next_dagrun for example_subdag_operator.section-2 to None, run_after=None
[2024-10-08T23:36:55.810+0000] {logging_mixin.py:190} INFO - [2024-10-08T23:36:55.810+0000] {dag.py:3239} INFO - Sync 2 DAGs
[2024-10-08T23:36:55.813+0000] {logging_mixin.py:190} INFO - [2024-10-08T23:36:55.813+0000] {dag.py:4180} INFO - Setting next_dagrun for example_subdag_operator.section-1 to None, run_after=None
[2024-10-08T23:36:55.813+0000] {logging_mixin.py:190} INFO - [2024-10-08T23:36:55.813+0000] {dag.py:4180} INFO - Setting next_dagrun for example_subdag_operator.section-2 to None, run_after=None
[2024-10-08T23:36:55.819+0000] {processor.py:208} INFO - Processing /home/airflow/.local/lib/python3.12/site-packages/airflow/example_dags/example_subdag_operator.py took 0.053 seconds
[2024-10-08T23:37:26.075+0000] {processor.py:186} INFO - Started process (PID=562) to work on /home/airflow/.local/lib/python3.12/site-packages/airflow/example_dags/example_subdag_operator.py
[2024-10-08T23:37:26.075+0000] {processor.py:914} INFO - Processing file /home/airflow/.local/lib/python3.12/site-packages/airflow/example_dags/example_subdag_operator.py for tasks to queue
[2024-10-08T23:37:26.077+0000] {logging_mixin.py:190} INFO - [2024-10-08T23:37:26.076+0000] {dagbag.py:588} INFO - Filling up the DagBag from /home/airflow/.local/lib/python3.12/site-packages/airflow/example_dags/example_subdag_operator.py
[2024-10-08T23:37:26.092+0000] {processor.py:925} INFO - DAG(s) 'example_subdag_operator.section-1', 'example_subdag_operator.section-2', 'example_subdag_operator' retrieved from /home/airflow/.local/lib/python3.12/site-packages/airflow/example_dags/example_subdag_operator.py
[2024-10-08T23:37:26.100+0000] {logging_mixin.py:190} INFO - [2024-10-08T23:37:26.100+0000] {dag.py:3239} INFO - Sync 3 DAGs
[2024-10-08T23:37:26.112+0000] {logging_mixin.py:190} INFO - [2024-10-08T23:37:26.112+0000] {dag.py:4180} INFO - Setting next_dagrun for example_subdag_operator to 2022-01-01 00:00:00+00:00, run_after=2022-01-01 00:00:00+00:00
[2024-10-08T23:37:26.114+0000] {logging_mixin.py:190} INFO - [2024-10-08T23:37:26.114+0000] {dag.py:4180} INFO - Setting next_dagrun for example_subdag_operator.section-1 to None, run_after=None
[2024-10-08T23:37:26.115+0000] {logging_mixin.py:190} INFO - [2024-10-08T23:37:26.115+0000] {dag.py:4180} INFO - Setting next_dagrun for example_subdag_operator.section-2 to None, run_after=None
[2024-10-08T23:37:26.118+0000] {logging_mixin.py:190} INFO - [2024-10-08T23:37:26.118+0000] {dag.py:3239} INFO - Sync 2 DAGs
[2024-10-08T23:37:26.121+0000] {logging_mixin.py:190} INFO - [2024-10-08T23:37:26.121+0000] {dag.py:4180} INFO - Setting next_dagrun for example_subdag_operator.section-1 to None, run_after=None
[2024-10-08T23:37:26.121+0000] {logging_mixin.py:190} INFO - [2024-10-08T23:37:26.121+0000] {dag.py:4180} INFO - Setting next_dagrun for example_subdag_operator.section-2 to None, run_after=None
[2024-10-08T23:37:26.127+0000] {processor.py:208} INFO - Processing /home/airflow/.local/lib/python3.12/site-packages/airflow/example_dags/example_subdag_operator.py took 0.056 seconds
[2024-10-08T23:37:56.433+0000] {processor.py:186} INFO - Started process (PID=625) to work on /home/airflow/.local/lib/python3.12/site-packages/airflow/example_dags/example_subdag_operator.py
[2024-10-08T23:37:56.433+0000] {processor.py:914} INFO - Processing file /home/airflow/.local/lib/python3.12/site-packages/airflow/example_dags/example_subdag_operator.py for tasks to queue
[2024-10-08T23:37:56.435+0000] {logging_mixin.py:190} INFO - [2024-10-08T23:37:56.434+0000] {dagbag.py:588} INFO - Filling up the DagBag from /home/airflow/.local/lib/python3.12/site-packages/airflow/example_dags/example_subdag_operator.py
[2024-10-08T23:37:56.448+0000] {processor.py:925} INFO - DAG(s) 'example_subdag_operator.section-1', 'example_subdag_operator.section-2', 'example_subdag_operator' retrieved from /home/airflow/.local/lib/python3.12/site-packages/airflow/example_dags/example_subdag_operator.py
[2024-10-08T23:37:56.457+0000] {logging_mixin.py:190} INFO - [2024-10-08T23:37:56.457+0000] {dag.py:3239} INFO - Sync 3 DAGs
[2024-10-08T23:37:56.469+0000] {logging_mixin.py:190} INFO - [2024-10-08T23:37:56.469+0000] {dag.py:4180} INFO - Setting next_dagrun for example_subdag_operator to 2022-01-01 00:00:00+00:00, run_after=2022-01-01 00:00:00+00:00
[2024-10-08T23:37:56.471+0000] {logging_mixin.py:190} INFO - [2024-10-08T23:37:56.471+0000] {dag.py:4180} INFO - Setting next_dagrun for example_subdag_operator.section-1 to None, run_after=None
[2024-10-08T23:37:56.471+0000] {logging_mixin.py:190} INFO - [2024-10-08T23:37:56.471+0000] {dag.py:4180} INFO - Setting next_dagrun for example_subdag_operator.section-2 to None, run_after=None
[2024-10-08T23:37:56.475+0000] {logging_mixin.py:190} INFO - [2024-10-08T23:37:56.475+0000] {dag.py:3239} INFO - Sync 2 DAGs
[2024-10-08T23:37:56.477+0000] {logging_mixin.py:190} INFO - [2024-10-08T23:37:56.477+0000] {dag.py:4180} INFO - Setting next_dagrun for example_subdag_operator.section-1 to None, run_after=None
[2024-10-08T23:37:56.478+0000] {logging_mixin.py:190} INFO - [2024-10-08T23:37:56.478+0000] {dag.py:4180} INFO - Setting next_dagrun for example_subdag_operator.section-2 to None, run_after=None
[2024-10-08T23:37:56.484+0000] {processor.py:208} INFO - Processing /home/airflow/.local/lib/python3.12/site-packages/airflow/example_dags/example_subdag_operator.py took 0.054 seconds
[2024-10-08T23:38:26.692+0000] {processor.py:186} INFO - Started process (PID=688) to work on /home/airflow/.local/lib/python3.12/site-packages/airflow/example_dags/example_subdag_operator.py
[2024-10-08T23:38:26.692+0000] {processor.py:914} INFO - Processing file /home/airflow/.local/lib/python3.12/site-packages/airflow/example_dags/example_subdag_operator.py for tasks to queue
[2024-10-08T23:38:26.693+0000] {logging_mixin.py:190} INFO - [2024-10-08T23:38:26.693+0000] {dagbag.py:588} INFO - Filling up the DagBag from /home/airflow/.local/lib/python3.12/site-packages/airflow/example_dags/example_subdag_operator.py
[2024-10-08T23:38:26.707+0000] {processor.py:925} INFO - DAG(s) 'example_subdag_operator.section-1', 'example_subdag_operator.section-2', 'example_subdag_operator' retrieved from /home/airflow/.local/lib/python3.12/site-packages/airflow/example_dags/example_subdag_operator.py
[2024-10-08T23:38:26.714+0000] {logging_mixin.py:190} INFO - [2024-10-08T23:38:26.714+0000] {dag.py:3239} INFO - Sync 3 DAGs
[2024-10-08T23:38:26.727+0000] {logging_mixin.py:190} INFO - [2024-10-08T23:38:26.727+0000] {dag.py:4180} INFO - Setting next_dagrun for example_subdag_operator to 2022-01-01 00:00:00+00:00, run_after=2022-01-01 00:00:00+00:00
[2024-10-08T23:38:26.728+0000] {logging_mixin.py:190} INFO - [2024-10-08T23:38:26.728+0000] {dag.py:4180} INFO - Setting next_dagrun for example_subdag_operator.section-1 to None, run_after=None
[2024-10-08T23:38:26.729+0000] {logging_mixin.py:190} INFO - [2024-10-08T23:38:26.729+0000] {dag.py:4180} INFO - Setting next_dagrun for example_subdag_operator.section-2 to None, run_after=None
[2024-10-08T23:38:26.733+0000] {logging_mixin.py:190} INFO - [2024-10-08T23:38:26.732+0000] {dag.py:3239} INFO - Sync 2 DAGs
[2024-10-08T23:38:26.735+0000] {logging_mixin.py:190} INFO - [2024-10-08T23:38:26.735+0000] {dag.py:4180} INFO - Setting next_dagrun for example_subdag_operator.section-1 to None, run_after=None
[2024-10-08T23:38:26.735+0000] {logging_mixin.py:190} INFO - [2024-10-08T23:38:26.735+0000] {dag.py:4180} INFO - Setting next_dagrun for example_subdag_operator.section-2 to None, run_after=None
[2024-10-08T23:38:26.741+0000] {processor.py:208} INFO - Processing /home/airflow/.local/lib/python3.12/site-packages/airflow/example_dags/example_subdag_operator.py took 0.053 seconds
[2024-10-08T23:38:56.935+0000] {processor.py:186} INFO - Started process (PID=751) to work on /home/airflow/.local/lib/python3.12/site-packages/airflow/example_dags/example_subdag_operator.py
[2024-10-08T23:38:56.936+0000] {processor.py:914} INFO - Processing file /home/airflow/.local/lib/python3.12/site-packages/airflow/example_dags/example_subdag_operator.py for tasks to queue
[2024-10-08T23:38:56.937+0000] {logging_mixin.py:190} INFO - [2024-10-08T23:38:56.937+0000] {dagbag.py:588} INFO - Filling up the DagBag from /home/airflow/.local/lib/python3.12/site-packages/airflow/example_dags/example_subdag_operator.py
[2024-10-08T23:38:56.950+0000] {processor.py:925} INFO - DAG(s) 'example_subdag_operator.section-1', 'example_subdag_operator.section-2', 'example_subdag_operator' retrieved from /home/airflow/.local/lib/python3.12/site-packages/airflow/example_dags/example_subdag_operator.py
[2024-10-08T23:38:56.958+0000] {logging_mixin.py:190} INFO - [2024-10-08T23:38:56.958+0000] {dag.py:3239} INFO - Sync 3 DAGs
[2024-10-08T23:38:56.971+0000] {logging_mixin.py:190} INFO - [2024-10-08T23:38:56.971+0000] {dag.py:4180} INFO - Setting next_dagrun for example_subdag_operator to 2022-01-01 00:00:00+00:00, run_after=2022-01-01 00:00:00+00:00
[2024-10-08T23:38:56.973+0000] {logging_mixin.py:190} INFO - [2024-10-08T23:38:56.973+0000] {dag.py:4180} INFO - Setting next_dagrun for example_subdag_operator.section-1 to None, run_after=None
[2024-10-08T23:38:56.974+0000] {logging_mixin.py:190} INFO - [2024-10-08T23:38:56.973+0000] {dag.py:4180} INFO - Setting next_dagrun for example_subdag_operator.section-2 to None, run_after=None
[2024-10-08T23:38:56.977+0000] {logging_mixin.py:190} INFO - [2024-10-08T23:38:56.977+0000] {dag.py:3239} INFO - Sync 2 DAGs
[2024-10-08T23:38:56.980+0000] {logging_mixin.py:190} INFO - [2024-10-08T23:38:56.980+0000] {dag.py:4180} INFO - Setting next_dagrun for example_subdag_operator.section-1 to None, run_after=None
[2024-10-08T23:38:56.980+0000] {logging_mixin.py:190} INFO - [2024-10-08T23:38:56.980+0000] {dag.py:4180} INFO - Setting next_dagrun for example_subdag_operator.section-2 to None, run_after=None
[2024-10-08T23:38:56.986+0000] {processor.py:208} INFO - Processing /home/airflow/.local/lib/python3.12/site-packages/airflow/example_dags/example_subdag_operator.py took 0.054 seconds
[2024-10-08T23:39:39.815+0000] {processor.py:186} INFO - Started process (PID=177) to work on /home/airflow/.local/lib/python3.12/site-packages/airflow/example_dags/example_subdag_operator.py
[2024-10-08T23:39:39.815+0000] {processor.py:914} INFO - Processing file /home/airflow/.local/lib/python3.12/site-packages/airflow/example_dags/example_subdag_operator.py for tasks to queue
[2024-10-08T23:39:39.817+0000] {logging_mixin.py:190} INFO - [2024-10-08T23:39:39.816+0000] {dagbag.py:588} INFO - Filling up the DagBag from /home/airflow/.local/lib/python3.12/site-packages/airflow/example_dags/example_subdag_operator.py
[2024-10-08T23:39:39.830+0000] {processor.py:925} INFO - DAG(s) 'example_subdag_operator.section-1', 'example_subdag_operator.section-2', 'example_subdag_operator' retrieved from /home/airflow/.local/lib/python3.12/site-packages/airflow/example_dags/example_subdag_operator.py
[2024-10-08T23:39:39.838+0000] {logging_mixin.py:190} INFO - [2024-10-08T23:39:39.838+0000] {dag.py:3239} INFO - Sync 3 DAGs
[2024-10-08T23:39:39.850+0000] {logging_mixin.py:190} INFO - [2024-10-08T23:39:39.850+0000] {dag.py:4180} INFO - Setting next_dagrun for example_subdag_operator to 2022-01-01 00:00:00+00:00, run_after=2022-01-01 00:00:00+00:00
[2024-10-08T23:39:39.852+0000] {logging_mixin.py:190} INFO - [2024-10-08T23:39:39.852+0000] {dag.py:4180} INFO - Setting next_dagrun for example_subdag_operator.section-1 to None, run_after=None
[2024-10-08T23:39:39.852+0000] {logging_mixin.py:190} INFO - [2024-10-08T23:39:39.852+0000] {dag.py:4180} INFO - Setting next_dagrun for example_subdag_operator.section-2 to None, run_after=None
[2024-10-08T23:39:39.856+0000] {logging_mixin.py:190} INFO - [2024-10-08T23:39:39.856+0000] {dag.py:3239} INFO - Sync 2 DAGs
[2024-10-08T23:39:39.859+0000] {logging_mixin.py:190} INFO - [2024-10-08T23:39:39.858+0000] {dag.py:4180} INFO - Setting next_dagrun for example_subdag_operator.section-1 to None, run_after=None
[2024-10-08T23:39:39.859+0000] {logging_mixin.py:190} INFO - [2024-10-08T23:39:39.859+0000] {dag.py:4180} INFO - Setting next_dagrun for example_subdag_operator.section-2 to None, run_after=None
[2024-10-08T23:39:39.865+0000] {processor.py:208} INFO - Processing /home/airflow/.local/lib/python3.12/site-packages/airflow/example_dags/example_subdag_operator.py took 0.053 seconds
[2024-10-08T23:40:10.849+0000] {processor.py:186} INFO - Started process (PID=240) to work on /home/airflow/.local/lib/python3.12/site-packages/airflow/example_dags/example_subdag_operator.py
[2024-10-08T23:40:10.850+0000] {processor.py:914} INFO - Processing file /home/airflow/.local/lib/python3.12/site-packages/airflow/example_dags/example_subdag_operator.py for tasks to queue
[2024-10-08T23:40:10.852+0000] {logging_mixin.py:190} INFO - [2024-10-08T23:40:10.851+0000] {dagbag.py:588} INFO - Filling up the DagBag from /home/airflow/.local/lib/python3.12/site-packages/airflow/example_dags/example_subdag_operator.py
[2024-10-08T23:40:10.866+0000] {processor.py:925} INFO - DAG(s) 'example_subdag_operator.section-1', 'example_subdag_operator.section-2', 'example_subdag_operator' retrieved from /home/airflow/.local/lib/python3.12/site-packages/airflow/example_dags/example_subdag_operator.py
[2024-10-08T23:40:10.874+0000] {logging_mixin.py:190} INFO - [2024-10-08T23:40:10.874+0000] {dag.py:3239} INFO - Sync 3 DAGs
[2024-10-08T23:40:10.887+0000] {logging_mixin.py:190} INFO - [2024-10-08T23:40:10.887+0000] {dag.py:4180} INFO - Setting next_dagrun for example_subdag_operator to 2022-01-01 00:00:00+00:00, run_after=2022-01-01 00:00:00+00:00
[2024-10-08T23:40:10.889+0000] {logging_mixin.py:190} INFO - [2024-10-08T23:40:10.889+0000] {dag.py:4180} INFO - Setting next_dagrun for example_subdag_operator.section-1 to None, run_after=None
[2024-10-08T23:40:10.890+0000] {logging_mixin.py:190} INFO - [2024-10-08T23:40:10.889+0000] {dag.py:4180} INFO - Setting next_dagrun for example_subdag_operator.section-2 to None, run_after=None
[2024-10-08T23:40:10.893+0000] {logging_mixin.py:190} INFO - [2024-10-08T23:40:10.893+0000] {dag.py:3239} INFO - Sync 2 DAGs
[2024-10-08T23:40:10.896+0000] {logging_mixin.py:190} INFO - [2024-10-08T23:40:10.895+0000] {dag.py:4180} INFO - Setting next_dagrun for example_subdag_operator.section-1 to None, run_after=None
[2024-10-08T23:40:10.896+0000] {logging_mixin.py:190} INFO - [2024-10-08T23:40:10.896+0000] {dag.py:4180} INFO - Setting next_dagrun for example_subdag_operator.section-2 to None, run_after=None
[2024-10-08T23:40:10.902+0000] {processor.py:208} INFO - Processing /home/airflow/.local/lib/python3.12/site-packages/airflow/example_dags/example_subdag_operator.py took 0.056 seconds
[2024-10-08T23:40:40.966+0000] {processor.py:186} INFO - Started process (PID=303) to work on /home/airflow/.local/lib/python3.12/site-packages/airflow/example_dags/example_subdag_operator.py
[2024-10-08T23:40:40.966+0000] {processor.py:914} INFO - Processing file /home/airflow/.local/lib/python3.12/site-packages/airflow/example_dags/example_subdag_operator.py for tasks to queue
[2024-10-08T23:40:40.968+0000] {logging_mixin.py:190} INFO - [2024-10-08T23:40:40.967+0000] {dagbag.py:588} INFO - Filling up the DagBag from /home/airflow/.local/lib/python3.12/site-packages/airflow/example_dags/example_subdag_operator.py
[2024-10-08T23:40:40.981+0000] {processor.py:925} INFO - DAG(s) 'example_subdag_operator.section-1', 'example_subdag_operator.section-2', 'example_subdag_operator' retrieved from /home/airflow/.local/lib/python3.12/site-packages/airflow/example_dags/example_subdag_operator.py
[2024-10-08T23:40:40.990+0000] {logging_mixin.py:190} INFO - [2024-10-08T23:40:40.990+0000] {dag.py:3239} INFO - Sync 3 DAGs
[2024-10-08T23:40:41.002+0000] {logging_mixin.py:190} INFO - [2024-10-08T23:40:41.002+0000] {dag.py:4180} INFO - Setting next_dagrun for example_subdag_operator to 2022-01-01 00:00:00+00:00, run_after=2022-01-01 00:00:00+00:00
[2024-10-08T23:40:41.004+0000] {logging_mixin.py:190} INFO - [2024-10-08T23:40:41.004+0000] {dag.py:4180} INFO - Setting next_dagrun for example_subdag_operator.section-1 to None, run_after=None
[2024-10-08T23:40:41.005+0000] {logging_mixin.py:190} INFO - [2024-10-08T23:40:41.005+0000] {dag.py:4180} INFO - Setting next_dagrun for example_subdag_operator.section-2 to None, run_after=None
[2024-10-08T23:40:41.009+0000] {logging_mixin.py:190} INFO - [2024-10-08T23:40:41.008+0000] {dag.py:3239} INFO - Sync 2 DAGs
[2024-10-08T23:40:41.011+0000] {logging_mixin.py:190} INFO - [2024-10-08T23:40:41.011+0000] {dag.py:4180} INFO - Setting next_dagrun for example_subdag_operator.section-1 to None, run_after=None
[2024-10-08T23:40:41.011+0000] {logging_mixin.py:190} INFO - [2024-10-08T23:40:41.011+0000] {dag.py:4180} INFO - Setting next_dagrun for example_subdag_operator.section-2 to None, run_after=None
[2024-10-08T23:40:41.018+0000] {processor.py:208} INFO - Processing /home/airflow/.local/lib/python3.12/site-packages/airflow/example_dags/example_subdag_operator.py took 0.055 seconds
[2024-10-08T23:41:11.289+0000] {processor.py:186} INFO - Started process (PID=366) to work on /home/airflow/.local/lib/python3.12/site-packages/airflow/example_dags/example_subdag_operator.py
[2024-10-08T23:41:11.290+0000] {processor.py:914} INFO - Processing file /home/airflow/.local/lib/python3.12/site-packages/airflow/example_dags/example_subdag_operator.py for tasks to queue
[2024-10-08T23:41:11.291+0000] {logging_mixin.py:190} INFO - [2024-10-08T23:41:11.291+0000] {dagbag.py:588} INFO - Filling up the DagBag from /home/airflow/.local/lib/python3.12/site-packages/airflow/example_dags/example_subdag_operator.py
[2024-10-08T23:41:11.305+0000] {processor.py:925} INFO - DAG(s) 'example_subdag_operator.section-1', 'example_subdag_operator.section-2', 'example_subdag_operator' retrieved from /home/airflow/.local/lib/python3.12/site-packages/airflow/example_dags/example_subdag_operator.py
[2024-10-08T23:41:11.313+0000] {logging_mixin.py:190} INFO - [2024-10-08T23:41:11.313+0000] {dag.py:3239} INFO - Sync 3 DAGs
[2024-10-08T23:41:11.326+0000] {logging_mixin.py:190} INFO - [2024-10-08T23:41:11.326+0000] {dag.py:4180} INFO - Setting next_dagrun for example_subdag_operator to 2022-01-01 00:00:00+00:00, run_after=2022-01-01 00:00:00+00:00
[2024-10-08T23:41:11.328+0000] {logging_mixin.py:190} INFO - [2024-10-08T23:41:11.328+0000] {dag.py:4180} INFO - Setting next_dagrun for example_subdag_operator.section-1 to None, run_after=None
[2024-10-08T23:41:11.329+0000] {logging_mixin.py:190} INFO - [2024-10-08T23:41:11.328+0000] {dag.py:4180} INFO - Setting next_dagrun for example_subdag_operator.section-2 to None, run_after=None
[2024-10-08T23:41:11.332+0000] {logging_mixin.py:190} INFO - [2024-10-08T23:41:11.332+0000] {dag.py:3239} INFO - Sync 2 DAGs
[2024-10-08T23:41:11.335+0000] {logging_mixin.py:190} INFO - [2024-10-08T23:41:11.335+0000] {dag.py:4180} INFO - Setting next_dagrun for example_subdag_operator.section-1 to None, run_after=None
[2024-10-08T23:41:11.335+0000] {logging_mixin.py:190} INFO - [2024-10-08T23:41:11.335+0000] {dag.py:4180} INFO - Setting next_dagrun for example_subdag_operator.section-2 to None, run_after=None
[2024-10-08T23:41:11.341+0000] {processor.py:208} INFO - Processing /home/airflow/.local/lib/python3.12/site-packages/airflow/example_dags/example_subdag_operator.py took 0.055 seconds
[2024-10-08T23:41:41.471+0000] {processor.py:186} INFO - Started process (PID=429) to work on /home/airflow/.local/lib/python3.12/site-packages/airflow/example_dags/example_subdag_operator.py
[2024-10-08T23:41:41.472+0000] {processor.py:914} INFO - Processing file /home/airflow/.local/lib/python3.12/site-packages/airflow/example_dags/example_subdag_operator.py for tasks to queue
[2024-10-08T23:41:41.473+0000] {logging_mixin.py:190} INFO - [2024-10-08T23:41:41.473+0000] {dagbag.py:588} INFO - Filling up the DagBag from /home/airflow/.local/lib/python3.12/site-packages/airflow/example_dags/example_subdag_operator.py
[2024-10-08T23:41:41.487+0000] {processor.py:925} INFO - DAG(s) 'example_subdag_operator.section-1', 'example_subdag_operator.section-2', 'example_subdag_operator' retrieved from /home/airflow/.local/lib/python3.12/site-packages/airflow/example_dags/example_subdag_operator.py
[2024-10-08T23:41:41.495+0000] {logging_mixin.py:190} INFO - [2024-10-08T23:41:41.495+0000] {dag.py:3239} INFO - Sync 3 DAGs
[2024-10-08T23:41:41.507+0000] {logging_mixin.py:190} INFO - [2024-10-08T23:41:41.507+0000] {dag.py:4180} INFO - Setting next_dagrun for example_subdag_operator to 2022-01-01 00:00:00+00:00, run_after=2022-01-01 00:00:00+00:00
[2024-10-08T23:41:41.508+0000] {logging_mixin.py:190} INFO - [2024-10-08T23:41:41.508+0000] {dag.py:4180} INFO - Setting next_dagrun for example_subdag_operator.section-1 to None, run_after=None
[2024-10-08T23:41:41.509+0000] {logging_mixin.py:190} INFO - [2024-10-08T23:41:41.509+0000] {dag.py:4180} INFO - Setting next_dagrun for example_subdag_operator.section-2 to None, run_after=None
[2024-10-08T23:41:41.513+0000] {logging_mixin.py:190} INFO - [2024-10-08T23:41:41.513+0000] {dag.py:3239} INFO - Sync 2 DAGs
[2024-10-08T23:41:41.516+0000] {logging_mixin.py:190} INFO - [2024-10-08T23:41:41.516+0000] {dag.py:4180} INFO - Setting next_dagrun for example_subdag_operator.section-1 to None, run_after=None
[2024-10-08T23:41:41.516+0000] {logging_mixin.py:190} INFO - [2024-10-08T23:41:41.516+0000] {dag.py:4180} INFO - Setting next_dagrun for example_subdag_operator.section-2 to None, run_after=None
[2024-10-08T23:41:41.522+0000] {processor.py:208} INFO - Processing /home/airflow/.local/lib/python3.12/site-packages/airflow/example_dags/example_subdag_operator.py took 0.053 seconds
[2024-10-08T23:42:54.267+0000] {processor.py:186} INFO - Started process (PID=177) to work on /home/airflow/.local/lib/python3.12/site-packages/airflow/example_dags/example_subdag_operator.py
[2024-10-08T23:42:54.268+0000] {processor.py:914} INFO - Processing file /home/airflow/.local/lib/python3.12/site-packages/airflow/example_dags/example_subdag_operator.py for tasks to queue
[2024-10-08T23:42:54.269+0000] {logging_mixin.py:190} INFO - [2024-10-08T23:42:54.269+0000] {dagbag.py:588} INFO - Filling up the DagBag from /home/airflow/.local/lib/python3.12/site-packages/airflow/example_dags/example_subdag_operator.py
[2024-10-08T23:42:54.283+0000] {processor.py:925} INFO - DAG(s) 'example_subdag_operator.section-1', 'example_subdag_operator.section-2', 'example_subdag_operator' retrieved from /home/airflow/.local/lib/python3.12/site-packages/airflow/example_dags/example_subdag_operator.py
[2024-10-08T23:42:54.291+0000] {logging_mixin.py:190} INFO - [2024-10-08T23:42:54.291+0000] {dag.py:3239} INFO - Sync 3 DAGs
[2024-10-08T23:42:54.303+0000] {logging_mixin.py:190} INFO - [2024-10-08T23:42:54.303+0000] {dag.py:4180} INFO - Setting next_dagrun for example_subdag_operator to 2022-01-01 00:00:00+00:00, run_after=2022-01-01 00:00:00+00:00
[2024-10-08T23:42:54.305+0000] {logging_mixin.py:190} INFO - [2024-10-08T23:42:54.305+0000] {dag.py:4180} INFO - Setting next_dagrun for example_subdag_operator.section-1 to None, run_after=None
[2024-10-08T23:42:54.306+0000] {logging_mixin.py:190} INFO - [2024-10-08T23:42:54.306+0000] {dag.py:4180} INFO - Setting next_dagrun for example_subdag_operator.section-2 to None, run_after=None
[2024-10-08T23:42:54.310+0000] {logging_mixin.py:190} INFO - [2024-10-08T23:42:54.310+0000] {dag.py:3239} INFO - Sync 2 DAGs
[2024-10-08T23:42:54.312+0000] {logging_mixin.py:190} INFO - [2024-10-08T23:42:54.312+0000] {dag.py:4180} INFO - Setting next_dagrun for example_subdag_operator.section-1 to None, run_after=None
[2024-10-08T23:42:54.313+0000] {logging_mixin.py:190} INFO - [2024-10-08T23:42:54.312+0000] {dag.py:4180} INFO - Setting next_dagrun for example_subdag_operator.section-2 to None, run_after=None
[2024-10-08T23:42:54.318+0000] {processor.py:208} INFO - Processing /home/airflow/.local/lib/python3.12/site-packages/airflow/example_dags/example_subdag_operator.py took 0.054 seconds
[2024-10-08T23:43:24.451+0000] {processor.py:186} INFO - Started process (PID=240) to work on /home/airflow/.local/lib/python3.12/site-packages/airflow/example_dags/example_subdag_operator.py
[2024-10-08T23:43:24.451+0000] {processor.py:914} INFO - Processing file /home/airflow/.local/lib/python3.12/site-packages/airflow/example_dags/example_subdag_operator.py for tasks to queue
[2024-10-08T23:43:24.452+0000] {logging_mixin.py:190} INFO - [2024-10-08T23:43:24.452+0000] {dagbag.py:588} INFO - Filling up the DagBag from /home/airflow/.local/lib/python3.12/site-packages/airflow/example_dags/example_subdag_operator.py
[2024-10-08T23:43:24.466+0000] {processor.py:925} INFO - DAG(s) 'example_subdag_operator.section-1', 'example_subdag_operator.section-2', 'example_subdag_operator' retrieved from /home/airflow/.local/lib/python3.12/site-packages/airflow/example_dags/example_subdag_operator.py
[2024-10-08T23:43:24.474+0000] {logging_mixin.py:190} INFO - [2024-10-08T23:43:24.474+0000] {dag.py:3239} INFO - Sync 3 DAGs
[2024-10-08T23:43:24.486+0000] {logging_mixin.py:190} INFO - [2024-10-08T23:43:24.485+0000] {dag.py:4180} INFO - Setting next_dagrun for example_subdag_operator to 2022-01-01 00:00:00+00:00, run_after=2022-01-01 00:00:00+00:00
[2024-10-08T23:43:24.487+0000] {logging_mixin.py:190} INFO - [2024-10-08T23:43:24.487+0000] {dag.py:4180} INFO - Setting next_dagrun for example_subdag_operator.section-1 to None, run_after=None
[2024-10-08T23:43:24.488+0000] {logging_mixin.py:190} INFO - [2024-10-08T23:43:24.488+0000] {dag.py:4180} INFO - Setting next_dagrun for example_subdag_operator.section-2 to None, run_after=None
[2024-10-08T23:43:24.491+0000] {logging_mixin.py:190} INFO - [2024-10-08T23:43:24.491+0000] {dag.py:3239} INFO - Sync 2 DAGs
[2024-10-08T23:43:24.494+0000] {logging_mixin.py:190} INFO - [2024-10-08T23:43:24.494+0000] {dag.py:4180} INFO - Setting next_dagrun for example_subdag_operator.section-1 to None, run_after=None
[2024-10-08T23:43:24.494+0000] {logging_mixin.py:190} INFO - [2024-10-08T23:43:24.494+0000] {dag.py:4180} INFO - Setting next_dagrun for example_subdag_operator.section-2 to None, run_after=None
[2024-10-08T23:43:24.500+0000] {processor.py:208} INFO - Processing /home/airflow/.local/lib/python3.12/site-packages/airflow/example_dags/example_subdag_operator.py took 0.053 seconds
[2024-10-08T23:44:33.372+0000] {processor.py:186} INFO - Started process (PID=184) to work on /home/airflow/.local/lib/python3.12/site-packages/airflow/example_dags/example_subdag_operator.py
[2024-10-08T23:44:33.373+0000] {processor.py:914} INFO - Processing file /home/airflow/.local/lib/python3.12/site-packages/airflow/example_dags/example_subdag_operator.py for tasks to queue
[2024-10-08T23:44:33.374+0000] {logging_mixin.py:190} INFO - [2024-10-08T23:44:33.374+0000] {dagbag.py:588} INFO - Filling up the DagBag from /home/airflow/.local/lib/python3.12/site-packages/airflow/example_dags/example_subdag_operator.py
[2024-10-08T23:44:33.389+0000] {processor.py:925} INFO - DAG(s) 'example_subdag_operator.section-1', 'example_subdag_operator.section-2', 'example_subdag_operator' retrieved from /home/airflow/.local/lib/python3.12/site-packages/airflow/example_dags/example_subdag_operator.py
[2024-10-08T23:44:33.397+0000] {logging_mixin.py:190} INFO - [2024-10-08T23:44:33.397+0000] {dag.py:3239} INFO - Sync 3 DAGs
[2024-10-08T23:44:33.411+0000] {logging_mixin.py:190} INFO - [2024-10-08T23:44:33.410+0000] {dag.py:4180} INFO - Setting next_dagrun for example_subdag_operator to 2022-01-01 00:00:00+00:00, run_after=2022-01-01 00:00:00+00:00
[2024-10-08T23:44:33.413+0000] {logging_mixin.py:190} INFO - [2024-10-08T23:44:33.413+0000] {dag.py:4180} INFO - Setting next_dagrun for example_subdag_operator.section-1 to None, run_after=None
[2024-10-08T23:44:33.413+0000] {logging_mixin.py:190} INFO - [2024-10-08T23:44:33.413+0000] {dag.py:4180} INFO - Setting next_dagrun for example_subdag_operator.section-2 to None, run_after=None
[2024-10-08T23:44:33.418+0000] {logging_mixin.py:190} INFO - [2024-10-08T23:44:33.418+0000] {dag.py:3239} INFO - Sync 2 DAGs
[2024-10-08T23:44:33.420+0000] {logging_mixin.py:190} INFO - [2024-10-08T23:44:33.420+0000] {dag.py:4180} INFO - Setting next_dagrun for example_subdag_operator.section-1 to None, run_after=None
[2024-10-08T23:44:33.421+0000] {logging_mixin.py:190} INFO - [2024-10-08T23:44:33.421+0000] {dag.py:4180} INFO - Setting next_dagrun for example_subdag_operator.section-2 to None, run_after=None
[2024-10-08T23:44:33.427+0000] {processor.py:208} INFO - Processing /home/airflow/.local/lib/python3.12/site-packages/airflow/example_dags/example_subdag_operator.py took 0.058 seconds
[2024-10-08T23:45:03.628+0000] {processor.py:186} INFO - Started process (PID=247) to work on /home/airflow/.local/lib/python3.12/site-packages/airflow/example_dags/example_subdag_operator.py
[2024-10-08T23:45:03.629+0000] {processor.py:914} INFO - Processing file /home/airflow/.local/lib/python3.12/site-packages/airflow/example_dags/example_subdag_operator.py for tasks to queue
[2024-10-08T23:45:03.630+0000] {logging_mixin.py:190} INFO - [2024-10-08T23:45:03.630+0000] {dagbag.py:588} INFO - Filling up the DagBag from /home/airflow/.local/lib/python3.12/site-packages/airflow/example_dags/example_subdag_operator.py
[2024-10-08T23:45:03.643+0000] {processor.py:925} INFO - DAG(s) 'example_subdag_operator.section-1', 'example_subdag_operator.section-2', 'example_subdag_operator' retrieved from /home/airflow/.local/lib/python3.12/site-packages/airflow/example_dags/example_subdag_operator.py
[2024-10-08T23:45:03.651+0000] {logging_mixin.py:190} INFO - [2024-10-08T23:45:03.651+0000] {dag.py:3239} INFO - Sync 3 DAGs
[2024-10-08T23:45:03.664+0000] {logging_mixin.py:190} INFO - [2024-10-08T23:45:03.664+0000] {dag.py:4180} INFO - Setting next_dagrun for example_subdag_operator to 2022-01-01 00:00:00+00:00, run_after=2022-01-01 00:00:00+00:00
[2024-10-08T23:45:03.666+0000] {logging_mixin.py:190} INFO - [2024-10-08T23:45:03.666+0000] {dag.py:4180} INFO - Setting next_dagrun for example_subdag_operator.section-1 to None, run_after=None
[2024-10-08T23:45:03.667+0000] {logging_mixin.py:190} INFO - [2024-10-08T23:45:03.667+0000] {dag.py:4180} INFO - Setting next_dagrun for example_subdag_operator.section-2 to None, run_after=None
[2024-10-08T23:45:03.670+0000] {logging_mixin.py:190} INFO - [2024-10-08T23:45:03.670+0000] {dag.py:3239} INFO - Sync 2 DAGs
[2024-10-08T23:45:03.674+0000] {logging_mixin.py:190} INFO - [2024-10-08T23:45:03.674+0000] {dag.py:4180} INFO - Setting next_dagrun for example_subdag_operator.section-1 to None, run_after=None
[2024-10-08T23:45:03.674+0000] {logging_mixin.py:190} INFO - [2024-10-08T23:45:03.674+0000] {dag.py:4180} INFO - Setting next_dagrun for example_subdag_operator.section-2 to None, run_after=None
[2024-10-08T23:45:03.680+0000] {processor.py:208} INFO - Processing /home/airflow/.local/lib/python3.12/site-packages/airflow/example_dags/example_subdag_operator.py took 0.056 seconds
[2024-10-08T23:45:33.846+0000] {processor.py:186} INFO - Started process (PID=310) to work on /home/airflow/.local/lib/python3.12/site-packages/airflow/example_dags/example_subdag_operator.py
[2024-10-08T23:45:33.847+0000] {processor.py:914} INFO - Processing file /home/airflow/.local/lib/python3.12/site-packages/airflow/example_dags/example_subdag_operator.py for tasks to queue
[2024-10-08T23:45:33.848+0000] {logging_mixin.py:190} INFO - [2024-10-08T23:45:33.848+0000] {dagbag.py:588} INFO - Filling up the DagBag from /home/airflow/.local/lib/python3.12/site-packages/airflow/example_dags/example_subdag_operator.py
[2024-10-08T23:45:33.861+0000] {processor.py:925} INFO - DAG(s) 'example_subdag_operator.section-1', 'example_subdag_operator.section-2', 'example_subdag_operator' retrieved from /home/airflow/.local/lib/python3.12/site-packages/airflow/example_dags/example_subdag_operator.py
[2024-10-08T23:45:33.869+0000] {logging_mixin.py:190} INFO - [2024-10-08T23:45:33.869+0000] {dag.py:3239} INFO - Sync 3 DAGs
[2024-10-08T23:45:33.881+0000] {logging_mixin.py:190} INFO - [2024-10-08T23:45:33.881+0000] {dag.py:4180} INFO - Setting next_dagrun for example_subdag_operator to 2022-01-01 00:00:00+00:00, run_after=2022-01-01 00:00:00+00:00
[2024-10-08T23:45:33.883+0000] {logging_mixin.py:190} INFO - [2024-10-08T23:45:33.883+0000] {dag.py:4180} INFO - Setting next_dagrun for example_subdag_operator.section-1 to None, run_after=None
[2024-10-08T23:45:33.883+0000] {logging_mixin.py:190} INFO - [2024-10-08T23:45:33.883+0000] {dag.py:4180} INFO - Setting next_dagrun for example_subdag_operator.section-2 to None, run_after=None
[2024-10-08T23:45:33.887+0000] {logging_mixin.py:190} INFO - [2024-10-08T23:45:33.887+0000] {dag.py:3239} INFO - Sync 2 DAGs
[2024-10-08T23:45:33.890+0000] {logging_mixin.py:190} INFO - [2024-10-08T23:45:33.890+0000] {dag.py:4180} INFO - Setting next_dagrun for example_subdag_operator.section-1 to None, run_after=None
[2024-10-08T23:45:33.890+0000] {logging_mixin.py:190} INFO - [2024-10-08T23:45:33.890+0000] {dag.py:4180} INFO - Setting next_dagrun for example_subdag_operator.section-2 to None, run_after=None
[2024-10-08T23:45:33.896+0000] {processor.py:208} INFO - Processing /home/airflow/.local/lib/python3.12/site-packages/airflow/example_dags/example_subdag_operator.py took 0.053 seconds
[2024-10-08T23:46:04.049+0000] {processor.py:186} INFO - Started process (PID=373) to work on /home/airflow/.local/lib/python3.12/site-packages/airflow/example_dags/example_subdag_operator.py
[2024-10-08T23:46:04.049+0000] {processor.py:914} INFO - Processing file /home/airflow/.local/lib/python3.12/site-packages/airflow/example_dags/example_subdag_operator.py for tasks to queue
[2024-10-08T23:46:04.050+0000] {logging_mixin.py:190} INFO - [2024-10-08T23:46:04.050+0000] {dagbag.py:588} INFO - Filling up the DagBag from /home/airflow/.local/lib/python3.12/site-packages/airflow/example_dags/example_subdag_operator.py
[2024-10-08T23:46:04.064+0000] {processor.py:925} INFO - DAG(s) 'example_subdag_operator.section-1', 'example_subdag_operator.section-2', 'example_subdag_operator' retrieved from /home/airflow/.local/lib/python3.12/site-packages/airflow/example_dags/example_subdag_operator.py
[2024-10-08T23:46:04.072+0000] {logging_mixin.py:190} INFO - [2024-10-08T23:46:04.072+0000] {dag.py:3239} INFO - Sync 3 DAGs
[2024-10-08T23:46:04.085+0000] {logging_mixin.py:190} INFO - [2024-10-08T23:46:04.084+0000] {dag.py:4180} INFO - Setting next_dagrun for example_subdag_operator to 2022-01-01 00:00:00+00:00, run_after=2022-01-01 00:00:00+00:00
[2024-10-08T23:46:04.086+0000] {logging_mixin.py:190} INFO - [2024-10-08T23:46:04.086+0000] {dag.py:4180} INFO - Setting next_dagrun for example_subdag_operator.section-1 to None, run_after=None
[2024-10-08T23:46:04.088+0000] {logging_mixin.py:190} INFO - [2024-10-08T23:46:04.087+0000] {dag.py:4180} INFO - Setting next_dagrun for example_subdag_operator.section-2 to None, run_after=None
[2024-10-08T23:46:04.091+0000] {logging_mixin.py:190} INFO - [2024-10-08T23:46:04.091+0000] {dag.py:3239} INFO - Sync 2 DAGs
[2024-10-08T23:46:04.094+0000] {logging_mixin.py:190} INFO - [2024-10-08T23:46:04.094+0000] {dag.py:4180} INFO - Setting next_dagrun for example_subdag_operator.section-1 to None, run_after=None
[2024-10-08T23:46:04.094+0000] {logging_mixin.py:190} INFO - [2024-10-08T23:46:04.094+0000] {dag.py:4180} INFO - Setting next_dagrun for example_subdag_operator.section-2 to None, run_after=None
[2024-10-08T23:46:04.100+0000] {processor.py:208} INFO - Processing /home/airflow/.local/lib/python3.12/site-packages/airflow/example_dags/example_subdag_operator.py took 0.055 seconds
[2024-10-08T23:46:35.304+0000] {processor.py:186} INFO - Started process (PID=436) to work on /home/airflow/.local/lib/python3.12/site-packages/airflow/example_dags/example_subdag_operator.py
[2024-10-08T23:46:35.305+0000] {processor.py:914} INFO - Processing file /home/airflow/.local/lib/python3.12/site-packages/airflow/example_dags/example_subdag_operator.py for tasks to queue
[2024-10-08T23:46:35.306+0000] {logging_mixin.py:190} INFO - [2024-10-08T23:46:35.306+0000] {dagbag.py:588} INFO - Filling up the DagBag from /home/airflow/.local/lib/python3.12/site-packages/airflow/example_dags/example_subdag_operator.py
[2024-10-08T23:46:35.321+0000] {processor.py:925} INFO - DAG(s) 'example_subdag_operator.section-1', 'example_subdag_operator.section-2', 'example_subdag_operator' retrieved from /home/airflow/.local/lib/python3.12/site-packages/airflow/example_dags/example_subdag_operator.py
[2024-10-08T23:46:35.329+0000] {logging_mixin.py:190} INFO - [2024-10-08T23:46:35.329+0000] {dag.py:3239} INFO - Sync 3 DAGs
[2024-10-08T23:46:35.342+0000] {logging_mixin.py:190} INFO - [2024-10-08T23:46:35.342+0000] {dag.py:4180} INFO - Setting next_dagrun for example_subdag_operator to 2022-01-01 00:00:00+00:00, run_after=2022-01-01 00:00:00+00:00
[2024-10-08T23:46:35.344+0000] {logging_mixin.py:190} INFO - [2024-10-08T23:46:35.344+0000] {dag.py:4180} INFO - Setting next_dagrun for example_subdag_operator.section-1 to None, run_after=None
[2024-10-08T23:46:35.344+0000] {logging_mixin.py:190} INFO - [2024-10-08T23:46:35.344+0000] {dag.py:4180} INFO - Setting next_dagrun for example_subdag_operator.section-2 to None, run_after=None
[2024-10-08T23:46:35.348+0000] {logging_mixin.py:190} INFO - [2024-10-08T23:46:35.348+0000] {dag.py:3239} INFO - Sync 2 DAGs
[2024-10-08T23:46:35.351+0000] {logging_mixin.py:190} INFO - [2024-10-08T23:46:35.351+0000] {dag.py:4180} INFO - Setting next_dagrun for example_subdag_operator.section-1 to None, run_after=None
[2024-10-08T23:46:35.351+0000] {logging_mixin.py:190} INFO - [2024-10-08T23:46:35.351+0000] {dag.py:4180} INFO - Setting next_dagrun for example_subdag_operator.section-2 to None, run_after=None
[2024-10-08T23:46:35.358+0000] {processor.py:208} INFO - Processing /home/airflow/.local/lib/python3.12/site-packages/airflow/example_dags/example_subdag_operator.py took 0.057 seconds
[2024-10-08T23:47:05.376+0000] {processor.py:186} INFO - Started process (PID=498) to work on /home/airflow/.local/lib/python3.12/site-packages/airflow/example_dags/example_subdag_operator.py
[2024-10-08T23:47:05.377+0000] {processor.py:914} INFO - Processing file /home/airflow/.local/lib/python3.12/site-packages/airflow/example_dags/example_subdag_operator.py for tasks to queue
[2024-10-08T23:47:05.378+0000] {logging_mixin.py:190} INFO - [2024-10-08T23:47:05.378+0000] {dagbag.py:588} INFO - Filling up the DagBag from /home/airflow/.local/lib/python3.12/site-packages/airflow/example_dags/example_subdag_operator.py
[2024-10-08T23:47:05.392+0000] {processor.py:925} INFO - DAG(s) 'example_subdag_operator.section-1', 'example_subdag_operator.section-2', 'example_subdag_operator' retrieved from /home/airflow/.local/lib/python3.12/site-packages/airflow/example_dags/example_subdag_operator.py
[2024-10-08T23:47:05.400+0000] {logging_mixin.py:190} INFO - [2024-10-08T23:47:05.399+0000] {dag.py:3239} INFO - Sync 3 DAGs
[2024-10-08T23:47:05.413+0000] {logging_mixin.py:190} INFO - [2024-10-08T23:47:05.412+0000] {dag.py:4180} INFO - Setting next_dagrun for example_subdag_operator to 2022-01-01 00:00:00+00:00, run_after=2022-01-01 00:00:00+00:00
[2024-10-08T23:47:05.414+0000] {logging_mixin.py:190} INFO - [2024-10-08T23:47:05.414+0000] {dag.py:4180} INFO - Setting next_dagrun for example_subdag_operator.section-1 to None, run_after=None
[2024-10-08T23:47:05.415+0000] {logging_mixin.py:190} INFO - [2024-10-08T23:47:05.415+0000] {dag.py:4180} INFO - Setting next_dagrun for example_subdag_operator.section-2 to None, run_after=None
[2024-10-08T23:47:05.419+0000] {logging_mixin.py:190} INFO - [2024-10-08T23:47:05.419+0000] {dag.py:3239} INFO - Sync 2 DAGs
[2024-10-08T23:47:05.422+0000] {logging_mixin.py:190} INFO - [2024-10-08T23:47:05.421+0000] {dag.py:4180} INFO - Setting next_dagrun for example_subdag_operator.section-1 to None, run_after=None
[2024-10-08T23:47:05.422+0000] {logging_mixin.py:190} INFO - [2024-10-08T23:47:05.422+0000] {dag.py:4180} INFO - Setting next_dagrun for example_subdag_operator.section-2 to None, run_after=None
[2024-10-08T23:47:05.427+0000] {processor.py:208} INFO - Processing /home/airflow/.local/lib/python3.12/site-packages/airflow/example_dags/example_subdag_operator.py took 0.054 seconds
[2024-10-08T23:47:35.591+0000] {processor.py:186} INFO - Started process (PID=561) to work on /home/airflow/.local/lib/python3.12/site-packages/airflow/example_dags/example_subdag_operator.py
[2024-10-08T23:47:35.592+0000] {processor.py:914} INFO - Processing file /home/airflow/.local/lib/python3.12/site-packages/airflow/example_dags/example_subdag_operator.py for tasks to queue
[2024-10-08T23:47:35.593+0000] {logging_mixin.py:190} INFO - [2024-10-08T23:47:35.593+0000] {dagbag.py:588} INFO - Filling up the DagBag from /home/airflow/.local/lib/python3.12/site-packages/airflow/example_dags/example_subdag_operator.py
[2024-10-08T23:47:35.606+0000] {processor.py:925} INFO - DAG(s) 'example_subdag_operator.section-1', 'example_subdag_operator.section-2', 'example_subdag_operator' retrieved from /home/airflow/.local/lib/python3.12/site-packages/airflow/example_dags/example_subdag_operator.py
[2024-10-08T23:47:35.614+0000] {logging_mixin.py:190} INFO - [2024-10-08T23:47:35.614+0000] {dag.py:3239} INFO - Sync 3 DAGs
[2024-10-08T23:47:35.626+0000] {logging_mixin.py:190} INFO - [2024-10-08T23:47:35.626+0000] {dag.py:4180} INFO - Setting next_dagrun for example_subdag_operator to 2022-01-01 00:00:00+00:00, run_after=2022-01-01 00:00:00+00:00
[2024-10-08T23:47:35.628+0000] {logging_mixin.py:190} INFO - [2024-10-08T23:47:35.628+0000] {dag.py:4180} INFO - Setting next_dagrun for example_subdag_operator.section-1 to None, run_after=None
[2024-10-08T23:47:35.629+0000] {logging_mixin.py:190} INFO - [2024-10-08T23:47:35.629+0000] {dag.py:4180} INFO - Setting next_dagrun for example_subdag_operator.section-2 to None, run_after=None
[2024-10-08T23:47:35.632+0000] {logging_mixin.py:190} INFO - [2024-10-08T23:47:35.632+0000] {dag.py:3239} INFO - Sync 2 DAGs
[2024-10-08T23:47:35.635+0000] {logging_mixin.py:190} INFO - [2024-10-08T23:47:35.635+0000] {dag.py:4180} INFO - Setting next_dagrun for example_subdag_operator.section-1 to None, run_after=None
[2024-10-08T23:47:35.635+0000] {logging_mixin.py:190} INFO - [2024-10-08T23:47:35.635+0000] {dag.py:4180} INFO - Setting next_dagrun for example_subdag_operator.section-2 to None, run_after=None
[2024-10-08T23:47:35.641+0000] {processor.py:208} INFO - Processing /home/airflow/.local/lib/python3.12/site-packages/airflow/example_dags/example_subdag_operator.py took 0.053 seconds
[2024-10-08T23:48:05.877+0000] {processor.py:186} INFO - Started process (PID=625) to work on /home/airflow/.local/lib/python3.12/site-packages/airflow/example_dags/example_subdag_operator.py
[2024-10-08T23:48:05.878+0000] {processor.py:914} INFO - Processing file /home/airflow/.local/lib/python3.12/site-packages/airflow/example_dags/example_subdag_operator.py for tasks to queue
[2024-10-08T23:48:05.879+0000] {logging_mixin.py:190} INFO - [2024-10-08T23:48:05.879+0000] {dagbag.py:588} INFO - Filling up the DagBag from /home/airflow/.local/lib/python3.12/site-packages/airflow/example_dags/example_subdag_operator.py
[2024-10-08T23:48:05.895+0000] {processor.py:925} INFO - DAG(s) 'example_subdag_operator.section-1', 'example_subdag_operator.section-2', 'example_subdag_operator' retrieved from /home/airflow/.local/lib/python3.12/site-packages/airflow/example_dags/example_subdag_operator.py
[2024-10-08T23:48:05.904+0000] {logging_mixin.py:190} INFO - [2024-10-08T23:48:05.904+0000] {dag.py:3239} INFO - Sync 3 DAGs
[2024-10-08T23:48:05.919+0000] {logging_mixin.py:190} INFO - [2024-10-08T23:48:05.919+0000] {dag.py:4180} INFO - Setting next_dagrun for example_subdag_operator to 2022-01-01 00:00:00+00:00, run_after=2022-01-01 00:00:00+00:00
[2024-10-08T23:48:05.921+0000] {logging_mixin.py:190} INFO - [2024-10-08T23:48:05.921+0000] {dag.py:4180} INFO - Setting next_dagrun for example_subdag_operator.section-1 to None, run_after=None
[2024-10-08T23:48:05.922+0000] {logging_mixin.py:190} INFO - [2024-10-08T23:48:05.922+0000] {dag.py:4180} INFO - Setting next_dagrun for example_subdag_operator.section-2 to None, run_after=None
[2024-10-08T23:48:05.925+0000] {logging_mixin.py:190} INFO - [2024-10-08T23:48:05.925+0000] {dag.py:3239} INFO - Sync 2 DAGs
[2024-10-08T23:48:05.928+0000] {logging_mixin.py:190} INFO - [2024-10-08T23:48:05.928+0000] {dag.py:4180} INFO - Setting next_dagrun for example_subdag_operator.section-1 to None, run_after=None
[2024-10-08T23:48:05.928+0000] {logging_mixin.py:190} INFO - [2024-10-08T23:48:05.928+0000] {dag.py:4180} INFO - Setting next_dagrun for example_subdag_operator.section-2 to None, run_after=None
[2024-10-08T23:48:05.934+0000] {processor.py:208} INFO - Processing /home/airflow/.local/lib/python3.12/site-packages/airflow/example_dags/example_subdag_operator.py took 0.061 seconds
[2024-10-08T23:48:36.007+0000] {processor.py:186} INFO - Started process (PID=688) to work on /home/airflow/.local/lib/python3.12/site-packages/airflow/example_dags/example_subdag_operator.py
[2024-10-08T23:48:36.007+0000] {processor.py:914} INFO - Processing file /home/airflow/.local/lib/python3.12/site-packages/airflow/example_dags/example_subdag_operator.py for tasks to queue
[2024-10-08T23:48:36.009+0000] {logging_mixin.py:190} INFO - [2024-10-08T23:48:36.009+0000] {dagbag.py:588} INFO - Filling up the DagBag from /home/airflow/.local/lib/python3.12/site-packages/airflow/example_dags/example_subdag_operator.py
[2024-10-08T23:48:36.022+0000] {processor.py:925} INFO - DAG(s) 'example_subdag_operator.section-1', 'example_subdag_operator.section-2', 'example_subdag_operator' retrieved from /home/airflow/.local/lib/python3.12/site-packages/airflow/example_dags/example_subdag_operator.py
[2024-10-08T23:48:36.030+0000] {logging_mixin.py:190} INFO - [2024-10-08T23:48:36.030+0000] {dag.py:3239} INFO - Sync 3 DAGs
[2024-10-08T23:48:36.042+0000] {logging_mixin.py:190} INFO - [2024-10-08T23:48:36.042+0000] {dag.py:4180} INFO - Setting next_dagrun for example_subdag_operator to 2022-01-01 00:00:00+00:00, run_after=2022-01-01 00:00:00+00:00
[2024-10-08T23:48:36.044+0000] {logging_mixin.py:190} INFO - [2024-10-08T23:48:36.044+0000] {dag.py:4180} INFO - Setting next_dagrun for example_subdag_operator.section-1 to None, run_after=None
[2024-10-08T23:48:36.045+0000] {logging_mixin.py:190} INFO - [2024-10-08T23:48:36.045+0000] {dag.py:4180} INFO - Setting next_dagrun for example_subdag_operator.section-2 to None, run_after=None
[2024-10-08T23:48:36.048+0000] {logging_mixin.py:190} INFO - [2024-10-08T23:48:36.048+0000] {dag.py:3239} INFO - Sync 2 DAGs
[2024-10-08T23:48:36.051+0000] {logging_mixin.py:190} INFO - [2024-10-08T23:48:36.050+0000] {dag.py:4180} INFO - Setting next_dagrun for example_subdag_operator.section-1 to None, run_after=None
[2024-10-08T23:48:36.051+0000] {logging_mixin.py:190} INFO - [2024-10-08T23:48:36.051+0000] {dag.py:4180} INFO - Setting next_dagrun for example_subdag_operator.section-2 to None, run_after=None
[2024-10-08T23:48:36.058+0000] {processor.py:208} INFO - Processing /home/airflow/.local/lib/python3.12/site-packages/airflow/example_dags/example_subdag_operator.py took 0.054 seconds
[2024-10-08T23:49:07.167+0000] {processor.py:186} INFO - Started process (PID=751) to work on /home/airflow/.local/lib/python3.12/site-packages/airflow/example_dags/example_subdag_operator.py
[2024-10-08T23:49:07.168+0000] {processor.py:914} INFO - Processing file /home/airflow/.local/lib/python3.12/site-packages/airflow/example_dags/example_subdag_operator.py for tasks to queue
[2024-10-08T23:49:07.169+0000] {logging_mixin.py:190} INFO - [2024-10-08T23:49:07.169+0000] {dagbag.py:588} INFO - Filling up the DagBag from /home/airflow/.local/lib/python3.12/site-packages/airflow/example_dags/example_subdag_operator.py
[2024-10-08T23:49:07.183+0000] {processor.py:925} INFO - DAG(s) 'example_subdag_operator.section-1', 'example_subdag_operator.section-2', 'example_subdag_operator' retrieved from /home/airflow/.local/lib/python3.12/site-packages/airflow/example_dags/example_subdag_operator.py
[2024-10-08T23:49:07.192+0000] {logging_mixin.py:190} INFO - [2024-10-08T23:49:07.192+0000] {dag.py:3239} INFO - Sync 3 DAGs
[2024-10-08T23:49:07.205+0000] {logging_mixin.py:190} INFO - [2024-10-08T23:49:07.205+0000] {dag.py:4180} INFO - Setting next_dagrun for example_subdag_operator to 2022-01-01 00:00:00+00:00, run_after=2022-01-01 00:00:00+00:00
[2024-10-08T23:49:07.207+0000] {logging_mixin.py:190} INFO - [2024-10-08T23:49:07.207+0000] {dag.py:4180} INFO - Setting next_dagrun for example_subdag_operator.section-1 to None, run_after=None
[2024-10-08T23:49:07.208+0000] {logging_mixin.py:190} INFO - [2024-10-08T23:49:07.207+0000] {dag.py:4180} INFO - Setting next_dagrun for example_subdag_operator.section-2 to None, run_after=None
[2024-10-08T23:49:07.212+0000] {logging_mixin.py:190} INFO - [2024-10-08T23:49:07.212+0000] {dag.py:3239} INFO - Sync 2 DAGs
[2024-10-08T23:49:07.214+0000] {logging_mixin.py:190} INFO - [2024-10-08T23:49:07.214+0000] {dag.py:4180} INFO - Setting next_dagrun for example_subdag_operator.section-1 to None, run_after=None
[2024-10-08T23:49:07.215+0000] {logging_mixin.py:190} INFO - [2024-10-08T23:49:07.215+0000] {dag.py:4180} INFO - Setting next_dagrun for example_subdag_operator.section-2 to None, run_after=None
[2024-10-08T23:49:07.221+0000] {processor.py:208} INFO - Processing /home/airflow/.local/lib/python3.12/site-packages/airflow/example_dags/example_subdag_operator.py took 0.057 seconds
[2024-10-08T23:49:38.432+0000] {processor.py:186} INFO - Started process (PID=814) to work on /home/airflow/.local/lib/python3.12/site-packages/airflow/example_dags/example_subdag_operator.py
[2024-10-08T23:49:38.432+0000] {processor.py:914} INFO - Processing file /home/airflow/.local/lib/python3.12/site-packages/airflow/example_dags/example_subdag_operator.py for tasks to queue
[2024-10-08T23:49:38.434+0000] {logging_mixin.py:190} INFO - [2024-10-08T23:49:38.433+0000] {dagbag.py:588} INFO - Filling up the DagBag from /home/airflow/.local/lib/python3.12/site-packages/airflow/example_dags/example_subdag_operator.py
[2024-10-08T23:49:38.447+0000] {processor.py:925} INFO - DAG(s) 'example_subdag_operator.section-1', 'example_subdag_operator.section-2', 'example_subdag_operator' retrieved from /home/airflow/.local/lib/python3.12/site-packages/airflow/example_dags/example_subdag_operator.py
[2024-10-08T23:49:38.456+0000] {logging_mixin.py:190} INFO - [2024-10-08T23:49:38.455+0000] {dag.py:3239} INFO - Sync 3 DAGs
[2024-10-08T23:49:38.468+0000] {logging_mixin.py:190} INFO - [2024-10-08T23:49:38.468+0000] {dag.py:4180} INFO - Setting next_dagrun for example_subdag_operator to 2022-01-01 00:00:00+00:00, run_after=2022-01-01 00:00:00+00:00
[2024-10-08T23:49:38.470+0000] {logging_mixin.py:190} INFO - [2024-10-08T23:49:38.470+0000] {dag.py:4180} INFO - Setting next_dagrun for example_subdag_operator.section-1 to None, run_after=None
[2024-10-08T23:49:38.470+0000] {logging_mixin.py:190} INFO - [2024-10-08T23:49:38.470+0000] {dag.py:4180} INFO - Setting next_dagrun for example_subdag_operator.section-2 to None, run_after=None
[2024-10-08T23:49:38.474+0000] {logging_mixin.py:190} INFO - [2024-10-08T23:49:38.474+0000] {dag.py:3239} INFO - Sync 2 DAGs
[2024-10-08T23:49:38.477+0000] {logging_mixin.py:190} INFO - [2024-10-08T23:49:38.477+0000] {dag.py:4180} INFO - Setting next_dagrun for example_subdag_operator.section-1 to None, run_after=None
[2024-10-08T23:49:38.477+0000] {logging_mixin.py:190} INFO - [2024-10-08T23:49:38.477+0000] {dag.py:4180} INFO - Setting next_dagrun for example_subdag_operator.section-2 to None, run_after=None
[2024-10-08T23:49:38.483+0000] {processor.py:208} INFO - Processing /home/airflow/.local/lib/python3.12/site-packages/airflow/example_dags/example_subdag_operator.py took 0.055 seconds
[2024-10-08T23:50:08.702+0000] {processor.py:186} INFO - Started process (PID=877) to work on /home/airflow/.local/lib/python3.12/site-packages/airflow/example_dags/example_subdag_operator.py
[2024-10-08T23:50:08.703+0000] {processor.py:914} INFO - Processing file /home/airflow/.local/lib/python3.12/site-packages/airflow/example_dags/example_subdag_operator.py for tasks to queue
[2024-10-08T23:50:08.704+0000] {logging_mixin.py:190} INFO - [2024-10-08T23:50:08.704+0000] {dagbag.py:588} INFO - Filling up the DagBag from /home/airflow/.local/lib/python3.12/site-packages/airflow/example_dags/example_subdag_operator.py
[2024-10-08T23:50:08.719+0000] {processor.py:925} INFO - DAG(s) 'example_subdag_operator.section-1', 'example_subdag_operator.section-2', 'example_subdag_operator' retrieved from /home/airflow/.local/lib/python3.12/site-packages/airflow/example_dags/example_subdag_operator.py
[2024-10-08T23:50:08.727+0000] {logging_mixin.py:190} INFO - [2024-10-08T23:50:08.727+0000] {dag.py:3239} INFO - Sync 3 DAGs
[2024-10-08T23:50:08.741+0000] {logging_mixin.py:190} INFO - [2024-10-08T23:50:08.740+0000] {dag.py:4180} INFO - Setting next_dagrun for example_subdag_operator to 2022-01-01 00:00:00+00:00, run_after=2022-01-01 00:00:00+00:00
[2024-10-08T23:50:08.743+0000] {logging_mixin.py:190} INFO - [2024-10-08T23:50:08.743+0000] {dag.py:4180} INFO - Setting next_dagrun for example_subdag_operator.section-1 to None, run_after=None
[2024-10-08T23:50:08.743+0000] {logging_mixin.py:190} INFO - [2024-10-08T23:50:08.743+0000] {dag.py:4180} INFO - Setting next_dagrun for example_subdag_operator.section-2 to None, run_after=None
[2024-10-08T23:50:08.747+0000] {logging_mixin.py:190} INFO - [2024-10-08T23:50:08.747+0000] {dag.py:3239} INFO - Sync 2 DAGs
[2024-10-08T23:50:08.750+0000] {logging_mixin.py:190} INFO - [2024-10-08T23:50:08.750+0000] {dag.py:4180} INFO - Setting next_dagrun for example_subdag_operator.section-1 to None, run_after=None
[2024-10-08T23:50:08.750+0000] {logging_mixin.py:190} INFO - [2024-10-08T23:50:08.750+0000] {dag.py:4180} INFO - Setting next_dagrun for example_subdag_operator.section-2 to None, run_after=None
[2024-10-08T23:50:08.757+0000] {processor.py:208} INFO - Processing /home/airflow/.local/lib/python3.12/site-packages/airflow/example_dags/example_subdag_operator.py took 0.058 seconds
