[2024-10-08T23:14:24.402+0000] {processor.py:186} INFO - Started process (PID=15715) to work on /home/airflow/.local/lib/python3.12/site-packages/airflow/example_dags/example_task_group_decorator.py
[2024-10-08T23:14:24.403+0000] {processor.py:914} INFO - Processing file /home/airflow/.local/lib/python3.12/site-packages/airflow/example_dags/example_task_group_decorator.py for tasks to queue
[2024-10-08T23:14:24.404+0000] {logging_mixin.py:190} INFO - [2024-10-08T23:14:24.404+0000] {dagbag.py:588} INFO - Filling up the DagBag from /home/airflow/.local/lib/python3.12/site-packages/airflow/example_dags/example_task_group_decorator.py
[2024-10-08T23:14:24.413+0000] {processor.py:925} INFO - DAG(s) 'example_task_group_decorator' retrieved from /home/airflow/.local/lib/python3.12/site-packages/airflow/example_dags/example_task_group_decorator.py
[2024-10-08T23:14:24.427+0000] {logging_mixin.py:190} INFO - [2024-10-08T23:14:24.427+0000] {dag.py:3239} INFO - Sync 1 DAGs
[2024-10-08T23:14:24.435+0000] {logging_mixin.py:190} INFO - [2024-10-08T23:14:24.435+0000] {dag.py:4180} INFO - Setting next_dagrun for example_task_group_decorator to None, run_after=None
[2024-10-08T23:14:24.446+0000] {processor.py:208} INFO - Processing /home/airflow/.local/lib/python3.12/site-packages/airflow/example_dags/example_task_group_decorator.py took 0.047 seconds
[2024-10-08T23:34:23.801+0000] {processor.py:186} INFO - Started process (PID=175) to work on /home/airflow/.local/lib/python3.12/site-packages/airflow/example_dags/example_task_group_decorator.py
[2024-10-08T23:34:23.802+0000] {processor.py:914} INFO - Processing file /home/airflow/.local/lib/python3.12/site-packages/airflow/example_dags/example_task_group_decorator.py for tasks to queue
[2024-10-08T23:34:23.803+0000] {logging_mixin.py:190} INFO - [2024-10-08T23:34:23.803+0000] {dagbag.py:588} INFO - Filling up the DagBag from /home/airflow/.local/lib/python3.12/site-packages/airflow/example_dags/example_task_group_decorator.py
[2024-10-08T23:34:23.812+0000] {processor.py:925} INFO - DAG(s) 'example_task_group_decorator' retrieved from /home/airflow/.local/lib/python3.12/site-packages/airflow/example_dags/example_task_group_decorator.py
[2024-10-08T23:34:23.825+0000] {logging_mixin.py:190} INFO - [2024-10-08T23:34:23.825+0000] {dag.py:3239} INFO - Sync 1 DAGs
[2024-10-08T23:34:23.833+0000] {logging_mixin.py:190} INFO - [2024-10-08T23:34:23.833+0000] {dag.py:4180} INFO - Setting next_dagrun for example_task_group_decorator to None, run_after=None
[2024-10-08T23:34:23.843+0000] {processor.py:208} INFO - Processing /home/airflow/.local/lib/python3.12/site-packages/airflow/example_dags/example_task_group_decorator.py took 0.045 seconds
[2024-10-08T23:34:54.403+0000] {processor.py:186} INFO - Started process (PID=238) to work on /home/airflow/.local/lib/python3.12/site-packages/airflow/example_dags/example_task_group_decorator.py
[2024-10-08T23:34:54.404+0000] {processor.py:914} INFO - Processing file /home/airflow/.local/lib/python3.12/site-packages/airflow/example_dags/example_task_group_decorator.py for tasks to queue
[2024-10-08T23:34:54.406+0000] {logging_mixin.py:190} INFO - [2024-10-08T23:34:54.405+0000] {dagbag.py:588} INFO - Filling up the DagBag from /home/airflow/.local/lib/python3.12/site-packages/airflow/example_dags/example_task_group_decorator.py
[2024-10-08T23:34:54.416+0000] {processor.py:925} INFO - DAG(s) 'example_task_group_decorator' retrieved from /home/airflow/.local/lib/python3.12/site-packages/airflow/example_dags/example_task_group_decorator.py
[2024-10-08T23:34:54.433+0000] {logging_mixin.py:190} INFO - [2024-10-08T23:34:54.433+0000] {dag.py:3239} INFO - Sync 1 DAGs
[2024-10-08T23:34:54.442+0000] {logging_mixin.py:190} INFO - [2024-10-08T23:34:54.442+0000] {dag.py:4180} INFO - Setting next_dagrun for example_task_group_decorator to None, run_after=None
[2024-10-08T23:34:54.455+0000] {processor.py:208} INFO - Processing /home/airflow/.local/lib/python3.12/site-packages/airflow/example_dags/example_task_group_decorator.py took 0.057 seconds
[2024-10-08T23:35:24.885+0000] {processor.py:186} INFO - Started process (PID=301) to work on /home/airflow/.local/lib/python3.12/site-packages/airflow/example_dags/example_task_group_decorator.py
[2024-10-08T23:35:24.886+0000] {processor.py:914} INFO - Processing file /home/airflow/.local/lib/python3.12/site-packages/airflow/example_dags/example_task_group_decorator.py for tasks to queue
[2024-10-08T23:35:24.887+0000] {logging_mixin.py:190} INFO - [2024-10-08T23:35:24.887+0000] {dagbag.py:588} INFO - Filling up the DagBag from /home/airflow/.local/lib/python3.12/site-packages/airflow/example_dags/example_task_group_decorator.py
[2024-10-08T23:35:24.895+0000] {processor.py:925} INFO - DAG(s) 'example_task_group_decorator' retrieved from /home/airflow/.local/lib/python3.12/site-packages/airflow/example_dags/example_task_group_decorator.py
[2024-10-08T23:35:24.908+0000] {logging_mixin.py:190} INFO - [2024-10-08T23:35:24.908+0000] {dag.py:3239} INFO - Sync 1 DAGs
[2024-10-08T23:35:24.918+0000] {logging_mixin.py:190} INFO - [2024-10-08T23:35:24.917+0000] {dag.py:4180} INFO - Setting next_dagrun for example_task_group_decorator to None, run_after=None
[2024-10-08T23:35:24.928+0000] {processor.py:208} INFO - Processing /home/airflow/.local/lib/python3.12/site-packages/airflow/example_dags/example_task_group_decorator.py took 0.047 seconds
[2024-10-08T23:35:55.104+0000] {processor.py:186} INFO - Started process (PID=364) to work on /home/airflow/.local/lib/python3.12/site-packages/airflow/example_dags/example_task_group_decorator.py
[2024-10-08T23:35:55.105+0000] {processor.py:914} INFO - Processing file /home/airflow/.local/lib/python3.12/site-packages/airflow/example_dags/example_task_group_decorator.py for tasks to queue
[2024-10-08T23:35:55.106+0000] {logging_mixin.py:190} INFO - [2024-10-08T23:35:55.106+0000] {dagbag.py:588} INFO - Filling up the DagBag from /home/airflow/.local/lib/python3.12/site-packages/airflow/example_dags/example_task_group_decorator.py
[2024-10-08T23:35:55.114+0000] {processor.py:925} INFO - DAG(s) 'example_task_group_decorator' retrieved from /home/airflow/.local/lib/python3.12/site-packages/airflow/example_dags/example_task_group_decorator.py
[2024-10-08T23:35:55.127+0000] {logging_mixin.py:190} INFO - [2024-10-08T23:35:55.127+0000] {dag.py:3239} INFO - Sync 1 DAGs
[2024-10-08T23:35:55.135+0000] {logging_mixin.py:190} INFO - [2024-10-08T23:35:55.135+0000] {dag.py:4180} INFO - Setting next_dagrun for example_task_group_decorator to None, run_after=None
[2024-10-08T23:35:55.145+0000] {processor.py:208} INFO - Processing /home/airflow/.local/lib/python3.12/site-packages/airflow/example_dags/example_task_group_decorator.py took 0.044 seconds
[2024-10-08T23:36:25.248+0000] {processor.py:186} INFO - Started process (PID=427) to work on /home/airflow/.local/lib/python3.12/site-packages/airflow/example_dags/example_task_group_decorator.py
[2024-10-08T23:36:25.249+0000] {processor.py:914} INFO - Processing file /home/airflow/.local/lib/python3.12/site-packages/airflow/example_dags/example_task_group_decorator.py for tasks to queue
[2024-10-08T23:36:25.251+0000] {logging_mixin.py:190} INFO - [2024-10-08T23:36:25.250+0000] {dagbag.py:588} INFO - Filling up the DagBag from /home/airflow/.local/lib/python3.12/site-packages/airflow/example_dags/example_task_group_decorator.py
[2024-10-08T23:36:25.259+0000] {processor.py:925} INFO - DAG(s) 'example_task_group_decorator' retrieved from /home/airflow/.local/lib/python3.12/site-packages/airflow/example_dags/example_task_group_decorator.py
[2024-10-08T23:36:25.272+0000] {logging_mixin.py:190} INFO - [2024-10-08T23:36:25.272+0000] {dag.py:3239} INFO - Sync 1 DAGs
[2024-10-08T23:36:25.280+0000] {logging_mixin.py:190} INFO - [2024-10-08T23:36:25.280+0000] {dag.py:4180} INFO - Setting next_dagrun for example_task_group_decorator to None, run_after=None
[2024-10-08T23:36:25.290+0000] {processor.py:208} INFO - Processing /home/airflow/.local/lib/python3.12/site-packages/airflow/example_dags/example_task_group_decorator.py took 0.044 seconds
[2024-10-08T23:36:55.433+0000] {processor.py:186} INFO - Started process (PID=490) to work on /home/airflow/.local/lib/python3.12/site-packages/airflow/example_dags/example_task_group_decorator.py
[2024-10-08T23:36:55.434+0000] {processor.py:914} INFO - Processing file /home/airflow/.local/lib/python3.12/site-packages/airflow/example_dags/example_task_group_decorator.py for tasks to queue
[2024-10-08T23:36:55.435+0000] {logging_mixin.py:190} INFO - [2024-10-08T23:36:55.435+0000] {dagbag.py:588} INFO - Filling up the DagBag from /home/airflow/.local/lib/python3.12/site-packages/airflow/example_dags/example_task_group_decorator.py
[2024-10-08T23:36:55.443+0000] {processor.py:925} INFO - DAG(s) 'example_task_group_decorator' retrieved from /home/airflow/.local/lib/python3.12/site-packages/airflow/example_dags/example_task_group_decorator.py
[2024-10-08T23:36:55.456+0000] {logging_mixin.py:190} INFO - [2024-10-08T23:36:55.456+0000] {dag.py:3239} INFO - Sync 1 DAGs
[2024-10-08T23:36:55.464+0000] {logging_mixin.py:190} INFO - [2024-10-08T23:36:55.464+0000] {dag.py:4180} INFO - Setting next_dagrun for example_task_group_decorator to None, run_after=None
[2024-10-08T23:36:55.474+0000] {processor.py:208} INFO - Processing /home/airflow/.local/lib/python3.12/site-packages/airflow/example_dags/example_task_group_decorator.py took 0.045 seconds
[2024-10-08T23:37:25.674+0000] {processor.py:186} INFO - Started process (PID=553) to work on /home/airflow/.local/lib/python3.12/site-packages/airflow/example_dags/example_task_group_decorator.py
[2024-10-08T23:37:25.675+0000] {processor.py:914} INFO - Processing file /home/airflow/.local/lib/python3.12/site-packages/airflow/example_dags/example_task_group_decorator.py for tasks to queue
[2024-10-08T23:37:25.676+0000] {logging_mixin.py:190} INFO - [2024-10-08T23:37:25.676+0000] {dagbag.py:588} INFO - Filling up the DagBag from /home/airflow/.local/lib/python3.12/site-packages/airflow/example_dags/example_task_group_decorator.py
[2024-10-08T23:37:25.684+0000] {processor.py:925} INFO - DAG(s) 'example_task_group_decorator' retrieved from /home/airflow/.local/lib/python3.12/site-packages/airflow/example_dags/example_task_group_decorator.py
[2024-10-08T23:37:25.698+0000] {logging_mixin.py:190} INFO - [2024-10-08T23:37:25.698+0000] {dag.py:3239} INFO - Sync 1 DAGs
[2024-10-08T23:37:25.706+0000] {logging_mixin.py:190} INFO - [2024-10-08T23:37:25.706+0000] {dag.py:4180} INFO - Setting next_dagrun for example_task_group_decorator to None, run_after=None
[2024-10-08T23:37:25.716+0000] {processor.py:208} INFO - Processing /home/airflow/.local/lib/python3.12/site-packages/airflow/example_dags/example_task_group_decorator.py took 0.045 seconds
[2024-10-08T23:37:56.103+0000] {processor.py:186} INFO - Started process (PID=616) to work on /home/airflow/.local/lib/python3.12/site-packages/airflow/example_dags/example_task_group_decorator.py
[2024-10-08T23:37:56.104+0000] {processor.py:914} INFO - Processing file /home/airflow/.local/lib/python3.12/site-packages/airflow/example_dags/example_task_group_decorator.py for tasks to queue
[2024-10-08T23:37:56.105+0000] {logging_mixin.py:190} INFO - [2024-10-08T23:37:56.105+0000] {dagbag.py:588} INFO - Filling up the DagBag from /home/airflow/.local/lib/python3.12/site-packages/airflow/example_dags/example_task_group_decorator.py
[2024-10-08T23:37:56.113+0000] {processor.py:925} INFO - DAG(s) 'example_task_group_decorator' retrieved from /home/airflow/.local/lib/python3.12/site-packages/airflow/example_dags/example_task_group_decorator.py
[2024-10-08T23:37:56.126+0000] {logging_mixin.py:190} INFO - [2024-10-08T23:37:56.126+0000] {dag.py:3239} INFO - Sync 1 DAGs
[2024-10-08T23:37:56.133+0000] {logging_mixin.py:190} INFO - [2024-10-08T23:37:56.133+0000] {dag.py:4180} INFO - Setting next_dagrun for example_task_group_decorator to None, run_after=None
[2024-10-08T23:37:56.142+0000] {processor.py:208} INFO - Processing /home/airflow/.local/lib/python3.12/site-packages/airflow/example_dags/example_task_group_decorator.py took 0.042 seconds
[2024-10-08T23:38:26.403+0000] {processor.py:186} INFO - Started process (PID=679) to work on /home/airflow/.local/lib/python3.12/site-packages/airflow/example_dags/example_task_group_decorator.py
[2024-10-08T23:38:26.404+0000] {processor.py:914} INFO - Processing file /home/airflow/.local/lib/python3.12/site-packages/airflow/example_dags/example_task_group_decorator.py for tasks to queue
[2024-10-08T23:38:26.405+0000] {logging_mixin.py:190} INFO - [2024-10-08T23:38:26.405+0000] {dagbag.py:588} INFO - Filling up the DagBag from /home/airflow/.local/lib/python3.12/site-packages/airflow/example_dags/example_task_group_decorator.py
[2024-10-08T23:38:26.414+0000] {processor.py:925} INFO - DAG(s) 'example_task_group_decorator' retrieved from /home/airflow/.local/lib/python3.12/site-packages/airflow/example_dags/example_task_group_decorator.py
[2024-10-08T23:38:26.427+0000] {logging_mixin.py:190} INFO - [2024-10-08T23:38:26.426+0000] {dag.py:3239} INFO - Sync 1 DAGs
[2024-10-08T23:38:26.434+0000] {logging_mixin.py:190} INFO - [2024-10-08T23:38:26.434+0000] {dag.py:4180} INFO - Setting next_dagrun for example_task_group_decorator to None, run_after=None
[2024-10-08T23:38:26.444+0000] {processor.py:208} INFO - Processing /home/airflow/.local/lib/python3.12/site-packages/airflow/example_dags/example_task_group_decorator.py took 0.044 seconds
[2024-10-08T23:38:56.499+0000] {processor.py:186} INFO - Started process (PID=742) to work on /home/airflow/.local/lib/python3.12/site-packages/airflow/example_dags/example_task_group_decorator.py
[2024-10-08T23:38:56.499+0000] {processor.py:914} INFO - Processing file /home/airflow/.local/lib/python3.12/site-packages/airflow/example_dags/example_task_group_decorator.py for tasks to queue
[2024-10-08T23:38:56.500+0000] {logging_mixin.py:190} INFO - [2024-10-08T23:38:56.500+0000] {dagbag.py:588} INFO - Filling up the DagBag from /home/airflow/.local/lib/python3.12/site-packages/airflow/example_dags/example_task_group_decorator.py
[2024-10-08T23:38:56.509+0000] {processor.py:925} INFO - DAG(s) 'example_task_group_decorator' retrieved from /home/airflow/.local/lib/python3.12/site-packages/airflow/example_dags/example_task_group_decorator.py
[2024-10-08T23:38:56.522+0000] {logging_mixin.py:190} INFO - [2024-10-08T23:38:56.522+0000] {dag.py:3239} INFO - Sync 1 DAGs
[2024-10-08T23:38:56.530+0000] {logging_mixin.py:190} INFO - [2024-10-08T23:38:56.530+0000] {dag.py:4180} INFO - Setting next_dagrun for example_task_group_decorator to None, run_after=None
[2024-10-08T23:38:56.540+0000] {processor.py:208} INFO - Processing /home/airflow/.local/lib/python3.12/site-packages/airflow/example_dags/example_task_group_decorator.py took 0.044 seconds
[2024-10-08T23:39:39.410+0000] {processor.py:186} INFO - Started process (PID=168) to work on /home/airflow/.local/lib/python3.12/site-packages/airflow/example_dags/example_task_group_decorator.py
[2024-10-08T23:39:39.411+0000] {processor.py:914} INFO - Processing file /home/airflow/.local/lib/python3.12/site-packages/airflow/example_dags/example_task_group_decorator.py for tasks to queue
[2024-10-08T23:39:39.413+0000] {logging_mixin.py:190} INFO - [2024-10-08T23:39:39.413+0000] {dagbag.py:588} INFO - Filling up the DagBag from /home/airflow/.local/lib/python3.12/site-packages/airflow/example_dags/example_task_group_decorator.py
[2024-10-08T23:39:39.421+0000] {processor.py:925} INFO - DAG(s) 'example_task_group_decorator' retrieved from /home/airflow/.local/lib/python3.12/site-packages/airflow/example_dags/example_task_group_decorator.py
[2024-10-08T23:39:39.437+0000] {logging_mixin.py:190} INFO - [2024-10-08T23:39:39.437+0000] {dag.py:3239} INFO - Sync 1 DAGs
[2024-10-08T23:39:39.445+0000] {logging_mixin.py:190} INFO - [2024-10-08T23:39:39.445+0000] {dag.py:4180} INFO - Setting next_dagrun for example_task_group_decorator to None, run_after=None
[2024-10-08T23:39:39.456+0000] {processor.py:208} INFO - Processing /home/airflow/.local/lib/python3.12/site-packages/airflow/example_dags/example_task_group_decorator.py took 0.050 seconds
[2024-10-08T23:40:09.533+0000] {processor.py:186} INFO - Started process (PID=231) to work on /home/airflow/.local/lib/python3.12/site-packages/airflow/example_dags/example_task_group_decorator.py
[2024-10-08T23:40:09.534+0000] {processor.py:914} INFO - Processing file /home/airflow/.local/lib/python3.12/site-packages/airflow/example_dags/example_task_group_decorator.py for tasks to queue
[2024-10-08T23:40:09.535+0000] {logging_mixin.py:190} INFO - [2024-10-08T23:40:09.535+0000] {dagbag.py:588} INFO - Filling up the DagBag from /home/airflow/.local/lib/python3.12/site-packages/airflow/example_dags/example_task_group_decorator.py
[2024-10-08T23:40:09.543+0000] {processor.py:925} INFO - DAG(s) 'example_task_group_decorator' retrieved from /home/airflow/.local/lib/python3.12/site-packages/airflow/example_dags/example_task_group_decorator.py
[2024-10-08T23:40:09.556+0000] {logging_mixin.py:190} INFO - [2024-10-08T23:40:09.556+0000] {dag.py:3239} INFO - Sync 1 DAGs
[2024-10-08T23:40:09.564+0000] {logging_mixin.py:190} INFO - [2024-10-08T23:40:09.564+0000] {dag.py:4180} INFO - Setting next_dagrun for example_task_group_decorator to None, run_after=None
[2024-10-08T23:40:09.575+0000] {processor.py:208} INFO - Processing /home/airflow/.local/lib/python3.12/site-packages/airflow/example_dags/example_task_group_decorator.py took 0.045 seconds
[2024-10-08T23:40:40.689+0000] {processor.py:186} INFO - Started process (PID=294) to work on /home/airflow/.local/lib/python3.12/site-packages/airflow/example_dags/example_task_group_decorator.py
[2024-10-08T23:40:40.690+0000] {processor.py:914} INFO - Processing file /home/airflow/.local/lib/python3.12/site-packages/airflow/example_dags/example_task_group_decorator.py for tasks to queue
[2024-10-08T23:40:40.691+0000] {logging_mixin.py:190} INFO - [2024-10-08T23:40:40.691+0000] {dagbag.py:588} INFO - Filling up the DagBag from /home/airflow/.local/lib/python3.12/site-packages/airflow/example_dags/example_task_group_decorator.py
[2024-10-08T23:40:40.700+0000] {processor.py:925} INFO - DAG(s) 'example_task_group_decorator' retrieved from /home/airflow/.local/lib/python3.12/site-packages/airflow/example_dags/example_task_group_decorator.py
[2024-10-08T23:40:40.713+0000] {logging_mixin.py:190} INFO - [2024-10-08T23:40:40.713+0000] {dag.py:3239} INFO - Sync 1 DAGs
[2024-10-08T23:40:40.722+0000] {logging_mixin.py:190} INFO - [2024-10-08T23:40:40.722+0000] {dag.py:4180} INFO - Setting next_dagrun for example_task_group_decorator to None, run_after=None
[2024-10-08T23:40:40.733+0000] {processor.py:208} INFO - Processing /home/airflow/.local/lib/python3.12/site-packages/airflow/example_dags/example_task_group_decorator.py took 0.047 seconds
[2024-10-08T23:41:10.963+0000] {processor.py:186} INFO - Started process (PID=357) to work on /home/airflow/.local/lib/python3.12/site-packages/airflow/example_dags/example_task_group_decorator.py
[2024-10-08T23:41:10.964+0000] {processor.py:914} INFO - Processing file /home/airflow/.local/lib/python3.12/site-packages/airflow/example_dags/example_task_group_decorator.py for tasks to queue
[2024-10-08T23:41:10.966+0000] {logging_mixin.py:190} INFO - [2024-10-08T23:41:10.965+0000] {dagbag.py:588} INFO - Filling up the DagBag from /home/airflow/.local/lib/python3.12/site-packages/airflow/example_dags/example_task_group_decorator.py
[2024-10-08T23:41:10.975+0000] {processor.py:925} INFO - DAG(s) 'example_task_group_decorator' retrieved from /home/airflow/.local/lib/python3.12/site-packages/airflow/example_dags/example_task_group_decorator.py
[2024-10-08T23:41:10.990+0000] {logging_mixin.py:190} INFO - [2024-10-08T23:41:10.990+0000] {dag.py:3239} INFO - Sync 1 DAGs
[2024-10-08T23:41:10.998+0000] {logging_mixin.py:190} INFO - [2024-10-08T23:41:10.998+0000] {dag.py:4180} INFO - Setting next_dagrun for example_task_group_decorator to None, run_after=None
[2024-10-08T23:41:11.009+0000] {processor.py:208} INFO - Processing /home/airflow/.local/lib/python3.12/site-packages/airflow/example_dags/example_task_group_decorator.py took 0.049 seconds
[2024-10-08T23:41:41.165+0000] {processor.py:186} INFO - Started process (PID=420) to work on /home/airflow/.local/lib/python3.12/site-packages/airflow/example_dags/example_task_group_decorator.py
[2024-10-08T23:41:41.166+0000] {processor.py:914} INFO - Processing file /home/airflow/.local/lib/python3.12/site-packages/airflow/example_dags/example_task_group_decorator.py for tasks to queue
[2024-10-08T23:41:41.167+0000] {logging_mixin.py:190} INFO - [2024-10-08T23:41:41.167+0000] {dagbag.py:588} INFO - Filling up the DagBag from /home/airflow/.local/lib/python3.12/site-packages/airflow/example_dags/example_task_group_decorator.py
[2024-10-08T23:41:41.177+0000] {processor.py:925} INFO - DAG(s) 'example_task_group_decorator' retrieved from /home/airflow/.local/lib/python3.12/site-packages/airflow/example_dags/example_task_group_decorator.py
[2024-10-08T23:41:41.191+0000] {logging_mixin.py:190} INFO - [2024-10-08T23:41:41.191+0000] {dag.py:3239} INFO - Sync 1 DAGs
[2024-10-08T23:41:41.199+0000] {logging_mixin.py:190} INFO - [2024-10-08T23:41:41.199+0000] {dag.py:4180} INFO - Setting next_dagrun for example_task_group_decorator to None, run_after=None
[2024-10-08T23:41:41.208+0000] {processor.py:208} INFO - Processing /home/airflow/.local/lib/python3.12/site-packages/airflow/example_dags/example_task_group_decorator.py took 0.046 seconds
[2024-10-08T23:42:53.891+0000] {processor.py:186} INFO - Started process (PID=168) to work on /home/airflow/.local/lib/python3.12/site-packages/airflow/example_dags/example_task_group_decorator.py
[2024-10-08T23:42:53.891+0000] {processor.py:914} INFO - Processing file /home/airflow/.local/lib/python3.12/site-packages/airflow/example_dags/example_task_group_decorator.py for tasks to queue
[2024-10-08T23:42:53.893+0000] {logging_mixin.py:190} INFO - [2024-10-08T23:42:53.893+0000] {dagbag.py:588} INFO - Filling up the DagBag from /home/airflow/.local/lib/python3.12/site-packages/airflow/example_dags/example_task_group_decorator.py
[2024-10-08T23:42:53.900+0000] {processor.py:925} INFO - DAG(s) 'example_task_group_decorator' retrieved from /home/airflow/.local/lib/python3.12/site-packages/airflow/example_dags/example_task_group_decorator.py
[2024-10-08T23:42:53.913+0000] {logging_mixin.py:190} INFO - [2024-10-08T23:42:53.913+0000] {dag.py:3239} INFO - Sync 1 DAGs
[2024-10-08T23:42:53.921+0000] {logging_mixin.py:190} INFO - [2024-10-08T23:42:53.921+0000] {dag.py:4180} INFO - Setting next_dagrun for example_task_group_decorator to None, run_after=None
[2024-10-08T23:42:53.930+0000] {processor.py:208} INFO - Processing /home/airflow/.local/lib/python3.12/site-packages/airflow/example_dags/example_task_group_decorator.py took 0.042 seconds
[2024-10-08T23:43:24.122+0000] {processor.py:186} INFO - Started process (PID=231) to work on /home/airflow/.local/lib/python3.12/site-packages/airflow/example_dags/example_task_group_decorator.py
[2024-10-08T23:43:24.123+0000] {processor.py:914} INFO - Processing file /home/airflow/.local/lib/python3.12/site-packages/airflow/example_dags/example_task_group_decorator.py for tasks to queue
[2024-10-08T23:43:24.124+0000] {logging_mixin.py:190} INFO - [2024-10-08T23:43:24.124+0000] {dagbag.py:588} INFO - Filling up the DagBag from /home/airflow/.local/lib/python3.12/site-packages/airflow/example_dags/example_task_group_decorator.py
[2024-10-08T23:43:24.132+0000] {processor.py:925} INFO - DAG(s) 'example_task_group_decorator' retrieved from /home/airflow/.local/lib/python3.12/site-packages/airflow/example_dags/example_task_group_decorator.py
[2024-10-08T23:43:24.146+0000] {logging_mixin.py:190} INFO - [2024-10-08T23:43:24.145+0000] {dag.py:3239} INFO - Sync 1 DAGs
[2024-10-08T23:43:24.153+0000] {logging_mixin.py:190} INFO - [2024-10-08T23:43:24.153+0000] {dag.py:4180} INFO - Setting next_dagrun for example_task_group_decorator to None, run_after=None
[2024-10-08T23:43:24.163+0000] {processor.py:208} INFO - Processing /home/airflow/.local/lib/python3.12/site-packages/airflow/example_dags/example_task_group_decorator.py took 0.044 seconds
[2024-10-08T23:44:32.924+0000] {processor.py:186} INFO - Started process (PID=175) to work on /home/airflow/.local/lib/python3.12/site-packages/airflow/example_dags/example_task_group_decorator.py
[2024-10-08T23:44:32.924+0000] {processor.py:914} INFO - Processing file /home/airflow/.local/lib/python3.12/site-packages/airflow/example_dags/example_task_group_decorator.py for tasks to queue
[2024-10-08T23:44:32.926+0000] {logging_mixin.py:190} INFO - [2024-10-08T23:44:32.926+0000] {dagbag.py:588} INFO - Filling up the DagBag from /home/airflow/.local/lib/python3.12/site-packages/airflow/example_dags/example_task_group_decorator.py
[2024-10-08T23:44:32.938+0000] {processor.py:925} INFO - DAG(s) 'example_task_group_decorator' retrieved from /home/airflow/.local/lib/python3.12/site-packages/airflow/example_dags/example_task_group_decorator.py
[2024-10-08T23:44:32.956+0000] {logging_mixin.py:190} INFO - [2024-10-08T23:44:32.956+0000] {dag.py:3239} INFO - Sync 1 DAGs
[2024-10-08T23:44:32.965+0000] {logging_mixin.py:190} INFO - [2024-10-08T23:44:32.965+0000] {dag.py:4180} INFO - Setting next_dagrun for example_task_group_decorator to None, run_after=None
[2024-10-08T23:44:32.977+0000] {processor.py:208} INFO - Processing /home/airflow/.local/lib/python3.12/site-packages/airflow/example_dags/example_task_group_decorator.py took 0.057 seconds
[2024-10-08T23:45:03.273+0000] {processor.py:186} INFO - Started process (PID=238) to work on /home/airflow/.local/lib/python3.12/site-packages/airflow/example_dags/example_task_group_decorator.py
[2024-10-08T23:45:03.273+0000] {processor.py:914} INFO - Processing file /home/airflow/.local/lib/python3.12/site-packages/airflow/example_dags/example_task_group_decorator.py for tasks to queue
[2024-10-08T23:45:03.275+0000] {logging_mixin.py:190} INFO - [2024-10-08T23:45:03.274+0000] {dagbag.py:588} INFO - Filling up the DagBag from /home/airflow/.local/lib/python3.12/site-packages/airflow/example_dags/example_task_group_decorator.py
[2024-10-08T23:45:03.283+0000] {processor.py:925} INFO - DAG(s) 'example_task_group_decorator' retrieved from /home/airflow/.local/lib/python3.12/site-packages/airflow/example_dags/example_task_group_decorator.py
[2024-10-08T23:45:03.298+0000] {logging_mixin.py:190} INFO - [2024-10-08T23:45:03.297+0000] {dag.py:3239} INFO - Sync 1 DAGs
[2024-10-08T23:45:03.319+0000] {logging_mixin.py:190} INFO - [2024-10-08T23:45:03.319+0000] {dag.py:4180} INFO - Setting next_dagrun for example_task_group_decorator to None, run_after=None
[2024-10-08T23:45:03.331+0000] {processor.py:208} INFO - Processing /home/airflow/.local/lib/python3.12/site-packages/airflow/example_dags/example_task_group_decorator.py took 0.062 seconds
[2024-10-08T23:45:33.517+0000] {processor.py:186} INFO - Started process (PID=301) to work on /home/airflow/.local/lib/python3.12/site-packages/airflow/example_dags/example_task_group_decorator.py
[2024-10-08T23:45:33.517+0000] {processor.py:914} INFO - Processing file /home/airflow/.local/lib/python3.12/site-packages/airflow/example_dags/example_task_group_decorator.py for tasks to queue
[2024-10-08T23:45:33.519+0000] {logging_mixin.py:190} INFO - [2024-10-08T23:45:33.518+0000] {dagbag.py:588} INFO - Filling up the DagBag from /home/airflow/.local/lib/python3.12/site-packages/airflow/example_dags/example_task_group_decorator.py
[2024-10-08T23:45:33.527+0000] {processor.py:925} INFO - DAG(s) 'example_task_group_decorator' retrieved from /home/airflow/.local/lib/python3.12/site-packages/airflow/example_dags/example_task_group_decorator.py
[2024-10-08T23:45:33.541+0000] {logging_mixin.py:190} INFO - [2024-10-08T23:45:33.541+0000] {dag.py:3239} INFO - Sync 1 DAGs
[2024-10-08T23:45:33.549+0000] {logging_mixin.py:190} INFO - [2024-10-08T23:45:33.549+0000] {dag.py:4180} INFO - Setting next_dagrun for example_task_group_decorator to None, run_after=None
[2024-10-08T23:45:33.559+0000] {processor.py:208} INFO - Processing /home/airflow/.local/lib/python3.12/site-packages/airflow/example_dags/example_task_group_decorator.py took 0.046 seconds
[2024-10-08T23:46:03.702+0000] {processor.py:186} INFO - Started process (PID=364) to work on /home/airflow/.local/lib/python3.12/site-packages/airflow/example_dags/example_task_group_decorator.py
[2024-10-08T23:46:03.703+0000] {processor.py:914} INFO - Processing file /home/airflow/.local/lib/python3.12/site-packages/airflow/example_dags/example_task_group_decorator.py for tasks to queue
[2024-10-08T23:46:03.704+0000] {logging_mixin.py:190} INFO - [2024-10-08T23:46:03.704+0000] {dagbag.py:588} INFO - Filling up the DagBag from /home/airflow/.local/lib/python3.12/site-packages/airflow/example_dags/example_task_group_decorator.py
[2024-10-08T23:46:03.712+0000] {processor.py:925} INFO - DAG(s) 'example_task_group_decorator' retrieved from /home/airflow/.local/lib/python3.12/site-packages/airflow/example_dags/example_task_group_decorator.py
[2024-10-08T23:46:03.729+0000] {logging_mixin.py:190} INFO - [2024-10-08T23:46:03.728+0000] {dag.py:3239} INFO - Sync 1 DAGs
[2024-10-08T23:46:03.736+0000] {logging_mixin.py:190} INFO - [2024-10-08T23:46:03.736+0000] {dag.py:4180} INFO - Setting next_dagrun for example_task_group_decorator to None, run_after=None
[2024-10-08T23:46:03.746+0000] {processor.py:208} INFO - Processing /home/airflow/.local/lib/python3.12/site-packages/airflow/example_dags/example_task_group_decorator.py took 0.048 seconds
[2024-10-08T23:46:34.886+0000] {processor.py:186} INFO - Started process (PID=426) to work on /home/airflow/.local/lib/python3.12/site-packages/airflow/example_dags/example_task_group_decorator.py
[2024-10-08T23:46:34.887+0000] {processor.py:914} INFO - Processing file /home/airflow/.local/lib/python3.12/site-packages/airflow/example_dags/example_task_group_decorator.py for tasks to queue
[2024-10-08T23:46:34.888+0000] {logging_mixin.py:190} INFO - [2024-10-08T23:46:34.888+0000] {dagbag.py:588} INFO - Filling up the DagBag from /home/airflow/.local/lib/python3.12/site-packages/airflow/example_dags/example_task_group_decorator.py
[2024-10-08T23:46:34.897+0000] {processor.py:925} INFO - DAG(s) 'example_task_group_decorator' retrieved from /home/airflow/.local/lib/python3.12/site-packages/airflow/example_dags/example_task_group_decorator.py
[2024-10-08T23:46:34.911+0000] {logging_mixin.py:190} INFO - [2024-10-08T23:46:34.911+0000] {dag.py:3239} INFO - Sync 1 DAGs
[2024-10-08T23:46:34.919+0000] {logging_mixin.py:190} INFO - [2024-10-08T23:46:34.918+0000] {dag.py:4180} INFO - Setting next_dagrun for example_task_group_decorator to None, run_after=None
[2024-10-08T23:46:34.928+0000] {processor.py:208} INFO - Processing /home/airflow/.local/lib/python3.12/site-packages/airflow/example_dags/example_task_group_decorator.py took 0.046 seconds
[2024-10-08T23:47:05.055+0000] {processor.py:186} INFO - Started process (PID=489) to work on /home/airflow/.local/lib/python3.12/site-packages/airflow/example_dags/example_task_group_decorator.py
[2024-10-08T23:47:05.056+0000] {processor.py:914} INFO - Processing file /home/airflow/.local/lib/python3.12/site-packages/airflow/example_dags/example_task_group_decorator.py for tasks to queue
[2024-10-08T23:47:05.057+0000] {logging_mixin.py:190} INFO - [2024-10-08T23:47:05.057+0000] {dagbag.py:588} INFO - Filling up the DagBag from /home/airflow/.local/lib/python3.12/site-packages/airflow/example_dags/example_task_group_decorator.py
[2024-10-08T23:47:05.065+0000] {processor.py:925} INFO - DAG(s) 'example_task_group_decorator' retrieved from /home/airflow/.local/lib/python3.12/site-packages/airflow/example_dags/example_task_group_decorator.py
[2024-10-08T23:47:05.080+0000] {logging_mixin.py:190} INFO - [2024-10-08T23:47:05.080+0000] {dag.py:3239} INFO - Sync 1 DAGs
[2024-10-08T23:47:05.088+0000] {logging_mixin.py:190} INFO - [2024-10-08T23:47:05.087+0000] {dag.py:4180} INFO - Setting next_dagrun for example_task_group_decorator to None, run_after=None
[2024-10-08T23:47:05.097+0000] {processor.py:208} INFO - Processing /home/airflow/.local/lib/python3.12/site-packages/airflow/example_dags/example_task_group_decorator.py took 0.046 seconds
[2024-10-08T23:47:35.252+0000] {processor.py:186} INFO - Started process (PID=552) to work on /home/airflow/.local/lib/python3.12/site-packages/airflow/example_dags/example_task_group_decorator.py
[2024-10-08T23:47:35.252+0000] {processor.py:914} INFO - Processing file /home/airflow/.local/lib/python3.12/site-packages/airflow/example_dags/example_task_group_decorator.py for tasks to queue
[2024-10-08T23:47:35.254+0000] {logging_mixin.py:190} INFO - [2024-10-08T23:47:35.253+0000] {dagbag.py:588} INFO - Filling up the DagBag from /home/airflow/.local/lib/python3.12/site-packages/airflow/example_dags/example_task_group_decorator.py
[2024-10-08T23:47:35.262+0000] {processor.py:925} INFO - DAG(s) 'example_task_group_decorator' retrieved from /home/airflow/.local/lib/python3.12/site-packages/airflow/example_dags/example_task_group_decorator.py
[2024-10-08T23:47:35.275+0000] {logging_mixin.py:190} INFO - [2024-10-08T23:47:35.274+0000] {dag.py:3239} INFO - Sync 1 DAGs
[2024-10-08T23:47:35.282+0000] {logging_mixin.py:190} INFO - [2024-10-08T23:47:35.282+0000] {dag.py:4180} INFO - Setting next_dagrun for example_task_group_decorator to None, run_after=None
[2024-10-08T23:47:35.292+0000] {processor.py:208} INFO - Processing /home/airflow/.local/lib/python3.12/site-packages/airflow/example_dags/example_task_group_decorator.py took 0.044 seconds
[2024-10-08T23:48:05.491+0000] {processor.py:186} INFO - Started process (PID=615) to work on /home/airflow/.local/lib/python3.12/site-packages/airflow/example_dags/example_task_group_decorator.py
[2024-10-08T23:48:05.491+0000] {processor.py:914} INFO - Processing file /home/airflow/.local/lib/python3.12/site-packages/airflow/example_dags/example_task_group_decorator.py for tasks to queue
[2024-10-08T23:48:05.493+0000] {logging_mixin.py:190} INFO - [2024-10-08T23:48:05.492+0000] {dagbag.py:588} INFO - Filling up the DagBag from /home/airflow/.local/lib/python3.12/site-packages/airflow/example_dags/example_task_group_decorator.py
[2024-10-08T23:48:05.501+0000] {processor.py:925} INFO - DAG(s) 'example_task_group_decorator' retrieved from /home/airflow/.local/lib/python3.12/site-packages/airflow/example_dags/example_task_group_decorator.py
[2024-10-08T23:48:05.515+0000] {logging_mixin.py:190} INFO - [2024-10-08T23:48:05.515+0000] {dag.py:3239} INFO - Sync 1 DAGs
[2024-10-08T23:48:05.523+0000] {logging_mixin.py:190} INFO - [2024-10-08T23:48:05.523+0000] {dag.py:4180} INFO - Setting next_dagrun for example_task_group_decorator to None, run_after=None
[2024-10-08T23:48:05.533+0000] {processor.py:208} INFO - Processing /home/airflow/.local/lib/python3.12/site-packages/airflow/example_dags/example_task_group_decorator.py took 0.046 seconds
[2024-10-08T23:48:35.655+0000] {processor.py:186} INFO - Started process (PID=678) to work on /home/airflow/.local/lib/python3.12/site-packages/airflow/example_dags/example_task_group_decorator.py
[2024-10-08T23:48:35.656+0000] {processor.py:914} INFO - Processing file /home/airflow/.local/lib/python3.12/site-packages/airflow/example_dags/example_task_group_decorator.py for tasks to queue
[2024-10-08T23:48:35.657+0000] {logging_mixin.py:190} INFO - [2024-10-08T23:48:35.657+0000] {dagbag.py:588} INFO - Filling up the DagBag from /home/airflow/.local/lib/python3.12/site-packages/airflow/example_dags/example_task_group_decorator.py
[2024-10-08T23:48:35.666+0000] {processor.py:925} INFO - DAG(s) 'example_task_group_decorator' retrieved from /home/airflow/.local/lib/python3.12/site-packages/airflow/example_dags/example_task_group_decorator.py
[2024-10-08T23:48:35.679+0000] {logging_mixin.py:190} INFO - [2024-10-08T23:48:35.679+0000] {dag.py:3239} INFO - Sync 1 DAGs
[2024-10-08T23:48:35.688+0000] {logging_mixin.py:190} INFO - [2024-10-08T23:48:35.688+0000] {dag.py:4180} INFO - Setting next_dagrun for example_task_group_decorator to None, run_after=None
[2024-10-08T23:48:35.698+0000] {processor.py:208} INFO - Processing /home/airflow/.local/lib/python3.12/site-packages/airflow/example_dags/example_task_group_decorator.py took 0.046 seconds
[2024-10-08T23:49:06.789+0000] {processor.py:186} INFO - Started process (PID=741) to work on /home/airflow/.local/lib/python3.12/site-packages/airflow/example_dags/example_task_group_decorator.py
[2024-10-08T23:49:06.789+0000] {processor.py:914} INFO - Processing file /home/airflow/.local/lib/python3.12/site-packages/airflow/example_dags/example_task_group_decorator.py for tasks to queue
[2024-10-08T23:49:06.791+0000] {logging_mixin.py:190} INFO - [2024-10-08T23:49:06.790+0000] {dagbag.py:588} INFO - Filling up the DagBag from /home/airflow/.local/lib/python3.12/site-packages/airflow/example_dags/example_task_group_decorator.py
[2024-10-08T23:49:06.799+0000] {processor.py:925} INFO - DAG(s) 'example_task_group_decorator' retrieved from /home/airflow/.local/lib/python3.12/site-packages/airflow/example_dags/example_task_group_decorator.py
[2024-10-08T23:49:06.813+0000] {logging_mixin.py:190} INFO - [2024-10-08T23:49:06.812+0000] {dag.py:3239} INFO - Sync 1 DAGs
[2024-10-08T23:49:06.820+0000] {logging_mixin.py:190} INFO - [2024-10-08T23:49:06.820+0000] {dag.py:4180} INFO - Setting next_dagrun for example_task_group_decorator to None, run_after=None
[2024-10-08T23:49:06.831+0000] {processor.py:208} INFO - Processing /home/airflow/.local/lib/python3.12/site-packages/airflow/example_dags/example_task_group_decorator.py took 0.046 seconds
[2024-10-08T23:49:38.011+0000] {processor.py:186} INFO - Started process (PID=804) to work on /home/airflow/.local/lib/python3.12/site-packages/airflow/example_dags/example_task_group_decorator.py
[2024-10-08T23:49:38.012+0000] {processor.py:914} INFO - Processing file /home/airflow/.local/lib/python3.12/site-packages/airflow/example_dags/example_task_group_decorator.py for tasks to queue
[2024-10-08T23:49:38.013+0000] {logging_mixin.py:190} INFO - [2024-10-08T23:49:38.013+0000] {dagbag.py:588} INFO - Filling up the DagBag from /home/airflow/.local/lib/python3.12/site-packages/airflow/example_dags/example_task_group_decorator.py
[2024-10-08T23:49:38.022+0000] {processor.py:925} INFO - DAG(s) 'example_task_group_decorator' retrieved from /home/airflow/.local/lib/python3.12/site-packages/airflow/example_dags/example_task_group_decorator.py
[2024-10-08T23:49:38.037+0000] {logging_mixin.py:190} INFO - [2024-10-08T23:49:38.037+0000] {dag.py:3239} INFO - Sync 1 DAGs
[2024-10-08T23:49:38.045+0000] {logging_mixin.py:190} INFO - [2024-10-08T23:49:38.045+0000] {dag.py:4180} INFO - Setting next_dagrun for example_task_group_decorator to None, run_after=None
[2024-10-08T23:49:38.055+0000] {processor.py:208} INFO - Processing /home/airflow/.local/lib/python3.12/site-packages/airflow/example_dags/example_task_group_decorator.py took 0.048 seconds
[2024-10-08T23:50:08.390+0000] {processor.py:186} INFO - Started process (PID=868) to work on /home/airflow/.local/lib/python3.12/site-packages/airflow/example_dags/example_task_group_decorator.py
[2024-10-08T23:50:08.390+0000] {processor.py:914} INFO - Processing file /home/airflow/.local/lib/python3.12/site-packages/airflow/example_dags/example_task_group_decorator.py for tasks to queue
[2024-10-08T23:50:08.392+0000] {logging_mixin.py:190} INFO - [2024-10-08T23:50:08.392+0000] {dagbag.py:588} INFO - Filling up the DagBag from /home/airflow/.local/lib/python3.12/site-packages/airflow/example_dags/example_task_group_decorator.py
[2024-10-08T23:50:08.405+0000] {processor.py:925} INFO - DAG(s) 'example_task_group_decorator' retrieved from /home/airflow/.local/lib/python3.12/site-packages/airflow/example_dags/example_task_group_decorator.py
[2024-10-08T23:50:08.420+0000] {logging_mixin.py:190} INFO - [2024-10-08T23:50:08.419+0000] {dag.py:3239} INFO - Sync 1 DAGs
[2024-10-08T23:50:08.429+0000] {logging_mixin.py:190} INFO - [2024-10-08T23:50:08.429+0000] {dag.py:4180} INFO - Setting next_dagrun for example_task_group_decorator to None, run_after=None
[2024-10-08T23:50:08.439+0000] {processor.py:208} INFO - Processing /home/airflow/.local/lib/python3.12/site-packages/airflow/example_dags/example_task_group_decorator.py took 0.053 seconds
