[2024-10-08T23:14:24.108+0000] {processor.py:186} INFO - Started process (PID=15709) to work on /home/airflow/.local/lib/python3.12/site-packages/airflow/example_dags/tutorial.py
[2024-10-08T23:14:24.108+0000] {processor.py:914} INFO - Processing file /home/airflow/.local/lib/python3.12/site-packages/airflow/example_dags/tutorial.py for tasks to queue
[2024-10-08T23:14:24.109+0000] {logging_mixin.py:190} INFO - [2024-10-08T23:14:24.109+0000] {dagbag.py:588} INFO - Filling up the DagBag from /home/airflow/.local/lib/python3.12/site-packages/airflow/example_dags/tutorial.py
[2024-10-08T23:14:24.115+0000] {processor.py:925} INFO - DAG(s) 'tutorial' retrieved from /home/airflow/.local/lib/python3.12/site-packages/airflow/example_dags/tutorial.py
[2024-10-08T23:14:24.126+0000] {logging_mixin.py:190} INFO - [2024-10-08T23:14:24.126+0000] {dag.py:3239} INFO - Sync 1 DAGs
[2024-10-08T23:14:24.139+0000] {logging_mixin.py:190} INFO - [2024-10-08T23:14:24.139+0000] {dag.py:4180} INFO - Setting next_dagrun for tutorial to 2024-10-07 00:00:00+00:00, run_after=2024-10-08 00:00:00+00:00
[2024-10-08T23:14:24.150+0000] {processor.py:208} INFO - Processing /home/airflow/.local/lib/python3.12/site-packages/airflow/example_dags/tutorial.py took 0.046 seconds
[2024-10-08T23:34:23.540+0000] {processor.py:186} INFO - Started process (PID=169) to work on /home/airflow/.local/lib/python3.12/site-packages/airflow/example_dags/tutorial.py
[2024-10-08T23:34:23.541+0000] {processor.py:914} INFO - Processing file /home/airflow/.local/lib/python3.12/site-packages/airflow/example_dags/tutorial.py for tasks to queue
[2024-10-08T23:34:23.542+0000] {logging_mixin.py:190} INFO - [2024-10-08T23:34:23.542+0000] {dagbag.py:588} INFO - Filling up the DagBag from /home/airflow/.local/lib/python3.12/site-packages/airflow/example_dags/tutorial.py
[2024-10-08T23:34:23.547+0000] {processor.py:925} INFO - DAG(s) 'tutorial' retrieved from /home/airflow/.local/lib/python3.12/site-packages/airflow/example_dags/tutorial.py
[2024-10-08T23:34:23.559+0000] {logging_mixin.py:190} INFO - [2024-10-08T23:34:23.558+0000] {dag.py:3239} INFO - Sync 1 DAGs
[2024-10-08T23:34:23.573+0000] {logging_mixin.py:190} INFO - [2024-10-08T23:34:23.573+0000] {dag.py:4180} INFO - Setting next_dagrun for tutorial to 2024-10-07 00:00:00+00:00, run_after=2024-10-08 00:00:00+00:00
[2024-10-08T23:34:23.588+0000] {processor.py:208} INFO - Processing /home/airflow/.local/lib/python3.12/site-packages/airflow/example_dags/tutorial.py took 0.052 seconds
[2024-10-08T23:34:54.123+0000] {processor.py:186} INFO - Started process (PID=232) to work on /home/airflow/.local/lib/python3.12/site-packages/airflow/example_dags/tutorial.py
[2024-10-08T23:34:54.126+0000] {processor.py:914} INFO - Processing file /home/airflow/.local/lib/python3.12/site-packages/airflow/example_dags/tutorial.py for tasks to queue
[2024-10-08T23:34:54.127+0000] {logging_mixin.py:190} INFO - [2024-10-08T23:34:54.127+0000] {dagbag.py:588} INFO - Filling up the DagBag from /home/airflow/.local/lib/python3.12/site-packages/airflow/example_dags/tutorial.py
[2024-10-08T23:34:54.133+0000] {processor.py:925} INFO - DAG(s) 'tutorial' retrieved from /home/airflow/.local/lib/python3.12/site-packages/airflow/example_dags/tutorial.py
[2024-10-08T23:34:54.147+0000] {logging_mixin.py:190} INFO - [2024-10-08T23:34:54.147+0000] {dag.py:3239} INFO - Sync 1 DAGs
[2024-10-08T23:34:54.170+0000] {logging_mixin.py:190} INFO - [2024-10-08T23:34:54.170+0000] {dag.py:4180} INFO - Setting next_dagrun for tutorial to 2024-10-07 00:00:00+00:00, run_after=2024-10-08 00:00:00+00:00
[2024-10-08T23:34:54.197+0000] {processor.py:208} INFO - Processing /home/airflow/.local/lib/python3.12/site-packages/airflow/example_dags/tutorial.py took 0.077 seconds
[2024-10-08T23:35:24.698+0000] {processor.py:186} INFO - Started process (PID=295) to work on /home/airflow/.local/lib/python3.12/site-packages/airflow/example_dags/tutorial.py
[2024-10-08T23:35:24.699+0000] {processor.py:914} INFO - Processing file /home/airflow/.local/lib/python3.12/site-packages/airflow/example_dags/tutorial.py for tasks to queue
[2024-10-08T23:35:24.700+0000] {logging_mixin.py:190} INFO - [2024-10-08T23:35:24.700+0000] {dagbag.py:588} INFO - Filling up the DagBag from /home/airflow/.local/lib/python3.12/site-packages/airflow/example_dags/tutorial.py
[2024-10-08T23:35:24.705+0000] {processor.py:925} INFO - DAG(s) 'tutorial' retrieved from /home/airflow/.local/lib/python3.12/site-packages/airflow/example_dags/tutorial.py
[2024-10-08T23:35:24.716+0000] {logging_mixin.py:190} INFO - [2024-10-08T23:35:24.716+0000] {dag.py:3239} INFO - Sync 1 DAGs
[2024-10-08T23:35:24.728+0000] {logging_mixin.py:190} INFO - [2024-10-08T23:35:24.728+0000] {dag.py:4180} INFO - Setting next_dagrun for tutorial to 2024-10-07 00:00:00+00:00, run_after=2024-10-08 00:00:00+00:00
[2024-10-08T23:35:24.739+0000] {processor.py:208} INFO - Processing /home/airflow/.local/lib/python3.12/site-packages/airflow/example_dags/tutorial.py took 0.044 seconds
[2024-10-08T23:35:54.931+0000] {processor.py:186} INFO - Started process (PID=358) to work on /home/airflow/.local/lib/python3.12/site-packages/airflow/example_dags/tutorial.py
[2024-10-08T23:35:54.932+0000] {processor.py:914} INFO - Processing file /home/airflow/.local/lib/python3.12/site-packages/airflow/example_dags/tutorial.py for tasks to queue
[2024-10-08T23:35:54.933+0000] {logging_mixin.py:190} INFO - [2024-10-08T23:35:54.933+0000] {dagbag.py:588} INFO - Filling up the DagBag from /home/airflow/.local/lib/python3.12/site-packages/airflow/example_dags/tutorial.py
[2024-10-08T23:35:54.937+0000] {processor.py:925} INFO - DAG(s) 'tutorial' retrieved from /home/airflow/.local/lib/python3.12/site-packages/airflow/example_dags/tutorial.py
[2024-10-08T23:35:54.948+0000] {logging_mixin.py:190} INFO - [2024-10-08T23:35:54.948+0000] {dag.py:3239} INFO - Sync 1 DAGs
[2024-10-08T23:35:54.960+0000] {logging_mixin.py:190} INFO - [2024-10-08T23:35:54.960+0000] {dag.py:4180} INFO - Setting next_dagrun for tutorial to 2024-10-07 00:00:00+00:00, run_after=2024-10-08 00:00:00+00:00
[2024-10-08T23:35:54.969+0000] {processor.py:208} INFO - Processing /home/airflow/.local/lib/python3.12/site-packages/airflow/example_dags/tutorial.py took 0.041 seconds
[2024-10-08T23:36:25.085+0000] {processor.py:186} INFO - Started process (PID=421) to work on /home/airflow/.local/lib/python3.12/site-packages/airflow/example_dags/tutorial.py
[2024-10-08T23:36:25.086+0000] {processor.py:914} INFO - Processing file /home/airflow/.local/lib/python3.12/site-packages/airflow/example_dags/tutorial.py for tasks to queue
[2024-10-08T23:36:25.087+0000] {logging_mixin.py:190} INFO - [2024-10-08T23:36:25.087+0000] {dagbag.py:588} INFO - Filling up the DagBag from /home/airflow/.local/lib/python3.12/site-packages/airflow/example_dags/tutorial.py
[2024-10-08T23:36:25.092+0000] {processor.py:925} INFO - DAG(s) 'tutorial' retrieved from /home/airflow/.local/lib/python3.12/site-packages/airflow/example_dags/tutorial.py
[2024-10-08T23:36:25.102+0000] {logging_mixin.py:190} INFO - [2024-10-08T23:36:25.102+0000] {dag.py:3239} INFO - Sync 1 DAGs
[2024-10-08T23:36:25.114+0000] {logging_mixin.py:190} INFO - [2024-10-08T23:36:25.114+0000] {dag.py:4180} INFO - Setting next_dagrun for tutorial to 2024-10-07 00:00:00+00:00, run_after=2024-10-08 00:00:00+00:00
[2024-10-08T23:36:25.124+0000] {processor.py:208} INFO - Processing /home/airflow/.local/lib/python3.12/site-packages/airflow/example_dags/tutorial.py took 0.042 seconds
[2024-10-08T23:36:55.246+0000] {processor.py:186} INFO - Started process (PID=484) to work on /home/airflow/.local/lib/python3.12/site-packages/airflow/example_dags/tutorial.py
[2024-10-08T23:36:55.247+0000] {processor.py:914} INFO - Processing file /home/airflow/.local/lib/python3.12/site-packages/airflow/example_dags/tutorial.py for tasks to queue
[2024-10-08T23:36:55.248+0000] {logging_mixin.py:190} INFO - [2024-10-08T23:36:55.248+0000] {dagbag.py:588} INFO - Filling up the DagBag from /home/airflow/.local/lib/python3.12/site-packages/airflow/example_dags/tutorial.py
[2024-10-08T23:36:55.253+0000] {processor.py:925} INFO - DAG(s) 'tutorial' retrieved from /home/airflow/.local/lib/python3.12/site-packages/airflow/example_dags/tutorial.py
[2024-10-08T23:36:55.263+0000] {logging_mixin.py:190} INFO - [2024-10-08T23:36:55.263+0000] {dag.py:3239} INFO - Sync 1 DAGs
[2024-10-08T23:36:55.275+0000] {logging_mixin.py:190} INFO - [2024-10-08T23:36:55.275+0000] {dag.py:4180} INFO - Setting next_dagrun for tutorial to 2024-10-07 00:00:00+00:00, run_after=2024-10-08 00:00:00+00:00
[2024-10-08T23:36:55.285+0000] {processor.py:208} INFO - Processing /home/airflow/.local/lib/python3.12/site-packages/airflow/example_dags/tutorial.py took 0.042 seconds
[2024-10-08T23:37:25.502+0000] {processor.py:186} INFO - Started process (PID=547) to work on /home/airflow/.local/lib/python3.12/site-packages/airflow/example_dags/tutorial.py
[2024-10-08T23:37:25.503+0000] {processor.py:914} INFO - Processing file /home/airflow/.local/lib/python3.12/site-packages/airflow/example_dags/tutorial.py for tasks to queue
[2024-10-08T23:37:25.504+0000] {logging_mixin.py:190} INFO - [2024-10-08T23:37:25.504+0000] {dagbag.py:588} INFO - Filling up the DagBag from /home/airflow/.local/lib/python3.12/site-packages/airflow/example_dags/tutorial.py
[2024-10-08T23:37:25.509+0000] {processor.py:925} INFO - DAG(s) 'tutorial' retrieved from /home/airflow/.local/lib/python3.12/site-packages/airflow/example_dags/tutorial.py
[2024-10-08T23:37:25.520+0000] {logging_mixin.py:190} INFO - [2024-10-08T23:37:25.520+0000] {dag.py:3239} INFO - Sync 1 DAGs
[2024-10-08T23:37:25.533+0000] {logging_mixin.py:190} INFO - [2024-10-08T23:37:25.533+0000] {dag.py:4180} INFO - Setting next_dagrun for tutorial to 2024-10-07 00:00:00+00:00, run_after=2024-10-08 00:00:00+00:00
[2024-10-08T23:37:25.543+0000] {processor.py:208} INFO - Processing /home/airflow/.local/lib/python3.12/site-packages/airflow/example_dags/tutorial.py took 0.043 seconds
[2024-10-08T23:37:55.864+0000] {processor.py:186} INFO - Started process (PID=610) to work on /home/airflow/.local/lib/python3.12/site-packages/airflow/example_dags/tutorial.py
[2024-10-08T23:37:55.865+0000] {processor.py:914} INFO - Processing file /home/airflow/.local/lib/python3.12/site-packages/airflow/example_dags/tutorial.py for tasks to queue
[2024-10-08T23:37:55.866+0000] {logging_mixin.py:190} INFO - [2024-10-08T23:37:55.866+0000] {dagbag.py:588} INFO - Filling up the DagBag from /home/airflow/.local/lib/python3.12/site-packages/airflow/example_dags/tutorial.py
[2024-10-08T23:37:55.870+0000] {processor.py:925} INFO - DAG(s) 'tutorial' retrieved from /home/airflow/.local/lib/python3.12/site-packages/airflow/example_dags/tutorial.py
[2024-10-08T23:37:55.881+0000] {logging_mixin.py:190} INFO - [2024-10-08T23:37:55.881+0000] {dag.py:3239} INFO - Sync 1 DAGs
[2024-10-08T23:37:55.894+0000] {logging_mixin.py:190} INFO - [2024-10-08T23:37:55.894+0000] {dag.py:4180} INFO - Setting next_dagrun for tutorial to 2024-10-07 00:00:00+00:00, run_after=2024-10-08 00:00:00+00:00
[2024-10-08T23:37:55.903+0000] {processor.py:208} INFO - Processing /home/airflow/.local/lib/python3.12/site-packages/airflow/example_dags/tutorial.py took 0.042 seconds
[2024-10-08T23:38:26.209+0000] {processor.py:186} INFO - Started process (PID=673) to work on /home/airflow/.local/lib/python3.12/site-packages/airflow/example_dags/tutorial.py
[2024-10-08T23:38:26.210+0000] {processor.py:914} INFO - Processing file /home/airflow/.local/lib/python3.12/site-packages/airflow/example_dags/tutorial.py for tasks to queue
[2024-10-08T23:38:26.211+0000] {logging_mixin.py:190} INFO - [2024-10-08T23:38:26.211+0000] {dagbag.py:588} INFO - Filling up the DagBag from /home/airflow/.local/lib/python3.12/site-packages/airflow/example_dags/tutorial.py
[2024-10-08T23:38:26.216+0000] {processor.py:925} INFO - DAG(s) 'tutorial' retrieved from /home/airflow/.local/lib/python3.12/site-packages/airflow/example_dags/tutorial.py
[2024-10-08T23:38:26.226+0000] {logging_mixin.py:190} INFO - [2024-10-08T23:38:26.226+0000] {dag.py:3239} INFO - Sync 1 DAGs
[2024-10-08T23:38:26.238+0000] {logging_mixin.py:190} INFO - [2024-10-08T23:38:26.238+0000] {dag.py:4180} INFO - Setting next_dagrun for tutorial to 2024-10-07 00:00:00+00:00, run_after=2024-10-08 00:00:00+00:00
[2024-10-08T23:38:26.247+0000] {processor.py:208} INFO - Processing /home/airflow/.local/lib/python3.12/site-packages/airflow/example_dags/tutorial.py took 0.042 seconds
[2024-10-08T23:38:56.336+0000] {processor.py:186} INFO - Started process (PID=736) to work on /home/airflow/.local/lib/python3.12/site-packages/airflow/example_dags/tutorial.py
[2024-10-08T23:38:56.336+0000] {processor.py:914} INFO - Processing file /home/airflow/.local/lib/python3.12/site-packages/airflow/example_dags/tutorial.py for tasks to queue
[2024-10-08T23:38:56.337+0000] {logging_mixin.py:190} INFO - [2024-10-08T23:38:56.337+0000] {dagbag.py:588} INFO - Filling up the DagBag from /home/airflow/.local/lib/python3.12/site-packages/airflow/example_dags/tutorial.py
[2024-10-08T23:38:56.342+0000] {processor.py:925} INFO - DAG(s) 'tutorial' retrieved from /home/airflow/.local/lib/python3.12/site-packages/airflow/example_dags/tutorial.py
[2024-10-08T23:38:56.352+0000] {logging_mixin.py:190} INFO - [2024-10-08T23:38:56.351+0000] {dag.py:3239} INFO - Sync 1 DAGs
[2024-10-08T23:38:56.364+0000] {logging_mixin.py:190} INFO - [2024-10-08T23:38:56.363+0000] {dag.py:4180} INFO - Setting next_dagrun for tutorial to 2024-10-07 00:00:00+00:00, run_after=2024-10-08 00:00:00+00:00
[2024-10-08T23:38:56.374+0000] {processor.py:208} INFO - Processing /home/airflow/.local/lib/python3.12/site-packages/airflow/example_dags/tutorial.py took 0.042 seconds
[2024-10-08T23:39:39.185+0000] {processor.py:186} INFO - Started process (PID=162) to work on /home/airflow/.local/lib/python3.12/site-packages/airflow/example_dags/tutorial.py
[2024-10-08T23:39:39.186+0000] {processor.py:914} INFO - Processing file /home/airflow/.local/lib/python3.12/site-packages/airflow/example_dags/tutorial.py for tasks to queue
[2024-10-08T23:39:39.188+0000] {logging_mixin.py:190} INFO - [2024-10-08T23:39:39.188+0000] {dagbag.py:588} INFO - Filling up the DagBag from /home/airflow/.local/lib/python3.12/site-packages/airflow/example_dags/tutorial.py
[2024-10-08T23:39:39.195+0000] {processor.py:925} INFO - DAG(s) 'tutorial' retrieved from /home/airflow/.local/lib/python3.12/site-packages/airflow/example_dags/tutorial.py
[2024-10-08T23:39:39.210+0000] {logging_mixin.py:190} INFO - [2024-10-08T23:39:39.210+0000] {dag.py:3239} INFO - Sync 1 DAGs
[2024-10-08T23:39:39.225+0000] {logging_mixin.py:190} INFO - [2024-10-08T23:39:39.225+0000] {dag.py:4180} INFO - Setting next_dagrun for tutorial to 2024-10-07 00:00:00+00:00, run_after=2024-10-08 00:00:00+00:00
[2024-10-08T23:39:39.237+0000] {processor.py:208} INFO - Processing /home/airflow/.local/lib/python3.12/site-packages/airflow/example_dags/tutorial.py took 0.056 seconds
[2024-10-08T23:40:09.368+0000] {processor.py:186} INFO - Started process (PID=225) to work on /home/airflow/.local/lib/python3.12/site-packages/airflow/example_dags/tutorial.py
[2024-10-08T23:40:09.369+0000] {processor.py:914} INFO - Processing file /home/airflow/.local/lib/python3.12/site-packages/airflow/example_dags/tutorial.py for tasks to queue
[2024-10-08T23:40:09.370+0000] {logging_mixin.py:190} INFO - [2024-10-08T23:40:09.370+0000] {dagbag.py:588} INFO - Filling up the DagBag from /home/airflow/.local/lib/python3.12/site-packages/airflow/example_dags/tutorial.py
[2024-10-08T23:40:09.375+0000] {processor.py:925} INFO - DAG(s) 'tutorial' retrieved from /home/airflow/.local/lib/python3.12/site-packages/airflow/example_dags/tutorial.py
[2024-10-08T23:40:09.385+0000] {logging_mixin.py:190} INFO - [2024-10-08T23:40:09.385+0000] {dag.py:3239} INFO - Sync 1 DAGs
[2024-10-08T23:40:09.397+0000] {logging_mixin.py:190} INFO - [2024-10-08T23:40:09.397+0000] {dag.py:4180} INFO - Setting next_dagrun for tutorial to 2024-10-07 00:00:00+00:00, run_after=2024-10-08 00:00:00+00:00
[2024-10-08T23:40:09.407+0000] {processor.py:208} INFO - Processing /home/airflow/.local/lib/python3.12/site-packages/airflow/example_dags/tutorial.py took 0.042 seconds
[2024-10-08T23:40:40.482+0000] {processor.py:186} INFO - Started process (PID=288) to work on /home/airflow/.local/lib/python3.12/site-packages/airflow/example_dags/tutorial.py
[2024-10-08T23:40:40.482+0000] {processor.py:914} INFO - Processing file /home/airflow/.local/lib/python3.12/site-packages/airflow/example_dags/tutorial.py for tasks to queue
[2024-10-08T23:40:40.484+0000] {logging_mixin.py:190} INFO - [2024-10-08T23:40:40.484+0000] {dagbag.py:588} INFO - Filling up the DagBag from /home/airflow/.local/lib/python3.12/site-packages/airflow/example_dags/tutorial.py
[2024-10-08T23:40:40.488+0000] {processor.py:925} INFO - DAG(s) 'tutorial' retrieved from /home/airflow/.local/lib/python3.12/site-packages/airflow/example_dags/tutorial.py
[2024-10-08T23:40:40.498+0000] {logging_mixin.py:190} INFO - [2024-10-08T23:40:40.498+0000] {dag.py:3239} INFO - Sync 1 DAGs
[2024-10-08T23:40:40.511+0000] {logging_mixin.py:190} INFO - [2024-10-08T23:40:40.511+0000] {dag.py:4180} INFO - Setting next_dagrun for tutorial to 2024-10-07 00:00:00+00:00, run_after=2024-10-08 00:00:00+00:00
[2024-10-08T23:40:40.520+0000] {processor.py:208} INFO - Processing /home/airflow/.local/lib/python3.12/site-packages/airflow/example_dags/tutorial.py took 0.041 seconds
[2024-10-08T23:41:10.738+0000] {processor.py:186} INFO - Started process (PID=351) to work on /home/airflow/.local/lib/python3.12/site-packages/airflow/example_dags/tutorial.py
[2024-10-08T23:41:10.739+0000] {processor.py:914} INFO - Processing file /home/airflow/.local/lib/python3.12/site-packages/airflow/example_dags/tutorial.py for tasks to queue
[2024-10-08T23:41:10.740+0000] {logging_mixin.py:190} INFO - [2024-10-08T23:41:10.740+0000] {dagbag.py:588} INFO - Filling up the DagBag from /home/airflow/.local/lib/python3.12/site-packages/airflow/example_dags/tutorial.py
[2024-10-08T23:41:10.745+0000] {processor.py:925} INFO - DAG(s) 'tutorial' retrieved from /home/airflow/.local/lib/python3.12/site-packages/airflow/example_dags/tutorial.py
[2024-10-08T23:41:10.757+0000] {logging_mixin.py:190} INFO - [2024-10-08T23:41:10.757+0000] {dag.py:3239} INFO - Sync 1 DAGs
[2024-10-08T23:41:10.770+0000] {logging_mixin.py:190} INFO - [2024-10-08T23:41:10.770+0000] {dag.py:4180} INFO - Setting next_dagrun for tutorial to 2024-10-07 00:00:00+00:00, run_after=2024-10-08 00:00:00+00:00
[2024-10-08T23:41:10.780+0000] {processor.py:208} INFO - Processing /home/airflow/.local/lib/python3.12/site-packages/airflow/example_dags/tutorial.py took 0.046 seconds
[2024-10-08T23:41:40.994+0000] {processor.py:186} INFO - Started process (PID=414) to work on /home/airflow/.local/lib/python3.12/site-packages/airflow/example_dags/tutorial.py
[2024-10-08T23:41:40.994+0000] {processor.py:914} INFO - Processing file /home/airflow/.local/lib/python3.12/site-packages/airflow/example_dags/tutorial.py for tasks to queue
[2024-10-08T23:41:40.996+0000] {logging_mixin.py:190} INFO - [2024-10-08T23:41:40.996+0000] {dagbag.py:588} INFO - Filling up the DagBag from /home/airflow/.local/lib/python3.12/site-packages/airflow/example_dags/tutorial.py
[2024-10-08T23:41:41.000+0000] {processor.py:925} INFO - DAG(s) 'tutorial' retrieved from /home/airflow/.local/lib/python3.12/site-packages/airflow/example_dags/tutorial.py
[2024-10-08T23:41:41.011+0000] {logging_mixin.py:190} INFO - [2024-10-08T23:41:41.011+0000] {dag.py:3239} INFO - Sync 1 DAGs
[2024-10-08T23:41:41.024+0000] {logging_mixin.py:190} INFO - [2024-10-08T23:41:41.023+0000] {dag.py:4180} INFO - Setting next_dagrun for tutorial to 2024-10-07 00:00:00+00:00, run_after=2024-10-08 00:00:00+00:00
[2024-10-08T23:41:41.033+0000] {processor.py:208} INFO - Processing /home/airflow/.local/lib/python3.12/site-packages/airflow/example_dags/tutorial.py took 0.043 seconds
[2024-10-08T23:42:53.665+0000] {processor.py:186} INFO - Started process (PID=162) to work on /home/airflow/.local/lib/python3.12/site-packages/airflow/example_dags/tutorial.py
[2024-10-08T23:42:53.666+0000] {processor.py:914} INFO - Processing file /home/airflow/.local/lib/python3.12/site-packages/airflow/example_dags/tutorial.py for tasks to queue
[2024-10-08T23:42:53.667+0000] {logging_mixin.py:190} INFO - [2024-10-08T23:42:53.667+0000] {dagbag.py:588} INFO - Filling up the DagBag from /home/airflow/.local/lib/python3.12/site-packages/airflow/example_dags/tutorial.py
[2024-10-08T23:42:53.672+0000] {processor.py:925} INFO - DAG(s) 'tutorial' retrieved from /home/airflow/.local/lib/python3.12/site-packages/airflow/example_dags/tutorial.py
[2024-10-08T23:42:53.683+0000] {logging_mixin.py:190} INFO - [2024-10-08T23:42:53.683+0000] {dag.py:3239} INFO - Sync 1 DAGs
[2024-10-08T23:42:53.697+0000] {logging_mixin.py:190} INFO - [2024-10-08T23:42:53.697+0000] {dag.py:4180} INFO - Setting next_dagrun for tutorial to 2024-10-07 00:00:00+00:00, run_after=2024-10-08 00:00:00+00:00
[2024-10-08T23:42:53.709+0000] {processor.py:208} INFO - Processing /home/airflow/.local/lib/python3.12/site-packages/airflow/example_dags/tutorial.py took 0.047 seconds
[2024-10-08T23:43:23.857+0000] {processor.py:186} INFO - Started process (PID=225) to work on /home/airflow/.local/lib/python3.12/site-packages/airflow/example_dags/tutorial.py
[2024-10-08T23:43:23.858+0000] {processor.py:914} INFO - Processing file /home/airflow/.local/lib/python3.12/site-packages/airflow/example_dags/tutorial.py for tasks to queue
[2024-10-08T23:43:23.860+0000] {logging_mixin.py:190} INFO - [2024-10-08T23:43:23.860+0000] {dagbag.py:588} INFO - Filling up the DagBag from /home/airflow/.local/lib/python3.12/site-packages/airflow/example_dags/tutorial.py
[2024-10-08T23:43:23.867+0000] {processor.py:925} INFO - DAG(s) 'tutorial' retrieved from /home/airflow/.local/lib/python3.12/site-packages/airflow/example_dags/tutorial.py
[2024-10-08T23:43:23.880+0000] {logging_mixin.py:190} INFO - [2024-10-08T23:43:23.880+0000] {dag.py:3239} INFO - Sync 1 DAGs
[2024-10-08T23:43:23.894+0000] {logging_mixin.py:190} INFO - [2024-10-08T23:43:23.893+0000] {dag.py:4180} INFO - Setting next_dagrun for tutorial to 2024-10-07 00:00:00+00:00, run_after=2024-10-08 00:00:00+00:00
[2024-10-08T23:43:23.904+0000] {processor.py:208} INFO - Processing /home/airflow/.local/lib/python3.12/site-packages/airflow/example_dags/tutorial.py took 0.050 seconds
[2024-10-08T23:44:32.667+0000] {processor.py:186} INFO - Started process (PID=169) to work on /home/airflow/.local/lib/python3.12/site-packages/airflow/example_dags/tutorial.py
[2024-10-08T23:44:32.667+0000] {processor.py:914} INFO - Processing file /home/airflow/.local/lib/python3.12/site-packages/airflow/example_dags/tutorial.py for tasks to queue
[2024-10-08T23:44:32.669+0000] {logging_mixin.py:190} INFO - [2024-10-08T23:44:32.669+0000] {dagbag.py:588} INFO - Filling up the DagBag from /home/airflow/.local/lib/python3.12/site-packages/airflow/example_dags/tutorial.py
[2024-10-08T23:44:32.674+0000] {processor.py:925} INFO - DAG(s) 'tutorial' retrieved from /home/airflow/.local/lib/python3.12/site-packages/airflow/example_dags/tutorial.py
[2024-10-08T23:44:32.686+0000] {logging_mixin.py:190} INFO - [2024-10-08T23:44:32.686+0000] {dag.py:3239} INFO - Sync 1 DAGs
[2024-10-08T23:44:32.702+0000] {logging_mixin.py:190} INFO - [2024-10-08T23:44:32.702+0000] {dag.py:4180} INFO - Setting next_dagrun for tutorial to 2024-10-07 00:00:00+00:00, run_after=2024-10-08 00:00:00+00:00
[2024-10-08T23:44:32.714+0000] {processor.py:208} INFO - Processing /home/airflow/.local/lib/python3.12/site-packages/airflow/example_dags/tutorial.py took 0.051 seconds
[2024-10-08T23:45:03.086+0000] {processor.py:186} INFO - Started process (PID=232) to work on /home/airflow/.local/lib/python3.12/site-packages/airflow/example_dags/tutorial.py
[2024-10-08T23:45:03.086+0000] {processor.py:914} INFO - Processing file /home/airflow/.local/lib/python3.12/site-packages/airflow/example_dags/tutorial.py for tasks to queue
[2024-10-08T23:45:03.088+0000] {logging_mixin.py:190} INFO - [2024-10-08T23:45:03.088+0000] {dagbag.py:588} INFO - Filling up the DagBag from /home/airflow/.local/lib/python3.12/site-packages/airflow/example_dags/tutorial.py
[2024-10-08T23:45:03.093+0000] {processor.py:925} INFO - DAG(s) 'tutorial' retrieved from /home/airflow/.local/lib/python3.12/site-packages/airflow/example_dags/tutorial.py
[2024-10-08T23:45:03.106+0000] {logging_mixin.py:190} INFO - [2024-10-08T23:45:03.106+0000] {dag.py:3239} INFO - Sync 1 DAGs
[2024-10-08T23:45:03.119+0000] {logging_mixin.py:190} INFO - [2024-10-08T23:45:03.119+0000] {dag.py:4180} INFO - Setting next_dagrun for tutorial to 2024-10-07 00:00:00+00:00, run_after=2024-10-08 00:00:00+00:00
[2024-10-08T23:45:03.129+0000] {processor.py:208} INFO - Processing /home/airflow/.local/lib/python3.12/site-packages/airflow/example_dags/tutorial.py took 0.046 seconds
[2024-10-08T23:45:33.345+0000] {processor.py:186} INFO - Started process (PID=295) to work on /home/airflow/.local/lib/python3.12/site-packages/airflow/example_dags/tutorial.py
[2024-10-08T23:45:33.346+0000] {processor.py:914} INFO - Processing file /home/airflow/.local/lib/python3.12/site-packages/airflow/example_dags/tutorial.py for tasks to queue
[2024-10-08T23:45:33.347+0000] {logging_mixin.py:190} INFO - [2024-10-08T23:45:33.347+0000] {dagbag.py:588} INFO - Filling up the DagBag from /home/airflow/.local/lib/python3.12/site-packages/airflow/example_dags/tutorial.py
[2024-10-08T23:45:33.351+0000] {processor.py:925} INFO - DAG(s) 'tutorial' retrieved from /home/airflow/.local/lib/python3.12/site-packages/airflow/example_dags/tutorial.py
[2024-10-08T23:45:33.362+0000] {logging_mixin.py:190} INFO - [2024-10-08T23:45:33.362+0000] {dag.py:3239} INFO - Sync 1 DAGs
[2024-10-08T23:45:33.374+0000] {logging_mixin.py:190} INFO - [2024-10-08T23:45:33.374+0000] {dag.py:4180} INFO - Setting next_dagrun for tutorial to 2024-10-07 00:00:00+00:00, run_after=2024-10-08 00:00:00+00:00
[2024-10-08T23:45:33.385+0000] {processor.py:208} INFO - Processing /home/airflow/.local/lib/python3.12/site-packages/airflow/example_dags/tutorial.py took 0.043 seconds
[2024-10-08T23:46:03.529+0000] {processor.py:186} INFO - Started process (PID=358) to work on /home/airflow/.local/lib/python3.12/site-packages/airflow/example_dags/tutorial.py
[2024-10-08T23:46:03.530+0000] {processor.py:914} INFO - Processing file /home/airflow/.local/lib/python3.12/site-packages/airflow/example_dags/tutorial.py for tasks to queue
[2024-10-08T23:46:03.531+0000] {logging_mixin.py:190} INFO - [2024-10-08T23:46:03.531+0000] {dagbag.py:588} INFO - Filling up the DagBag from /home/airflow/.local/lib/python3.12/site-packages/airflow/example_dags/tutorial.py
[2024-10-08T23:46:03.535+0000] {processor.py:925} INFO - DAG(s) 'tutorial' retrieved from /home/airflow/.local/lib/python3.12/site-packages/airflow/example_dags/tutorial.py
[2024-10-08T23:46:03.547+0000] {logging_mixin.py:190} INFO - [2024-10-08T23:46:03.546+0000] {dag.py:3239} INFO - Sync 1 DAGs
[2024-10-08T23:46:03.559+0000] {logging_mixin.py:190} INFO - [2024-10-08T23:46:03.559+0000] {dag.py:4180} INFO - Setting next_dagrun for tutorial to 2024-10-07 00:00:00+00:00, run_after=2024-10-08 00:00:00+00:00
[2024-10-08T23:46:03.568+0000] {processor.py:208} INFO - Processing /home/airflow/.local/lib/python3.12/site-packages/airflow/example_dags/tutorial.py took 0.042 seconds
[2024-10-08T23:46:34.660+0000] {processor.py:186} INFO - Started process (PID=421) to work on /home/airflow/.local/lib/python3.12/site-packages/airflow/example_dags/tutorial.py
[2024-10-08T23:46:34.661+0000] {processor.py:914} INFO - Processing file /home/airflow/.local/lib/python3.12/site-packages/airflow/example_dags/tutorial.py for tasks to queue
[2024-10-08T23:46:34.662+0000] {logging_mixin.py:190} INFO - [2024-10-08T23:46:34.662+0000] {dagbag.py:588} INFO - Filling up the DagBag from /home/airflow/.local/lib/python3.12/site-packages/airflow/example_dags/tutorial.py
[2024-10-08T23:46:34.666+0000] {processor.py:925} INFO - DAG(s) 'tutorial' retrieved from /home/airflow/.local/lib/python3.12/site-packages/airflow/example_dags/tutorial.py
[2024-10-08T23:46:34.681+0000] {logging_mixin.py:190} INFO - [2024-10-08T23:46:34.680+0000] {dag.py:3239} INFO - Sync 1 DAGs
[2024-10-08T23:46:34.701+0000] {logging_mixin.py:190} INFO - [2024-10-08T23:46:34.701+0000] {dag.py:4180} INFO - Setting next_dagrun for tutorial to 2024-10-07 00:00:00+00:00, run_after=2024-10-08 00:00:00+00:00
[2024-10-08T23:46:34.715+0000] {processor.py:208} INFO - Processing /home/airflow/.local/lib/python3.12/site-packages/airflow/example_dags/tutorial.py took 0.058 seconds
[2024-10-08T23:47:04.911+0000] {processor.py:186} INFO - Started process (PID=484) to work on /home/airflow/.local/lib/python3.12/site-packages/airflow/example_dags/tutorial.py
[2024-10-08T23:47:04.912+0000] {processor.py:914} INFO - Processing file /home/airflow/.local/lib/python3.12/site-packages/airflow/example_dags/tutorial.py for tasks to queue
[2024-10-08T23:47:04.913+0000] {logging_mixin.py:190} INFO - [2024-10-08T23:47:04.913+0000] {dagbag.py:588} INFO - Filling up the DagBag from /home/airflow/.local/lib/python3.12/site-packages/airflow/example_dags/tutorial.py
[2024-10-08T23:47:04.918+0000] {processor.py:925} INFO - DAG(s) 'tutorial' retrieved from /home/airflow/.local/lib/python3.12/site-packages/airflow/example_dags/tutorial.py
[2024-10-08T23:47:04.928+0000] {logging_mixin.py:190} INFO - [2024-10-08T23:47:04.928+0000] {dag.py:3239} INFO - Sync 1 DAGs
[2024-10-08T23:47:04.940+0000] {logging_mixin.py:190} INFO - [2024-10-08T23:47:04.940+0000] {dag.py:4180} INFO - Setting next_dagrun for tutorial to 2024-10-07 00:00:00+00:00, run_after=2024-10-08 00:00:00+00:00
[2024-10-08T23:47:04.950+0000] {processor.py:208} INFO - Processing /home/airflow/.local/lib/python3.12/site-packages/airflow/example_dags/tutorial.py took 0.042 seconds
[2024-10-08T23:47:35.130+0000] {processor.py:186} INFO - Started process (PID=547) to work on /home/airflow/.local/lib/python3.12/site-packages/airflow/example_dags/tutorial.py
[2024-10-08T23:47:35.130+0000] {processor.py:914} INFO - Processing file /home/airflow/.local/lib/python3.12/site-packages/airflow/example_dags/tutorial.py for tasks to queue
[2024-10-08T23:47:35.132+0000] {logging_mixin.py:190} INFO - [2024-10-08T23:47:35.132+0000] {dagbag.py:588} INFO - Filling up the DagBag from /home/airflow/.local/lib/python3.12/site-packages/airflow/example_dags/tutorial.py
[2024-10-08T23:47:35.137+0000] {processor.py:925} INFO - DAG(s) 'tutorial' retrieved from /home/airflow/.local/lib/python3.12/site-packages/airflow/example_dags/tutorial.py
[2024-10-08T23:47:35.147+0000] {logging_mixin.py:190} INFO - [2024-10-08T23:47:35.147+0000] {dag.py:3239} INFO - Sync 1 DAGs
[2024-10-08T23:47:35.159+0000] {logging_mixin.py:190} INFO - [2024-10-08T23:47:35.159+0000] {dag.py:4180} INFO - Setting next_dagrun for tutorial to 2024-10-07 00:00:00+00:00, run_after=2024-10-08 00:00:00+00:00
[2024-10-08T23:47:35.169+0000] {processor.py:208} INFO - Processing /home/airflow/.local/lib/python3.12/site-packages/airflow/example_dags/tutorial.py took 0.042 seconds
[2024-10-08T23:48:05.326+0000] {processor.py:186} INFO - Started process (PID=610) to work on /home/airflow/.local/lib/python3.12/site-packages/airflow/example_dags/tutorial.py
[2024-10-08T23:48:05.327+0000] {processor.py:914} INFO - Processing file /home/airflow/.local/lib/python3.12/site-packages/airflow/example_dags/tutorial.py for tasks to queue
[2024-10-08T23:48:05.328+0000] {logging_mixin.py:190} INFO - [2024-10-08T23:48:05.328+0000] {dagbag.py:588} INFO - Filling up the DagBag from /home/airflow/.local/lib/python3.12/site-packages/airflow/example_dags/tutorial.py
[2024-10-08T23:48:05.333+0000] {processor.py:925} INFO - DAG(s) 'tutorial' retrieved from /home/airflow/.local/lib/python3.12/site-packages/airflow/example_dags/tutorial.py
[2024-10-08T23:48:05.343+0000] {logging_mixin.py:190} INFO - [2024-10-08T23:48:05.343+0000] {dag.py:3239} INFO - Sync 1 DAGs
[2024-10-08T23:48:05.356+0000] {logging_mixin.py:190} INFO - [2024-10-08T23:48:05.356+0000] {dag.py:4180} INFO - Setting next_dagrun for tutorial to 2024-10-07 00:00:00+00:00, run_after=2024-10-08 00:00:00+00:00
[2024-10-08T23:48:05.366+0000] {processor.py:208} INFO - Processing /home/airflow/.local/lib/python3.12/site-packages/airflow/example_dags/tutorial.py took 0.043 seconds
[2024-10-08T23:48:35.534+0000] {processor.py:186} INFO - Started process (PID=673) to work on /home/airflow/.local/lib/python3.12/site-packages/airflow/example_dags/tutorial.py
[2024-10-08T23:48:35.535+0000] {processor.py:914} INFO - Processing file /home/airflow/.local/lib/python3.12/site-packages/airflow/example_dags/tutorial.py for tasks to queue
[2024-10-08T23:48:35.536+0000] {logging_mixin.py:190} INFO - [2024-10-08T23:48:35.536+0000] {dagbag.py:588} INFO - Filling up the DagBag from /home/airflow/.local/lib/python3.12/site-packages/airflow/example_dags/tutorial.py
[2024-10-08T23:48:35.541+0000] {processor.py:925} INFO - DAG(s) 'tutorial' retrieved from /home/airflow/.local/lib/python3.12/site-packages/airflow/example_dags/tutorial.py
[2024-10-08T23:48:35.551+0000] {logging_mixin.py:190} INFO - [2024-10-08T23:48:35.551+0000] {dag.py:3239} INFO - Sync 1 DAGs
[2024-10-08T23:48:35.565+0000] {logging_mixin.py:190} INFO - [2024-10-08T23:48:35.565+0000] {dag.py:4180} INFO - Setting next_dagrun for tutorial to 2024-10-07 00:00:00+00:00, run_after=2024-10-08 00:00:00+00:00
[2024-10-08T23:48:35.575+0000] {processor.py:208} INFO - Processing /home/airflow/.local/lib/python3.12/site-packages/airflow/example_dags/tutorial.py took 0.044 seconds
[2024-10-08T23:49:06.651+0000] {processor.py:186} INFO - Started process (PID=736) to work on /home/airflow/.local/lib/python3.12/site-packages/airflow/example_dags/tutorial.py
[2024-10-08T23:49:06.652+0000] {processor.py:914} INFO - Processing file /home/airflow/.local/lib/python3.12/site-packages/airflow/example_dags/tutorial.py for tasks to queue
[2024-10-08T23:49:06.653+0000] {logging_mixin.py:190} INFO - [2024-10-08T23:49:06.653+0000] {dagbag.py:588} INFO - Filling up the DagBag from /home/airflow/.local/lib/python3.12/site-packages/airflow/example_dags/tutorial.py
[2024-10-08T23:49:06.657+0000] {processor.py:925} INFO - DAG(s) 'tutorial' retrieved from /home/airflow/.local/lib/python3.12/site-packages/airflow/example_dags/tutorial.py
[2024-10-08T23:49:06.668+0000] {logging_mixin.py:190} INFO - [2024-10-08T23:49:06.668+0000] {dag.py:3239} INFO - Sync 1 DAGs
[2024-10-08T23:49:06.681+0000] {logging_mixin.py:190} INFO - [2024-10-08T23:49:06.680+0000] {dag.py:4180} INFO - Setting next_dagrun for tutorial to 2024-10-07 00:00:00+00:00, run_after=2024-10-08 00:00:00+00:00
[2024-10-08T23:49:06.692+0000] {processor.py:208} INFO - Processing /home/airflow/.local/lib/python3.12/site-packages/airflow/example_dags/tutorial.py took 0.044 seconds
[2024-10-08T23:49:37.876+0000] {processor.py:186} INFO - Started process (PID=799) to work on /home/airflow/.local/lib/python3.12/site-packages/airflow/example_dags/tutorial.py
[2024-10-08T23:49:37.876+0000] {processor.py:914} INFO - Processing file /home/airflow/.local/lib/python3.12/site-packages/airflow/example_dags/tutorial.py for tasks to queue
[2024-10-08T23:49:37.878+0000] {logging_mixin.py:190} INFO - [2024-10-08T23:49:37.877+0000] {dagbag.py:588} INFO - Filling up the DagBag from /home/airflow/.local/lib/python3.12/site-packages/airflow/example_dags/tutorial.py
[2024-10-08T23:49:37.882+0000] {processor.py:925} INFO - DAG(s) 'tutorial' retrieved from /home/airflow/.local/lib/python3.12/site-packages/airflow/example_dags/tutorial.py
[2024-10-08T23:49:37.892+0000] {logging_mixin.py:190} INFO - [2024-10-08T23:49:37.892+0000] {dag.py:3239} INFO - Sync 1 DAGs
[2024-10-08T23:49:37.907+0000] {logging_mixin.py:190} INFO - [2024-10-08T23:49:37.907+0000] {dag.py:4180} INFO - Setting next_dagrun for tutorial to 2024-10-07 00:00:00+00:00, run_after=2024-10-08 00:00:00+00:00
[2024-10-08T23:49:37.917+0000] {processor.py:208} INFO - Processing /home/airflow/.local/lib/python3.12/site-packages/airflow/example_dags/tutorial.py took 0.045 seconds
[2024-10-08T23:50:08.171+0000] {processor.py:186} INFO - Started process (PID=862) to work on /home/airflow/.local/lib/python3.12/site-packages/airflow/example_dags/tutorial.py
[2024-10-08T23:50:08.172+0000] {processor.py:914} INFO - Processing file /home/airflow/.local/lib/python3.12/site-packages/airflow/example_dags/tutorial.py for tasks to queue
[2024-10-08T23:50:08.173+0000] {logging_mixin.py:190} INFO - [2024-10-08T23:50:08.173+0000] {dagbag.py:588} INFO - Filling up the DagBag from /home/airflow/.local/lib/python3.12/site-packages/airflow/example_dags/tutorial.py
[2024-10-08T23:50:08.178+0000] {processor.py:925} INFO - DAG(s) 'tutorial' retrieved from /home/airflow/.local/lib/python3.12/site-packages/airflow/example_dags/tutorial.py
[2024-10-08T23:50:08.189+0000] {logging_mixin.py:190} INFO - [2024-10-08T23:50:08.189+0000] {dag.py:3239} INFO - Sync 1 DAGs
[2024-10-08T23:50:08.203+0000] {logging_mixin.py:190} INFO - [2024-10-08T23:50:08.202+0000] {dag.py:4180} INFO - Setting next_dagrun for tutorial to 2024-10-07 00:00:00+00:00, run_after=2024-10-08 00:00:00+00:00
[2024-10-08T23:50:08.213+0000] {processor.py:208} INFO - Processing /home/airflow/.local/lib/python3.12/site-packages/airflow/example_dags/tutorial.py took 0.045 seconds
